<?xml version="1.0" encoding="UTF-8" ?>
<testsuite errors="297" failures="0" hostname="Adams-MBP.lan" name="net.sf.freecol.AllTests" skipped="0" tests="430" time="10.862" timestamp="2017-05-16T03:26:41">
  <properties>
    <property name="java.vendor" value="Oracle Corporation" />
    <property name="miglayout-core.jar" value="jars/miglayout-core-4.2.jar" />
    <property name="sun.java.launcher" value="SUN_STANDARD" />
    <property name="env.XPC_SERVICE_NAME" value="org.eclipse.platform.ide.5340" />
    <property name="eclipse.pdebuild.templates" value="/Applications/Eclipse.app/Contents/Eclipse/../../../../Users/AdamStone/.p2/pool/plugins/org.eclipse.pde.build_3.9.200.v20160204-0642/templates//" />
    <property name="sun.management.compiler" value="HotSpot 64-Bit Tiered Compilers" />
    <property name="freecol.javadoc.dir" value="/Users/AdamStone/Documents/spring2017/COSC442/FreeCol/doc/javadoc" />
    <property name="os.name" value="Mac OS X" />
    <property name="sun.boot.class.path" value="/Library/Java/JavaVirtualMachines/jdk1.8.0_91.jdk/Contents/Home/jre/lib/resources.jar:/Library/Java/JavaVirtualMachines/jdk1.8.0_91.jdk/Contents/Home/jre/lib/rt.jar:/Library/Java/JavaVirtualMachines/jdk1.8.0_91.jdk/Contents/Home/jre/lib/sunrsasign.jar:/Library/Java/JavaVirtualMachines/jdk1.8.0_91.jdk/Contents/Home/jre/lib/jsse.jar:/Library/Java/JavaVirtualMachines/jdk1.8.0_91.jdk/Contents/Home/jre/lib/jce.jar:/Library/Java/JavaVirtualMachines/jdk1.8.0_91.jdk/Contents/Home/jre/lib/charsets.jar:/Library/Java/JavaVirtualMachines/jdk1.8.0_91.jdk/Contents/Home/jre/lib/jfr.jar:/Library/Java/JavaVirtualMachines/jdk1.8.0_91.jdk/Contents/Home/jre/classes" />
    <property name="env.TMPDIR" value="/var/folders/n8/g6jggf5s6l52vxqwdnfr_xr00000gn/T/" />
    <property name="TODAY" value="May 15 2017" />
    <property name="java.vm.specification.vendor" value="Oracle Corporation" />
    <property name="ant.home" value="/Users/AdamStone/.p2/pool/plugins/org.apache.ant_1.9.6.v201510161327" />
    <property name="freecol.metaserver.jar.file" value="/Users/AdamStone/Documents/spring2017/COSC442/FreeCol/FreeCol-metaserver.jar" />
    <property name="java.runtime.version" value="1.8.0_91-b14" />
    <property name="env.Apple_PubSub_Socket_Render" value="/private/tmp/com.apple.launchd.QeGaVyLi41/Render" />
    <property name="user.name" value="AdamStone" />
    <property name="env.USER" value="AdamStone" />
    <property name="env.SHELL" value="/bin/bash" />
    <property name="env.__CF_USER_TEXT_ENCODING" value="0x1F5:0x0:0x0" />
    <property name="freecol.overview.file" value="/Users/AdamStone/Documents/spring2017/COSC442/FreeCol/src/overview.html" />
    <property name="ant.file.type.FreeCol" value="file" />
    <property name="freecol.release.dir" value="/Users/AdamStone/Documents/spring2017/COSC442/FreeCol/dist" />
    <property name="env.PATH" value="/usr/bin:/bin:/usr/sbin:/sbin" />
    <property name="user.language" value="en" />
    <property name="sun.boot.library.path" value="/Library/Java/JavaVirtualMachines/jdk1.8.0_91.jdk/Contents/Home/jre/lib" />
    <property name="ant.project.default-target" value="package" />
    <property name="env.XPC_FLAGS" value="0x0" />
    <property name="ant.project.name" value="FreeCol" />
    <property name="DSTAMP" value="20170515" />
    <property name="cortado.jar" value="jars/cortado-0.6.0.jar" />
    <property name="java.version" value="1.8.0_91" />
    <property name="user.timezone" value="" />
    <property name="freecol.name" value="freecol" />
    <property name="sun.arch.data.model" value="64" />
    <property name="java.endorsed.dirs" value="/Library/Java/JavaVirtualMachines/jdk1.8.0_91.jdk/Contents/Home/jre/lib/endorsed" />
    <property name="sun.cpu.isalist" value="" />
    <property name="sun.jnu.encoding" value="UTF-8" />
    <property name="file.encoding.pkg" value="sun.io" />
    <property name="file.separator" value="/" />
    <property name="java.specification.name" value="Java Platform API Specification" />
    <property name="java.class.version" value="52.0" />
    <property name="user.country" value="US" />
    <property name="java.home" value="/Library/Java/JavaVirtualMachines/jdk1.8.0_91.jdk/Contents/Home/jre" />
    <property name="env.APP_ICON_71759" value="../Resources/Eclipse.icns" />
    <property name="java.vm.info" value="mixed mode" />
    <property name="env.LOGNAME" value="AdamStone" />
    <property name="ant.file" value="/Users/AdamStone/Documents/spring2017/COSC442/FreeCol/build.xml" />
    <property name="os.version" value="10.12" />
    <property name="miglayout-swing.jar" value="jars/miglayout-swing-4.2.jar" />
    <property name="env.JAVA_STARTED_ON_FIRST_THREAD_71759" value="1" />
    <property name="freecol.build.dir" value="/Users/AdamStone/Documents/spring2017/COSC442/FreeCol/build" />
    <property name="path.separator" value=":" />
    <property name="java.vm.version" value="25.91-b14" />
    <property name="java.target.version" value="1.8" />
    <property name="ant.library.dir" value="/Users/AdamStone/.p2/pool/plugins/org.apache.ant_1.9.6.v201510161327/lib" />
    <property name="java.awt.printerjob" value="sun.lwawt.macosx.CPrinterJob" />
    <property name="freecol.packaging.dir" value="/Users/AdamStone/Documents/spring2017/COSC442/FreeCol/packaging" />
    <property name="sun.io.unicode.encoding" value="UnicodeBig" />
    <property name="awt.toolkit" value="sun.lwawt.macosx.LWCToolkit" />
    <property name="env.JAVA_STARTED_ON_FIRST_THREAD_71947" value="1" />
    <property name="ant.file.FreeCol" value="/Users/AdamStone/Documents/spring2017/COSC442/FreeCol/build.xml" />
    <property name="eclipse.pdebuild.scripts" value="/Applications/Eclipse.app/Contents/Eclipse/../../../../Users/AdamStone/.p2/pool/plugins/org.eclipse.pde.build_3.9.200.v20160204-0642/scripts//" />
    <property name="freecol.rules.dir" value="/Users/AdamStone/Documents/spring2017/COSC442/FreeCol/data/rules" />
    <property name="user.home" value="/Users/AdamStone" />
    <property name="java.specification.vendor" value="Oracle Corporation" />
    <property name="test" value="AllTests" />
    <property name="java.library.path" value="/Users/AdamStone/Library/Java/Extensions:/Library/Java/Extensions:/Network/Library/Java/Extensions:/System/Library/Java/Extensions:/usr/lib/java:." />
    <property name="java.vendor.url" value="http://java.oracle.com/" />
    <property name="java.vm.vendor" value="Oracle Corporation" />
    <property name="gopherProxySet" value="false" />
    <property name="java.runtime.name" value="Java(TM) SE Runtime Environment" />
    <property name="ant.version" value="Apache Ant(TM) version 1.9.6 compiled on June 29 2015" />
    <property name="sun.java.command" value="org.apache.tools.ant.taskdefs.optional.junit.JUnitTestRunner net.sf.freecol.AllTests skipNonTests=false filtertrace=true haltOnError=false haltOnFailure=false formatter=org.apache.tools.ant.taskdefs.optional.junit.SummaryJUnitResultFormatter showoutput=false outputtoformatters=true logfailedtests=true threadid=0 logtestlistenerevents=false formatter=org.apache.tools.ant.taskdefs.optional.junit.XMLJUnitResultFormatter,/Users/AdamStone/Documents/spring2017/COSC442/FreeCol/build/report/xml/TEST-net.sf.freecol.AllTests.xml crashfile=/Users/AdamStone/Documents/spring2017/COSC442/FreeCol/junitvmwatcher3941049850702145210.properties propsfile=/Users/AdamStone/Documents/spring2017/COSC442/FreeCol/junit474198753508612341.properties" />
    <property name="java.class.path" value="/Users/AdamStone/Documents/spring2017/COSC442/FreeCol/build:/Users/AdamStone/Documents/spring2017/COSC442/FreeCol/test/lib/junit.jar:/Users/AdamStone/Documents/spring2017/COSC442/FreeCol/jars/miglayout-swing-4.2.jar:/Users/AdamStone/Documents/spring2017/COSC442/FreeCol/jars/miglayout-core-4.2.jar:/Users/AdamStone/Documents/spring2017/COSC442/FreeCol/jars/commons-cli-1.1.jar:/Users/AdamStone/Documents/spring2017/COSC442/FreeCol/jars/cortado-0.6.0.jar:/Users/AdamStone/Documents/spring2017/COSC442/FreeCol/jars/jogg-0.0.17.jar:/Users/AdamStone/Documents/spring2017/COSC442/FreeCol/jars/jorbis-0.0.17.jar:/Users/AdamStone/.p2/pool/plugins/org.apache.ant_1.9.6.v201510161327/lib/ant-launcher.jar:/Users/AdamStone/.p2/pool/plugins/org.apache.ant_1.9.6.v201510161327/lib/ant.jar:/Users/AdamStone/.p2/pool/plugins/org.apache.ant_1.9.6.v201510161327/lib/ant-junit.jar:/Users/AdamStone/.p2/pool/plugins/org.apache.ant_1.9.6.v201510161327/lib/ant-junit4.jar" />
    <property name="TSTAMP" value="2326" />
    <property name="isOsMac" value="true" />
    <property name="java.vm.specification.name" value="Java Virtual Machine Specification" />
    <property name="java.vm.specification.version" value="1.8" />
    <property name="env.JAVA_MAIN_CLASS_71947" value="org.eclipse.ant.internal.launching.remote.InternalAntRunner" />
    <property name="sun.cpu.endian" value="little" />
    <property name="sun.os.patch.level" value="unknown" />
    <property name="java.awt.headless" value="true" />
    <property name="env.HOME" value="/Users/AdamStone" />
    <property name="env.ANT_HOME" value="/Users/AdamStone/.p2/pool/plugins/org.apache.ant_1.9.6.v201510161327" />
    <property name="eclipse.pdebuild.home" value="/Applications/Eclipse.app/Contents/Eclipse/../../../../Users/AdamStone/.p2/pool/plugins/org.eclipse.pde.build_3.9.200.v20160204-0642/.//" />
    <property name="java.io.tmpdir" value="/var/folders/n8/g6jggf5s6l52vxqwdnfr_xr00000gn/T/" />
    <property name="freecol.src.dir" value="/Users/AdamStone/Documents/spring2017/COSC442/FreeCol/src" />
    <property name="java.vendor.url.bug" value="http://bugreport.sun.com/bugreport/" />
    <property name="env.SSH_AUTH_SOCK" value="/private/tmp/com.apple.launchd.BY2mnvR5WP/Listeners" />
    <property name="java.awt.graphicsenv" value="sun.awt.CGraphicsEnvironment" />
    <property name="os.arch" value="x86_64" />
    <property name="java.ext.dirs" value="/Users/AdamStone/Library/Java/Extensions:/Library/Java/JavaVirtualMachines/jdk1.8.0_91.jdk/Contents/Home/jre/lib/ext:/Library/Java/Extensions:/Network/Library/Java/Extensions:/System/Library/Java/Extensions:/usr/lib/java" />
    <property name="user.dir" value="/Users/AdamStone/Documents/spring2017/COSC442/FreeCol" />
    <property name="isOsUnixLike" value="true" />
    <property name="line.separator" value="&#xa;" />
    <property name="java.vm.name" value="Java HotSpot(TM) 64-Bit Server VM" />
    <property name="basedir" value="/Users/AdamStone/Documents/spring2017/COSC442/FreeCol" />
    <property name="ant.java.version" value="1.8" />
    <property name="freecol.jar.file" value="/Users/AdamStone/Documents/spring2017/COSC442/FreeCol/FreeCol.jar" />
    <property name="ant.core.lib" value="/Users/AdamStone/.p2/pool/plugins/org.apache.ant_1.9.6.v201510161327/lib/ant.jar" />
    <property name="cli.jar" value="jars/commons-cli-1.1.jar" />
    <property name="file.encoding" value="UTF-8" />
    <property name="freecol.data.dir" value="/Users/AdamStone/Documents/spring2017/COSC442/FreeCol/data" />
    <property name="freecol.doc.dir" value="/Users/AdamStone/Documents/spring2017/COSC442/FreeCol/doc" />
    <property name="java.specification.version" value="1.8" />
    <property name="ant.project.invoked-targets" value="testall" />
  </properties>
  <testcase classname="net.sf.freecol.common.i18n.CLDRTest" name="testRuleParsing" time="0.056" />
  <testcase classname="net.sf.freecol.common.i18n.CLDRTest" name="testPlurals" time="0.003" />
  <testcase classname="net.sf.freecol.common.i18n.MessagesTest" name="testReplaceArbitraryTag" time="0.037" />
  <testcase classname="net.sf.freecol.common.i18n.MessagesTest" name="testReplaceNumber" time="0.045" />
  <testcase classname="net.sf.freecol.common.i18n.MessagesTest" name="testReplaceChoicesGrammar" time="0.029" />
  <testcase classname="net.sf.freecol.common.i18n.MessagesTest" name="testMessageWithSpecialChars" time="0.031" />
  <testcase classname="net.sf.freecol.common.i18n.MessagesTest" name="testReplaceGarbage" time="0.039" />
  <testcase classname="net.sf.freecol.common.i18n.MessagesTest" name="testAbstractUnitDescription" time="0.018" />
  <testcase classname="net.sf.freecol.common.i18n.MessagesTest" name="testChangeLocaleSettings" time="0.136" />
  <testcase classname="net.sf.freecol.common.i18n.MessagesTest" name="testMessageString" time="0.031" />
  <testcase classname="net.sf.freecol.common.i18n.MessagesTest" name="testNestedChoices" time="0.029" />
  <testcase classname="net.sf.freecol.common.i18n.MessagesTest" name="testStringTemplates" time="0.084">
    <error type="java.lang.NullPointerException">java.lang.NullPointerException
	at net.sf.freecol.common.model.Player.getUnits(Player.java:1833)
	at net.sf.freecol.common.model.Player$UnitIterator.update(Player.java:218)
	at net.sf.freecol.common.model.Player$UnitIterator.&lt;init&gt;(Player.java:208)
	at net.sf.freecol.common.model.Player.&lt;init&gt;(Player.java:342)
	at net.sf.freecol.server.model.ServerPlayer.&lt;init&gt;(ServerPlayer.java:179)
	at net.sf.freecol.util.test.FreeColTestCase.getStandardGame(FreeColTestCase.java:173)
	at net.sf.freecol.util.test.FreeColTestCase.getStandardGame(FreeColTestCase.java:149)
	at net.sf.freecol.util.test.FreeColTestCase.getGame(FreeColTestCase.java:100)
	at net.sf.freecol.common.i18n.MessagesTest.testStringTemplates(MessagesTest.java:160)
	at junit.extensions.TestDecorator.basicRun(TestDecorator.java:23)
	at junit.extensions.TestSetup$1.protect(TestSetup.java:23)
	at junit.extensions.TestSetup.run(TestSetup.java:27)
</error>
  </testcase>
  <testcase classname="net.sf.freecol.common.i18n.MessagesTest" name="testReplaceChoicesPlural" time="0.018" />
  <testcase classname="net.sf.freecol.common.i18n.MessagesTest" name="testUnitDescription" time="0.025">
    <error type="java.lang.NullPointerException">java.lang.NullPointerException
	at net.sf.freecol.common.model.Player.getUnits(Player.java:1833)
	at net.sf.freecol.common.model.Player$UnitIterator.update(Player.java:218)
	at net.sf.freecol.common.model.Player$UnitIterator.&lt;init&gt;(Player.java:208)
	at net.sf.freecol.common.model.Player.&lt;init&gt;(Player.java:342)
	at net.sf.freecol.server.model.ServerPlayer.&lt;init&gt;(ServerPlayer.java:179)
	at net.sf.freecol.util.test.FreeColTestCase.getStandardGame(FreeColTestCase.java:173)
	at net.sf.freecol.util.test.FreeColTestCase.getStandardGame(FreeColTestCase.java:149)
	at net.sf.freecol.common.i18n.MessagesTest.testUnitDescription(MessagesTest.java:403)
	at junit.extensions.TestDecorator.basicRun(TestDecorator.java:23)
	at junit.extensions.TestSetup$1.protect(TestSetup.java:23)
	at junit.extensions.TestSetup.run(TestSetup.java:27)
</error>
  </testcase>
  <testcase classname="net.sf.freecol.common.i18n.MessagesTest" name="testREFMessages" time="0.014" />
  <testcase classname="net.sf.freecol.common.io.ModTest" name="testGetRuleSets" time="0.002" />
  <testcase classname="net.sf.freecol.common.io.ModTest" name="testGetAllMods" time="0.018" />
  <testcase classname="net.sf.freecol.common.option.OptionTest" name="testGameOptions" time="0.002" />
  <testcase classname="net.sf.freecol.common.option.OptionTest" name="testUnitListOption" time="0.001" />
  <testcase classname="net.sf.freecol.common.option.OptionTest" name="testInheritsEditable" time="0.0" />
  <testcase classname="net.sf.freecol.common.option.OptionTest" name="testCloneIntegerOption" time="0.0" />
  <testcase classname="net.sf.freecol.common.model.SpecificationTest" name="testExtendsDelete" time="0.084" />
  <testcase classname="net.sf.freecol.common.model.SpecificationTest" name="testLoadMods" time="0.032" />
  <testcase classname="net.sf.freecol.common.model.SpecificationTest" name="testExtends" time="0.08" />
  <testcase classname="net.sf.freecol.common.model.SpecificationTest" name="testModifiers" time="0.0" />
  <testcase classname="net.sf.freecol.common.model.SpecificationTest" name="testLoad" time="0.075" />
  <testcase classname="net.sf.freecol.common.model.SpecificationTest" name="testNationTypes" time="0.0" />
  <testcase classname="net.sf.freecol.common.model.SpecificationTest" name="testGetDefaultUnitType" time="0.004" />
  <testcase classname="net.sf.freecol.common.model.SpecificationTest" name="testGoodsTypes" time="0.001" />
  <testcase classname="net.sf.freecol.common.model.SpecificationTest" name="testFoundingFathers" time="0.001" />
  <testcase classname="net.sf.freecol.common.model.SpecificationTest" name="testRequiredAbilitiesForRoles" time="0.001" />
  <testcase classname="net.sf.freecol.common.model.SpecificationTest" name="testNations" time="0.0" />
  <testcase classname="net.sf.freecol.common.model.SpecificationTest" name="testUnitAbilities" time="0.0" />
  <testcase classname="net.sf.freecol.common.model.BaseCostDeciderTest" name="testNavalUnitMoveToTileWithSettlement" time="0.03">
    <error type="java.lang.NullPointerException">java.lang.NullPointerException
	at net.sf.freecol.common.model.Player.getUnits(Player.java:1833)
	at net.sf.freecol.common.model.Player$UnitIterator.update(Player.java:218)
	at net.sf.freecol.common.model.Player$UnitIterator.&lt;init&gt;(Player.java:208)
	at net.sf.freecol.common.model.Player.&lt;init&gt;(Player.java:342)
	at net.sf.freecol.server.model.ServerPlayer.&lt;init&gt;(ServerPlayer.java:179)
	at net.sf.freecol.util.test.FreeColTestCase.getStandardGame(FreeColTestCase.java:173)
	at net.sf.freecol.util.test.FreeColTestCase.getStandardGame(FreeColTestCase.java:149)
	at net.sf.freecol.common.model.BaseCostDeciderTest.setUp(BaseCostDeciderTest.java:53)
	at junit.extensions.TestDecorator.basicRun(TestDecorator.java:23)
	at junit.extensions.TestSetup$1.protect(TestSetup.java:23)
	at junit.extensions.TestSetup.run(TestSetup.java:27)
</error>
  </testcase>
  <testcase classname="net.sf.freecol.common.model.BaseCostDeciderTest" name="testInvalidMoveThroughTileWithSettlement" time="0.002">
    <error type="java.lang.NullPointerException">java.lang.NullPointerException
	at net.sf.freecol.common.model.Player.getUnits(Player.java:1833)
	at net.sf.freecol.common.model.Player$UnitIterator.update(Player.java:218)
	at net.sf.freecol.common.model.Player$UnitIterator.&lt;init&gt;(Player.java:208)
	at net.sf.freecol.common.model.Player.&lt;init&gt;(Player.java:342)
	at net.sf.freecol.server.model.ServerPlayer.&lt;init&gt;(ServerPlayer.java:179)
	at net.sf.freecol.util.test.FreeColTestCase.getStandardGame(FreeColTestCase.java:173)
	at net.sf.freecol.util.test.FreeColTestCase.getStandardGame(FreeColTestCase.java:149)
	at net.sf.freecol.common.model.BaseCostDeciderTest.setUp(BaseCostDeciderTest.java:53)
	at junit.extensions.TestDecorator.basicRun(TestDecorator.java:23)
	at junit.extensions.TestSetup$1.protect(TestSetup.java:23)
	at junit.extensions.TestSetup.run(TestSetup.java:27)
</error>
  </testcase>
  <testcase classname="net.sf.freecol.common.model.BaseCostDeciderTest" name="testGetRemainingMovesAndNewTurn" time="0.004">
    <error type="java.lang.NullPointerException">java.lang.NullPointerException
	at net.sf.freecol.common.model.Player.getUnits(Player.java:1833)
	at net.sf.freecol.common.model.Player$UnitIterator.update(Player.java:218)
	at net.sf.freecol.common.model.Player$UnitIterator.&lt;init&gt;(Player.java:208)
	at net.sf.freecol.common.model.Player.&lt;init&gt;(Player.java:342)
	at net.sf.freecol.server.model.ServerPlayer.&lt;init&gt;(ServerPlayer.java:179)
	at net.sf.freecol.util.test.FreeColTestCase.getStandardGame(FreeColTestCase.java:173)
	at net.sf.freecol.util.test.FreeColTestCase.getStandardGame(FreeColTestCase.java:149)
	at net.sf.freecol.common.model.BaseCostDeciderTest.setUp(BaseCostDeciderTest.java:53)
	at junit.extensions.TestDecorator.basicRun(TestDecorator.java:23)
	at junit.extensions.TestSetup$1.protect(TestSetup.java:23)
	at junit.extensions.TestSetup.run(TestSetup.java:27)
</error>
  </testcase>
  <testcase classname="net.sf.freecol.common.model.BaseCostDeciderTest" name="testGetCostLandLand" time="0.002">
    <error type="java.lang.NullPointerException">java.lang.NullPointerException
	at net.sf.freecol.common.model.Player.getUnits(Player.java:1833)
	at net.sf.freecol.common.model.Player$UnitIterator.update(Player.java:218)
	at net.sf.freecol.common.model.Player$UnitIterator.&lt;init&gt;(Player.java:208)
	at net.sf.freecol.common.model.Player.&lt;init&gt;(Player.java:342)
	at net.sf.freecol.server.model.ServerPlayer.&lt;init&gt;(ServerPlayer.java:179)
	at net.sf.freecol.util.test.FreeColTestCase.getStandardGame(FreeColTestCase.java:173)
	at net.sf.freecol.util.test.FreeColTestCase.getStandardGame(FreeColTestCase.java:149)
	at net.sf.freecol.common.model.BaseCostDeciderTest.setUp(BaseCostDeciderTest.java:53)
	at junit.extensions.TestDecorator.basicRun(TestDecorator.java:23)
	at junit.extensions.TestSetup$1.protect(TestSetup.java:23)
	at junit.extensions.TestSetup.run(TestSetup.java:27)
</error>
  </testcase>
  <testcase classname="net.sf.freecol.common.model.BaseCostDeciderTest" name="testInvalidMoveOfLandUnitToAnOceanTile" time="0.005">
    <error type="java.lang.NullPointerException">java.lang.NullPointerException
	at net.sf.freecol.common.model.Player.getUnits(Player.java:1833)
	at net.sf.freecol.common.model.Player$UnitIterator.update(Player.java:218)
	at net.sf.freecol.common.model.Player$UnitIterator.&lt;init&gt;(Player.java:208)
	at net.sf.freecol.common.model.Player.&lt;init&gt;(Player.java:342)
	at net.sf.freecol.server.model.ServerPlayer.&lt;init&gt;(ServerPlayer.java:179)
	at net.sf.freecol.util.test.FreeColTestCase.getStandardGame(FreeColTestCase.java:173)
	at net.sf.freecol.util.test.FreeColTestCase.getStandardGame(FreeColTestCase.java:149)
	at net.sf.freecol.common.model.BaseCostDeciderTest.setUp(BaseCostDeciderTest.java:53)
	at junit.extensions.TestDecorator.basicRun(TestDecorator.java:23)
	at junit.extensions.TestSetup$1.protect(TestSetup.java:23)
	at junit.extensions.TestSetup.run(TestSetup.java:27)
</error>
  </testcase>
  <testcase classname="net.sf.freecol.common.model.BaseCostDeciderTest" name="testInvalidMoveOfNavalUnitToALandTile" time="0.007">
    <error type="java.lang.NullPointerException">java.lang.NullPointerException
	at net.sf.freecol.common.model.Player.getUnits(Player.java:1833)
	at net.sf.freecol.common.model.Player$UnitIterator.update(Player.java:218)
	at net.sf.freecol.common.model.Player$UnitIterator.&lt;init&gt;(Player.java:208)
	at net.sf.freecol.common.model.Player.&lt;init&gt;(Player.java:342)
	at net.sf.freecol.server.model.ServerPlayer.&lt;init&gt;(ServerPlayer.java:179)
	at net.sf.freecol.util.test.FreeColTestCase.getStandardGame(FreeColTestCase.java:173)
	at net.sf.freecol.util.test.FreeColTestCase.getStandardGame(FreeColTestCase.java:149)
	at net.sf.freecol.common.model.BaseCostDeciderTest.setUp(BaseCostDeciderTest.java:53)
	at junit.extensions.TestDecorator.basicRun(TestDecorator.java:23)
	at junit.extensions.TestSetup$1.protect(TestSetup.java:23)
	at junit.extensions.TestSetup.run(TestSetup.java:27)
</error>
  </testcase>
  <testcase classname="net.sf.freecol.common.model.BuildingTest" name="testStockade" time="0.057">
    <error message="Default Player model.nation.dutch not in game" type="java.lang.IllegalArgumentException">java.lang.IllegalArgumentException: Default Player model.nation.dutch not in game
	at net.sf.freecol.util.test.FreeColTestUtils$ColonyBuilder.build(FreeColTestUtils.java:139)
	at net.sf.freecol.util.test.FreeColTestCase.getStandardColony(FreeColTestCase.java:325)
	at net.sf.freecol.util.test.FreeColTestCase.getStandardColony(FreeColTestCase.java:302)
	at net.sf.freecol.common.model.BuildingTest.testStockade(BuildingTest.java:565)
	at junit.extensions.TestDecorator.basicRun(TestDecorator.java:23)
	at junit.extensions.TestSetup$1.protect(TestSetup.java:23)
	at junit.extensions.TestSetup.run(TestSetup.java:27)
</error>
  </testcase>
  <testcase classname="net.sf.freecol.common.model.BuildingTest" name="testCottonClothProduction" time="0.001">
    <error type="java.lang.NullPointerException">java.lang.NullPointerException
	at net.sf.freecol.common.model.Player.getUnits(Player.java:1833)
	at net.sf.freecol.common.model.Player$UnitIterator.update(Player.java:218)
	at net.sf.freecol.common.model.Player$UnitIterator.&lt;init&gt;(Player.java:208)
	at net.sf.freecol.common.model.Player.&lt;init&gt;(Player.java:342)
	at net.sf.freecol.server.model.ServerPlayer.&lt;init&gt;(ServerPlayer.java:179)
	at net.sf.freecol.util.test.FreeColTestCase.getStandardGame(FreeColTestCase.java:173)
	at net.sf.freecol.util.test.FreeColTestCase.getStandardGame(FreeColTestCase.java:149)
	at net.sf.freecol.util.test.FreeColTestCase.getGame(FreeColTestCase.java:100)
	at net.sf.freecol.common.model.BuildingTest.testCottonClothProduction(BuildingTest.java:598)
	at junit.extensions.TestDecorator.basicRun(TestDecorator.java:23)
	at junit.extensions.TestSetup$1.protect(TestSetup.java:23)
	at junit.extensions.TestSetup.run(TestSetup.java:27)
</error>
  </testcase>
  <testcase classname="net.sf.freecol.common.model.BuildingTest" name="testPasture" time="0.001">
    <error type="java.lang.NullPointerException">java.lang.NullPointerException
	at net.sf.freecol.common.model.Player.getUnits(Player.java:1833)
	at net.sf.freecol.common.model.Player$UnitIterator.update(Player.java:218)
	at net.sf.freecol.common.model.Player$UnitIterator.&lt;init&gt;(Player.java:208)
	at net.sf.freecol.common.model.Player.&lt;init&gt;(Player.java:342)
	at net.sf.freecol.server.model.ServerPlayer.&lt;init&gt;(ServerPlayer.java:179)
	at net.sf.freecol.util.test.FreeColTestCase.getStandardGame(FreeColTestCase.java:173)
	at net.sf.freecol.util.test.FreeColTestCase.getStandardGame(FreeColTestCase.java:149)
	at net.sf.freecol.util.test.FreeColTestCase.getGame(FreeColTestCase.java:100)
	at net.sf.freecol.common.model.BuildingTest.testPasture(BuildingTest.java:636)
	at junit.extensions.TestDecorator.basicRun(TestDecorator.java:23)
	at junit.extensions.TestSetup$1.protect(TestSetup.java:23)
	at junit.extensions.TestSetup.run(TestSetup.java:27)
</error>
  </testcase>
  <testcase classname="net.sf.freecol.common.model.BuildingTest" name="testCanBuildNext" time="0.001">
    <error type="java.lang.NullPointerException">java.lang.NullPointerException
	at net.sf.freecol.common.model.Player.getUnits(Player.java:1833)
	at net.sf.freecol.common.model.Player$UnitIterator.update(Player.java:218)
	at net.sf.freecol.common.model.Player$UnitIterator.&lt;init&gt;(Player.java:208)
	at net.sf.freecol.common.model.Player.&lt;init&gt;(Player.java:342)
	at net.sf.freecol.server.model.ServerPlayer.&lt;init&gt;(ServerPlayer.java:179)
	at net.sf.freecol.util.test.FreeColTestCase.getStandardGame(FreeColTestCase.java:173)
	at net.sf.freecol.util.test.FreeColTestCase.getStandardGame(FreeColTestCase.java:149)
	at net.sf.freecol.util.test.FreeColTestCase.getGame(FreeColTestCase.java:100)
	at net.sf.freecol.common.model.BuildingTest.testCanBuildNext(BuildingTest.java:125)
	at junit.extensions.TestDecorator.basicRun(TestDecorator.java:23)
	at junit.extensions.TestSetup$1.protect(TestSetup.java:23)
	at junit.extensions.TestSetup.run(TestSetup.java:27)
</error>
  </testcase>
  <testcase classname="net.sf.freecol.common.model.BuildingTest" name="testFortRequiresMinimumPopulation" time="0.001">
    <error type="java.lang.NullPointerException">java.lang.NullPointerException
	at net.sf.freecol.common.model.Player.getUnits(Player.java:1833)
	at net.sf.freecol.common.model.Player$UnitIterator.update(Player.java:218)
	at net.sf.freecol.common.model.Player$UnitIterator.&lt;init&gt;(Player.java:208)
	at net.sf.freecol.common.model.Player.&lt;init&gt;(Player.java:342)
	at net.sf.freecol.server.model.ServerPlayer.&lt;init&gt;(ServerPlayer.java:179)
	at net.sf.freecol.util.test.FreeColTestCase.getStandardGame(FreeColTestCase.java:173)
	at net.sf.freecol.util.test.FreeColTestCase.getStandardGame(FreeColTestCase.java:149)
	at net.sf.freecol.util.test.FreeColTestCase.getGame(FreeColTestCase.java:100)
	at net.sf.freecol.common.model.BuildingTest.testFortRequiresMinimumPopulation(BuildingTest.java:169)
	at junit.extensions.TestDecorator.basicRun(TestDecorator.java:23)
	at junit.extensions.TestSetup$1.protect(TestSetup.java:23)
	at junit.extensions.TestSetup.run(TestSetup.java:27)
</error>
  </testcase>
  <testcase classname="net.sf.freecol.common.model.BuildingTest" name="testUnitProduction" time="0.001">
    <error type="java.lang.NullPointerException">java.lang.NullPointerException
	at net.sf.freecol.common.model.Player.getUnits(Player.java:1833)
	at net.sf.freecol.common.model.Player$UnitIterator.update(Player.java:218)
	at net.sf.freecol.common.model.Player$UnitIterator.&lt;init&gt;(Player.java:208)
	at net.sf.freecol.common.model.Player.&lt;init&gt;(Player.java:342)
	at net.sf.freecol.server.model.ServerPlayer.&lt;init&gt;(ServerPlayer.java:179)
	at net.sf.freecol.util.test.FreeColTestCase.getStandardGame(FreeColTestCase.java:173)
	at net.sf.freecol.util.test.FreeColTestCase.getStandardGame(FreeColTestCase.java:149)
	at net.sf.freecol.util.test.FreeColTestCase.getGame(FreeColTestCase.java:100)
	at net.sf.freecol.common.model.BuildingTest.testUnitProduction(BuildingTest.java:859)
	at junit.extensions.TestDecorator.basicRun(TestDecorator.java:23)
	at junit.extensions.TestSetup$1.protect(TestSetup.java:23)
	at junit.extensions.TestSetup.run(TestSetup.java:27)
</error>
  </testcase>
  <testcase classname="net.sf.freecol.common.model.BuildingTest" name="testPrintingPressBonus" time="0.001">
    <error type="java.lang.NullPointerException">java.lang.NullPointerException
	at net.sf.freecol.common.model.Player.getUnits(Player.java:1833)
	at net.sf.freecol.common.model.Player$UnitIterator.update(Player.java:218)
	at net.sf.freecol.common.model.Player$UnitIterator.&lt;init&gt;(Player.java:208)
	at net.sf.freecol.common.model.Player.&lt;init&gt;(Player.java:342)
	at net.sf.freecol.server.model.ServerPlayer.&lt;init&gt;(ServerPlayer.java:179)
	at net.sf.freecol.util.test.FreeColTestCase.getStandardGame(FreeColTestCase.java:173)
	at net.sf.freecol.util.test.FreeColTestCase.getStandardGame(FreeColTestCase.java:149)
	at net.sf.freecol.util.test.FreeColTestCase.getGame(FreeColTestCase.java:100)
	at net.sf.freecol.common.model.BuildingTest.testPrintingPressBonus(BuildingTest.java:801)
	at junit.extensions.TestDecorator.basicRun(TestDecorator.java:23)
	at junit.extensions.TestSetup$1.protect(TestSetup.java:23)
	at junit.extensions.TestSetup.run(TestSetup.java:27)
</error>
  </testcase>
  <testcase classname="net.sf.freecol.common.model.BuildingTest" name="testCanAddToBuilding" time="0.001">
    <error type="java.lang.NullPointerException">java.lang.NullPointerException
	at net.sf.freecol.common.model.Player.getUnits(Player.java:1833)
	at net.sf.freecol.common.model.Player$UnitIterator.update(Player.java:218)
	at net.sf.freecol.common.model.Player$UnitIterator.&lt;init&gt;(Player.java:208)
	at net.sf.freecol.common.model.Player.&lt;init&gt;(Player.java:342)
	at net.sf.freecol.server.model.ServerPlayer.&lt;init&gt;(ServerPlayer.java:179)
	at net.sf.freecol.util.test.FreeColTestCase.getStandardGame(FreeColTestCase.java:173)
	at net.sf.freecol.util.test.FreeColTestCase.getStandardGame(FreeColTestCase.java:149)
	at net.sf.freecol.util.test.FreeColTestCase.getGame(FreeColTestCase.java:100)
	at net.sf.freecol.common.model.BuildingTest.testCanAddToBuilding(BuildingTest.java:368)
	at junit.extensions.TestDecorator.basicRun(TestDecorator.java:23)
	at junit.extensions.TestSetup$1.protect(TestSetup.java:23)
	at junit.extensions.TestSetup.run(TestSetup.java:27)
</error>
  </testcase>
  <testcase classname="net.sf.freecol.common.model.BuildingTest" name="testToolsMusketProduction" time="0.001">
    <error type="java.lang.NullPointerException">java.lang.NullPointerException
	at net.sf.freecol.common.model.Player.getUnits(Player.java:1833)
	at net.sf.freecol.common.model.Player$UnitIterator.update(Player.java:218)
	at net.sf.freecol.common.model.Player$UnitIterator.&lt;init&gt;(Player.java:208)
	at net.sf.freecol.common.model.Player.&lt;init&gt;(Player.java:342)
	at net.sf.freecol.server.model.ServerPlayer.&lt;init&gt;(ServerPlayer.java:179)
	at net.sf.freecol.util.test.FreeColTestCase.getStandardGame(FreeColTestCase.java:173)
	at net.sf.freecol.util.test.FreeColTestCase.getStandardGame(FreeColTestCase.java:149)
	at net.sf.freecol.util.test.FreeColTestCase.getGame(FreeColTestCase.java:100)
	at net.sf.freecol.common.model.BuildingTest.testToolsMusketProduction(BuildingTest.java:898)
	at junit.extensions.TestDecorator.basicRun(TestDecorator.java:23)
	at junit.extensions.TestSetup$1.protect(TestSetup.java:23)
	at junit.extensions.TestSetup.run(TestSetup.java:27)
</error>
  </testcase>
  <testcase classname="net.sf.freecol.common.model.BuildingTest" name="testFortressRequiresMinimumPopulation" time="0.001">
    <error type="java.lang.NullPointerException">java.lang.NullPointerException
	at net.sf.freecol.common.model.Player.getUnits(Player.java:1833)
	at net.sf.freecol.common.model.Player$UnitIterator.update(Player.java:218)
	at net.sf.freecol.common.model.Player$UnitIterator.&lt;init&gt;(Player.java:208)
	at net.sf.freecol.common.model.Player.&lt;init&gt;(Player.java:342)
	at net.sf.freecol.server.model.ServerPlayer.&lt;init&gt;(ServerPlayer.java:179)
	at net.sf.freecol.util.test.FreeColTestCase.getStandardGame(FreeColTestCase.java:173)
	at net.sf.freecol.util.test.FreeColTestCase.getStandardGame(FreeColTestCase.java:149)
	at net.sf.freecol.util.test.FreeColTestCase.getGame(FreeColTestCase.java:100)
	at net.sf.freecol.common.model.BuildingTest.testFortressRequiresMinimumPopulation(BuildingTest.java:184)
	at junit.extensions.TestDecorator.basicRun(TestDecorator.java:23)
	at junit.extensions.TestSetup$1.protect(TestSetup.java:23)
	at junit.extensions.TestSetup.run(TestSetup.java:27)
</error>
  </testcase>
  <testcase classname="net.sf.freecol.common.model.BuildingTest" name="testSerialize" time="0.001">
    <error type="java.lang.NullPointerException">java.lang.NullPointerException
	at net.sf.freecol.common.model.Player.getUnits(Player.java:1833)
	at net.sf.freecol.common.model.Player$UnitIterator.update(Player.java:218)
	at net.sf.freecol.common.model.Player$UnitIterator.&lt;init&gt;(Player.java:208)
	at net.sf.freecol.common.model.Player.&lt;init&gt;(Player.java:342)
	at net.sf.freecol.server.model.ServerPlayer.&lt;init&gt;(ServerPlayer.java:179)
	at net.sf.freecol.util.test.FreeColTestCase.getStandardGame(FreeColTestCase.java:173)
	at net.sf.freecol.util.test.FreeColTestCase.getStandardGame(FreeColTestCase.java:149)
	at net.sf.freecol.util.test.FreeColTestCase.getGame(FreeColTestCase.java:100)
	at net.sf.freecol.common.model.BuildingTest.testSerialize(BuildingTest.java:539)
	at junit.extensions.TestDecorator.basicRun(TestDecorator.java:23)
	at junit.extensions.TestSetup$1.protect(TestSetup.java:23)
	at junit.extensions.TestSetup.run(TestSetup.java:27)
</error>
  </testcase>
  <testcase classname="net.sf.freecol.common.model.BuildingTest" name="testTownhallProduction" time="0.001">
    <error type="java.lang.NullPointerException">java.lang.NullPointerException
	at net.sf.freecol.common.model.Player.getUnits(Player.java:1833)
	at net.sf.freecol.common.model.Player$UnitIterator.update(Player.java:218)
	at net.sf.freecol.common.model.Player$UnitIterator.&lt;init&gt;(Player.java:208)
	at net.sf.freecol.common.model.Player.&lt;init&gt;(Player.java:342)
	at net.sf.freecol.server.model.ServerPlayer.&lt;init&gt;(ServerPlayer.java:179)
	at net.sf.freecol.util.test.FreeColTestCase.getStandardGame(FreeColTestCase.java:173)
	at net.sf.freecol.util.test.FreeColTestCase.getStandardGame(FreeColTestCase.java:149)
	at net.sf.freecol.util.test.FreeColTestCase.getGame(FreeColTestCase.java:100)
	at net.sf.freecol.common.model.BuildingTest.testTownhallProduction(BuildingTest.java:705)
	at junit.extensions.TestDecorator.basicRun(TestDecorator.java:23)
	at junit.extensions.TestSetup$1.protect(TestSetup.java:23)
	at junit.extensions.TestSetup.run(TestSetup.java:27)
</error>
  </testcase>
  <testcase classname="net.sf.freecol.common.model.BuildingTest" name="testChurch" time="0.001">
    <error type="java.lang.NullPointerException">java.lang.NullPointerException
	at net.sf.freecol.common.model.Player.getUnits(Player.java:1833)
	at net.sf.freecol.common.model.Player$UnitIterator.update(Player.java:218)
	at net.sf.freecol.common.model.Player$UnitIterator.&lt;init&gt;(Player.java:208)
	at net.sf.freecol.common.model.Player.&lt;init&gt;(Player.java:342)
	at net.sf.freecol.server.model.ServerPlayer.&lt;init&gt;(ServerPlayer.java:179)
	at net.sf.freecol.util.test.FreeColTestCase.getStandardGame(FreeColTestCase.java:173)
	at net.sf.freecol.util.test.FreeColTestCase.getStandardGame(FreeColTestCase.java:149)
	at net.sf.freecol.util.test.FreeColTestCase.getGame(FreeColTestCase.java:100)
	at net.sf.freecol.common.model.BuildingTest.testChurch(BuildingTest.java:221)
	at junit.extensions.TestDecorator.basicRun(TestDecorator.java:23)
	at junit.extensions.TestSetup$1.protect(TestSetup.java:23)
	at junit.extensions.TestSetup.run(TestSetup.java:27)
</error>
  </testcase>
  <testcase classname="net.sf.freecol.common.model.BuildingTest" name="testInitialColony" time="0.001">
    <error type="java.lang.NullPointerException">java.lang.NullPointerException
	at net.sf.freecol.common.model.Player.getUnits(Player.java:1833)
	at net.sf.freecol.common.model.Player$UnitIterator.update(Player.java:218)
	at net.sf.freecol.common.model.Player$UnitIterator.&lt;init&gt;(Player.java:208)
	at net.sf.freecol.common.model.Player.&lt;init&gt;(Player.java:342)
	at net.sf.freecol.server.model.ServerPlayer.&lt;init&gt;(ServerPlayer.java:179)
	at net.sf.freecol.util.test.FreeColTestCase.getStandardGame(FreeColTestCase.java:173)
	at net.sf.freecol.util.test.FreeColTestCase.getStandardGame(FreeColTestCase.java:149)
	at net.sf.freecol.util.test.FreeColTestCase.getGame(FreeColTestCase.java:100)
	at net.sf.freecol.common.model.BuildingTest.testInitialColony(BuildingTest.java:202)
	at junit.extensions.TestDecorator.basicRun(TestDecorator.java:23)
	at junit.extensions.TestSetup$1.protect(TestSetup.java:23)
	at junit.extensions.TestSetup.run(TestSetup.java:27)
</error>
  </testcase>
  <testcase classname="net.sf.freecol.common.model.BuildingTest" name="testStockadeRequiresMinimumPopulation" time="0.001">
    <error type="java.lang.NullPointerException">java.lang.NullPointerException
	at net.sf.freecol.common.model.Player.getUnits(Player.java:1833)
	at net.sf.freecol.common.model.Player$UnitIterator.update(Player.java:218)
	at net.sf.freecol.common.model.Player$UnitIterator.&lt;init&gt;(Player.java:208)
	at net.sf.freecol.common.model.Player.&lt;init&gt;(Player.java:342)
	at net.sf.freecol.server.model.ServerPlayer.&lt;init&gt;(ServerPlayer.java:179)
	at net.sf.freecol.util.test.FreeColTestCase.getStandardGame(FreeColTestCase.java:173)
	at net.sf.freecol.util.test.FreeColTestCase.getStandardGame(FreeColTestCase.java:149)
	at net.sf.freecol.util.test.FreeColTestCase.getGame(FreeColTestCase.java:100)
	at net.sf.freecol.common.model.BuildingTest.testStockadeRequiresMinimumPopulation(BuildingTest.java:155)
	at junit.extensions.TestDecorator.basicRun(TestDecorator.java:23)
	at junit.extensions.TestSetup$1.protect(TestSetup.java:23)
	at junit.extensions.TestSetup.run(TestSetup.java:27)
</error>
  </testcase>
  <testcase classname="net.sf.freecol.common.model.BuildingTest" name="testNewspaperBonus" time="0.001">
    <error type="java.lang.NullPointerException">java.lang.NullPointerException
	at net.sf.freecol.common.model.Player.getUnits(Player.java:1833)
	at net.sf.freecol.common.model.Player$UnitIterator.update(Player.java:218)
	at net.sf.freecol.common.model.Player$UnitIterator.&lt;init&gt;(Player.java:208)
	at net.sf.freecol.common.model.Player.&lt;init&gt;(Player.java:342)
	at net.sf.freecol.server.model.ServerPlayer.&lt;init&gt;(ServerPlayer.java:179)
	at net.sf.freecol.util.test.FreeColTestCase.getStandardGame(FreeColTestCase.java:173)
	at net.sf.freecol.util.test.FreeColTestCase.getStandardGame(FreeColTestCase.java:149)
	at net.sf.freecol.util.test.FreeColTestCase.getGame(FreeColTestCase.java:100)
	at net.sf.freecol.common.model.BuildingTest.testNewspaperBonus(BuildingTest.java:828)
	at junit.extensions.TestDecorator.basicRun(TestDecorator.java:23)
	at junit.extensions.TestSetup$1.protect(TestSetup.java:23)
	at junit.extensions.TestSetup.run(TestSetup.java:27)
</error>
  </testcase>
  <testcase classname="net.sf.freecol.common.model.BuildingTest" name="testCanAddToSchool" time="0.001">
    <error type="java.lang.NullPointerException">java.lang.NullPointerException
	at net.sf.freecol.common.model.Player.getUnits(Player.java:1833)
	at net.sf.freecol.common.model.Player$UnitIterator.update(Player.java:218)
	at net.sf.freecol.common.model.Player$UnitIterator.&lt;init&gt;(Player.java:208)
	at net.sf.freecol.common.model.Player.&lt;init&gt;(Player.java:342)
	at net.sf.freecol.server.model.ServerPlayer.&lt;init&gt;(ServerPlayer.java:179)
	at net.sf.freecol.util.test.FreeColTestCase.getStandardGame(FreeColTestCase.java:173)
	at net.sf.freecol.util.test.FreeColTestCase.getStandardGame(FreeColTestCase.java:149)
	at net.sf.freecol.util.test.FreeColTestCase.getGame(FreeColTestCase.java:100)
	at net.sf.freecol.common.model.BuildingTest.testCanAddToSchool(BuildingTest.java:412)
	at junit.extensions.TestDecorator.basicRun(TestDecorator.java:23)
	at junit.extensions.TestSetup$1.protect(TestSetup.java:23)
	at junit.extensions.TestSetup.run(TestSetup.java:27)
</error>
  </testcase>
  <testcase classname="net.sf.freecol.common.model.ColonyTest" name="testCopyColony" time="0.001">
    <error type="java.lang.NullPointerException">java.lang.NullPointerException
	at net.sf.freecol.common.model.Player.getUnits(Player.java:1833)
	at net.sf.freecol.common.model.Player$UnitIterator.update(Player.java:218)
	at net.sf.freecol.common.model.Player$UnitIterator.&lt;init&gt;(Player.java:208)
	at net.sf.freecol.common.model.Player.&lt;init&gt;(Player.java:342)
	at net.sf.freecol.server.model.ServerPlayer.&lt;init&gt;(ServerPlayer.java:179)
	at net.sf.freecol.util.test.FreeColTestCase.getStandardGame(FreeColTestCase.java:173)
	at net.sf.freecol.util.test.FreeColTestCase.getStandardGame(FreeColTestCase.java:149)
	at net.sf.freecol.util.test.FreeColTestCase.getGame(FreeColTestCase.java:100)
	at net.sf.freecol.common.model.ColonyTest.testCopyColony(ColonyTest.java:487)
	at junit.extensions.TestDecorator.basicRun(TestDecorator.java:23)
	at junit.extensions.TestSetup$1.protect(TestSetup.java:23)
	at junit.extensions.TestSetup.run(TestSetup.java:27)
</error>
  </testcase>
  <testcase classname="net.sf.freecol.common.model.ColonyTest" name="testFoundColony" time="0.001">
    <error type="java.lang.NullPointerException">java.lang.NullPointerException
	at net.sf.freecol.common.model.Player.getUnits(Player.java:1833)
	at net.sf.freecol.common.model.Player$UnitIterator.update(Player.java:218)
	at net.sf.freecol.common.model.Player$UnitIterator.&lt;init&gt;(Player.java:208)
	at net.sf.freecol.common.model.Player.&lt;init&gt;(Player.java:342)
	at net.sf.freecol.server.model.ServerPlayer.&lt;init&gt;(ServerPlayer.java:179)
	at net.sf.freecol.util.test.FreeColTestCase.getStandardGame(FreeColTestCase.java:173)
	at net.sf.freecol.util.test.FreeColTestCase.getStandardGame(FreeColTestCase.java:149)
	at net.sf.freecol.util.test.FreeColTestCase.getGame(FreeColTestCase.java:100)
	at net.sf.freecol.common.model.ColonyTest.testFoundColony(ColonyTest.java:297)
	at junit.extensions.TestDecorator.basicRun(TestDecorator.java:23)
	at junit.extensions.TestSetup$1.protect(TestSetup.java:23)
	at junit.extensions.TestSetup.run(TestSetup.java:27)
</error>
  </testcase>
  <testcase classname="net.sf.freecol.common.model.ColonyTest" name="testTeaParty" time="0.001">
    <error type="java.lang.NullPointerException">java.lang.NullPointerException
	at net.sf.freecol.common.model.Player.getUnits(Player.java:1833)
	at net.sf.freecol.common.model.Player$UnitIterator.update(Player.java:218)
	at net.sf.freecol.common.model.Player$UnitIterator.&lt;init&gt;(Player.java:208)
	at net.sf.freecol.common.model.Player.&lt;init&gt;(Player.java:342)
	at net.sf.freecol.server.model.ServerPlayer.&lt;init&gt;(ServerPlayer.java:179)
	at net.sf.freecol.util.test.FreeColTestCase.getStandardGame(FreeColTestCase.java:173)
	at net.sf.freecol.util.test.FreeColTestCase.getStandardGame(FreeColTestCase.java:149)
	at net.sf.freecol.util.test.FreeColTestCase.getGame(FreeColTestCase.java:100)
	at net.sf.freecol.common.model.ColonyTest.testTeaParty(ColonyTest.java:196)
	at junit.extensions.TestDecorator.basicRun(TestDecorator.java:23)
	at junit.extensions.TestSetup$1.protect(TestSetup.java:23)
	at junit.extensions.TestSetup.run(TestSetup.java:27)
</error>
  </testcase>
  <testcase classname="net.sf.freecol.common.model.ColonyTest" name="testAddUnitToColony" time="0.001">
    <error type="java.lang.NullPointerException">java.lang.NullPointerException
	at net.sf.freecol.common.model.Player.getUnits(Player.java:1833)
	at net.sf.freecol.common.model.Player$UnitIterator.update(Player.java:218)
	at net.sf.freecol.common.model.Player$UnitIterator.&lt;init&gt;(Player.java:208)
	at net.sf.freecol.common.model.Player.&lt;init&gt;(Player.java:342)
	at net.sf.freecol.server.model.ServerPlayer.&lt;init&gt;(ServerPlayer.java:179)
	at net.sf.freecol.util.test.FreeColTestCase.getStandardGame(FreeColTestCase.java:173)
	at net.sf.freecol.util.test.FreeColTestCase.getStandardGame(FreeColTestCase.java:149)
	at net.sf.freecol.util.test.FreeColTestCase.getGame(FreeColTestCase.java:100)
	at net.sf.freecol.common.model.ColonyTest.testAddUnitToColony(ColonyTest.java:211)
	at junit.extensions.TestDecorator.basicRun(TestDecorator.java:23)
	at junit.extensions.TestSetup$1.protect(TestSetup.java:23)
	at junit.extensions.TestSetup.run(TestSetup.java:27)
</error>
  </testcase>
  <testcase classname="net.sf.freecol.common.model.ColonyTest" name="testCurrentlyBuilding" time="0.001">
    <error type="java.lang.NullPointerException">java.lang.NullPointerException
	at net.sf.freecol.common.model.Player.getUnits(Player.java:1833)
	at net.sf.freecol.common.model.Player$UnitIterator.update(Player.java:218)
	at net.sf.freecol.common.model.Player$UnitIterator.&lt;init&gt;(Player.java:208)
	at net.sf.freecol.common.model.Player.&lt;init&gt;(Player.java:342)
	at net.sf.freecol.server.model.ServerPlayer.&lt;init&gt;(ServerPlayer.java:179)
	at net.sf.freecol.util.test.FreeColTestCase.getStandardGame(FreeColTestCase.java:173)
	at net.sf.freecol.util.test.FreeColTestCase.getStandardGame(FreeColTestCase.java:149)
	at net.sf.freecol.util.test.FreeColTestCase.getGame(FreeColTestCase.java:100)
	at net.sf.freecol.common.model.ColonyTest.testCurrentlyBuilding(ColonyTest.java:88)
	at junit.extensions.TestDecorator.basicRun(TestDecorator.java:23)
	at junit.extensions.TestSetup$1.protect(TestSetup.java:23)
	at junit.extensions.TestSetup.run(TestSetup.java:27)
</error>
  </testcase>
  <testcase classname="net.sf.freecol.common.model.ColonyTest" name="testBuildQueueDoesNotAcceptBuildingDoubles" time="0.0">
    <error type="java.lang.NullPointerException">java.lang.NullPointerException
	at net.sf.freecol.common.model.Player.getUnits(Player.java:1833)
	at net.sf.freecol.common.model.Player$UnitIterator.update(Player.java:218)
	at net.sf.freecol.common.model.Player$UnitIterator.&lt;init&gt;(Player.java:208)
	at net.sf.freecol.common.model.Player.&lt;init&gt;(Player.java:342)
	at net.sf.freecol.server.model.ServerPlayer.&lt;init&gt;(ServerPlayer.java:179)
	at net.sf.freecol.util.test.FreeColTestCase.getStandardGame(FreeColTestCase.java:173)
	at net.sf.freecol.util.test.FreeColTestCase.getStandardGame(FreeColTestCase.java:149)
	at net.sf.freecol.util.test.FreeColTestCase.getGame(FreeColTestCase.java:100)
	at net.sf.freecol.common.model.ColonyTest.testBuildQueueDoesNotAcceptBuildingDoubles(ColonyTest.java:102)
	at junit.extensions.TestDecorator.basicRun(TestDecorator.java:23)
	at junit.extensions.TestSetup$1.protect(TestSetup.java:23)
	at junit.extensions.TestSetup.run(TestSetup.java:27)
</error>
  </testcase>
  <testcase classname="net.sf.freecol.common.model.ColonyTest" name="testBuildQueueAcceptsUnitDoubles" time="0.001">
    <error type="java.lang.NullPointerException">java.lang.NullPointerException
	at net.sf.freecol.common.model.Player.getUnits(Player.java:1833)
	at net.sf.freecol.common.model.Player$UnitIterator.update(Player.java:218)
	at net.sf.freecol.common.model.Player$UnitIterator.&lt;init&gt;(Player.java:208)
	at net.sf.freecol.common.model.Player.&lt;init&gt;(Player.java:342)
	at net.sf.freecol.server.model.ServerPlayer.&lt;init&gt;(ServerPlayer.java:179)
	at net.sf.freecol.util.test.FreeColTestCase.getStandardGame(FreeColTestCase.java:173)
	at net.sf.freecol.util.test.FreeColTestCase.getStandardGame(FreeColTestCase.java:149)
	at net.sf.freecol.util.test.FreeColTestCase.getGame(FreeColTestCase.java:100)
	at net.sf.freecol.common.model.ColonyTest.testBuildQueueAcceptsUnitDoubles(ColonyTest.java:125)
	at junit.extensions.TestDecorator.basicRun(TestDecorator.java:23)
	at junit.extensions.TestSetup$1.protect(TestSetup.java:23)
	at junit.extensions.TestSetup.run(TestSetup.java:27)
</error>
  </testcase>
  <testcase classname="net.sf.freecol.common.model.ColonyTest" name="testUpkeep" time="0.001">
    <error type="java.lang.NullPointerException">java.lang.NullPointerException
	at net.sf.freecol.common.model.Player.getUnits(Player.java:1833)
	at net.sf.freecol.common.model.Player$UnitIterator.update(Player.java:218)
	at net.sf.freecol.common.model.Player$UnitIterator.&lt;init&gt;(Player.java:208)
	at net.sf.freecol.common.model.Player.&lt;init&gt;(Player.java:342)
	at net.sf.freecol.server.model.ServerPlayer.&lt;init&gt;(ServerPlayer.java:179)
	at net.sf.freecol.util.test.FreeColTestCase.getStandardGame(FreeColTestCase.java:173)
	at net.sf.freecol.util.test.FreeColTestCase.getStandardGame(FreeColTestCase.java:149)
	at net.sf.freecol.util.test.FreeColTestCase.getGame(FreeColTestCase.java:100)
	at net.sf.freecol.common.model.ColonyTest.testUpkeep(ColonyTest.java:470)
	at junit.extensions.TestDecorator.basicRun(TestDecorator.java:23)
	at junit.extensions.TestSetup$1.protect(TestSetup.java:23)
	at junit.extensions.TestSetup.run(TestSetup.java:27)
</error>
  </testcase>
  <testcase classname="net.sf.freecol.common.model.ColonyTest" name="testUnderSiege" time="0.001">
    <error type="java.lang.NullPointerException">java.lang.NullPointerException
	at net.sf.freecol.common.model.Player.getUnits(Player.java:1833)
	at net.sf.freecol.common.model.Player$UnitIterator.update(Player.java:218)
	at net.sf.freecol.common.model.Player$UnitIterator.&lt;init&gt;(Player.java:208)
	at net.sf.freecol.common.model.Player.&lt;init&gt;(Player.java:342)
	at net.sf.freecol.server.model.ServerPlayer.&lt;init&gt;(ServerPlayer.java:179)
	at net.sf.freecol.util.test.FreeColTestCase.getStandardGame(FreeColTestCase.java:173)
	at net.sf.freecol.util.test.FreeColTestCase.getStandardGame(FreeColTestCase.java:149)
	at net.sf.freecol.util.test.FreeColTestCase.getGame(FreeColTestCase.java:100)
	at net.sf.freecol.common.model.ColonyTest.testUnderSiege(ColonyTest.java:431)
	at junit.extensions.TestDecorator.basicRun(TestDecorator.java:23)
	at junit.extensions.TestSetup$1.protect(TestSetup.java:23)
	at junit.extensions.TestSetup.run(TestSetup.java:27)
</error>
  </testcase>
  <testcase classname="net.sf.freecol.common.model.ColonyTest" name="testOccupationWithFood" time="0.001">
    <error type="java.lang.NullPointerException">java.lang.NullPointerException
	at net.sf.freecol.common.model.Player.getUnits(Player.java:1833)
	at net.sf.freecol.common.model.Player$UnitIterator.update(Player.java:218)
	at net.sf.freecol.common.model.Player$UnitIterator.&lt;init&gt;(Player.java:208)
	at net.sf.freecol.common.model.Player.&lt;init&gt;(Player.java:342)
	at net.sf.freecol.server.model.ServerPlayer.&lt;init&gt;(ServerPlayer.java:179)
	at net.sf.freecol.util.test.FreeColTestCase.getStandardGame(FreeColTestCase.java:173)
	at net.sf.freecol.util.test.FreeColTestCase.getStandardGame(FreeColTestCase.java:149)
	at net.sf.freecol.util.test.FreeColTestCase.getGame(FreeColTestCase.java:100)
	at net.sf.freecol.common.model.ColonyTest.testOccupationWithFood(ColonyTest.java:142)
	at junit.extensions.TestDecorator.basicRun(TestDecorator.java:23)
	at junit.extensions.TestSetup$1.protect(TestSetup.java:23)
	at junit.extensions.TestSetup.run(TestSetup.java:27)
</error>
  </testcase>
  <testcase classname="net.sf.freecol.common.model.ColonyProductionTest" name="testNoHorsesOverProduction" time="0.001">
    <error type="java.lang.NullPointerException">java.lang.NullPointerException
	at net.sf.freecol.common.model.Player.getUnits(Player.java:1833)
	at net.sf.freecol.common.model.Player$UnitIterator.update(Player.java:218)
	at net.sf.freecol.common.model.Player$UnitIterator.&lt;init&gt;(Player.java:208)
	at net.sf.freecol.common.model.Player.&lt;init&gt;(Player.java:342)
	at net.sf.freecol.server.model.ServerPlayer.&lt;init&gt;(ServerPlayer.java:179)
	at net.sf.freecol.util.test.FreeColTestCase.getStandardGame(FreeColTestCase.java:173)
	at net.sf.freecol.util.test.FreeColTestCase.getStandardGame(FreeColTestCase.java:149)
	at net.sf.freecol.util.test.FreeColTestCase.getGame(FreeColTestCase.java:100)
	at net.sf.freecol.common.model.ColonyProductionTest.testNoHorsesOverProduction(ColonyProductionTest.java:242)
	at junit.extensions.TestDecorator.basicRun(TestDecorator.java:23)
	at junit.extensions.TestSetup$1.protect(TestSetup.java:23)
	at junit.extensions.TestSetup.run(TestSetup.java:27)
</error>
  </testcase>
  <testcase classname="net.sf.freecol.common.model.ColonyProductionTest" name="testBellNetProduction" time="0.001">
    <error type="java.lang.NullPointerException">java.lang.NullPointerException
	at net.sf.freecol.common.model.Player.getUnits(Player.java:1833)
	at net.sf.freecol.common.model.Player$UnitIterator.update(Player.java:218)
	at net.sf.freecol.common.model.Player$UnitIterator.&lt;init&gt;(Player.java:208)
	at net.sf.freecol.common.model.Player.&lt;init&gt;(Player.java:342)
	at net.sf.freecol.server.model.ServerPlayer.&lt;init&gt;(ServerPlayer.java:179)
	at net.sf.freecol.util.test.FreeColTestCase.getStandardGame(FreeColTestCase.java:173)
	at net.sf.freecol.util.test.FreeColTestCase.getStandardGame(FreeColTestCase.java:149)
	at net.sf.freecol.common.model.ColonyProductionTest.testBellNetProduction(ColonyProductionTest.java:163)
	at junit.extensions.TestDecorator.basicRun(TestDecorator.java:23)
	at junit.extensions.TestSetup$1.protect(TestSetup.java:23)
	at junit.extensions.TestSetup.run(TestSetup.java:27)
</error>
  </testcase>
  <testcase classname="net.sf.freecol.common.model.ColonyProductionTest" name="testProductionMap" time="0.002" />
  <testcase classname="net.sf.freecol.common.model.ColonyProductionTest" name="testProductionSoldier" time="0.001">
    <error type="java.lang.NullPointerException">java.lang.NullPointerException
	at net.sf.freecol.common.model.Player.getUnits(Player.java:1833)
	at net.sf.freecol.common.model.Player$UnitIterator.update(Player.java:218)
	at net.sf.freecol.common.model.Player$UnitIterator.&lt;init&gt;(Player.java:208)
	at net.sf.freecol.common.model.Player.&lt;init&gt;(Player.java:342)
	at net.sf.freecol.server.model.ServerPlayer.&lt;init&gt;(ServerPlayer.java:179)
	at net.sf.freecol.util.test.FreeColTestCase.getStandardGame(FreeColTestCase.java:173)
	at net.sf.freecol.util.test.FreeColTestCase.getStandardGame(FreeColTestCase.java:149)
	at net.sf.freecol.common.model.ColonyProductionTest.testProductionSoldier(ColonyProductionTest.java:69)
	at junit.extensions.TestDecorator.basicRun(TestDecorator.java:23)
	at junit.extensions.TestSetup$1.protect(TestSetup.java:23)
	at junit.extensions.TestSetup.run(TestSetup.java:27)
</error>
  </testcase>
  <testcase classname="net.sf.freecol.common.model.ColonyProductionTest" name="testConsumers" time="0.0">
    <error type="java.lang.NullPointerException">java.lang.NullPointerException
	at net.sf.freecol.common.model.Player.getUnits(Player.java:1833)
	at net.sf.freecol.common.model.Player$UnitIterator.update(Player.java:218)
	at net.sf.freecol.common.model.Player$UnitIterator.&lt;init&gt;(Player.java:208)
	at net.sf.freecol.common.model.Player.&lt;init&gt;(Player.java:342)
	at net.sf.freecol.server.model.ServerPlayer.&lt;init&gt;(ServerPlayer.java:179)
	at net.sf.freecol.util.test.FreeColTestCase.getStandardGame(FreeColTestCase.java:173)
	at net.sf.freecol.util.test.FreeColTestCase.getStandardGame(FreeColTestCase.java:149)
	at net.sf.freecol.util.test.FreeColTestCase.getGame(FreeColTestCase.java:100)
	at net.sf.freecol.common.model.ColonyProductionTest.testConsumers(ColonyProductionTest.java:286)
	at junit.extensions.TestDecorator.basicRun(TestDecorator.java:23)
	at junit.extensions.TestSetup$1.protect(TestSetup.java:23)
	at junit.extensions.TestSetup.run(TestSetup.java:27)
</error>
  </testcase>
  <testcase classname="net.sf.freecol.common.model.ColonyProductionTest" name="testProductionPioneer" time="0.0">
    <error type="java.lang.NullPointerException">java.lang.NullPointerException
	at net.sf.freecol.common.model.Player.getUnits(Player.java:1833)
	at net.sf.freecol.common.model.Player$UnitIterator.update(Player.java:218)
	at net.sf.freecol.common.model.Player$UnitIterator.&lt;init&gt;(Player.java:208)
	at net.sf.freecol.common.model.Player.&lt;init&gt;(Player.java:342)
	at net.sf.freecol.server.model.ServerPlayer.&lt;init&gt;(ServerPlayer.java:179)
	at net.sf.freecol.util.test.FreeColTestCase.getStandardGame(FreeColTestCase.java:173)
	at net.sf.freecol.util.test.FreeColTestCase.getStandardGame(FreeColTestCase.java:149)
	at net.sf.freecol.common.model.ColonyProductionTest.testProductionPioneer(ColonyProductionTest.java:117)
	at junit.extensions.TestDecorator.basicRun(TestDecorator.java:23)
	at junit.extensions.TestSetup$1.protect(TestSetup.java:23)
	at junit.extensions.TestSetup.run(TestSetup.java:27)
</error>
  </testcase>
  <testcase classname="net.sf.freecol.common.model.ColonyProductionTest" name="testProduction" time="0.0">
    <error type="java.lang.NullPointerException">java.lang.NullPointerException
	at net.sf.freecol.common.model.Player.getUnits(Player.java:1833)
	at net.sf.freecol.common.model.Player$UnitIterator.update(Player.java:218)
	at net.sf.freecol.common.model.Player$UnitIterator.&lt;init&gt;(Player.java:208)
	at net.sf.freecol.common.model.Player.&lt;init&gt;(Player.java:342)
	at net.sf.freecol.server.model.ServerPlayer.&lt;init&gt;(ServerPlayer.java:179)
	at net.sf.freecol.util.test.FreeColTestCase.getStandardGame(FreeColTestCase.java:173)
	at net.sf.freecol.util.test.FreeColTestCase.getStandardGame(FreeColTestCase.java:149)
	at net.sf.freecol.util.test.FreeColTestCase.getGame(FreeColTestCase.java:100)
	at net.sf.freecol.common.model.ColonyProductionTest.testProduction(ColonyProductionTest.java:373)
	at junit.extensions.TestDecorator.basicRun(TestDecorator.java:23)
	at junit.extensions.TestSetup$1.protect(TestSetup.java:23)
	at junit.extensions.TestSetup.run(TestSetup.java:27)
</error>
  </testcase>
  <testcase classname="net.sf.freecol.common.model.ColonyProductionTest" name="testGetPotentialProduction" time="0.0">
    <error type="java.lang.NullPointerException">java.lang.NullPointerException
	at net.sf.freecol.common.model.Player.getUnits(Player.java:1833)
	at net.sf.freecol.common.model.Player$UnitIterator.update(Player.java:218)
	at net.sf.freecol.common.model.Player$UnitIterator.&lt;init&gt;(Player.java:208)
	at net.sf.freecol.common.model.Player.&lt;init&gt;(Player.java:342)
	at net.sf.freecol.server.model.ServerPlayer.&lt;init&gt;(ServerPlayer.java:179)
	at net.sf.freecol.util.test.FreeColTestCase.getStandardGame(FreeColTestCase.java:173)
	at net.sf.freecol.util.test.FreeColTestCase.getStandardGame(FreeColTestCase.java:149)
	at net.sf.freecol.util.test.FreeColTestCase.getGame(FreeColTestCase.java:100)
	at net.sf.freecol.common.model.ColonyProductionTest.testGetPotentialProduction(ColonyProductionTest.java:493)
	at junit.extensions.TestDecorator.basicRun(TestDecorator.java:23)
	at junit.extensions.TestSetup$1.protect(TestSetup.java:23)
	at junit.extensions.TestSetup.run(TestSetup.java:27)
</error>
  </testcase>
  <testcase classname="net.sf.freecol.common.model.CombatTest" name="testCaptureConvert" time="0.0">
    <error type="java.lang.NullPointerException">java.lang.NullPointerException
	at net.sf.freecol.common.model.Player.getUnits(Player.java:1833)
	at net.sf.freecol.common.model.Player$UnitIterator.update(Player.java:218)
	at net.sf.freecol.common.model.Player$UnitIterator.&lt;init&gt;(Player.java:208)
	at net.sf.freecol.common.model.Player.&lt;init&gt;(Player.java:342)
	at net.sf.freecol.server.model.ServerPlayer.&lt;init&gt;(ServerPlayer.java:179)
	at net.sf.freecol.util.test.FreeColTestCase.getStandardGame(FreeColTestCase.java:173)
	at net.sf.freecol.util.test.FreeColTestCase.getStandardGame(FreeColTestCase.java:149)
	at net.sf.freecol.util.test.FreeColTestCase.getGame(FreeColTestCase.java:100)
	at net.sf.freecol.util.test.FreeColTestCase.getTestMap(FreeColTestCase.java:227)
	at net.sf.freecol.common.model.CombatTest.testCaptureConvert(CombatTest.java:544)
	at junit.extensions.TestDecorator.basicRun(TestDecorator.java:23)
	at junit.extensions.TestSetup$1.protect(TestSetup.java:23)
	at junit.extensions.TestSetup.run(TestSetup.java:27)
</error>
  </testcase>
  <testcase classname="net.sf.freecol.common.model.CombatTest" name="testGalleonAttackedByPrivateer" time="0.001">
    <error type="java.lang.NullPointerException">java.lang.NullPointerException
	at net.sf.freecol.common.model.Player.getUnits(Player.java:1833)
	at net.sf.freecol.common.model.Player$UnitIterator.update(Player.java:218)
	at net.sf.freecol.common.model.Player$UnitIterator.&lt;init&gt;(Player.java:208)
	at net.sf.freecol.common.model.Player.&lt;init&gt;(Player.java:342)
	at net.sf.freecol.server.model.ServerPlayer.&lt;init&gt;(ServerPlayer.java:179)
	at net.sf.freecol.util.test.FreeColTestCase.getStandardGame(FreeColTestCase.java:173)
	at net.sf.freecol.util.test.FreeColTestCase.getStandardGame(FreeColTestCase.java:149)
	at net.sf.freecol.common.model.CombatTest.testGalleonAttackedByPrivateer(CombatTest.java:158)
	at junit.extensions.TestDecorator.basicRun(TestDecorator.java:23)
	at junit.extensions.TestSetup$1.protect(TestSetup.java:23)
	at junit.extensions.TestSetup.run(TestSetup.java:27)
</error>
  </testcase>
  <testcase classname="net.sf.freecol.common.model.CombatTest" name="testDefendColonyWithUnarmedColonist" time="0.001">
    <error type="java.lang.NullPointerException">java.lang.NullPointerException
	at net.sf.freecol.common.model.Player.getUnits(Player.java:1833)
	at net.sf.freecol.common.model.Player$UnitIterator.update(Player.java:218)
	at net.sf.freecol.common.model.Player$UnitIterator.&lt;init&gt;(Player.java:208)
	at net.sf.freecol.common.model.Player.&lt;init&gt;(Player.java:342)
	at net.sf.freecol.server.model.ServerPlayer.&lt;init&gt;(ServerPlayer.java:179)
	at net.sf.freecol.util.test.FreeColTestCase.getStandardGame(FreeColTestCase.java:173)
	at net.sf.freecol.util.test.FreeColTestCase.getStandardGame(FreeColTestCase.java:149)
	at net.sf.freecol.util.test.FreeColTestCase.getGame(FreeColTestCase.java:100)
	at net.sf.freecol.common.model.CombatTest.testDefendColonyWithUnarmedColonist(CombatTest.java:257)
	at junit.extensions.TestDecorator.basicRun(TestDecorator.java:23)
	at junit.extensions.TestSetup$1.protect(TestSetup.java:23)
	at junit.extensions.TestSetup.run(TestSetup.java:27)
</error>
  </testcase>
  <testcase classname="net.sf.freecol.common.model.CombatTest" name="testRegulars" time="0.0">
    <error type="java.lang.NullPointerException">java.lang.NullPointerException
	at net.sf.freecol.common.model.Player.getUnits(Player.java:1833)
	at net.sf.freecol.common.model.Player$UnitIterator.update(Player.java:218)
	at net.sf.freecol.common.model.Player$UnitIterator.&lt;init&gt;(Player.java:208)
	at net.sf.freecol.common.model.Player.&lt;init&gt;(Player.java:342)
	at net.sf.freecol.server.model.ServerPlayer.&lt;init&gt;(ServerPlayer.java:179)
	at net.sf.freecol.util.test.FreeColTestCase.getStandardGame(FreeColTestCase.java:173)
	at net.sf.freecol.util.test.FreeColTestCase.getStandardGame(FreeColTestCase.java:149)
	at net.sf.freecol.util.test.FreeColTestCase.getGame(FreeColTestCase.java:100)
	at net.sf.freecol.util.test.FreeColTestCase.getTestMap(FreeColTestCase.java:227)
	at net.sf.freecol.common.model.CombatTest.testRegulars(CombatTest.java:470)
	at junit.extensions.TestDecorator.basicRun(TestDecorator.java:23)
	at junit.extensions.TestSetup$1.protect(TestSetup.java:23)
	at junit.extensions.TestSetup.run(TestSetup.java:27)
</error>
  </testcase>
  <testcase classname="net.sf.freecol.common.model.CombatTest" name="testSpanishAgainstNatives" time="0.001">
    <error type="java.lang.NullPointerException">java.lang.NullPointerException
	at net.sf.freecol.common.model.Player.getUnits(Player.java:1833)
	at net.sf.freecol.common.model.Player$UnitIterator.update(Player.java:218)
	at net.sf.freecol.common.model.Player$UnitIterator.&lt;init&gt;(Player.java:208)
	at net.sf.freecol.common.model.Player.&lt;init&gt;(Player.java:342)
	at net.sf.freecol.server.model.ServerPlayer.&lt;init&gt;(ServerPlayer.java:179)
	at net.sf.freecol.util.test.FreeColTestCase.getStandardGame(FreeColTestCase.java:173)
	at net.sf.freecol.util.test.FreeColTestCase.getStandardGame(FreeColTestCase.java:149)
	at net.sf.freecol.common.model.CombatTest.testSpanishAgainstNatives(CombatTest.java:383)
	at junit.extensions.TestDecorator.basicRun(TestDecorator.java:23)
	at junit.extensions.TestSetup$1.protect(TestSetup.java:23)
	at junit.extensions.TestSetup.run(TestSetup.java:27)
</error>
  </testcase>
  <testcase classname="net.sf.freecol.common.model.CombatTest" name="testColonistAttackedByVeteran" time="0.001">
    <error type="java.lang.NullPointerException">java.lang.NullPointerException
	at net.sf.freecol.common.model.Player.getUnits(Player.java:1833)
	at net.sf.freecol.common.model.Player$UnitIterator.update(Player.java:218)
	at net.sf.freecol.common.model.Player$UnitIterator.&lt;init&gt;(Player.java:208)
	at net.sf.freecol.common.model.Player.&lt;init&gt;(Player.java:342)
	at net.sf.freecol.server.model.ServerPlayer.&lt;init&gt;(ServerPlayer.java:179)
	at net.sf.freecol.util.test.FreeColTestCase.getStandardGame(FreeColTestCase.java:173)
	at net.sf.freecol.util.test.FreeColTestCase.getStandardGame(FreeColTestCase.java:149)
	at net.sf.freecol.common.model.CombatTest.testColonistAttackedByVeteran(CombatTest.java:93)
	at junit.extensions.TestDecorator.basicRun(TestDecorator.java:23)
	at junit.extensions.TestSetup$1.protect(TestSetup.java:23)
	at junit.extensions.TestSetup.run(TestSetup.java:27)
</error>
  </testcase>
  <testcase classname="net.sf.freecol.common.model.CombatTest" name="testAttackIgnoresMovementPoints" time="0.001">
    <error type="java.lang.NullPointerException">java.lang.NullPointerException
	at net.sf.freecol.common.model.Player.getUnits(Player.java:1833)
	at net.sf.freecol.common.model.Player$UnitIterator.update(Player.java:218)
	at net.sf.freecol.common.model.Player$UnitIterator.&lt;init&gt;(Player.java:208)
	at net.sf.freecol.common.model.Player.&lt;init&gt;(Player.java:342)
	at net.sf.freecol.server.model.ServerPlayer.&lt;init&gt;(ServerPlayer.java:179)
	at net.sf.freecol.util.test.FreeColTestCase.getStandardGame(FreeColTestCase.java:173)
	at net.sf.freecol.util.test.FreeColTestCase.getStandardGame(FreeColTestCase.java:149)
	at net.sf.freecol.common.model.CombatTest.testAttackIgnoresMovementPoints(CombatTest.java:352)
	at junit.extensions.TestDecorator.basicRun(TestDecorator.java:23)
	at junit.extensions.TestSetup$1.protect(TestSetup.java:23)
	at junit.extensions.TestSetup.run(TestSetup.java:27)
</error>
  </testcase>
  <testcase classname="net.sf.freecol.common.model.CombatTest" name="testAttackShipWithLandUnit" time="0.001">
    <error type="java.lang.NullPointerException">java.lang.NullPointerException
	at net.sf.freecol.common.model.Player.getUnits(Player.java:1833)
	at net.sf.freecol.common.model.Player$UnitIterator.update(Player.java:218)
	at net.sf.freecol.common.model.Player$UnitIterator.&lt;init&gt;(Player.java:208)
	at net.sf.freecol.common.model.Player.&lt;init&gt;(Player.java:342)
	at net.sf.freecol.server.model.ServerPlayer.&lt;init&gt;(ServerPlayer.java:179)
	at net.sf.freecol.util.test.FreeColTestCase.getStandardGame(FreeColTestCase.java:173)
	at net.sf.freecol.util.test.FreeColTestCase.getStandardGame(FreeColTestCase.java:149)
	at net.sf.freecol.common.model.CombatTest.testAttackShipWithLandUnit(CombatTest.java:436)
	at junit.extensions.TestDecorator.basicRun(TestDecorator.java:23)
	at junit.extensions.TestSetup$1.protect(TestSetup.java:23)
	at junit.extensions.TestSetup.run(TestSetup.java:27)
</error>
  </testcase>
  <testcase classname="net.sf.freecol.common.model.CombatTest" name="testDefendColonyWithRevere" time="0.001">
    <error type="java.lang.NullPointerException">java.lang.NullPointerException
	at net.sf.freecol.common.model.Player.getUnits(Player.java:1833)
	at net.sf.freecol.common.model.Player$UnitIterator.update(Player.java:218)
	at net.sf.freecol.common.model.Player$UnitIterator.&lt;init&gt;(Player.java:208)
	at net.sf.freecol.common.model.Player.&lt;init&gt;(Player.java:342)
	at net.sf.freecol.server.model.ServerPlayer.&lt;init&gt;(ServerPlayer.java:179)
	at net.sf.freecol.util.test.FreeColTestCase.getStandardGame(FreeColTestCase.java:173)
	at net.sf.freecol.util.test.FreeColTestCase.getStandardGame(FreeColTestCase.java:149)
	at net.sf.freecol.util.test.FreeColTestCase.getGame(FreeColTestCase.java:100)
	at net.sf.freecol.common.model.CombatTest.testDefendColonyWithRevere(CombatTest.java:283)
	at junit.extensions.TestDecorator.basicRun(TestDecorator.java:23)
	at junit.extensions.TestSetup$1.protect(TestSetup.java:23)
	at junit.extensions.TestSetup.run(TestSetup.java:27)
</error>
  </testcase>
  <testcase classname="net.sf.freecol.common.model.CombatTest" name="testDefendSettlement" time="0.001">
    <error type="java.lang.NullPointerException">java.lang.NullPointerException
	at net.sf.freecol.common.model.Player.getUnits(Player.java:1833)
	at net.sf.freecol.common.model.Player$UnitIterator.update(Player.java:218)
	at net.sf.freecol.common.model.Player$UnitIterator.&lt;init&gt;(Player.java:208)
	at net.sf.freecol.common.model.Player.&lt;init&gt;(Player.java:342)
	at net.sf.freecol.server.model.ServerPlayer.&lt;init&gt;(ServerPlayer.java:179)
	at net.sf.freecol.util.test.FreeColTestCase.getStandardGame(FreeColTestCase.java:173)
	at net.sf.freecol.util.test.FreeColTestCase.getStandardGame(FreeColTestCase.java:149)
	at net.sf.freecol.common.model.CombatTest.testDefendSettlement(CombatTest.java:317)
	at junit.extensions.TestDecorator.basicRun(TestDecorator.java:23)
	at junit.extensions.TestSetup$1.protect(TestSetup.java:23)
	at junit.extensions.TestSetup.run(TestSetup.java:27)
</error>
  </testcase>
  <testcase classname="net.sf.freecol.common.model.DisasterTest" name="testDisastersPresent" time="0.001" />
  <testcase classname="net.sf.freecol.common.model.EuropeTest" name="testMissionary" time="0.001">
    <error type="java.lang.NullPointerException">java.lang.NullPointerException
	at net.sf.freecol.common.model.Player.getUnits(Player.java:1833)
	at net.sf.freecol.common.model.Player$UnitIterator.update(Player.java:218)
	at net.sf.freecol.common.model.Player$UnitIterator.&lt;init&gt;(Player.java:208)
	at net.sf.freecol.common.model.Player.&lt;init&gt;(Player.java:342)
	at net.sf.freecol.server.model.ServerPlayer.&lt;init&gt;(ServerPlayer.java:179)
	at net.sf.freecol.util.test.FreeColTestCase.getStandardGame(FreeColTestCase.java:173)
	at net.sf.freecol.util.test.FreeColTestCase.getStandardGame(FreeColTestCase.java:149)
	at net.sf.freecol.util.test.FreeColTestCase.getGame(FreeColTestCase.java:100)
	at net.sf.freecol.common.model.EuropeTest.testMissionary(EuropeTest.java:33)
	at junit.extensions.TestDecorator.basicRun(TestDecorator.java:23)
	at junit.extensions.TestSetup$1.protect(TestSetup.java:23)
	at junit.extensions.TestSetup.run(TestSetup.java:27)
</error>
  </testcase>
  <testcase classname="net.sf.freecol.common.model.FoundingFatherTest" name="testAddAllFathers" time="0.001">
    <error type="java.lang.NullPointerException">java.lang.NullPointerException
	at net.sf.freecol.common.model.Player.getUnits(Player.java:1833)
	at net.sf.freecol.common.model.Player$UnitIterator.update(Player.java:218)
	at net.sf.freecol.common.model.Player$UnitIterator.&lt;init&gt;(Player.java:208)
	at net.sf.freecol.common.model.Player.&lt;init&gt;(Player.java:342)
	at net.sf.freecol.server.model.ServerPlayer.&lt;init&gt;(ServerPlayer.java:179)
	at net.sf.freecol.util.test.FreeColTestCase.getStandardGame(FreeColTestCase.java:173)
	at net.sf.freecol.util.test.FreeColTestCase.getStandardGame(FreeColTestCase.java:149)
	at net.sf.freecol.util.test.FreeColTestCase.getGame(FreeColTestCase.java:100)
	at net.sf.freecol.common.model.FoundingFatherTest.testAddAllFathers(FoundingFatherTest.java:97)
	at junit.extensions.TestDecorator.basicRun(TestDecorator.java:23)
	at junit.extensions.TestSetup$1.protect(TestSetup.java:23)
	at junit.extensions.TestSetup.run(TestSetup.java:27)
</error>
  </testcase>
  <testcase classname="net.sf.freecol.common.model.FoundingFatherTest" name="testAvailableTo" time="0.001">
    <error type="java.lang.NullPointerException">java.lang.NullPointerException
	at net.sf.freecol.common.model.Player.getUnits(Player.java:1833)
	at net.sf.freecol.common.model.Player$UnitIterator.update(Player.java:218)
	at net.sf.freecol.common.model.Player$UnitIterator.&lt;init&gt;(Player.java:208)
	at net.sf.freecol.common.model.Player.&lt;init&gt;(Player.java:342)
	at net.sf.freecol.server.model.ServerPlayer.&lt;init&gt;(ServerPlayer.java:179)
	at net.sf.freecol.util.test.FreeColTestCase.getStandardGame(FreeColTestCase.java:173)
	at net.sf.freecol.util.test.FreeColTestCase.getStandardGame(FreeColTestCase.java:149)
	at net.sf.freecol.util.test.FreeColTestCase.getGame(FreeColTestCase.java:100)
	at net.sf.freecol.common.model.FoundingFatherTest.testAvailableTo(FoundingFatherTest.java:127)
	at junit.extensions.TestDecorator.basicRun(TestDecorator.java:23)
	at junit.extensions.TestSetup$1.protect(TestSetup.java:23)
	at junit.extensions.TestSetup.run(TestSetup.java:27)
</error>
  </testcase>
  <testcase classname="net.sf.freecol.common.model.FoundingFatherTest" name="testFeatures" time="0.001">
    <error type="java.lang.NullPointerException">java.lang.NullPointerException
	at net.sf.freecol.common.model.Player.getUnits(Player.java:1833)
	at net.sf.freecol.common.model.Player$UnitIterator.update(Player.java:218)
	at net.sf.freecol.common.model.Player$UnitIterator.&lt;init&gt;(Player.java:208)
	at net.sf.freecol.common.model.Player.&lt;init&gt;(Player.java:342)
	at net.sf.freecol.server.model.ServerPlayer.&lt;init&gt;(ServerPlayer.java:179)
	at net.sf.freecol.util.test.FreeColTestCase.getStandardGame(FreeColTestCase.java:173)
	at net.sf.freecol.util.test.FreeColTestCase.getStandardGame(FreeColTestCase.java:149)
	at net.sf.freecol.common.model.FoundingFatherTest.testFeatures(FoundingFatherTest.java:50)
	at junit.extensions.TestDecorator.basicRun(TestDecorator.java:23)
	at junit.extensions.TestSetup$1.protect(TestSetup.java:23)
	at junit.extensions.TestSetup.run(TestSetup.java:27)
</error>
  </testcase>
  <testcase classname="net.sf.freecol.common.model.FoundingFatherTest" name="testBellsRequired" time="0.0">
    <error type="java.lang.NullPointerException">java.lang.NullPointerException
	at net.sf.freecol.common.model.Player.getUnits(Player.java:1833)
	at net.sf.freecol.common.model.Player$UnitIterator.update(Player.java:218)
	at net.sf.freecol.common.model.Player$UnitIterator.&lt;init&gt;(Player.java:208)
	at net.sf.freecol.common.model.Player.&lt;init&gt;(Player.java:342)
	at net.sf.freecol.server.model.ServerPlayer.&lt;init&gt;(ServerPlayer.java:179)
	at net.sf.freecol.util.test.FreeColTestCase.getStandardGame(FreeColTestCase.java:173)
	at net.sf.freecol.util.test.FreeColTestCase.getStandardGame(FreeColTestCase.java:149)
	at net.sf.freecol.util.test.FreeColTestCase.getGame(FreeColTestCase.java:100)
	at net.sf.freecol.common.model.FoundingFatherTest.testBellsRequired(FoundingFatherTest.java:111)
	at junit.extensions.TestDecorator.basicRun(TestDecorator.java:23)
	at junit.extensions.TestSetup$1.protect(TestSetup.java:23)
	at junit.extensions.TestSetup.run(TestSetup.java:27)
</error>
  </testcase>
  <testcase classname="net.sf.freecol.common.model.GameTest" name="testGame" time="0.001">
    <error type="java.lang.NullPointerException">java.lang.NullPointerException
	at net.sf.freecol.common.model.Player.getUnits(Player.java:1833)
	at net.sf.freecol.common.model.Player$UnitIterator.update(Player.java:218)
	at net.sf.freecol.common.model.Player$UnitIterator.&lt;init&gt;(Player.java:208)
	at net.sf.freecol.common.model.Player.&lt;init&gt;(Player.java:342)
	at net.sf.freecol.server.model.ServerPlayer.&lt;init&gt;(ServerPlayer.java:179)
	at net.sf.freecol.util.test.FreeColTestCase.getStandardGame(FreeColTestCase.java:173)
	at net.sf.freecol.util.test.FreeColTestCase.getStandardGame(FreeColTestCase.java:149)
	at net.sf.freecol.util.test.FreeColTestCase.getGame(FreeColTestCase.java:100)
	at net.sf.freecol.util.test.FreeColTestCase.getTestMap(FreeColTestCase.java:192)
	at net.sf.freecol.common.model.GameTest.testGame(GameTest.java:38)
	at junit.extensions.TestDecorator.basicRun(TestDecorator.java:23)
	at junit.extensions.TestSetup$1.protect(TestSetup.java:23)
	at junit.extensions.TestSetup.run(TestSetup.java:27)
</error>
  </testcase>
  <testcase classname="net.sf.freecol.common.model.GameTest" name="testTurn" time="0.0" />
  <testcase classname="net.sf.freecol.common.model.GameTest" name="testAddPlayer" time="0.001">
    <error type="java.lang.NullPointerException">java.lang.NullPointerException
	at net.sf.freecol.common.model.Player.getUnits(Player.java:1833)
	at net.sf.freecol.common.model.Player$UnitIterator.update(Player.java:218)
	at net.sf.freecol.common.model.Player$UnitIterator.&lt;init&gt;(Player.java:208)
	at net.sf.freecol.common.model.Player.&lt;init&gt;(Player.java:342)
	at net.sf.freecol.server.model.ServerPlayer.&lt;init&gt;(ServerPlayer.java:179)
	at net.sf.freecol.common.model.GameTest.testAddPlayer(GameTest.java:58)
	at junit.extensions.TestDecorator.basicRun(TestDecorator.java:23)
	at junit.extensions.TestSetup$1.protect(TestSetup.java:23)
	at junit.extensions.TestSetup.run(TestSetup.java:27)
</error>
  </testcase>
  <testcase classname="net.sf.freecol.common.model.GoodsTest" name="testGetTakeSpace" time="0.001">
    <error type="java.lang.NullPointerException">java.lang.NullPointerException
	at net.sf.freecol.common.model.Player.getUnits(Player.java:1833)
	at net.sf.freecol.common.model.Player$UnitIterator.update(Player.java:218)
	at net.sf.freecol.common.model.Player$UnitIterator.&lt;init&gt;(Player.java:208)
	at net.sf.freecol.common.model.Player.&lt;init&gt;(Player.java:342)
	at net.sf.freecol.server.model.ServerPlayer.&lt;init&gt;(ServerPlayer.java:179)
	at net.sf.freecol.util.test.FreeColTestCase.getStandardGame(FreeColTestCase.java:173)
	at net.sf.freecol.util.test.FreeColTestCase.getStandardGame(FreeColTestCase.java:149)
	at net.sf.freecol.util.test.FreeColTestCase.getGame(FreeColTestCase.java:100)
	at net.sf.freecol.util.test.FreeColTestCase.getTestMap(FreeColTestCase.java:227)
	at net.sf.freecol.common.model.GoodsTest.testGetTakeSpace(GoodsTest.java:202)
	at junit.extensions.TestDecorator.basicRun(TestDecorator.java:23)
	at junit.extensions.TestSetup$1.protect(TestSetup.java:23)
	at junit.extensions.TestSetup.run(TestSetup.java:27)
</error>
  </testcase>
  <testcase classname="net.sf.freecol.common.model.GoodsTest" name="testGetInputType" time="0.0" />
  <testcase classname="net.sf.freecol.common.model.GoodsTest" name="testSetGetAmount" time="0.001">
    <error type="java.lang.NullPointerException">java.lang.NullPointerException
	at net.sf.freecol.common.model.Player.getUnits(Player.java:1833)
	at net.sf.freecol.common.model.Player$UnitIterator.update(Player.java:218)
	at net.sf.freecol.common.model.Player$UnitIterator.&lt;init&gt;(Player.java:208)
	at net.sf.freecol.common.model.Player.&lt;init&gt;(Player.java:342)
	at net.sf.freecol.server.model.ServerPlayer.&lt;init&gt;(ServerPlayer.java:179)
	at net.sf.freecol.util.test.FreeColTestCase.getStandardGame(FreeColTestCase.java:173)
	at net.sf.freecol.util.test.FreeColTestCase.getStandardGame(FreeColTestCase.java:149)
	at net.sf.freecol.util.test.FreeColTestCase.getGame(FreeColTestCase.java:100)
	at net.sf.freecol.util.test.FreeColTestCase.getTestMap(FreeColTestCase.java:227)
	at net.sf.freecol.common.model.GoodsTest.testSetGetAmount(GoodsTest.java:211)
	at junit.extensions.TestDecorator.basicRun(TestDecorator.java:23)
	at junit.extensions.TestSetup$1.protect(TestSetup.java:23)
	at junit.extensions.TestSetup.run(TestSetup.java:27)
</error>
  </testcase>
  <testcase classname="net.sf.freecol.common.model.GoodsTest" name="testGoodsGameLocationIntInt" time="0.0">
    <error type="java.lang.NullPointerException">java.lang.NullPointerException
	at net.sf.freecol.common.model.Player.getUnits(Player.java:1833)
	at net.sf.freecol.common.model.Player$UnitIterator.update(Player.java:218)
	at net.sf.freecol.common.model.Player$UnitIterator.&lt;init&gt;(Player.java:208)
	at net.sf.freecol.common.model.Player.&lt;init&gt;(Player.java:342)
	at net.sf.freecol.server.model.ServerPlayer.&lt;init&gt;(ServerPlayer.java:179)
	at net.sf.freecol.util.test.FreeColTestCase.getStandardGame(FreeColTestCase.java:173)
	at net.sf.freecol.util.test.FreeColTestCase.getStandardGame(FreeColTestCase.java:149)
	at net.sf.freecol.util.test.FreeColTestCase.getGame(FreeColTestCase.java:100)
	at net.sf.freecol.util.test.FreeColTestCase.getTestMap(FreeColTestCase.java:209)
	at net.sf.freecol.common.model.GoodsTest.testGoodsGameLocationIntInt(GoodsTest.java:79)
	at junit.extensions.TestDecorator.basicRun(TestDecorator.java:23)
	at junit.extensions.TestSetup$1.protect(TestSetup.java:23)
	at junit.extensions.TestSetup.run(TestSetup.java:27)
</error>
  </testcase>
  <testcase classname="net.sf.freecol.common.model.GoodsTest" name="testToString" time="0.013">
    <error type="java.lang.NullPointerException">java.lang.NullPointerException
	at net.sf.freecol.common.model.Player.getUnits(Player.java:1833)
	at net.sf.freecol.common.model.Player$UnitIterator.update(Player.java:218)
	at net.sf.freecol.common.model.Player$UnitIterator.&lt;init&gt;(Player.java:208)
	at net.sf.freecol.common.model.Player.&lt;init&gt;(Player.java:342)
	at net.sf.freecol.server.model.ServerPlayer.&lt;init&gt;(ServerPlayer.java:179)
	at net.sf.freecol.util.test.FreeColTestCase.getStandardGame(FreeColTestCase.java:173)
	at net.sf.freecol.util.test.FreeColTestCase.getStandardGame(FreeColTestCase.java:149)
	at net.sf.freecol.util.test.FreeColTestCase.getGame(FreeColTestCase.java:100)
	at net.sf.freecol.util.test.FreeColTestCase.getTestMap(FreeColTestCase.java:209)
	at net.sf.freecol.common.model.GoodsTest.testToString(GoodsTest.java:113)
	at junit.extensions.TestDecorator.basicRun(TestDecorator.java:23)
	at junit.extensions.TestSetup$1.protect(TestSetup.java:23)
	at junit.extensions.TestSetup.run(TestSetup.java:27)
</error>
  </testcase>
  <testcase classname="net.sf.freecol.common.model.GoodsTest" name="testBuildingMaterials" time="0.0" />
  <testcase classname="net.sf.freecol.common.model.GoodsTest" name="testIsFarmedGoods" time="0.0" />
  <testcase classname="net.sf.freecol.common.model.GoodsTest" name="testGetName" time="0.001">
    <error type="java.lang.NullPointerException">java.lang.NullPointerException
	at net.sf.freecol.common.model.Player.getUnits(Player.java:1833)
	at net.sf.freecol.common.model.Player$UnitIterator.update(Player.java:218)
	at net.sf.freecol.common.model.Player$UnitIterator.&lt;init&gt;(Player.java:208)
	at net.sf.freecol.common.model.Player.&lt;init&gt;(Player.java:342)
	at net.sf.freecol.server.model.ServerPlayer.&lt;init&gt;(ServerPlayer.java:179)
	at net.sf.freecol.util.test.FreeColTestCase.getStandardGame(FreeColTestCase.java:173)
	at net.sf.freecol.util.test.FreeColTestCase.getStandardGame(FreeColTestCase.java:149)
	at net.sf.freecol.util.test.FreeColTestCase.getGame(FreeColTestCase.java:100)
	at net.sf.freecol.common.model.GoodsTest.testGetName(GoodsTest.java:126)
	at junit.extensions.TestDecorator.basicRun(TestDecorator.java:23)
	at junit.extensions.TestSetup$1.protect(TestSetup.java:23)
	at junit.extensions.TestSetup.run(TestSetup.java:27)
</error>
  </testcase>
  <testcase classname="net.sf.freecol.common.model.GoodsTest" name="testSerialize" time="0.0">
    <error type="java.lang.NullPointerException">java.lang.NullPointerException
	at net.sf.freecol.common.model.Player.getUnits(Player.java:1833)
	at net.sf.freecol.common.model.Player$UnitIterator.update(Player.java:218)
	at net.sf.freecol.common.model.Player$UnitIterator.&lt;init&gt;(Player.java:208)
	at net.sf.freecol.common.model.Player.&lt;init&gt;(Player.java:342)
	at net.sf.freecol.server.model.ServerPlayer.&lt;init&gt;(ServerPlayer.java:179)
	at net.sf.freecol.util.test.FreeColTestCase.getStandardGame(FreeColTestCase.java:173)
	at net.sf.freecol.util.test.FreeColTestCase.getStandardGame(FreeColTestCase.java:149)
	at net.sf.freecol.util.test.FreeColTestCase.getGame(FreeColTestCase.java:100)
	at net.sf.freecol.common.model.GoodsTest.testSerialize(GoodsTest.java:256)
	at junit.extensions.TestDecorator.basicRun(TestDecorator.java:23)
	at junit.extensions.TestSetup$1.protect(TestSetup.java:23)
	at junit.extensions.TestSetup.run(TestSetup.java:27)
</error>
  </testcase>
  <testcase classname="net.sf.freecol.common.model.GoodsTest" name="testGetOutputType" time="0.0" />
  <testcase classname="net.sf.freecol.common.model.GoodsTest" name="testMilitaryGoods" time="0.0" />
  <testcase classname="net.sf.freecol.common.model.GoodsTest" name="testTradeGoods" time="0.0" />
  <testcase classname="net.sf.freecol.common.model.GoodsTest" name="testProductionChain" time="0.0" />
  <testcase classname="net.sf.freecol.common.model.GoodsTest" name="testAdjustAmount" time="0.001">
    <error type="java.lang.NullPointerException">java.lang.NullPointerException
	at net.sf.freecol.common.model.Player.getUnits(Player.java:1833)
	at net.sf.freecol.common.model.Player$UnitIterator.update(Player.java:218)
	at net.sf.freecol.common.model.Player$UnitIterator.&lt;init&gt;(Player.java:208)
	at net.sf.freecol.common.model.Player.&lt;init&gt;(Player.java:342)
	at net.sf.freecol.server.model.ServerPlayer.&lt;init&gt;(ServerPlayer.java:179)
	at net.sf.freecol.util.test.FreeColTestCase.getStandardGame(FreeColTestCase.java:173)
	at net.sf.freecol.util.test.FreeColTestCase.getStandardGame(FreeColTestCase.java:149)
	at net.sf.freecol.util.test.FreeColTestCase.getGame(FreeColTestCase.java:100)
	at net.sf.freecol.util.test.FreeColTestCase.getTestMap(FreeColTestCase.java:227)
	at net.sf.freecol.common.model.GoodsTest.testAdjustAmount(GoodsTest.java:235)
	at junit.extensions.TestDecorator.basicRun(TestDecorator.java:23)
	at junit.extensions.TestSetup$1.protect(TestSetup.java:23)
	at junit.extensions.TestSetup.run(TestSetup.java:27)
</error>
  </testcase>
  <testcase classname="net.sf.freecol.common.model.GoodsTest" name="testSetOwner" time="0.002">
    <error type="java.lang.NullPointerException">java.lang.NullPointerException
	at net.sf.freecol.common.model.Player.getUnits(Player.java:1833)
	at net.sf.freecol.common.model.Player$UnitIterator.update(Player.java:218)
	at net.sf.freecol.common.model.Player$UnitIterator.&lt;init&gt;(Player.java:208)
	at net.sf.freecol.common.model.Player.&lt;init&gt;(Player.java:342)
	at net.sf.freecol.server.model.ServerPlayer.&lt;init&gt;(ServerPlayer.java:179)
	at net.sf.freecol.util.test.FreeColTestCase.getStandardGame(FreeColTestCase.java:173)
	at net.sf.freecol.util.test.FreeColTestCase.getStandardGame(FreeColTestCase.java:149)
	at net.sf.freecol.util.test.FreeColTestCase.getGame(FreeColTestCase.java:100)
	at net.sf.freecol.util.test.FreeColTestCase.getTestMap(FreeColTestCase.java:209)
	at net.sf.freecol.common.model.GoodsTest.testSetOwner(GoodsTest.java:94)
	at junit.extensions.TestDecorator.basicRun(TestDecorator.java:23)
	at junit.extensions.TestSetup$1.protect(TestSetup.java:23)
	at junit.extensions.TestSetup.run(TestSetup.java:27)
</error>
  </testcase>
  <testcase classname="net.sf.freecol.common.model.GoodsContainerTest" name="testContainer" time="0.0">
    <error type="java.lang.NullPointerException">java.lang.NullPointerException
	at net.sf.freecol.common.model.Player.getUnits(Player.java:1833)
	at net.sf.freecol.common.model.Player$UnitIterator.update(Player.java:218)
	at net.sf.freecol.common.model.Player$UnitIterator.&lt;init&gt;(Player.java:208)
	at net.sf.freecol.common.model.Player.&lt;init&gt;(Player.java:342)
	at net.sf.freecol.server.model.ServerPlayer.&lt;init&gt;(ServerPlayer.java:179)
	at net.sf.freecol.util.test.FreeColTestCase.getStandardGame(FreeColTestCase.java:173)
	at net.sf.freecol.util.test.FreeColTestCase.getStandardGame(FreeColTestCase.java:149)
	at net.sf.freecol.util.test.FreeColTestCase.getGame(FreeColTestCase.java:100)
	at net.sf.freecol.common.model.GoodsContainerTest.testContainer(GoodsContainerTest.java:33)
	at junit.extensions.TestDecorator.basicRun(TestDecorator.java:23)
	at junit.extensions.TestSetup$1.protect(TestSetup.java:23)
	at junit.extensions.TestSetup.run(TestSetup.java:27)
</error>
  </testcase>
  <testcase classname="net.sf.freecol.common.model.IndianSettlementTest" name="testAutomaticEquipBraves" time="0.001">
    <error type="java.lang.NullPointerException">java.lang.NullPointerException
	at net.sf.freecol.common.model.Player.getUnits(Player.java:1833)
	at net.sf.freecol.common.model.Player$UnitIterator.update(Player.java:218)
	at net.sf.freecol.common.model.Player$UnitIterator.&lt;init&gt;(Player.java:208)
	at net.sf.freecol.common.model.Player.&lt;init&gt;(Player.java:342)
	at net.sf.freecol.server.model.ServerPlayer.&lt;init&gt;(ServerPlayer.java:179)
	at net.sf.freecol.util.test.FreeColTestCase.getStandardGame(FreeColTestCase.java:173)
	at net.sf.freecol.util.test.FreeColTestCase.getStandardGame(FreeColTestCase.java:149)
	at net.sf.freecol.common.model.IndianSettlementTest.testAutomaticEquipBraves(IndianSettlementTest.java:39)
	at junit.extensions.TestDecorator.basicRun(TestDecorator.java:23)
	at junit.extensions.TestSetup$1.protect(TestSetup.java:23)
	at junit.extensions.TestSetup.run(TestSetup.java:27)
</error>
  </testcase>
  <testcase classname="net.sf.freecol.common.model.IndianSettlementTest" name="testSettlementDoesNotOwnWaterTiles" time="0.001">
    <error type="java.lang.NullPointerException">java.lang.NullPointerException
	at net.sf.freecol.common.model.Player.getUnits(Player.java:1833)
	at net.sf.freecol.common.model.Player$UnitIterator.update(Player.java:218)
	at net.sf.freecol.common.model.Player$UnitIterator.&lt;init&gt;(Player.java:208)
	at net.sf.freecol.common.model.Player.&lt;init&gt;(Player.java:342)
	at net.sf.freecol.server.model.ServerPlayer.&lt;init&gt;(ServerPlayer.java:179)
	at net.sf.freecol.util.test.FreeColTestCase.getStandardGame(FreeColTestCase.java:173)
	at net.sf.freecol.util.test.FreeColTestCase.getStandardGame(FreeColTestCase.java:149)
	at net.sf.freecol.common.model.IndianSettlementTest.testSettlementDoesNotOwnWaterTiles(IndianSettlementTest.java:64)
	at junit.extensions.TestDecorator.basicRun(TestDecorator.java:23)
	at junit.extensions.TestSetup$1.protect(TestSetup.java:23)
	at junit.extensions.TestSetup.run(TestSetup.java:27)
</error>
  </testcase>
  <testcase classname="net.sf.freecol.common.model.IndianSettlementTest" name="testTradeGoodsWithSetlement" time="0.001">
    <error type="java.lang.NullPointerException">java.lang.NullPointerException
	at net.sf.freecol.common.model.Player.getUnits(Player.java:1833)
	at net.sf.freecol.common.model.Player$UnitIterator.update(Player.java:218)
	at net.sf.freecol.common.model.Player$UnitIterator.&lt;init&gt;(Player.java:208)
	at net.sf.freecol.common.model.Player.&lt;init&gt;(Player.java:342)
	at net.sf.freecol.server.model.ServerPlayer.&lt;init&gt;(ServerPlayer.java:179)
	at net.sf.freecol.util.test.FreeColTestCase.getStandardGame(FreeColTestCase.java:173)
	at net.sf.freecol.util.test.FreeColTestCase.getStandardGame(FreeColTestCase.java:149)
	at net.sf.freecol.common.model.IndianSettlementTest.testTradeGoodsWithSetlement(IndianSettlementTest.java:92)
	at junit.extensions.TestDecorator.basicRun(TestDecorator.java:23)
	at junit.extensions.TestSetup$1.protect(TestSetup.java:23)
	at junit.extensions.TestSetup.run(TestSetup.java:27)
</error>
  </testcase>
  <testcase classname="net.sf.freecol.common.model.IndividualFatherTest" name="testPaine" time="0.0">
    <error type="java.lang.NullPointerException">java.lang.NullPointerException
	at net.sf.freecol.common.model.Player.getUnits(Player.java:1833)
	at net.sf.freecol.common.model.Player$UnitIterator.update(Player.java:218)
	at net.sf.freecol.common.model.Player$UnitIterator.&lt;init&gt;(Player.java:208)
	at net.sf.freecol.common.model.Player.&lt;init&gt;(Player.java:342)
	at net.sf.freecol.server.model.ServerPlayer.&lt;init&gt;(ServerPlayer.java:179)
	at net.sf.freecol.util.test.FreeColTestCase.getStandardGame(FreeColTestCase.java:173)
	at net.sf.freecol.util.test.FreeColTestCase.getStandardGame(FreeColTestCase.java:149)
	at net.sf.freecol.util.test.FreeColTestCase.getGame(FreeColTestCase.java:100)
	at net.sf.freecol.common.model.IndividualFatherTest.testPaine(IndividualFatherTest.java:319)
	at junit.extensions.TestDecorator.basicRun(TestDecorator.java:23)
	at junit.extensions.TestSetup$1.protect(TestSetup.java:23)
	at junit.extensions.TestSetup.run(TestSetup.java:27)
</error>
  </testcase>
  <testcase classname="net.sf.freecol.common.model.IndividualFatherTest" name="testBolivar" time="0.0">
    <error type="java.lang.NullPointerException">java.lang.NullPointerException
	at net.sf.freecol.common.model.Player.getUnits(Player.java:1833)
	at net.sf.freecol.common.model.Player$UnitIterator.update(Player.java:218)
	at net.sf.freecol.common.model.Player$UnitIterator.&lt;init&gt;(Player.java:208)
	at net.sf.freecol.common.model.Player.&lt;init&gt;(Player.java:342)
	at net.sf.freecol.server.model.ServerPlayer.&lt;init&gt;(ServerPlayer.java:179)
	at net.sf.freecol.util.test.FreeColTestCase.getStandardGame(FreeColTestCase.java:173)
	at net.sf.freecol.util.test.FreeColTestCase.getStandardGame(FreeColTestCase.java:149)
	at net.sf.freecol.util.test.FreeColTestCase.getGame(FreeColTestCase.java:100)
	at net.sf.freecol.common.model.IndividualFatherTest.testBolivar(IndividualFatherTest.java:90)
	at junit.extensions.TestDecorator.basicRun(TestDecorator.java:23)
	at junit.extensions.TestSetup$1.protect(TestSetup.java:23)
	at junit.extensions.TestSetup.run(TestSetup.java:27)
</error>
  </testcase>
  <testcase classname="net.sf.freecol.common.model.IndividualFatherTest" name="testBrebeuf" time="0.001">
    <error type="java.lang.NullPointerException">java.lang.NullPointerException
	at net.sf.freecol.common.model.Player.getUnits(Player.java:1833)
	at net.sf.freecol.common.model.Player$UnitIterator.update(Player.java:218)
	at net.sf.freecol.common.model.Player$UnitIterator.&lt;init&gt;(Player.java:208)
	at net.sf.freecol.common.model.Player.&lt;init&gt;(Player.java:342)
	at net.sf.freecol.server.model.ServerPlayer.&lt;init&gt;(ServerPlayer.java:179)
	at net.sf.freecol.util.test.FreeColTestCase.getStandardGame(FreeColTestCase.java:173)
	at net.sf.freecol.util.test.FreeColTestCase.getStandardGame(FreeColTestCase.java:149)
	at net.sf.freecol.util.test.FreeColTestCase.getGame(FreeColTestCase.java:100)
	at net.sf.freecol.common.model.IndividualFatherTest.testBrebeuf(IndividualFatherTest.java:131)
	at junit.extensions.TestDecorator.basicRun(TestDecorator.java:23)
	at junit.extensions.TestSetup$1.protect(TestSetup.java:23)
	at junit.extensions.TestSetup.run(TestSetup.java:27)
</error>
  </testcase>
  <testcase classname="net.sf.freecol.common.model.IndividualFatherTest" name="testStuyvesant" time="0.001">
    <error type="java.lang.NullPointerException">java.lang.NullPointerException
	at net.sf.freecol.common.model.Player.getUnits(Player.java:1833)
	at net.sf.freecol.common.model.Player$UnitIterator.update(Player.java:218)
	at net.sf.freecol.common.model.Player$UnitIterator.&lt;init&gt;(Player.java:208)
	at net.sf.freecol.common.model.Player.&lt;init&gt;(Player.java:342)
	at net.sf.freecol.server.model.ServerPlayer.&lt;init&gt;(ServerPlayer.java:179)
	at net.sf.freecol.util.test.FreeColTestCase.getStandardGame(FreeColTestCase.java:173)
	at net.sf.freecol.util.test.FreeColTestCase.getStandardGame(FreeColTestCase.java:149)
	at net.sf.freecol.util.test.FreeColTestCase.getGame(FreeColTestCase.java:100)
	at net.sf.freecol.common.model.IndividualFatherTest.testStuyvesant(IndividualFatherTest.java:398)
	at junit.extensions.TestDecorator.basicRun(TestDecorator.java:23)
	at junit.extensions.TestSetup$1.protect(TestSetup.java:23)
	at junit.extensions.TestSetup.run(TestSetup.java:27)
</error>
  </testcase>
  <testcase classname="net.sf.freecol.common.model.IndividualFatherTest" name="testBrewster" time="0.0">
    <error type="java.lang.NullPointerException">java.lang.NullPointerException
	at net.sf.freecol.common.model.Player.getUnits(Player.java:1833)
	at net.sf.freecol.common.model.Player$UnitIterator.update(Player.java:218)
	at net.sf.freecol.common.model.Player$UnitIterator.&lt;init&gt;(Player.java:208)
	at net.sf.freecol.common.model.Player.&lt;init&gt;(Player.java:342)
	at net.sf.freecol.server.model.ServerPlayer.&lt;init&gt;(ServerPlayer.java:179)
	at net.sf.freecol.util.test.FreeColTestCase.getStandardGame(FreeColTestCase.java:173)
	at net.sf.freecol.util.test.FreeColTestCase.getStandardGame(FreeColTestCase.java:149)
	at net.sf.freecol.util.test.FreeColTestCase.getGame(FreeColTestCase.java:100)
	at net.sf.freecol.common.model.IndividualFatherTest.testBrewster(IndividualFatherTest.java:150)
	at junit.extensions.TestDecorator.basicRun(TestDecorator.java:23)
	at junit.extensions.TestSetup$1.protect(TestSetup.java:23)
	at junit.extensions.TestSetup.run(TestSetup.java:27)
</error>
  </testcase>
  <testcase classname="net.sf.freecol.common.model.IndividualFatherTest" name="testCortes" time="0.0">
    <error type="java.lang.NullPointerException">java.lang.NullPointerException
	at net.sf.freecol.common.model.Player.getUnits(Player.java:1833)
	at net.sf.freecol.common.model.Player$UnitIterator.update(Player.java:218)
	at net.sf.freecol.common.model.Player$UnitIterator.&lt;init&gt;(Player.java:208)
	at net.sf.freecol.common.model.Player.&lt;init&gt;(Player.java:342)
	at net.sf.freecol.server.model.ServerPlayer.&lt;init&gt;(ServerPlayer.java:179)
	at net.sf.freecol.util.test.FreeColTestCase.getStandardGame(FreeColTestCase.java:173)
	at net.sf.freecol.util.test.FreeColTestCase.getStandardGame(FreeColTestCase.java:149)
	at net.sf.freecol.util.test.FreeColTestCase.getGame(FreeColTestCase.java:100)
	at net.sf.freecol.common.model.IndividualFatherTest.testCortes(IndividualFatherTest.java:181)
	at junit.extensions.TestDecorator.basicRun(TestDecorator.java:23)
	at junit.extensions.TestSetup$1.protect(TestSetup.java:23)
	at junit.extensions.TestSetup.run(TestSetup.java:27)
</error>
  </testcase>
  <testcase classname="net.sf.freecol.common.model.IndividualFatherTest" name="testDeWitt" time="0.001">
    <error type="java.lang.NullPointerException">java.lang.NullPointerException
	at net.sf.freecol.common.model.Player.getUnits(Player.java:1833)
	at net.sf.freecol.common.model.Player$UnitIterator.update(Player.java:218)
	at net.sf.freecol.common.model.Player$UnitIterator.&lt;init&gt;(Player.java:208)
	at net.sf.freecol.common.model.Player.&lt;init&gt;(Player.java:342)
	at net.sf.freecol.server.model.ServerPlayer.&lt;init&gt;(ServerPlayer.java:179)
	at net.sf.freecol.util.test.FreeColTestCase.getStandardGame(FreeColTestCase.java:173)
	at net.sf.freecol.util.test.FreeColTestCase.getStandardGame(FreeColTestCase.java:149)
	at net.sf.freecol.util.test.FreeColTestCase.getGame(FreeColTestCase.java:100)
	at net.sf.freecol.common.model.IndividualFatherTest.testDeWitt(IndividualFatherTest.java:226)
	at junit.extensions.TestDecorator.basicRun(TestDecorator.java:23)
	at junit.extensions.TestSetup$1.protect(TestSetup.java:23)
	at junit.extensions.TestSetup.run(TestSetup.java:27)
</error>
  </testcase>
  <testcase classname="net.sf.freecol.common.model.IndividualFatherTest" name="testJefferson" time="0.001">
    <error type="java.lang.NullPointerException">java.lang.NullPointerException
	at net.sf.freecol.common.model.Player.getUnits(Player.java:1833)
	at net.sf.freecol.common.model.Player$UnitIterator.update(Player.java:218)
	at net.sf.freecol.common.model.Player$UnitIterator.&lt;init&gt;(Player.java:208)
	at net.sf.freecol.common.model.Player.&lt;init&gt;(Player.java:342)
	at net.sf.freecol.server.model.ServerPlayer.&lt;init&gt;(ServerPlayer.java:179)
	at net.sf.freecol.util.test.FreeColTestCase.getStandardGame(FreeColTestCase.java:173)
	at net.sf.freecol.util.test.FreeColTestCase.getStandardGame(FreeColTestCase.java:149)
	at net.sf.freecol.util.test.FreeColTestCase.getGame(FreeColTestCase.java:100)
	at net.sf.freecol.common.model.IndividualFatherTest.testJefferson(IndividualFatherTest.java:251)
	at junit.extensions.TestDecorator.basicRun(TestDecorator.java:23)
	at junit.extensions.TestSetup$1.protect(TestSetup.java:23)
	at junit.extensions.TestSetup.run(TestSetup.java:27)
</error>
  </testcase>
  <testcase classname="net.sf.freecol.common.model.IndividualFatherTest" name="testMinuit" time="0.001">
    <error type="java.lang.NullPointerException">java.lang.NullPointerException
	at net.sf.freecol.common.model.Player.getUnits(Player.java:1833)
	at net.sf.freecol.common.model.Player$UnitIterator.update(Player.java:218)
	at net.sf.freecol.common.model.Player$UnitIterator.&lt;init&gt;(Player.java:208)
	at net.sf.freecol.common.model.Player.&lt;init&gt;(Player.java:342)
	at net.sf.freecol.server.model.ServerPlayer.&lt;init&gt;(ServerPlayer.java:179)
	at net.sf.freecol.util.test.FreeColTestCase.getStandardGame(FreeColTestCase.java:173)
	at net.sf.freecol.util.test.FreeColTestCase.getStandardGame(FreeColTestCase.java:149)
	at net.sf.freecol.util.test.FreeColTestCase.getGame(FreeColTestCase.java:100)
	at net.sf.freecol.common.model.IndividualFatherTest.testMinuit(IndividualFatherTest.java:281)
	at junit.extensions.TestDecorator.basicRun(TestDecorator.java:23)
	at junit.extensions.TestSetup$1.protect(TestSetup.java:23)
	at junit.extensions.TestSetup.run(TestSetup.java:27)
</error>
  </testcase>
  <testcase classname="net.sf.freecol.common.model.IndividualFatherTest" name="testRevere" time="0.001">
    <error type="java.lang.NullPointerException">java.lang.NullPointerException
	at net.sf.freecol.common.model.Player.getUnits(Player.java:1833)
	at net.sf.freecol.common.model.Player$UnitIterator.update(Player.java:218)
	at net.sf.freecol.common.model.Player$UnitIterator.&lt;init&gt;(Player.java:208)
	at net.sf.freecol.common.model.Player.&lt;init&gt;(Player.java:342)
	at net.sf.freecol.server.model.ServerPlayer.&lt;init&gt;(ServerPlayer.java:179)
	at net.sf.freecol.util.test.FreeColTestCase.getStandardGame(FreeColTestCase.java:173)
	at net.sf.freecol.util.test.FreeColTestCase.getStandardGame(FreeColTestCase.java:149)
	at net.sf.freecol.util.test.FreeColTestCase.getGame(FreeColTestCase.java:100)
	at net.sf.freecol.common.model.IndividualFatherTest.testRevere(IndividualFatherTest.java:368)
	at junit.extensions.TestDecorator.basicRun(TestDecorator.java:23)
	at junit.extensions.TestSetup$1.protect(TestSetup.java:23)
	at junit.extensions.TestSetup.run(TestSetup.java:27)
</error>
  </testcase>
  <testcase classname="net.sf.freecol.common.model.IndividualFatherTest" name="testDeLasCasas" time="0.001">
    <error type="java.lang.NullPointerException">java.lang.NullPointerException
	at net.sf.freecol.common.model.Player.getUnits(Player.java:1833)
	at net.sf.freecol.common.model.Player$UnitIterator.update(Player.java:218)
	at net.sf.freecol.common.model.Player$UnitIterator.&lt;init&gt;(Player.java:208)
	at net.sf.freecol.common.model.Player.&lt;init&gt;(Player.java:342)
	at net.sf.freecol.server.model.ServerPlayer.&lt;init&gt;(ServerPlayer.java:179)
	at net.sf.freecol.util.test.FreeColTestCase.getStandardGame(FreeColTestCase.java:173)
	at net.sf.freecol.util.test.FreeColTestCase.getStandardGame(FreeColTestCase.java:149)
	at net.sf.freecol.util.test.FreeColTestCase.getGame(FreeColTestCase.java:100)
	at net.sf.freecol.common.model.IndividualFatherTest.testDeLasCasas(IndividualFatherTest.java:202)
	at junit.extensions.TestDecorator.basicRun(TestDecorator.java:23)
	at junit.extensions.TestSetup$1.protect(TestSetup.java:23)
	at junit.extensions.TestSetup.run(TestSetup.java:27)
</error>
  </testcase>
  <testcase classname="net.sf.freecol.common.model.LimitTest" name="testSuccessionLimits" time="0.0">
    <error type="java.lang.NullPointerException">java.lang.NullPointerException
	at net.sf.freecol.common.model.Player.getUnits(Player.java:1833)
	at net.sf.freecol.common.model.Player$UnitIterator.update(Player.java:218)
	at net.sf.freecol.common.model.Player$UnitIterator.&lt;init&gt;(Player.java:208)
	at net.sf.freecol.common.model.Player.&lt;init&gt;(Player.java:342)
	at net.sf.freecol.server.model.ServerPlayer.&lt;init&gt;(ServerPlayer.java:179)
	at net.sf.freecol.util.test.FreeColTestCase.getStandardGame(FreeColTestCase.java:173)
	at net.sf.freecol.util.test.FreeColTestCase.getStandardGame(FreeColTestCase.java:149)
	at net.sf.freecol.common.model.LimitTest.testSuccessionLimits(LimitTest.java:147)
	at junit.extensions.TestDecorator.basicRun(TestDecorator.java:23)
	at junit.extensions.TestSetup$1.protect(TestSetup.java:23)
	at junit.extensions.TestSetup.run(TestSetup.java:27)
</error>
  </testcase>
  <testcase classname="net.sf.freecol.common.model.LimitTest" name="testWagonTrainLimit" time="0.001">
    <error type="java.lang.NullPointerException">java.lang.NullPointerException
	at net.sf.freecol.common.model.Player.getUnits(Player.java:1833)
	at net.sf.freecol.common.model.Player$UnitIterator.update(Player.java:218)
	at net.sf.freecol.common.model.Player$UnitIterator.&lt;init&gt;(Player.java:208)
	at net.sf.freecol.common.model.Player.&lt;init&gt;(Player.java:342)
	at net.sf.freecol.server.model.ServerPlayer.&lt;init&gt;(ServerPlayer.java:179)
	at net.sf.freecol.util.test.FreeColTestCase.getStandardGame(FreeColTestCase.java:173)
	at net.sf.freecol.util.test.FreeColTestCase.getStandardGame(FreeColTestCase.java:149)
	at net.sf.freecol.common.model.LimitTest.testWagonTrainLimit(LimitTest.java:50)
	at junit.extensions.TestDecorator.basicRun(TestDecorator.java:23)
	at junit.extensions.TestSetup$1.protect(TestSetup.java:23)
	at junit.extensions.TestSetup.run(TestSetup.java:27)
</error>
  </testcase>
  <testcase classname="net.sf.freecol.common.model.LimitTest" name="testOperand" time="0.0" />
  <testcase classname="net.sf.freecol.common.model.LimitTest" name="testIndependenceLimits" time="0.002">
    <error type="java.lang.NullPointerException">java.lang.NullPointerException
	at net.sf.freecol.common.model.Player.getUnits(Player.java:1833)
	at net.sf.freecol.common.model.Player$UnitIterator.update(Player.java:218)
	at net.sf.freecol.common.model.Player$UnitIterator.&lt;init&gt;(Player.java:208)
	at net.sf.freecol.common.model.Player.&lt;init&gt;(Player.java:342)
	at net.sf.freecol.server.model.ServerPlayer.&lt;init&gt;(ServerPlayer.java:179)
	at net.sf.freecol.util.test.FreeColTestCase.getStandardGame(FreeColTestCase.java:173)
	at net.sf.freecol.util.test.FreeColTestCase.getStandardGame(FreeColTestCase.java:149)
	at net.sf.freecol.common.model.LimitTest.testIndependenceLimits(LimitTest.java:80)
	at junit.extensions.TestDecorator.basicRun(TestDecorator.java:23)
	at junit.extensions.TestSetup$1.protect(TestSetup.java:23)
	at junit.extensions.TestSetup.run(TestSetup.java:27)
</error>
  </testcase>
  <testcase classname="net.sf.freecol.common.model.MapTest" name="testSearchForColony" time="0.002">
    <error type="java.lang.NullPointerException">java.lang.NullPointerException
	at net.sf.freecol.common.model.Player.getUnits(Player.java:1833)
	at net.sf.freecol.common.model.Player$UnitIterator.update(Player.java:218)
	at net.sf.freecol.common.model.Player$UnitIterator.&lt;init&gt;(Player.java:208)
	at net.sf.freecol.common.model.Player.&lt;init&gt;(Player.java:342)
	at net.sf.freecol.server.model.ServerPlayer.&lt;init&gt;(ServerPlayer.java:179)
	at net.sf.freecol.util.test.FreeColTestCase.getStandardGame(FreeColTestCase.java:173)
	at net.sf.freecol.util.test.FreeColTestCase.getStandardGame(FreeColTestCase.java:149)
	at net.sf.freecol.common.model.MapTest.testSearchForColony(MapTest.java:343)
	at junit.extensions.TestDecorator.basicRun(TestDecorator.java:23)
	at junit.extensions.TestSetup$1.protect(TestSetup.java:23)
	at junit.extensions.TestSetup.run(TestSetup.java:27)
</error>
  </testcase>
  <testcase classname="net.sf.freecol.common.model.MapTest" name="testCopy" time="0.001">
    <error type="java.lang.NullPointerException">java.lang.NullPointerException
	at net.sf.freecol.common.model.Player.getUnits(Player.java:1833)
	at net.sf.freecol.common.model.Player$UnitIterator.update(Player.java:218)
	at net.sf.freecol.common.model.Player$UnitIterator.&lt;init&gt;(Player.java:208)
	at net.sf.freecol.common.model.Player.&lt;init&gt;(Player.java:342)
	at net.sf.freecol.server.model.ServerPlayer.&lt;init&gt;(ServerPlayer.java:179)
	at net.sf.freecol.util.test.FreeColTestCase.getStandardGame(FreeColTestCase.java:173)
	at net.sf.freecol.util.test.FreeColTestCase.getStandardGame(FreeColTestCase.java:149)
	at net.sf.freecol.common.model.MapTest.testCopy(MapTest.java:593)
	at junit.extensions.TestDecorator.basicRun(TestDecorator.java:23)
	at junit.extensions.TestSetup$1.protect(TestSetup.java:23)
	at junit.extensions.TestSetup.run(TestSetup.java:27)
</error>
  </testcase>
  <testcase classname="net.sf.freecol.common.model.MapTest" name="testNoPathAvailableDueToUnitInTheWay" time="0.001">
    <error type="java.lang.NullPointerException">java.lang.NullPointerException
	at net.sf.freecol.common.model.Player.getUnits(Player.java:1833)
	at net.sf.freecol.common.model.Player$UnitIterator.update(Player.java:218)
	at net.sf.freecol.common.model.Player$UnitIterator.&lt;init&gt;(Player.java:208)
	at net.sf.freecol.common.model.Player.&lt;init&gt;(Player.java:342)
	at net.sf.freecol.server.model.ServerPlayer.&lt;init&gt;(ServerPlayer.java:179)
	at net.sf.freecol.util.test.FreeColTestCase.getStandardGame(FreeColTestCase.java:173)
	at net.sf.freecol.util.test.FreeColTestCase.getStandardGame(FreeColTestCase.java:149)
	at net.sf.freecol.common.model.MapTest.testNoPathAvailableDueToUnitInTheWay(MapTest.java:296)
	at junit.extensions.TestDecorator.basicRun(TestDecorator.java:23)
	at junit.extensions.TestSetup$1.protect(TestSetup.java:23)
	at junit.extensions.TestSetup.run(TestSetup.java:27)
</error>
  </testcase>
  <testcase classname="net.sf.freecol.common.model.MapTest" name="testGetAllTiles" time="0.0">
    <error type="java.lang.NullPointerException">java.lang.NullPointerException
	at net.sf.freecol.common.model.Player.getUnits(Player.java:1833)
	at net.sf.freecol.common.model.Player$UnitIterator.update(Player.java:218)
	at net.sf.freecol.common.model.Player$UnitIterator.&lt;init&gt;(Player.java:208)
	at net.sf.freecol.common.model.Player.&lt;init&gt;(Player.java:342)
	at net.sf.freecol.server.model.ServerPlayer.&lt;init&gt;(ServerPlayer.java:179)
	at net.sf.freecol.util.test.FreeColTestCase.getStandardGame(FreeColTestCase.java:173)
	at net.sf.freecol.util.test.FreeColTestCase.getStandardGame(FreeColTestCase.java:149)
	at net.sf.freecol.common.model.MapTest.testGetAllTiles(MapTest.java:177)
	at junit.extensions.TestDecorator.basicRun(TestDecorator.java:23)
	at junit.extensions.TestSetup$1.protect(TestSetup.java:23)
	at junit.extensions.TestSetup.run(TestSetup.java:27)
</error>
  </testcase>
  <testcase classname="net.sf.freecol.common.model.MapTest" name="testGetSurroundingTiles" time="0.0">
    <error type="java.lang.NullPointerException">java.lang.NullPointerException
	at net.sf.freecol.common.model.Player.getUnits(Player.java:1833)
	at net.sf.freecol.common.model.Player$UnitIterator.update(Player.java:218)
	at net.sf.freecol.common.model.Player$UnitIterator.&lt;init&gt;(Player.java:208)
	at net.sf.freecol.common.model.Player.&lt;init&gt;(Player.java:342)
	at net.sf.freecol.server.model.ServerPlayer.&lt;init&gt;(ServerPlayer.java:179)
	at net.sf.freecol.util.test.FreeColTestCase.getStandardGame(FreeColTestCase.java:173)
	at net.sf.freecol.util.test.FreeColTestCase.getStandardGame(FreeColTestCase.java:149)
	at net.sf.freecol.common.model.MapTest.testGetSurroundingTiles(MapTest.java:119)
	at junit.extensions.TestDecorator.basicRun(TestDecorator.java:23)
	at junit.extensions.TestSetup$1.protect(TestSetup.java:23)
	at junit.extensions.TestSetup.run(TestSetup.java:27)
</error>
  </testcase>
  <testcase classname="net.sf.freecol.common.model.MapTest" name="testMapGameInt" time="0.001">
    <error type="java.lang.NullPointerException">java.lang.NullPointerException
	at net.sf.freecol.common.model.Player.getUnits(Player.java:1833)
	at net.sf.freecol.common.model.Player$UnitIterator.update(Player.java:218)
	at net.sf.freecol.common.model.Player$UnitIterator.&lt;init&gt;(Player.java:208)
	at net.sf.freecol.common.model.Player.&lt;init&gt;(Player.java:342)
	at net.sf.freecol.server.model.ServerPlayer.&lt;init&gt;(ServerPlayer.java:179)
	at net.sf.freecol.util.test.FreeColTestCase.getStandardGame(FreeColTestCase.java:173)
	at net.sf.freecol.util.test.FreeColTestCase.getStandardGame(FreeColTestCase.java:149)
	at net.sf.freecol.common.model.MapTest.testMapGameInt(MapTest.java:110)
	at junit.extensions.TestDecorator.basicRun(TestDecorator.java:23)
	at junit.extensions.TestSetup$1.protect(TestSetup.java:23)
	at junit.extensions.TestSetup.run(TestSetup.java:27)
</error>
  </testcase>
  <testcase classname="net.sf.freecol.common.model.MapTest" name="testLatitude" time="0.001">
    <error type="java.lang.NullPointerException">java.lang.NullPointerException
	at net.sf.freecol.common.model.Player.getUnits(Player.java:1833)
	at net.sf.freecol.common.model.Player$UnitIterator.update(Player.java:218)
	at net.sf.freecol.common.model.Player$UnitIterator.&lt;init&gt;(Player.java:208)
	at net.sf.freecol.common.model.Player.&lt;init&gt;(Player.java:342)
	at net.sf.freecol.server.model.ServerPlayer.&lt;init&gt;(ServerPlayer.java:179)
	at net.sf.freecol.util.test.FreeColTestCase.getStandardGame(FreeColTestCase.java:173)
	at net.sf.freecol.util.test.FreeColTestCase.getStandardGame(FreeColTestCase.java:149)
	at net.sf.freecol.common.model.MapTest.testLatitude(MapTest.java:413)
	at junit.extensions.TestDecorator.basicRun(TestDecorator.java:23)
	at junit.extensions.TestSetup$1.protect(TestSetup.java:23)
	at junit.extensions.TestSetup.run(TestSetup.java:27)
</error>
  </testcase>
  <testcase classname="net.sf.freecol.common.model.MapTest" name="testRandomDirection" time="0.0">
    <error type="java.lang.NullPointerException">java.lang.NullPointerException
	at net.sf.freecol.common.model.Player.getUnits(Player.java:1833)
	at net.sf.freecol.common.model.Player$UnitIterator.update(Player.java:218)
	at net.sf.freecol.common.model.Player$UnitIterator.&lt;init&gt;(Player.java:208)
	at net.sf.freecol.common.model.Player.&lt;init&gt;(Player.java:342)
	at net.sf.freecol.server.model.ServerPlayer.&lt;init&gt;(ServerPlayer.java:179)
	at net.sf.freecol.util.test.FreeColTestCase.getStandardGame(FreeColTestCase.java:173)
	at net.sf.freecol.util.test.FreeColTestCase.getStandardGame(FreeColTestCase.java:149)
	at net.sf.freecol.common.model.MapTest.testRandomDirection(MapTest.java:200)
	at junit.extensions.TestDecorator.basicRun(TestDecorator.java:23)
	at junit.extensions.TestSetup$1.protect(TestSetup.java:23)
	at junit.extensions.TestSetup.run(TestSetup.java:27)
</error>
  </testcase>
  <testcase classname="net.sf.freecol.common.model.MapTest" name="testShortestPathObstructed" time="0.0">
    <error type="java.lang.NullPointerException">java.lang.NullPointerException
	at net.sf.freecol.common.model.Player.getUnits(Player.java:1833)
	at net.sf.freecol.common.model.Player$UnitIterator.update(Player.java:218)
	at net.sf.freecol.common.model.Player$UnitIterator.&lt;init&gt;(Player.java:208)
	at net.sf.freecol.common.model.Player.&lt;init&gt;(Player.java:342)
	at net.sf.freecol.server.model.ServerPlayer.&lt;init&gt;(ServerPlayer.java:179)
	at net.sf.freecol.util.test.FreeColTestCase.getStandardGame(FreeColTestCase.java:173)
	at net.sf.freecol.util.test.FreeColTestCase.getStandardGame(FreeColTestCase.java:149)
	at net.sf.freecol.common.model.MapTest.testShortestPathObstructed(MapTest.java:320)
	at junit.extensions.TestDecorator.basicRun(TestDecorator.java:23)
	at junit.extensions.TestSetup$1.protect(TestSetup.java:23)
	at junit.extensions.TestSetup.run(TestSetup.java:27)
</error>
  </testcase>
  <testcase classname="net.sf.freecol.common.model.MapTest" name="testFindPath" time="0.001">
    <error type="java.lang.NullPointerException">java.lang.NullPointerException
	at net.sf.freecol.common.model.Player.getUnits(Player.java:1833)
	at net.sf.freecol.common.model.Player$UnitIterator.update(Player.java:218)
	at net.sf.freecol.common.model.Player$UnitIterator.&lt;init&gt;(Player.java:208)
	at net.sf.freecol.common.model.Player.&lt;init&gt;(Player.java:342)
	at net.sf.freecol.server.model.ServerPlayer.&lt;init&gt;(ServerPlayer.java:179)
	at net.sf.freecol.util.test.FreeColTestCase.getStandardGame(FreeColTestCase.java:173)
	at net.sf.freecol.util.test.FreeColTestCase.getStandardGame(FreeColTestCase.java:149)
	at net.sf.freecol.common.model.MapTest.testFindPath(MapTest.java:454)
	at junit.extensions.TestDecorator.basicRun(TestDecorator.java:23)
	at junit.extensions.TestSetup$1.protect(TestSetup.java:23)
	at junit.extensions.TestSetup.run(TestSetup.java:27)
</error>
  </testcase>
  <testcase classname="net.sf.freecol.common.model.MapTest" name="testMoveThroughTileWithEnemyUnit" time="0.0">
    <error type="java.lang.NullPointerException">java.lang.NullPointerException
	at net.sf.freecol.common.model.Player.getUnits(Player.java:1833)
	at net.sf.freecol.common.model.Player$UnitIterator.update(Player.java:218)
	at net.sf.freecol.common.model.Player$UnitIterator.&lt;init&gt;(Player.java:208)
	at net.sf.freecol.common.model.Player.&lt;init&gt;(Player.java:342)
	at net.sf.freecol.server.model.ServerPlayer.&lt;init&gt;(ServerPlayer.java:179)
	at net.sf.freecol.util.test.FreeColTestCase.getStandardGame(FreeColTestCase.java:173)
	at net.sf.freecol.util.test.FreeColTestCase.getStandardGame(FreeColTestCase.java:149)
	at net.sf.freecol.common.model.MapTest.testMoveThroughTileWithEnemyUnit(MapTest.java:264)
	at junit.extensions.TestDecorator.basicRun(TestDecorator.java:23)
	at junit.extensions.TestSetup$1.protect(TestSetup.java:23)
	at junit.extensions.TestSetup.run(TestSetup.java:27)
</error>
  </testcase>
  <testcase classname="net.sf.freecol.common.model.MapTest" name="testNoPathAvailableDueToColonyInTheWay" time="0.0">
    <error type="java.lang.NullPointerException">java.lang.NullPointerException
	at net.sf.freecol.common.model.Player.getUnits(Player.java:1833)
	at net.sf.freecol.common.model.Player$UnitIterator.update(Player.java:218)
	at net.sf.freecol.common.model.Player$UnitIterator.&lt;init&gt;(Player.java:208)
	at net.sf.freecol.common.model.Player.&lt;init&gt;(Player.java:342)
	at net.sf.freecol.server.model.ServerPlayer.&lt;init&gt;(ServerPlayer.java:179)
	at net.sf.freecol.util.test.FreeColTestCase.getStandardGame(FreeColTestCase.java:173)
	at net.sf.freecol.util.test.FreeColTestCase.getStandardGame(FreeColTestCase.java:149)
	at net.sf.freecol.common.model.MapTest.testNoPathAvailableDueToColonyInTheWay(MapTest.java:240)
	at junit.extensions.TestDecorator.basicRun(TestDecorator.java:23)
	at junit.extensions.TestSetup$1.protect(TestSetup.java:23)
	at junit.extensions.TestSetup.run(TestSetup.java:27)
</error>
  </testcase>
  <testcase classname="net.sf.freecol.common.model.MapTest" name="testNoPathAvailableDueToCampInTheWay" time="0.0">
    <error type="java.lang.NullPointerException">java.lang.NullPointerException
	at net.sf.freecol.common.model.Player.getUnits(Player.java:1833)
	at net.sf.freecol.common.model.Player$UnitIterator.update(Player.java:218)
	at net.sf.freecol.common.model.Player$UnitIterator.&lt;init&gt;(Player.java:208)
	at net.sf.freecol.common.model.Player.&lt;init&gt;(Player.java:342)
	at net.sf.freecol.server.model.ServerPlayer.&lt;init&gt;(ServerPlayer.java:179)
	at net.sf.freecol.util.test.FreeColTestCase.getStandardGame(FreeColTestCase.java:173)
	at net.sf.freecol.util.test.FreeColTestCase.getStandardGame(FreeColTestCase.java:149)
	at net.sf.freecol.common.model.MapTest.testNoPathAvailableDueToCampInTheWay(MapTest.java:213)
	at junit.extensions.TestDecorator.basicRun(TestDecorator.java:23)
	at junit.extensions.TestSetup$1.protect(TestSetup.java:23)
	at junit.extensions.TestSetup.run(TestSetup.java:27)
</error>
  </testcase>
  <testcase classname="net.sf.freecol.common.model.MapTest" name="testGetReverseDirection" time="0.0" />
  <testcase classname="net.sf.freecol.common.model.MarketTest" name="testSerialization" time="0.0" />
  <testcase classname="net.sf.freecol.common.model.MarketTest" name="testTransactionListeners" time="0.0" />
  <testcase classname="net.sf.freecol.common.model.MarketTest" name="testInitialMarket" time="0.001">
    <error type="java.lang.NullPointerException">java.lang.NullPointerException
	at net.sf.freecol.common.model.Player.getUnits(Player.java:1833)
	at net.sf.freecol.common.model.Player$UnitIterator.update(Player.java:218)
	at net.sf.freecol.common.model.Player$UnitIterator.&lt;init&gt;(Player.java:208)
	at net.sf.freecol.common.model.Player.&lt;init&gt;(Player.java:342)
	at net.sf.freecol.server.model.ServerPlayer.&lt;init&gt;(ServerPlayer.java:179)
	at net.sf.freecol.util.test.FreeColTestCase.getStandardGame(FreeColTestCase.java:173)
	at net.sf.freecol.util.test.FreeColTestCase.getStandardGame(FreeColTestCase.java:149)
	at net.sf.freecol.common.model.MarketTest.testInitialMarket(MarketTest.java:34)
	at junit.extensions.TestDecorator.basicRun(TestDecorator.java:23)
	at junit.extensions.TestSetup$1.protect(TestSetup.java:23)
	at junit.extensions.TestSetup.run(TestSetup.java:27)
</error>
  </testcase>
  <testcase classname="net.sf.freecol.common.model.ModelMessageTest" name="testDefaultId" time="0.001">
    <error type="java.lang.NullPointerException">java.lang.NullPointerException
	at net.sf.freecol.common.model.Player.getUnits(Player.java:1833)
	at net.sf.freecol.common.model.Player$UnitIterator.update(Player.java:218)
	at net.sf.freecol.common.model.Player$UnitIterator.&lt;init&gt;(Player.java:208)
	at net.sf.freecol.common.model.Player.&lt;init&gt;(Player.java:342)
	at net.sf.freecol.server.model.ServerPlayer.&lt;init&gt;(ServerPlayer.java:179)
	at net.sf.freecol.util.test.FreeColTestCase.getStandardGame(FreeColTestCase.java:173)
	at net.sf.freecol.util.test.FreeColTestCase.getStandardGame(FreeColTestCase.java:149)
	at net.sf.freecol.util.test.FreeColTestCase.getGame(FreeColTestCase.java:100)
	at net.sf.freecol.common.model.ModelMessageTest.testDefaultId(ModelMessageTest.java:87)
	at junit.extensions.TestDecorator.basicRun(TestDecorator.java:23)
	at junit.extensions.TestSetup$1.protect(TestSetup.java:23)
	at junit.extensions.TestSetup.run(TestSetup.java:27)
</error>
  </testcase>
  <testcase classname="net.sf.freecol.common.model.ModelMessageTest" name="testHashCode" time="0.001">
    <error type="java.lang.NullPointerException">java.lang.NullPointerException
	at net.sf.freecol.common.model.Player.getUnits(Player.java:1833)
	at net.sf.freecol.common.model.Player$UnitIterator.update(Player.java:218)
	at net.sf.freecol.common.model.Player$UnitIterator.&lt;init&gt;(Player.java:208)
	at net.sf.freecol.common.model.Player.&lt;init&gt;(Player.java:342)
	at net.sf.freecol.server.model.ServerPlayer.&lt;init&gt;(ServerPlayer.java:179)
	at net.sf.freecol.util.test.FreeColTestCase.getStandardGame(FreeColTestCase.java:173)
	at net.sf.freecol.util.test.FreeColTestCase.getStandardGame(FreeColTestCase.java:149)
	at net.sf.freecol.util.test.FreeColTestCase.getGame(FreeColTestCase.java:100)
	at net.sf.freecol.common.model.ModelMessageTest.testHashCode(ModelMessageTest.java:32)
	at junit.extensions.TestDecorator.basicRun(TestDecorator.java:23)
	at junit.extensions.TestSetup$1.protect(TestSetup.java:23)
	at junit.extensions.TestSetup.run(TestSetup.java:27)
</error>
  </testcase>
  <testcase classname="net.sf.freecol.common.model.ModelMessageTest" name="testModelMapSet2" time="0.001">
    <error type="java.lang.NullPointerException">java.lang.NullPointerException
	at net.sf.freecol.common.model.Player.getUnits(Player.java:1833)
	at net.sf.freecol.common.model.Player$UnitIterator.update(Player.java:218)
	at net.sf.freecol.common.model.Player$UnitIterator.&lt;init&gt;(Player.java:208)
	at net.sf.freecol.common.model.Player.&lt;init&gt;(Player.java:342)
	at net.sf.freecol.server.model.ServerPlayer.&lt;init&gt;(ServerPlayer.java:179)
	at net.sf.freecol.util.test.FreeColTestCase.getStandardGame(FreeColTestCase.java:173)
	at net.sf.freecol.util.test.FreeColTestCase.getStandardGame(FreeColTestCase.java:149)
	at net.sf.freecol.util.test.FreeColTestCase.getGame(FreeColTestCase.java:100)
	at net.sf.freecol.common.model.ModelMessageTest.testModelMapSet2(ModelMessageTest.java:58)
	at junit.extensions.TestDecorator.basicRun(TestDecorator.java:23)
	at junit.extensions.TestSetup$1.protect(TestSetup.java:23)
	at junit.extensions.TestSetup.run(TestSetup.java:27)
</error>
  </testcase>
  <testcase classname="net.sf.freecol.common.model.ModifierTest" name="testScope" time="0.002" />
  <testcase classname="net.sf.freecol.common.model.ModifierTest" name="testCombinedModifier" time="0.0" />
  <testcase classname="net.sf.freecol.common.model.ModifierTest" name="testPercentageModifier" time="0.001" />
  <testcase classname="net.sf.freecol.common.model.ModifierTest" name="testHashEquals" time="0.001" />
  <testcase classname="net.sf.freecol.common.model.ModifierTest" name="testAdditiveModifier" time="0.001" />
  <testcase classname="net.sf.freecol.common.model.ModifierTest" name="testTimeLimits" time="0.0" />
  <testcase classname="net.sf.freecol.common.model.ModifierTest" name="testCombinePercentageModifiers" time="0.0" />
  <testcase classname="net.sf.freecol.common.model.ModifierTest" name="testModifierUnknown" time="0.0" />
  <testcase classname="net.sf.freecol.common.model.ModifierTest" name="testCombineMultiplicativeModifiers" time="0.0" />
  <testcase classname="net.sf.freecol.common.model.ModifierTest" name="testMultiplicativeModifier" time="0.0" />
  <testcase classname="net.sf.freecol.common.model.ModifierTest" name="testIncrements" time="0.001" />
  <testcase classname="net.sf.freecol.common.model.ModifierTest" name="testCombineAdditiveModifiers" time="0.0" />
  <testcase classname="net.sf.freecol.common.model.MonarchTest" name="testTaxActionChoices" time="0.001">
    <error type="java.lang.NullPointerException">java.lang.NullPointerException
	at net.sf.freecol.common.model.Player.getUnits(Player.java:1833)
	at net.sf.freecol.common.model.Player$UnitIterator.update(Player.java:218)
	at net.sf.freecol.common.model.Player$UnitIterator.&lt;init&gt;(Player.java:208)
	at net.sf.freecol.common.model.Player.&lt;init&gt;(Player.java:342)
	at net.sf.freecol.server.model.ServerPlayer.&lt;init&gt;(ServerPlayer.java:179)
	at net.sf.freecol.util.test.FreeColTestCase.getStandardGame(FreeColTestCase.java:173)
	at net.sf.freecol.util.test.FreeColTestCase.getStandardGame(FreeColTestCase.java:149)
	at net.sf.freecol.common.model.MonarchTest.testTaxActionChoices(MonarchTest.java:53)
	at junit.extensions.TestDecorator.basicRun(TestDecorator.java:23)
	at junit.extensions.TestSetup$1.protect(TestSetup.java:23)
	at junit.extensions.TestSetup.run(TestSetup.java:27)
</error>
  </testcase>
  <testcase classname="net.sf.freecol.common.model.MonarchTest" name="testSerialize" time="0.001">
    <error type="java.lang.NullPointerException">java.lang.NullPointerException
	at net.sf.freecol.common.model.Player.getUnits(Player.java:1833)
	at net.sf.freecol.common.model.Player$UnitIterator.update(Player.java:218)
	at net.sf.freecol.common.model.Player$UnitIterator.&lt;init&gt;(Player.java:208)
	at net.sf.freecol.common.model.Player.&lt;init&gt;(Player.java:342)
	at net.sf.freecol.server.model.ServerPlayer.&lt;init&gt;(ServerPlayer.java:179)
	at net.sf.freecol.util.test.FreeColTestCase.getStandardGame(FreeColTestCase.java:173)
	at net.sf.freecol.util.test.FreeColTestCase.getStandardGame(FreeColTestCase.java:149)
	at net.sf.freecol.common.model.MonarchTest.testSerialize(MonarchTest.java:35)
	at junit.extensions.TestDecorator.basicRun(TestDecorator.java:23)
	at junit.extensions.TestSetup$1.protect(TestSetup.java:23)
	at junit.extensions.TestSetup.run(TestSetup.java:27)
</error>
  </testcase>
  <testcase classname="net.sf.freecol.common.model.MovementTest" name="testMoveAlongRoad" time="0.001">
    <error type="java.lang.NullPointerException">java.lang.NullPointerException
	at net.sf.freecol.common.model.Player.getUnits(Player.java:1833)
	at net.sf.freecol.common.model.Player$UnitIterator.update(Player.java:218)
	at net.sf.freecol.common.model.Player$UnitIterator.&lt;init&gt;(Player.java:208)
	at net.sf.freecol.common.model.Player.&lt;init&gt;(Player.java:342)
	at net.sf.freecol.server.model.ServerPlayer.&lt;init&gt;(ServerPlayer.java:179)
	at net.sf.freecol.util.test.FreeColTestCase.getStandardGame(FreeColTestCase.java:173)
	at net.sf.freecol.util.test.FreeColTestCase.getStandardGame(FreeColTestCase.java:149)
	at net.sf.freecol.common.model.MovementTest.testMoveAlongRoad(MovementTest.java:117)
	at junit.extensions.TestDecorator.basicRun(TestDecorator.java:23)
	at junit.extensions.TestSetup$1.protect(TestSetup.java:23)
	at junit.extensions.TestSetup.run(TestSetup.java:27)
</error>
  </testcase>
  <testcase classname="net.sf.freecol.common.model.MovementTest" name="testMoveAlongRiver" time="0.001">
    <error type="java.lang.NullPointerException">java.lang.NullPointerException
	at net.sf.freecol.common.model.Player.getUnits(Player.java:1833)
	at net.sf.freecol.common.model.Player$UnitIterator.update(Player.java:218)
	at net.sf.freecol.common.model.Player$UnitIterator.&lt;init&gt;(Player.java:208)
	at net.sf.freecol.common.model.Player.&lt;init&gt;(Player.java:342)
	at net.sf.freecol.server.model.ServerPlayer.&lt;init&gt;(ServerPlayer.java:179)
	at net.sf.freecol.util.test.FreeColTestCase.getStandardGame(FreeColTestCase.java:173)
	at net.sf.freecol.util.test.FreeColTestCase.getStandardGame(FreeColTestCase.java:149)
	at net.sf.freecol.common.model.MovementTest.testMoveAlongRiver(MovementTest.java:152)
	at junit.extensions.TestDecorator.basicRun(TestDecorator.java:23)
	at junit.extensions.TestSetup$1.protect(TestSetup.java:23)
	at junit.extensions.TestSetup.run(TestSetup.java:27)
</error>
  </testcase>
  <testcase classname="net.sf.freecol.common.model.MovementTest" name="testMoveFromPlainsToHills" time="0.0">
    <error type="java.lang.NullPointerException">java.lang.NullPointerException
	at net.sf.freecol.common.model.Player.getUnits(Player.java:1833)
	at net.sf.freecol.common.model.Player$UnitIterator.update(Player.java:218)
	at net.sf.freecol.common.model.Player$UnitIterator.&lt;init&gt;(Player.java:208)
	at net.sf.freecol.common.model.Player.&lt;init&gt;(Player.java:342)
	at net.sf.freecol.server.model.ServerPlayer.&lt;init&gt;(ServerPlayer.java:179)
	at net.sf.freecol.util.test.FreeColTestCase.getStandardGame(FreeColTestCase.java:173)
	at net.sf.freecol.util.test.FreeColTestCase.getStandardGame(FreeColTestCase.java:149)
	at net.sf.freecol.common.model.MovementTest.testMoveFromPlainsToHills(MovementTest.java:96)
	at junit.extensions.TestDecorator.basicRun(TestDecorator.java:23)
	at junit.extensions.TestSetup$1.protect(TestSetup.java:23)
	at junit.extensions.TestSetup.run(TestSetup.java:27)
</error>
  </testcase>
  <testcase classname="net.sf.freecol.common.model.MovementTest" name="testMoveFromPlainsToPlains" time="0.0">
    <error type="java.lang.NullPointerException">java.lang.NullPointerException
	at net.sf.freecol.common.model.Player.getUnits(Player.java:1833)
	at net.sf.freecol.common.model.Player$UnitIterator.update(Player.java:218)
	at net.sf.freecol.common.model.Player$UnitIterator.&lt;init&gt;(Player.java:208)
	at net.sf.freecol.common.model.Player.&lt;init&gt;(Player.java:342)
	at net.sf.freecol.server.model.ServerPlayer.&lt;init&gt;(ServerPlayer.java:179)
	at net.sf.freecol.util.test.FreeColTestCase.getStandardGame(FreeColTestCase.java:173)
	at net.sf.freecol.util.test.FreeColTestCase.getStandardGame(FreeColTestCase.java:149)
	at net.sf.freecol.common.model.MovementTest.testMoveFromPlainsToPlains(MovementTest.java:67)
	at junit.extensions.TestDecorator.basicRun(TestDecorator.java:23)
	at junit.extensions.TestSetup$1.protect(TestSetup.java:23)
	at junit.extensions.TestSetup.run(TestSetup.java:27)
</error>
  </testcase>
  <testcase classname="net.sf.freecol.common.model.MovementTest" name="testScoutIndianSettlement" time="0.001">
    <error type="java.lang.NullPointerException">java.lang.NullPointerException
	at net.sf.freecol.common.model.Player.getUnits(Player.java:1833)
	at net.sf.freecol.common.model.Player$UnitIterator.update(Player.java:218)
	at net.sf.freecol.common.model.Player$UnitIterator.&lt;init&gt;(Player.java:208)
	at net.sf.freecol.common.model.Player.&lt;init&gt;(Player.java:342)
	at net.sf.freecol.server.model.ServerPlayer.&lt;init&gt;(ServerPlayer.java:179)
	at net.sf.freecol.util.test.FreeColTestCase.getStandardGame(FreeColTestCase.java:173)
	at net.sf.freecol.util.test.FreeColTestCase.getStandardGame(FreeColTestCase.java:149)
	at net.sf.freecol.common.model.MovementTest.testScoutIndianSettlement(MovementTest.java:261)
	at junit.extensions.TestDecorator.basicRun(TestDecorator.java:23)
	at junit.extensions.TestSetup$1.protect(TestSetup.java:23)
	at junit.extensions.TestSetup.run(TestSetup.java:27)
</error>
  </testcase>
  <testcase classname="net.sf.freecol.common.model.MovementTest" name="testScoutColony" time="0.001">
    <error type="java.lang.NullPointerException">java.lang.NullPointerException
	at net.sf.freecol.common.model.Player.getUnits(Player.java:1833)
	at net.sf.freecol.common.model.Player$UnitIterator.update(Player.java:218)
	at net.sf.freecol.common.model.Player$UnitIterator.&lt;init&gt;(Player.java:208)
	at net.sf.freecol.common.model.Player.&lt;init&gt;(Player.java:342)
	at net.sf.freecol.server.model.ServerPlayer.&lt;init&gt;(ServerPlayer.java:179)
	at net.sf.freecol.util.test.FreeColTestCase.getStandardGame(FreeColTestCase.java:173)
	at net.sf.freecol.util.test.FreeColTestCase.getStandardGame(FreeColTestCase.java:149)
	at net.sf.freecol.util.test.FreeColTestCase.getGame(FreeColTestCase.java:100)
	at net.sf.freecol.common.model.MovementTest.testScoutColony(MovementTest.java:210)
	at junit.extensions.TestDecorator.basicRun(TestDecorator.java:23)
	at junit.extensions.TestSetup$1.protect(TestSetup.java:23)
	at junit.extensions.TestSetup.run(TestSetup.java:27)
</error>
  </testcase>
  <testcase classname="net.sf.freecol.common.model.NationTypeTest" name="testSettlementType" time="0.002" />
  <testcase classname="net.sf.freecol.common.model.NationTypeTest" name="testIsREF" time="0.0" />
  <testcase classname="net.sf.freecol.common.model.NationTypeTest" name="testisRef" time="0.0" />
  <testcase classname="net.sf.freecol.common.model.NationTypeTest" name="testAdvantagesThatOnlyApplyToPersons" time="0.001">
    <error type="java.lang.NullPointerException">java.lang.NullPointerException
	at net.sf.freecol.common.model.Player.getUnits(Player.java:1833)
	at net.sf.freecol.common.model.Player$UnitIterator.update(Player.java:218)
	at net.sf.freecol.common.model.Player$UnitIterator.&lt;init&gt;(Player.java:208)
	at net.sf.freecol.common.model.Player.&lt;init&gt;(Player.java:342)
	at net.sf.freecol.server.model.ServerPlayer.&lt;init&gt;(ServerPlayer.java:179)
	at net.sf.freecol.util.test.FreeColTestCase.getStandardGame(FreeColTestCase.java:173)
	at net.sf.freecol.util.test.FreeColTestCase.getStandardGame(FreeColTestCase.java:149)
	at net.sf.freecol.util.test.FreeColTestCase.getGame(FreeColTestCase.java:100)
	at net.sf.freecol.common.model.NationTypeTest.testAdvantagesThatOnlyApplyToPersons(NationTypeTest.java:140)
	at junit.extensions.TestDecorator.basicRun(TestDecorator.java:23)
	at junit.extensions.TestSetup$1.protect(TestSetup.java:23)
	at junit.extensions.TestSetup.run(TestSetup.java:27)
</error>
  </testcase>
  <testcase classname="net.sf.freecol.common.model.NationTypeTest" name="testHasType" time="0.0" />
  <testcase classname="net.sf.freecol.common.model.NationTypeTest" name="testStartingUnits" time="0.002" />
  <testcase classname="net.sf.freecol.common.model.PlayerTest" name="testAddAnotherPlayersUnit" time="0.001">
    <error type="java.lang.NullPointerException">java.lang.NullPointerException
	at net.sf.freecol.common.model.Player.getUnits(Player.java:1833)
	at net.sf.freecol.common.model.Player$UnitIterator.update(Player.java:218)
	at net.sf.freecol.common.model.Player$UnitIterator.&lt;init&gt;(Player.java:208)
	at net.sf.freecol.common.model.Player.&lt;init&gt;(Player.java:342)
	at net.sf.freecol.server.model.ServerPlayer.&lt;init&gt;(ServerPlayer.java:179)
	at net.sf.freecol.util.test.FreeColTestCase.getStandardGame(FreeColTestCase.java:173)
	at net.sf.freecol.util.test.FreeColTestCase.getStandardGame(FreeColTestCase.java:149)
	at net.sf.freecol.common.model.PlayerTest.testAddAnotherPlayersUnit(PlayerTest.java:270)
	at junit.extensions.TestDecorator.basicRun(TestDecorator.java:23)
	at junit.extensions.TestSetup$1.protect(TestSetup.java:23)
	at junit.extensions.TestSetup.run(TestSetup.java:27)
</error>
  </testcase>
  <testcase classname="net.sf.freecol.common.model.PlayerTest" name="testFreecolPlayers" time="0.0">
    <error type="java.lang.NullPointerException">java.lang.NullPointerException
	at net.sf.freecol.common.model.Player.getUnits(Player.java:1833)
	at net.sf.freecol.common.model.Player$UnitIterator.update(Player.java:218)
	at net.sf.freecol.common.model.Player$UnitIterator.&lt;init&gt;(Player.java:208)
	at net.sf.freecol.common.model.Player.&lt;init&gt;(Player.java:342)
	at net.sf.freecol.server.model.ServerPlayer.&lt;init&gt;(ServerPlayer.java:179)
	at net.sf.freecol.common.model.PlayerTest.testFreecolPlayers(PlayerTest.java:176)
	at junit.extensions.TestDecorator.basicRun(TestDecorator.java:23)
	at junit.extensions.TestSetup$1.protect(TestSetup.java:23)
	at junit.extensions.TestSetup.run(TestSetup.java:27)
</error>
  </testcase>
  <testcase classname="net.sf.freecol.common.model.PlayerTest" name="testTension" time="0.0">
    <error type="java.lang.NullPointerException">java.lang.NullPointerException
	at net.sf.freecol.common.model.Player.getUnits(Player.java:1833)
	at net.sf.freecol.common.model.Player$UnitIterator.update(Player.java:218)
	at net.sf.freecol.common.model.Player$UnitIterator.&lt;init&gt;(Player.java:208)
	at net.sf.freecol.common.model.Player.&lt;init&gt;(Player.java:342)
	at net.sf.freecol.server.model.ServerPlayer.&lt;init&gt;(ServerPlayer.java:179)
	at net.sf.freecol.util.test.FreeColTestCase.getStandardGame(FreeColTestCase.java:173)
	at net.sf.freecol.util.test.FreeColTestCase.getStandardGame(FreeColTestCase.java:149)
	at net.sf.freecol.common.model.PlayerTest.testTension(PlayerTest.java:247)
	at junit.extensions.TestDecorator.basicRun(TestDecorator.java:23)
	at junit.extensions.TestSetup$1.protect(TestSetup.java:23)
	at junit.extensions.TestSetup.run(TestSetup.java:27)
</error>
  </testcase>
  <testcase classname="net.sf.freecol.common.model.PlayerTest" name="testUnits" time="0.001">
    <error type="java.lang.NullPointerException">java.lang.NullPointerException
	at net.sf.freecol.common.model.Player.getUnits(Player.java:1833)
	at net.sf.freecol.common.model.Player$UnitIterator.update(Player.java:218)
	at net.sf.freecol.common.model.Player$UnitIterator.&lt;init&gt;(Player.java:208)
	at net.sf.freecol.common.model.Player.&lt;init&gt;(Player.java:342)
	at net.sf.freecol.server.model.ServerPlayer.&lt;init&gt;(ServerPlayer.java:179)
	at net.sf.freecol.util.test.FreeColTestCase.getStandardGame(FreeColTestCase.java:173)
	at net.sf.freecol.util.test.FreeColTestCase.getStandardGame(FreeColTestCase.java:149)
	at net.sf.freecol.common.model.PlayerTest.testUnits(PlayerTest.java:39)
	at junit.extensions.TestDecorator.basicRun(TestDecorator.java:23)
	at junit.extensions.TestSetup$1.protect(TestSetup.java:23)
	at junit.extensions.TestSetup.run(TestSetup.java:27)
</error>
  </testcase>
  <testcase classname="net.sf.freecol.common.model.PlayerTest" name="testClassicPlayers" time="0.0">
    <error type="java.lang.NullPointerException">java.lang.NullPointerException
	at net.sf.freecol.common.model.Player.getUnits(Player.java:1833)
	at net.sf.freecol.common.model.Player$UnitIterator.update(Player.java:218)
	at net.sf.freecol.common.model.Player$UnitIterator.&lt;init&gt;(Player.java:208)
	at net.sf.freecol.common.model.Player.&lt;init&gt;(Player.java:342)
	at net.sf.freecol.server.model.ServerPlayer.&lt;init&gt;(ServerPlayer.java:179)
	at net.sf.freecol.util.test.FreeColTestCase.getStandardGame(FreeColTestCase.java:173)
	at net.sf.freecol.common.model.PlayerTest.testClassicPlayers(PlayerTest.java:114)
	at junit.extensions.TestDecorator.basicRun(TestDecorator.java:23)
	at junit.extensions.TestSetup$1.protect(TestSetup.java:23)
	at junit.extensions.TestSetup.run(TestSetup.java:27)
</error>
  </testcase>
  <testcase classname="net.sf.freecol.common.model.ProductionTypeTest" name="testOtherBuildings" time="0.0" />
  <testcase classname="net.sf.freecol.common.model.ProductionTypeTest" name="testRainForest" time="0.003" />
  <testcase classname="net.sf.freecol.common.model.ProductionTypeTest" name="testHorseProduction" time="0.0" />
  <testcase classname="net.sf.freecol.common.model.ProductionTypeTest" name="testSavannah" time="0.001" />
  <testcase classname="net.sf.freecol.common.model.ProductionTypeTest" name="testHills" time="0.0" />
  <testcase classname="net.sf.freecol.common.model.ProductionTypeTest" name="testMarsh" time="0.0" />
  <testcase classname="net.sf.freecol.common.model.ProductionTypeTest" name="testOcean" time="0.0" />
  <testcase classname="net.sf.freecol.common.model.ProductionTypeTest" name="testSwamp" time="0.0" />
  <testcase classname="net.sf.freecol.common.model.ProductionTypeTest" name="testCoatProduction" time="0.001" />
  <testcase classname="net.sf.freecol.common.model.ProductionTypeTest" name="testLake" time="0.0" />
  <testcase classname="net.sf.freecol.common.model.ProductionTypeTest" name="testHighSeas" time="0.0" />
  <testcase classname="net.sf.freecol.common.model.ProductionTypeTest" name="testPrairie" time="0.0" />
  <testcase classname="net.sf.freecol.common.model.ProductionTypeTest" name="testWetlandForest" time="0.0" />
  <testcase classname="net.sf.freecol.common.model.ProductionTypeTest" name="testGrassland" time="0.001" />
  <testcase classname="net.sf.freecol.common.model.ProductionTypeTest" name="testBroadleafForest" time="0.0" />
  <testcase classname="net.sf.freecol.common.model.ProductionTypeTest" name="testCrossProduction" time="0.0" />
  <testcase classname="net.sf.freecol.common.model.ProductionTypeTest" name="testGreatRiver" time="0.0" />
  <testcase classname="net.sf.freecol.common.model.ProductionTypeTest" name="testToolsProduction" time="0.0" />
  <testcase classname="net.sf.freecol.common.model.ProductionTypeTest" name="testMixedForest" time="0.0" />
  <testcase classname="net.sf.freecol.common.model.ProductionTypeTest" name="testBorealForest" time="0.0" />
  <testcase classname="net.sf.freecol.common.model.ProductionTypeTest" name="testBellProduction" time="0.0" />
  <testcase classname="net.sf.freecol.common.model.ProductionTypeTest" name="testClothProduction" time="0.0" />
  <testcase classname="net.sf.freecol.common.model.ProductionTypeTest" name="testMountains" time="0.0" />
  <testcase classname="net.sf.freecol.common.model.ProductionTypeTest" name="testArctic" time="0.0" />
  <testcase classname="net.sf.freecol.common.model.ProductionTypeTest" name="testConiferForest" time="0.0" />
  <testcase classname="net.sf.freecol.common.model.ProductionTypeTest" name="testDesert" time="0.0" />
  <testcase classname="net.sf.freecol.common.model.ProductionTypeTest" name="testHammerProduction" time="0.0" />
  <testcase classname="net.sf.freecol.common.model.ProductionTypeTest" name="testPlains" time="0.0" />
  <testcase classname="net.sf.freecol.common.model.ProductionTypeTest" name="testMusketProduction" time="0.0" />
  <testcase classname="net.sf.freecol.common.model.ProductionTypeTest" name="testCigarProduction" time="0.0" />
  <testcase classname="net.sf.freecol.common.model.ProductionTypeTest" name="testTundra" time="0.0" />
  <testcase classname="net.sf.freecol.common.model.ProductionTypeTest" name="testRumProduction" time="0.0" />
  <testcase classname="net.sf.freecol.common.model.ProductionTypeTest" name="testTropicalForest" time="0.0" />
  <testcase classname="net.sf.freecol.common.model.ProductionTypeTest" name="testScrubForest" time="0.0" />
  <testcase classname="net.sf.freecol.common.model.RandomRangeTest" name="testRandomRange" time="0.001" />
  <testcase classname="net.sf.freecol.common.model.RoleTest" name="testRoleComparator" time="0.001" />
  <testcase classname="net.sf.freecol.common.model.RoleTest" name="testMilitaryRoles" time="0.001">
    <error type="java.lang.NullPointerException">java.lang.NullPointerException
	at net.sf.freecol.common.model.Player.getUnits(Player.java:1833)
	at net.sf.freecol.common.model.Player$UnitIterator.update(Player.java:218)
	at net.sf.freecol.common.model.Player$UnitIterator.&lt;init&gt;(Player.java:208)
	at net.sf.freecol.common.model.Player.&lt;init&gt;(Player.java:342)
	at net.sf.freecol.server.model.ServerPlayer.&lt;init&gt;(ServerPlayer.java:179)
	at net.sf.freecol.util.test.FreeColTestCase.getStandardGame(FreeColTestCase.java:173)
	at net.sf.freecol.util.test.FreeColTestCase.getStandardGame(FreeColTestCase.java:149)
	at net.sf.freecol.common.model.RoleTest.testMilitaryRoles(RoleTest.java:141)
	at junit.extensions.TestDecorator.basicRun(TestDecorator.java:23)
	at junit.extensions.TestSetup$1.protect(TestSetup.java:23)
	at junit.extensions.TestSetup.run(TestSetup.java:27)
</error>
  </testcase>
  <testcase classname="net.sf.freecol.common.model.RoleTest" name="testGoodsDifference" time="0.001" />
  <testcase classname="net.sf.freecol.common.model.RoleTest" name="testCompatibleRoles" time="0.0" />
  <testcase classname="net.sf.freecol.common.model.RoleTest" name="testGetRoleWithAbility" time="0.0" />
  <testcase classname="net.sf.freecol.common.model.SchoolTest" name="testEducationOption" time="0.0">
    <error type="java.lang.NullPointerException">java.lang.NullPointerException
	at net.sf.freecol.common.model.Player.getUnits(Player.java:1833)
	at net.sf.freecol.common.model.Player$UnitIterator.update(Player.java:218)
	at net.sf.freecol.common.model.Player$UnitIterator.&lt;init&gt;(Player.java:208)
	at net.sf.freecol.common.model.Player.&lt;init&gt;(Player.java:342)
	at net.sf.freecol.server.model.ServerPlayer.&lt;init&gt;(ServerPlayer.java:179)
	at net.sf.freecol.util.test.FreeColTestCase.getStandardGame(FreeColTestCase.java:173)
	at net.sf.freecol.util.test.FreeColTestCase.getStandardGame(FreeColTestCase.java:149)
	at net.sf.freecol.util.test.FreeColTestCase.getGame(FreeColTestCase.java:100)
	at net.sf.freecol.common.model.SchoolTest.testEducationOption(SchoolTest.java:115)
	at junit.extensions.TestDecorator.basicRun(TestDecorator.java:23)
	at junit.extensions.TestSetup$1.protect(TestSetup.java:23)
	at junit.extensions.TestSetup.run(TestSetup.java:27)
</error>
  </testcase>
  <testcase classname="net.sf.freecol.common.model.SchoolTest" name="testChangeTeachers" time="0.0">
    <error type="java.lang.NullPointerException">java.lang.NullPointerException
	at net.sf.freecol.common.model.Player.getUnits(Player.java:1833)
	at net.sf.freecol.common.model.Player$UnitIterator.update(Player.java:218)
	at net.sf.freecol.common.model.Player$UnitIterator.&lt;init&gt;(Player.java:208)
	at net.sf.freecol.common.model.Player.&lt;init&gt;(Player.java:342)
	at net.sf.freecol.server.model.ServerPlayer.&lt;init&gt;(ServerPlayer.java:179)
	at net.sf.freecol.util.test.FreeColTestCase.getStandardGame(FreeColTestCase.java:173)
	at net.sf.freecol.util.test.FreeColTestCase.getStandardGame(FreeColTestCase.java:149)
	at net.sf.freecol.util.test.FreeColTestCase.getGame(FreeColTestCase.java:100)
	at net.sf.freecol.common.model.SchoolTest.testChangeTeachers(SchoolTest.java:160)
	at junit.extensions.TestDecorator.basicRun(TestDecorator.java:23)
	at junit.extensions.TestSetup$1.protect(TestSetup.java:23)
	at junit.extensions.TestSetup.run(TestSetup.java:27)
</error>
  </testcase>
  <testcase classname="net.sf.freecol.common.model.SchoolTest" name="testUpgrades" time="0.008" />
  <testcase classname="net.sf.freecol.common.model.ScopeTest" name="testEmptyScope" time="0.0" />
  <testcase classname="net.sf.freecol.common.model.ScopeTest" name="testMethodScope" time="0.0" />
  <testcase classname="net.sf.freecol.common.model.ScopeTest" name="testCombinedScope" time="0.0" />
  <testcase classname="net.sf.freecol.common.model.ScopeTest" name="testTypeScope" time="0.0" />
  <testcase classname="net.sf.freecol.common.model.ScopeTest" name="testAbilityScope" time="0.001" />
  <testcase classname="net.sf.freecol.common.model.ScopeTest" name="testEquality" time="0.0" />
  <testcase classname="net.sf.freecol.common.model.ScopeTest" name="testMatchesNull" time="0.0" />
  <testcase classname="net.sf.freecol.common.model.ScopeTest" name="testGameObjects" time="0.001">
    <error type="java.lang.NullPointerException">java.lang.NullPointerException
	at net.sf.freecol.common.model.Player.getUnits(Player.java:1833)
	at net.sf.freecol.common.model.Player$UnitIterator.update(Player.java:218)
	at net.sf.freecol.common.model.Player$UnitIterator.&lt;init&gt;(Player.java:208)
	at net.sf.freecol.common.model.Player.&lt;init&gt;(Player.java:342)
	at net.sf.freecol.server.model.ServerPlayer.&lt;init&gt;(ServerPlayer.java:179)
	at net.sf.freecol.util.test.FreeColTestCase.getStandardGame(FreeColTestCase.java:173)
	at net.sf.freecol.util.test.FreeColTestCase.getStandardGame(FreeColTestCase.java:149)
	at net.sf.freecol.common.model.ScopeTest.testGameObjects(ScopeTest.java:205)
	at junit.extensions.TestDecorator.basicRun(TestDecorator.java:23)
	at junit.extensions.TestSetup$1.protect(TestSetup.java:23)
	at junit.extensions.TestSetup.run(TestSetup.java:27)
</error>
  </testcase>
  <testcase classname="net.sf.freecol.common.model.SerializationTest" name="testMapAmerica" time="0.967" />
  <testcase classname="net.sf.freecol.common.model.SerializationTest" name="testSpecification" time="0.114" />
  <testcase classname="net.sf.freecol.common.model.SerializationTest" name="testValidation" time="0.001">
    <error type="java.lang.NullPointerException">java.lang.NullPointerException
	at net.sf.freecol.common.model.Player.getUnits(Player.java:1833)
	at net.sf.freecol.common.model.Player$UnitIterator.update(Player.java:218)
	at net.sf.freecol.common.model.Player$UnitIterator.&lt;init&gt;(Player.java:208)
	at net.sf.freecol.common.model.Player.&lt;init&gt;(Player.java:342)
	at net.sf.freecol.server.model.ServerPlayer.&lt;init&gt;(ServerPlayer.java:179)
	at net.sf.freecol.util.test.FreeColTestCase.getStandardGame(FreeColTestCase.java:173)
	at net.sf.freecol.util.test.FreeColTestCase.getStandardGame(FreeColTestCase.java:149)
	at net.sf.freecol.util.test.FreeColTestCase.getGame(FreeColTestCase.java:100)
	at net.sf.freecol.util.test.FreeColTestCase.getTestMap(FreeColTestCase.java:233)
	at net.sf.freecol.common.model.SerializationTest.testValidation(SerializationTest.java:87)
	at junit.extensions.TestDecorator.basicRun(TestDecorator.java:23)
	at junit.extensions.TestSetup$1.protect(TestSetup.java:23)
	at junit.extensions.TestSetup.run(TestSetup.java:27)
</error>
  </testcase>
  <testcase classname="net.sf.freecol.common.model.SerializationTest" name="testStringTemplate" time="0.001">
    <error type="java.lang.NullPointerException">java.lang.NullPointerException
	at net.sf.freecol.common.model.Player.getUnits(Player.java:1833)
	at net.sf.freecol.common.model.Player$UnitIterator.update(Player.java:218)
	at net.sf.freecol.common.model.Player$UnitIterator.&lt;init&gt;(Player.java:208)
	at net.sf.freecol.common.model.Player.&lt;init&gt;(Player.java:342)
	at net.sf.freecol.server.model.ServerPlayer.&lt;init&gt;(ServerPlayer.java:179)
	at net.sf.freecol.util.test.FreeColTestCase.getStandardGame(FreeColTestCase.java:173)
	at net.sf.freecol.util.test.FreeColTestCase.getStandardGame(FreeColTestCase.java:149)
	at net.sf.freecol.util.test.FreeColTestCase.getGame(FreeColTestCase.java:100)
	at net.sf.freecol.common.model.SerializationTest.testStringTemplate(SerializationTest.java:140)
	at junit.extensions.TestDecorator.basicRun(TestDecorator.java:23)
	at junit.extensions.TestSetup$1.protect(TestSetup.java:23)
	at junit.extensions.TestSetup.run(TestSetup.java:27)
</error>
  </testcase>
  <testcase classname="net.sf.freecol.common.model.SerializationTest" name="testMapAfrica" time="0.244" />
  <testcase classname="net.sf.freecol.common.model.SerializationTest" name="testMapCaribbean" time="0.104" />
  <testcase classname="net.sf.freecol.common.model.SerializationTest" name="testDifficulty" time="0.048" />
  <testcase classname="net.sf.freecol.common.model.SerializationTest" name="testGeneratedLists" time="0.036" />
  <testcase classname="net.sf.freecol.common.model.SerializationTest" name="testMapAustralia" time="0.094" />
  <testcase classname="net.sf.freecol.common.model.SettlementTest" name="testColonyClaimsWater" time="0.001">
    <error type="java.lang.NullPointerException">java.lang.NullPointerException
	at net.sf.freecol.common.model.Player.getUnits(Player.java:1833)
	at net.sf.freecol.common.model.Player$UnitIterator.update(Player.java:218)
	at net.sf.freecol.common.model.Player$UnitIterator.&lt;init&gt;(Player.java:208)
	at net.sf.freecol.common.model.Player.&lt;init&gt;(Player.java:342)
	at net.sf.freecol.server.model.ServerPlayer.&lt;init&gt;(ServerPlayer.java:179)
	at net.sf.freecol.util.test.FreeColTestCase.getStandardGame(FreeColTestCase.java:173)
	at net.sf.freecol.util.test.FreeColTestCase.getStandardGame(FreeColTestCase.java:149)
	at net.sf.freecol.util.test.FreeColTestCase.getGame(FreeColTestCase.java:100)
	at net.sf.freecol.common.model.SettlementTest.testColonyClaimsWater(SettlementTest.java:116)
	at junit.extensions.TestDecorator.basicRun(TestDecorator.java:23)
	at junit.extensions.TestSetup$1.protect(TestSetup.java:23)
	at junit.extensions.TestSetup.run(TestSetup.java:27)
</error>
  </testcase>
  <testcase classname="net.sf.freecol.common.model.SettlementTest" name="testLineOfSight" time="0.001">
    <error type="java.lang.NullPointerException">java.lang.NullPointerException
	at net.sf.freecol.common.model.Player.getUnits(Player.java:1833)
	at net.sf.freecol.common.model.Player$UnitIterator.update(Player.java:218)
	at net.sf.freecol.common.model.Player$UnitIterator.&lt;init&gt;(Player.java:208)
	at net.sf.freecol.common.model.Player.&lt;init&gt;(Player.java:342)
	at net.sf.freecol.server.model.ServerPlayer.&lt;init&gt;(ServerPlayer.java:179)
	at net.sf.freecol.util.test.FreeColTestCase.getStandardGame(FreeColTestCase.java:173)
	at net.sf.freecol.util.test.FreeColTestCase.getStandardGame(FreeColTestCase.java:149)
	at net.sf.freecol.util.test.FreeColTestCase.getGame(FreeColTestCase.java:100)
	at net.sf.freecol.common.model.SettlementTest.testLineOfSight(SettlementTest.java:134)
	at junit.extensions.TestDecorator.basicRun(TestDecorator.java:23)
	at junit.extensions.TestSetup$1.protect(TestSetup.java:23)
	at junit.extensions.TestSetup.run(TestSetup.java:27)
</error>
  </testcase>
  <testcase classname="net.sf.freecol.common.model.SettlementTest" name="testSettlementRadius" time="0.0">
    <error type="java.lang.NullPointerException">java.lang.NullPointerException
	at net.sf.freecol.common.model.Player.getUnits(Player.java:1833)
	at net.sf.freecol.common.model.Player$UnitIterator.update(Player.java:218)
	at net.sf.freecol.common.model.Player$UnitIterator.&lt;init&gt;(Player.java:208)
	at net.sf.freecol.common.model.Player.&lt;init&gt;(Player.java:342)
	at net.sf.freecol.server.model.ServerPlayer.&lt;init&gt;(ServerPlayer.java:179)
	at net.sf.freecol.util.test.FreeColTestCase.getStandardGame(FreeColTestCase.java:173)
	at net.sf.freecol.util.test.FreeColTestCase.getStandardGame(FreeColTestCase.java:149)
	at net.sf.freecol.common.model.SettlementTest.testSettlementRadius(SettlementTest.java:48)
	at junit.extensions.TestDecorator.basicRun(TestDecorator.java:23)
	at junit.extensions.TestSetup$1.protect(TestSetup.java:23)
	at junit.extensions.TestSetup.run(TestSetup.java:27)
</error>
  </testcase>
  <testcase classname="net.sf.freecol.common.model.SettlementTest" name="testCanImproveUnitMilitaryRole" time="0.0">
    <error type="java.lang.NullPointerException">java.lang.NullPointerException
	at net.sf.freecol.common.model.Player.getUnits(Player.java:1833)
	at net.sf.freecol.common.model.Player$UnitIterator.update(Player.java:218)
	at net.sf.freecol.common.model.Player$UnitIterator.&lt;init&gt;(Player.java:208)
	at net.sf.freecol.common.model.Player.&lt;init&gt;(Player.java:342)
	at net.sf.freecol.server.model.ServerPlayer.&lt;init&gt;(ServerPlayer.java:179)
	at net.sf.freecol.util.test.FreeColTestCase.getStandardGame(FreeColTestCase.java:173)
	at net.sf.freecol.util.test.FreeColTestCase.getStandardGame(FreeColTestCase.java:149)
	at net.sf.freecol.util.test.FreeColTestCase.getGame(FreeColTestCase.java:100)
	at net.sf.freecol.common.model.SettlementTest.testCanImproveUnitMilitaryRole(SettlementTest.java:152)
	at junit.extensions.TestDecorator.basicRun(TestDecorator.java:23)
	at junit.extensions.TestSetup$1.protect(TestSetup.java:23)
	at junit.extensions.TestSetup.run(TestSetup.java:27)
</error>
  </testcase>
  <testcase classname="net.sf.freecol.common.model.SettlementTest" name="testSettlementDoesNotClaimWater" time="0.0">
    <error type="java.lang.NullPointerException">java.lang.NullPointerException
	at net.sf.freecol.common.model.Player.getUnits(Player.java:1833)
	at net.sf.freecol.common.model.Player$UnitIterator.update(Player.java:218)
	at net.sf.freecol.common.model.Player$UnitIterator.&lt;init&gt;(Player.java:208)
	at net.sf.freecol.common.model.Player.&lt;init&gt;(Player.java:342)
	at net.sf.freecol.server.model.ServerPlayer.&lt;init&gt;(ServerPlayer.java:179)
	at net.sf.freecol.util.test.FreeColTestCase.getStandardGame(FreeColTestCase.java:173)
	at net.sf.freecol.util.test.FreeColTestCase.getStandardGame(FreeColTestCase.java:149)
	at net.sf.freecol.common.model.SettlementTest.testSettlementDoesNotClaimWater(SettlementTest.java:99)
	at junit.extensions.TestDecorator.basicRun(TestDecorator.java:23)
	at junit.extensions.TestSetup$1.protect(TestSetup.java:23)
	at junit.extensions.TestSetup.run(TestSetup.java:27)
</error>
  </testcase>
  <testcase classname="net.sf.freecol.common.model.SettlementTest" name="testColonyRadius" time="0.0">
    <error type="java.lang.NullPointerException">java.lang.NullPointerException
	at net.sf.freecol.common.model.Player.getUnits(Player.java:1833)
	at net.sf.freecol.common.model.Player$UnitIterator.update(Player.java:218)
	at net.sf.freecol.common.model.Player$UnitIterator.&lt;init&gt;(Player.java:208)
	at net.sf.freecol.common.model.Player.&lt;init&gt;(Player.java:342)
	at net.sf.freecol.server.model.ServerPlayer.&lt;init&gt;(ServerPlayer.java:179)
	at net.sf.freecol.util.test.FreeColTestCase.getStandardGame(FreeColTestCase.java:173)
	at net.sf.freecol.util.test.FreeColTestCase.getStandardGame(FreeColTestCase.java:149)
	at net.sf.freecol.util.test.FreeColTestCase.getGame(FreeColTestCase.java:100)
	at net.sf.freecol.common.model.SettlementTest.testColonyRadius(SettlementTest.java:85)
	at junit.extensions.TestDecorator.basicRun(TestDecorator.java:23)
	at junit.extensions.TestSetup$1.protect(TestSetup.java:23)
	at junit.extensions.TestSetup.run(TestSetup.java:27)
</error>
  </testcase>
  <testcase classname="net.sf.freecol.common.model.SoLTest" name="testSoL" time="0.0">
    <error type="java.lang.NullPointerException">java.lang.NullPointerException
	at net.sf.freecol.common.model.Player.getUnits(Player.java:1833)
	at net.sf.freecol.common.model.Player$UnitIterator.update(Player.java:218)
	at net.sf.freecol.common.model.Player$UnitIterator.&lt;init&gt;(Player.java:208)
	at net.sf.freecol.common.model.Player.&lt;init&gt;(Player.java:342)
	at net.sf.freecol.server.model.ServerPlayer.&lt;init&gt;(ServerPlayer.java:179)
	at net.sf.freecol.util.test.FreeColTestCase.getStandardGame(FreeColTestCase.java:173)
	at net.sf.freecol.util.test.FreeColTestCase.getStandardGame(FreeColTestCase.java:149)
	at net.sf.freecol.util.test.FreeColTestCase.getGame(FreeColTestCase.java:100)
	at net.sf.freecol.common.model.SoLTest.testSoL(SoLTest.java:28)
	at junit.extensions.TestDecorator.basicRun(TestDecorator.java:23)
	at junit.extensions.TestSetup$1.protect(TestSetup.java:23)
	at junit.extensions.TestSetup.run(TestSetup.java:27)
</error>
  </testcase>
  <testcase classname="net.sf.freecol.common.model.TileImprovementTest" name="testRiverWithExtras" time="0.001" />
  <testcase classname="net.sf.freecol.common.model.TileImprovementTest" name="testRiverNoExtras" time="0.0" />
  <testcase classname="net.sf.freecol.common.model.TileImprovementTest" name="testAllFrills" time="0.0" />
  <testcase classname="net.sf.freecol.common.model.TileImprovementTest" name="testOldStyle" time="0.001" />
  <testcase classname="net.sf.freecol.common.model.TileImprovementTest" name="testEquality" time="0.0" />
  <testcase classname="net.sf.freecol.common.model.TileItemContainerTest" name="testCopyFromWithEveryThing" time="0.001">
    <error type="java.lang.NullPointerException">java.lang.NullPointerException
	at net.sf.freecol.common.model.Player.getUnits(Player.java:1833)
	at net.sf.freecol.common.model.Player$UnitIterator.update(Player.java:218)
	at net.sf.freecol.common.model.Player$UnitIterator.&lt;init&gt;(Player.java:208)
	at net.sf.freecol.common.model.Player.&lt;init&gt;(Player.java:342)
	at net.sf.freecol.server.model.ServerPlayer.&lt;init&gt;(ServerPlayer.java:179)
	at net.sf.freecol.util.test.FreeColTestCase.getStandardGame(FreeColTestCase.java:173)
	at net.sf.freecol.util.test.FreeColTestCase.getStandardGame(FreeColTestCase.java:149)
	at net.sf.freecol.common.model.TileItemContainerTest.testCopyFromWithEveryThing(TileItemContainerTest.java:64)
	at junit.extensions.TestDecorator.basicRun(TestDecorator.java:23)
	at junit.extensions.TestSetup$1.protect(TestSetup.java:23)
	at junit.extensions.TestSetup.run(TestSetup.java:27)
</error>
  </testcase>
  <testcase classname="net.sf.freecol.common.model.TileTest" name="testTileTypeChangeProduction" time="0.0" />
  <testcase classname="net.sf.freecol.common.model.TileTest" name="testDefenceModifiers" time="0.0" />
  <testcase classname="net.sf.freecol.common.model.TileTest" name="testPrimarySecondaryGoods" time="0.004">
    <error type="java.lang.NullPointerException">java.lang.NullPointerException
	at net.sf.freecol.common.model.Player.getUnits(Player.java:1833)
	at net.sf.freecol.common.model.Player$UnitIterator.update(Player.java:218)
	at net.sf.freecol.common.model.Player$UnitIterator.&lt;init&gt;(Player.java:208)
	at net.sf.freecol.common.model.Player.&lt;init&gt;(Player.java:342)
	at net.sf.freecol.server.model.ServerPlayer.&lt;init&gt;(ServerPlayer.java:179)
	at net.sf.freecol.util.test.FreeColTestCase.getStandardGame(FreeColTestCase.java:173)
	at net.sf.freecol.util.test.FreeColTestCase.getStandardGame(FreeColTestCase.java:149)
	at net.sf.freecol.common.model.TileTest.testPrimarySecondaryGoods(TileTest.java:243)
	at junit.extensions.TestDecorator.basicRun(TestDecorator.java:23)
	at junit.extensions.TestSetup$1.protect(TestSetup.java:23)
	at junit.extensions.TestSetup.run(TestSetup.java:27)
</error>
  </testcase>
  <testcase classname="net.sf.freecol.common.model.TileTest" name="testPotential" time="0.001">
    <error type="java.lang.NullPointerException">java.lang.NullPointerException
	at net.sf.freecol.common.model.Player.getUnits(Player.java:1833)
	at net.sf.freecol.common.model.Player$UnitIterator.update(Player.java:218)
	at net.sf.freecol.common.model.Player$UnitIterator.&lt;init&gt;(Player.java:208)
	at net.sf.freecol.common.model.Player.&lt;init&gt;(Player.java:342)
	at net.sf.freecol.server.model.ServerPlayer.&lt;init&gt;(ServerPlayer.java:179)
	at net.sf.freecol.util.test.FreeColTestCase.getStandardGame(FreeColTestCase.java:173)
	at net.sf.freecol.util.test.FreeColTestCase.getStandardGame(FreeColTestCase.java:149)
	at net.sf.freecol.common.model.TileTest.testPotential(TileTest.java:286)
	at junit.extensions.TestDecorator.basicRun(TestDecorator.java:23)
	at junit.extensions.TestSetup$1.protect(TestSetup.java:23)
	at junit.extensions.TestSetup.run(TestSetup.java:27)
</error>
  </testcase>
  <testcase classname="net.sf.freecol.common.model.TileTest" name="testCopy" time="0.001">
    <error type="java.lang.NullPointerException">java.lang.NullPointerException
	at net.sf.freecol.common.model.Player.getUnits(Player.java:1833)
	at net.sf.freecol.common.model.Player$UnitIterator.update(Player.java:218)
	at net.sf.freecol.common.model.Player$UnitIterator.&lt;init&gt;(Player.java:208)
	at net.sf.freecol.common.model.Player.&lt;init&gt;(Player.java:342)
	at net.sf.freecol.server.model.ServerPlayer.&lt;init&gt;(ServerPlayer.java:179)
	at net.sf.freecol.util.test.FreeColTestCase.getStandardGame(FreeColTestCase.java:173)
	at net.sf.freecol.util.test.FreeColTestCase.getStandardGame(FreeColTestCase.java:149)
	at net.sf.freecol.common.model.TileTest.testCopy(TileTest.java:728)
	at junit.extensions.TestDecorator.basicRun(TestDecorator.java:23)
	at junit.extensions.TestSetup$1.protect(TestSetup.java:23)
	at junit.extensions.TestSetup.run(TestSetup.java:27)
</error>
  </testcase>
  <testcase classname="net.sf.freecol.common.model.TileTest" name="testImprovements" time="0.001">
    <error type="java.lang.NullPointerException">java.lang.NullPointerException
	at net.sf.freecol.common.model.Player.getUnits(Player.java:1833)
	at net.sf.freecol.common.model.Player$UnitIterator.update(Player.java:218)
	at net.sf.freecol.common.model.Player$UnitIterator.&lt;init&gt;(Player.java:208)
	at net.sf.freecol.common.model.Player.&lt;init&gt;(Player.java:342)
	at net.sf.freecol.server.model.ServerPlayer.&lt;init&gt;(ServerPlayer.java:179)
	at net.sf.freecol.util.test.FreeColTestCase.getStandardGame(FreeColTestCase.java:173)
	at net.sf.freecol.util.test.FreeColTestCase.getStandardGame(FreeColTestCase.java:149)
	at net.sf.freecol.common.model.TileTest.testImprovements(TileTest.java:381)
	at junit.extensions.TestDecorator.basicRun(TestDecorator.java:23)
	at junit.extensions.TestSetup$1.protect(TestSetup.java:23)
	at junit.extensions.TestSetup.run(TestSetup.java:27)
</error>
  </testcase>
  <testcase classname="net.sf.freecol.common.model.TileTest" name="testMinerals" time="0.001">
    <error type="java.lang.NullPointerException">java.lang.NullPointerException
	at net.sf.freecol.common.model.Player.getUnits(Player.java:1833)
	at net.sf.freecol.common.model.Player$UnitIterator.update(Player.java:218)
	at net.sf.freecol.common.model.Player$UnitIterator.&lt;init&gt;(Player.java:208)
	at net.sf.freecol.common.model.Player.&lt;init&gt;(Player.java:342)
	at net.sf.freecol.server.model.ServerPlayer.&lt;init&gt;(ServerPlayer.java:179)
	at net.sf.freecol.util.test.FreeColTestCase.getStandardGame(FreeColTestCase.java:173)
	at net.sf.freecol.util.test.FreeColTestCase.getStandardGame(FreeColTestCase.java:149)
	at net.sf.freecol.util.test.FreeColTestCase.getGame(FreeColTestCase.java:100)
	at net.sf.freecol.common.model.TileTest.testMinerals(TileTest.java:679)
	at junit.extensions.TestDecorator.basicRun(TestDecorator.java:23)
	at junit.extensions.TestSetup$1.protect(TestSetup.java:23)
	at junit.extensions.TestSetup.run(TestSetup.java:27)
</error>
  </testcase>
  <testcase classname="net.sf.freecol.common.model.TileTest" name="testMaximumPotential" time="0.001">
    <error type="java.lang.NullPointerException">java.lang.NullPointerException
	at net.sf.freecol.common.model.Player.getUnits(Player.java:1833)
	at net.sf.freecol.common.model.Player$UnitIterator.update(Player.java:218)
	at net.sf.freecol.common.model.Player$UnitIterator.&lt;init&gt;(Player.java:208)
	at net.sf.freecol.common.model.Player.&lt;init&gt;(Player.java:342)
	at net.sf.freecol.server.model.ServerPlayer.&lt;init&gt;(ServerPlayer.java:179)
	at net.sf.freecol.util.test.FreeColTestCase.getStandardGame(FreeColTestCase.java:173)
	at net.sf.freecol.util.test.FreeColTestCase.getStandardGame(FreeColTestCase.java:149)
	at net.sf.freecol.common.model.TileTest.testMaximumPotential(TileTest.java:298)
	at junit.extensions.TestDecorator.basicRun(TestDecorator.java:23)
	at junit.extensions.TestSetup$1.protect(TestSetup.java:23)
	at junit.extensions.TestSetup.run(TestSetup.java:27)
</error>
  </testcase>
  <testcase classname="net.sf.freecol.common.model.TileTest" name="testIsTileTypeAllowed" time="0.003" />
  <testcase classname="net.sf.freecol.common.model.TileTest" name="testGetWorkAmount" time="0.001">
    <error type="java.lang.NullPointerException">java.lang.NullPointerException
	at net.sf.freecol.common.model.Player.getUnits(Player.java:1833)
	at net.sf.freecol.common.model.Player$UnitIterator.update(Player.java:218)
	at net.sf.freecol.common.model.Player$UnitIterator.&lt;init&gt;(Player.java:208)
	at net.sf.freecol.common.model.Player.&lt;init&gt;(Player.java:342)
	at net.sf.freecol.server.model.ServerPlayer.&lt;init&gt;(ServerPlayer.java:179)
	at net.sf.freecol.util.test.FreeColTestCase.getStandardGame(FreeColTestCase.java:173)
	at net.sf.freecol.util.test.FreeColTestCase.getStandardGame(FreeColTestCase.java:149)
	at net.sf.freecol.common.model.TileTest.testGetWorkAmount(TileTest.java:143)
	at junit.extensions.TestDecorator.basicRun(TestDecorator.java:23)
	at junit.extensions.TestSetup$1.protect(TestSetup.java:23)
	at junit.extensions.TestSetup.run(TestSetup.java:27)
</error>
  </testcase>
  <testcase classname="net.sf.freecol.common.model.TileTest" name="testGetBestDisembarkTile" time="0.001">
    <error type="java.lang.NullPointerException">java.lang.NullPointerException
	at net.sf.freecol.common.model.Player.getUnits(Player.java:1833)
	at net.sf.freecol.common.model.Player$UnitIterator.update(Player.java:218)
	at net.sf.freecol.common.model.Player$UnitIterator.&lt;init&gt;(Player.java:208)
	at net.sf.freecol.common.model.Player.&lt;init&gt;(Player.java:342)
	at net.sf.freecol.server.model.ServerPlayer.&lt;init&gt;(ServerPlayer.java:179)
	at net.sf.freecol.util.test.FreeColTestCase.getStandardGame(FreeColTestCase.java:173)
	at net.sf.freecol.util.test.FreeColTestCase.getStandardGame(FreeColTestCase.java:149)
	at net.sf.freecol.common.model.TileTest.testGetBestDisembarkTile(TileTest.java:751)
	at junit.extensions.TestDecorator.basicRun(TestDecorator.java:23)
	at junit.extensions.TestSetup$1.protect(TestSetup.java:23)
	at junit.extensions.TestSetup.run(TestSetup.java:27)
</error>
  </testcase>
  <testcase classname="net.sf.freecol.common.model.TileTest" name="testColonyImprovements" time="0.001">
    <error type="java.lang.NullPointerException">java.lang.NullPointerException
	at net.sf.freecol.common.model.Player.getUnits(Player.java:1833)
	at net.sf.freecol.common.model.Player$UnitIterator.update(Player.java:218)
	at net.sf.freecol.common.model.Player$UnitIterator.&lt;init&gt;(Player.java:208)
	at net.sf.freecol.common.model.Player.&lt;init&gt;(Player.java:342)
	at net.sf.freecol.server.model.ServerPlayer.&lt;init&gt;(ServerPlayer.java:179)
	at net.sf.freecol.util.test.FreeColTestCase.getStandardGame(FreeColTestCase.java:173)
	at net.sf.freecol.util.test.FreeColTestCase.getStandardGame(FreeColTestCase.java:149)
	at net.sf.freecol.common.model.TileTest.testColonyImprovements(TileTest.java:536)
	at junit.extensions.TestDecorator.basicRun(TestDecorator.java:23)
	at junit.extensions.TestSetup$1.protect(TestSetup.java:23)
	at junit.extensions.TestSetup.run(TestSetup.java:27)
</error>
  </testcase>
  <testcase classname="net.sf.freecol.common.model.TileTest" name="testConiferForest" time="0.001">
    <error type="java.lang.NullPointerException">java.lang.NullPointerException
	at net.sf.freecol.common.model.Player.getUnits(Player.java:1833)
	at net.sf.freecol.common.model.Player$UnitIterator.update(Player.java:218)
	at net.sf.freecol.common.model.Player$UnitIterator.&lt;init&gt;(Player.java:208)
	at net.sf.freecol.common.model.Player.&lt;init&gt;(Player.java:342)
	at net.sf.freecol.server.model.ServerPlayer.&lt;init&gt;(ServerPlayer.java:179)
	at net.sf.freecol.util.test.FreeColTestCase.getStandardGame(FreeColTestCase.java:173)
	at net.sf.freecol.util.test.FreeColTestCase.getStandardGame(FreeColTestCase.java:149)
	at net.sf.freecol.util.test.FreeColTestCase.getGame(FreeColTestCase.java:100)
	at net.sf.freecol.util.test.FreeColTestCase.getTestMap(FreeColTestCase.java:209)
	at net.sf.freecol.common.model.TileTest.testConiferForest(TileTest.java:604)
	at junit.extensions.TestDecorator.basicRun(TestDecorator.java:23)
	at junit.extensions.TestSetup$1.protect(TestSetup.java:23)
	at junit.extensions.TestSetup.run(TestSetup.java:27)
</error>
  </testcase>
  <testcase classname="net.sf.freecol.common.model.TileTest" name="testProductionModifiers" time="0.001">
    <error type="java.lang.NullPointerException">java.lang.NullPointerException
	at net.sf.freecol.common.model.Player.getUnits(Player.java:1833)
	at net.sf.freecol.common.model.Player$UnitIterator.update(Player.java:218)
	at net.sf.freecol.common.model.Player$UnitIterator.&lt;init&gt;(Player.java:208)
	at net.sf.freecol.common.model.Player.&lt;init&gt;(Player.java:342)
	at net.sf.freecol.server.model.ServerPlayer.&lt;init&gt;(ServerPlayer.java:179)
	at net.sf.freecol.util.test.FreeColTestCase.getStandardGame(FreeColTestCase.java:173)
	at net.sf.freecol.util.test.FreeColTestCase.getStandardGame(FreeColTestCase.java:149)
	at net.sf.freecol.util.test.FreeColTestCase.getGame(FreeColTestCase.java:100)
	at net.sf.freecol.common.model.TileTest.testProductionModifiers(TileTest.java:413)
	at junit.extensions.TestDecorator.basicRun(TestDecorator.java:23)
	at junit.extensions.TestSetup$1.protect(TestSetup.java:23)
	at junit.extensions.TestSetup.run(TestSetup.java:27)
</error>
  </testcase>
  <testcase classname="net.sf.freecol.common.model.TileTest" name="testZIndex" time="0.0" />
  <testcase classname="net.sf.freecol.common.model.TradeRouteTest" name="testTradeRoute" time="0.0">
    <error type="java.lang.NullPointerException">java.lang.NullPointerException
	at net.sf.freecol.common.model.Player.getUnits(Player.java:1833)
	at net.sf.freecol.common.model.Player$UnitIterator.update(Player.java:218)
	at net.sf.freecol.common.model.Player$UnitIterator.&lt;init&gt;(Player.java:208)
	at net.sf.freecol.common.model.Player.&lt;init&gt;(Player.java:342)
	at net.sf.freecol.server.model.ServerPlayer.&lt;init&gt;(ServerPlayer.java:179)
	at net.sf.freecol.util.test.FreeColTestCase.getStandardGame(FreeColTestCase.java:173)
	at net.sf.freecol.util.test.FreeColTestCase.getStandardGame(FreeColTestCase.java:149)
	at net.sf.freecol.util.test.FreeColTestCase.getGame(FreeColTestCase.java:100)
	at net.sf.freecol.common.model.TradeRouteTest.testTradeRoute(TradeRouteTest.java:42)
	at junit.extensions.TestDecorator.basicRun(TestDecorator.java:23)
	at junit.extensions.TestSetup$1.protect(TestSetup.java:23)
	at junit.extensions.TestSetup.run(TestSetup.java:27)
</error>
  </testcase>
  <testcase classname="net.sf.freecol.common.model.UnitTest" name="testIsColonist" time="0.001">
    <error type="java.lang.NullPointerException">java.lang.NullPointerException
	at net.sf.freecol.common.model.Player.getUnits(Player.java:1833)
	at net.sf.freecol.common.model.Player$UnitIterator.update(Player.java:218)
	at net.sf.freecol.common.model.Player$UnitIterator.&lt;init&gt;(Player.java:208)
	at net.sf.freecol.common.model.Player.&lt;init&gt;(Player.java:342)
	at net.sf.freecol.server.model.ServerPlayer.&lt;init&gt;(ServerPlayer.java:179)
	at net.sf.freecol.util.test.FreeColTestCase.getStandardGame(FreeColTestCase.java:173)
	at net.sf.freecol.util.test.FreeColTestCase.getStandardGame(FreeColTestCase.java:149)
	at net.sf.freecol.common.model.UnitTest.testIsColonist(UnitTest.java:106)
	at junit.extensions.TestDecorator.basicRun(TestDecorator.java:23)
	at junit.extensions.TestSetup$1.protect(TestSetup.java:23)
	at junit.extensions.TestSetup.run(TestSetup.java:27)
</error>
  </testcase>
  <testcase classname="net.sf.freecol.common.model.UnitTest" name="testElement" time="0.001">
    <error type="java.lang.NullPointerException">java.lang.NullPointerException
	at net.sf.freecol.common.model.Player.getUnits(Player.java:1833)
	at net.sf.freecol.common.model.Player$UnitIterator.update(Player.java:218)
	at net.sf.freecol.common.model.Player$UnitIterator.&lt;init&gt;(Player.java:208)
	at net.sf.freecol.common.model.Player.&lt;init&gt;(Player.java:342)
	at net.sf.freecol.server.model.ServerPlayer.&lt;init&gt;(ServerPlayer.java:179)
	at net.sf.freecol.util.test.FreeColTestCase.getStandardGame(FreeColTestCase.java:173)
	at net.sf.freecol.util.test.FreeColTestCase.getStandardGame(FreeColTestCase.java:149)
	at net.sf.freecol.common.model.UnitTest.testElement(UnitTest.java:592)
	at junit.extensions.TestDecorator.basicRun(TestDecorator.java:23)
	at junit.extensions.TestSetup$1.protect(TestSetup.java:23)
	at junit.extensions.TestSetup.run(TestSetup.java:27)
</error>
  </testcase>
  <testcase classname="net.sf.freecol.common.model.UnitTest" name="testUnitLosesExperienceWithRoleChange" time="0.001">
    <error type="java.lang.NullPointerException">java.lang.NullPointerException
	at net.sf.freecol.common.model.Player.getUnits(Player.java:1833)
	at net.sf.freecol.common.model.Player$UnitIterator.update(Player.java:218)
	at net.sf.freecol.common.model.Player$UnitIterator.&lt;init&gt;(Player.java:208)
	at net.sf.freecol.common.model.Player.&lt;init&gt;(Player.java:342)
	at net.sf.freecol.server.model.ServerPlayer.&lt;init&gt;(ServerPlayer.java:179)
	at net.sf.freecol.util.test.FreeColTestCase.getStandardGame(FreeColTestCase.java:173)
	at net.sf.freecol.util.test.FreeColTestCase.getStandardGame(FreeColTestCase.java:149)
	at net.sf.freecol.common.model.UnitTest.testUnitLosesExperienceWithRoleChange(UnitTest.java:409)
	at junit.extensions.TestDecorator.basicRun(TestDecorator.java:23)
	at junit.extensions.TestSetup$1.protect(TestSetup.java:23)
	at junit.extensions.TestSetup.run(TestSetup.java:27)
</error>
  </testcase>
  <testcase classname="net.sf.freecol.common.model.UnitTest" name="testUnitAvailability" time="0.001">
    <error type="java.lang.NullPointerException">java.lang.NullPointerException
	at net.sf.freecol.common.model.Player.getUnits(Player.java:1833)
	at net.sf.freecol.common.model.Player$UnitIterator.update(Player.java:218)
	at net.sf.freecol.common.model.Player$UnitIterator.&lt;init&gt;(Player.java:208)
	at net.sf.freecol.common.model.Player.&lt;init&gt;(Player.java:342)
	at net.sf.freecol.server.model.ServerPlayer.&lt;init&gt;(ServerPlayer.java:179)
	at net.sf.freecol.util.test.FreeColTestCase.getStandardGame(FreeColTestCase.java:173)
	at net.sf.freecol.util.test.FreeColTestCase.getStandardGame(FreeColTestCase.java:149)
	at net.sf.freecol.common.model.UnitTest.testUnitAvailability(UnitTest.java:337)
	at junit.extensions.TestDecorator.basicRun(TestDecorator.java:23)
	at junit.extensions.TestSetup$1.protect(TestSetup.java:23)
	at junit.extensions.TestSetup.run(TestSetup.java:27)
</error>
  </testcase>
  <testcase classname="net.sf.freecol.common.model.UnitTest" name="testOwnerChange" time="0.001">
    <error type="java.lang.NullPointerException">java.lang.NullPointerException
	at net.sf.freecol.common.model.Player.getUnits(Player.java:1833)
	at net.sf.freecol.common.model.Player$UnitIterator.update(Player.java:218)
	at net.sf.freecol.common.model.Player$UnitIterator.&lt;init&gt;(Player.java:208)
	at net.sf.freecol.common.model.Player.&lt;init&gt;(Player.java:342)
	at net.sf.freecol.server.model.ServerPlayer.&lt;init&gt;(ServerPlayer.java:179)
	at net.sf.freecol.util.test.FreeColTestCase.getStandardGame(FreeColTestCase.java:173)
	at net.sf.freecol.util.test.FreeColTestCase.getStandardGame(FreeColTestCase.java:149)
	at net.sf.freecol.common.model.UnitTest.testOwnerChange(UnitTest.java:433)
	at junit.extensions.TestDecorator.basicRun(TestDecorator.java:23)
	at junit.extensions.TestSetup$1.protect(TestSetup.java:23)
	at junit.extensions.TestSetup.run(TestSetup.java:27)
</error>
  </testcase>
  <testcase classname="net.sf.freecol.common.model.UnitTest" name="testIndianDies" time="0.001">
    <error type="java.lang.NullPointerException">java.lang.NullPointerException
	at net.sf.freecol.common.model.Player.getUnits(Player.java:1833)
	at net.sf.freecol.common.model.Player$UnitIterator.update(Player.java:218)
	at net.sf.freecol.common.model.Player$UnitIterator.&lt;init&gt;(Player.java:208)
	at net.sf.freecol.common.model.Player.&lt;init&gt;(Player.java:342)
	at net.sf.freecol.server.model.ServerPlayer.&lt;init&gt;(ServerPlayer.java:179)
	at net.sf.freecol.util.test.FreeColTestCase.getStandardGame(FreeColTestCase.java:173)
	at net.sf.freecol.util.test.FreeColTestCase.getStandardGame(FreeColTestCase.java:149)
	at net.sf.freecol.common.model.UnitTest.testIndianDies(UnitTest.java:305)
	at junit.extensions.TestDecorator.basicRun(TestDecorator.java:23)
	at junit.extensions.TestSetup$1.protect(TestSetup.java:23)
	at junit.extensions.TestSetup.run(TestSetup.java:27)
</error>
  </testcase>
  <testcase classname="net.sf.freecol.common.model.UnitTest" name="testGetMovesAsString" time="0.001">
    <error type="java.lang.NullPointerException">java.lang.NullPointerException
	at net.sf.freecol.common.model.Player.getUnits(Player.java:1833)
	at net.sf.freecol.common.model.Player$UnitIterator.update(Player.java:218)
	at net.sf.freecol.common.model.Player$UnitIterator.&lt;init&gt;(Player.java:208)
	at net.sf.freecol.common.model.Player.&lt;init&gt;(Player.java:342)
	at net.sf.freecol.server.model.ServerPlayer.&lt;init&gt;(ServerPlayer.java:179)
	at net.sf.freecol.util.test.FreeColTestCase.getStandardGame(FreeColTestCase.java:173)
	at net.sf.freecol.util.test.FreeColTestCase.getStandardGame(FreeColTestCase.java:149)
	at net.sf.freecol.common.model.UnitTest.testGetMovesAsString(UnitTest.java:503)
	at junit.extensions.TestDecorator.basicRun(TestDecorator.java:23)
	at junit.extensions.TestSetup$1.protect(TestSetup.java:23)
	at junit.extensions.TestSetup.run(TestSetup.java:27)
</error>
  </testcase>
  <testcase classname="net.sf.freecol.common.model.UnitTest" name="testCopy" time="0.0">
    <error type="java.lang.NullPointerException">java.lang.NullPointerException
	at net.sf.freecol.common.model.Player.getUnits(Player.java:1833)
	at net.sf.freecol.common.model.Player$UnitIterator.update(Player.java:218)
	at net.sf.freecol.common.model.Player$UnitIterator.&lt;init&gt;(Player.java:208)
	at net.sf.freecol.common.model.Player.&lt;init&gt;(Player.java:342)
	at net.sf.freecol.server.model.ServerPlayer.&lt;init&gt;(ServerPlayer.java:179)
	at net.sf.freecol.util.test.FreeColTestCase.getStandardGame(FreeColTestCase.java:173)
	at net.sf.freecol.util.test.FreeColTestCase.getStandardGame(FreeColTestCase.java:149)
	at net.sf.freecol.common.model.UnitTest.testCopy(UnitTest.java:561)
	at junit.extensions.TestDecorator.basicRun(TestDecorator.java:23)
	at junit.extensions.TestSetup$1.protect(TestSetup.java:23)
	at junit.extensions.TestSetup.run(TestSetup.java:27)
</error>
  </testcase>
  <testcase classname="net.sf.freecol.common.model.UnitTest" name="testDefaultRole" time="0.0" />
  <testcase classname="net.sf.freecol.common.model.UnitTest" name="testMissionary" time="0.001">
    <error type="java.lang.NullPointerException">java.lang.NullPointerException
	at net.sf.freecol.common.model.Player.getUnits(Player.java:1833)
	at net.sf.freecol.common.model.Player$UnitIterator.update(Player.java:218)
	at net.sf.freecol.common.model.Player$UnitIterator.&lt;init&gt;(Player.java:208)
	at net.sf.freecol.common.model.Player.&lt;init&gt;(Player.java:342)
	at net.sf.freecol.server.model.ServerPlayer.&lt;init&gt;(ServerPlayer.java:179)
	at net.sf.freecol.util.test.FreeColTestCase.getStandardGame(FreeColTestCase.java:173)
	at net.sf.freecol.util.test.FreeColTestCase.getStandardGame(FreeColTestCase.java:149)
	at net.sf.freecol.common.model.UnitTest.testMissionary(UnitTest.java:204)
	at junit.extensions.TestDecorator.basicRun(TestDecorator.java:23)
	at junit.extensions.TestSetup$1.protect(TestSetup.java:23)
	at junit.extensions.TestSetup.run(TestSetup.java:27)
</error>
  </testcase>
  <testcase classname="net.sf.freecol.common.model.UnitTest" name="testUnitCanBuildColony" time="0.0">
    <error type="java.lang.NullPointerException">java.lang.NullPointerException
	at net.sf.freecol.common.model.Player.getUnits(Player.java:1833)
	at net.sf.freecol.common.model.Player$UnitIterator.update(Player.java:218)
	at net.sf.freecol.common.model.Player$UnitIterator.&lt;init&gt;(Player.java:208)
	at net.sf.freecol.common.model.Player.&lt;init&gt;(Player.java:342)
	at net.sf.freecol.server.model.ServerPlayer.&lt;init&gt;(ServerPlayer.java:179)
	at net.sf.freecol.util.test.FreeColTestCase.getStandardGame(FreeColTestCase.java:173)
	at net.sf.freecol.util.test.FreeColTestCase.getStandardGame(FreeColTestCase.java:149)
	at net.sf.freecol.common.model.UnitTest.testUnitCanBuildColony(UnitTest.java:273)
	at junit.extensions.TestDecorator.basicRun(TestDecorator.java:23)
	at junit.extensions.TestSetup$1.protect(TestSetup.java:23)
	at junit.extensions.TestSetup.run(TestSetup.java:27)
</error>
  </testcase>
  <testcase classname="net.sf.freecol.common.model.UnitTest" name="testCarrierOwnerChange" time="0.001">
    <error type="java.lang.NullPointerException">java.lang.NullPointerException
	at net.sf.freecol.common.model.Player.getUnits(Player.java:1833)
	at net.sf.freecol.common.model.Player$UnitIterator.update(Player.java:218)
	at net.sf.freecol.common.model.Player$UnitIterator.&lt;init&gt;(Player.java:208)
	at net.sf.freecol.common.model.Player.&lt;init&gt;(Player.java:342)
	at net.sf.freecol.server.model.ServerPlayer.&lt;init&gt;(ServerPlayer.java:179)
	at net.sf.freecol.util.test.FreeColTestCase.getStandardGame(FreeColTestCase.java:173)
	at net.sf.freecol.util.test.FreeColTestCase.getStandardGame(FreeColTestCase.java:149)
	at net.sf.freecol.common.model.UnitTest.testCarrierOwnerChange(UnitTest.java:460)
	at junit.extensions.TestDecorator.basicRun(TestDecorator.java:23)
	at junit.extensions.TestSetup$1.protect(TestSetup.java:23)
	at junit.extensions.TestSetup.run(TestSetup.java:27)
</error>
  </testcase>
  <testcase classname="net.sf.freecol.common.model.UnitTest" name="testTreasureTransportFee" time="0.001">
    <error type="java.lang.NullPointerException">java.lang.NullPointerException
	at net.sf.freecol.common.model.Player.getUnits(Player.java:1833)
	at net.sf.freecol.common.model.Player$UnitIterator.update(Player.java:218)
	at net.sf.freecol.common.model.Player$UnitIterator.&lt;init&gt;(Player.java:208)
	at net.sf.freecol.common.model.Player.&lt;init&gt;(Player.java:342)
	at net.sf.freecol.server.model.ServerPlayer.&lt;init&gt;(ServerPlayer.java:179)
	at net.sf.freecol.util.test.FreeColTestCase.getStandardGame(FreeColTestCase.java:173)
	at net.sf.freecol.util.test.FreeColTestCase.getStandardGame(FreeColTestCase.java:149)
	at net.sf.freecol.common.model.UnitTest.testTreasureTransportFee(UnitTest.java:526)
	at junit.extensions.TestDecorator.basicRun(TestDecorator.java:23)
	at junit.extensions.TestSetup$1.protect(TestSetup.java:23)
	at junit.extensions.TestSetup.run(TestSetup.java:27)
</error>
  </testcase>
  <testcase classname="net.sf.freecol.common.model.UnitTest" name="testFailedAddGoods" time="0.001">
    <error type="java.lang.NullPointerException">java.lang.NullPointerException
	at net.sf.freecol.common.model.Player.getUnits(Player.java:1833)
	at net.sf.freecol.common.model.Player$UnitIterator.update(Player.java:218)
	at net.sf.freecol.common.model.Player$UnitIterator.&lt;init&gt;(Player.java:208)
	at net.sf.freecol.common.model.Player.&lt;init&gt;(Player.java:342)
	at net.sf.freecol.server.model.ServerPlayer.&lt;init&gt;(ServerPlayer.java:179)
	at net.sf.freecol.util.test.FreeColTestCase.getStandardGame(FreeColTestCase.java:173)
	at net.sf.freecol.util.test.FreeColTestCase.getStandardGame(FreeColTestCase.java:149)
	at net.sf.freecol.common.model.UnitTest.testFailedAddGoods(UnitTest.java:174)
	at junit.extensions.TestDecorator.basicRun(TestDecorator.java:23)
	at junit.extensions.TestSetup$1.protect(TestSetup.java:23)
	at junit.extensions.TestSetup.run(TestSetup.java:27)
</error>
  </testcase>
  <testcase classname="net.sf.freecol.common.model.UnitTest" name="testGetLineOfSight" time="0.001">
    <error type="java.lang.NullPointerException">java.lang.NullPointerException
	at net.sf.freecol.common.model.Player.getUnits(Player.java:1833)
	at net.sf.freecol.common.model.Player$UnitIterator.update(Player.java:218)
	at net.sf.freecol.common.model.Player$UnitIterator.&lt;init&gt;(Player.java:208)
	at net.sf.freecol.common.model.Player.&lt;init&gt;(Player.java:342)
	at net.sf.freecol.server.model.ServerPlayer.&lt;init&gt;(ServerPlayer.java:179)
	at net.sf.freecol.util.test.FreeColTestCase.getStandardGame(FreeColTestCase.java:173)
	at net.sf.freecol.util.test.FreeColTestCase.getStandardGame(FreeColTestCase.java:149)
	at net.sf.freecol.common.model.UnitTest.testGetLineOfSight(UnitTest.java:241)
	at junit.extensions.TestDecorator.basicRun(TestDecorator.java:23)
	at junit.extensions.TestSetup$1.protect(TestSetup.java:23)
	at junit.extensions.TestSetup.run(TestSetup.java:27)
</error>
  </testcase>
  <testcase classname="net.sf.freecol.common.model.UnitTest" name="testCanAdd" time="0.001">
    <error type="java.lang.NullPointerException">java.lang.NullPointerException
	at net.sf.freecol.common.model.Player.getUnits(Player.java:1833)
	at net.sf.freecol.common.model.Player$UnitIterator.update(Player.java:218)
	at net.sf.freecol.common.model.Player$UnitIterator.&lt;init&gt;(Player.java:208)
	at net.sf.freecol.common.model.Player.&lt;init&gt;(Player.java:342)
	at net.sf.freecol.server.model.ServerPlayer.&lt;init&gt;(ServerPlayer.java:179)
	at net.sf.freecol.util.test.FreeColTestCase.getStandardGame(FreeColTestCase.java:173)
	at net.sf.freecol.util.test.FreeColTestCase.getStandardGame(FreeColTestCase.java:149)
	at net.sf.freecol.common.model.UnitTest.testCanAdd(UnitTest.java:126)
	at junit.extensions.TestDecorator.basicRun(TestDecorator.java:23)
	at junit.extensions.TestSetup$1.protect(TestSetup.java:23)
	at junit.extensions.TestSetup.run(TestSetup.java:27)
</error>
  </testcase>
  <testcase classname="net.sf.freecol.common.model.UnitTest" name="testUnitLocationAfterBuildingColony" time="0.001">
    <error type="java.lang.NullPointerException">java.lang.NullPointerException
	at net.sf.freecol.common.model.Player.getUnits(Player.java:1833)
	at net.sf.freecol.common.model.Player$UnitIterator.update(Player.java:218)
	at net.sf.freecol.common.model.Player$UnitIterator.&lt;init&gt;(Player.java:208)
	at net.sf.freecol.common.model.Player.&lt;init&gt;(Player.java:342)
	at net.sf.freecol.server.model.ServerPlayer.&lt;init&gt;(ServerPlayer.java:179)
	at net.sf.freecol.util.test.FreeColTestCase.getStandardGame(FreeColTestCase.java:173)
	at net.sf.freecol.util.test.FreeColTestCase.getStandardGame(FreeColTestCase.java:149)
	at net.sf.freecol.common.model.UnitTest.testUnitLocationAfterBuildingColony(UnitTest.java:363)
	at junit.extensions.TestDecorator.basicRun(TestDecorator.java:23)
	at junit.extensions.TestSetup$1.protect(TestSetup.java:23)
	at junit.extensions.TestSetup.run(TestSetup.java:27)
</error>
  </testcase>
  <testcase classname="net.sf.freecol.common.model.UnitTypeChangeTest" name="testEmptyScope" time="0.001">
    <error type="java.lang.NullPointerException">java.lang.NullPointerException
	at net.sf.freecol.common.model.Player.getUnits(Player.java:1833)
	at net.sf.freecol.common.model.Player$UnitIterator.update(Player.java:218)
	at net.sf.freecol.common.model.Player$UnitIterator.&lt;init&gt;(Player.java:208)
	at net.sf.freecol.common.model.Player.&lt;init&gt;(Player.java:342)
	at net.sf.freecol.server.model.ServerPlayer.&lt;init&gt;(ServerPlayer.java:179)
	at net.sf.freecol.util.test.FreeColTestCase.getStandardGame(FreeColTestCase.java:173)
	at net.sf.freecol.util.test.FreeColTestCase.getStandardGame(FreeColTestCase.java:149)
	at net.sf.freecol.common.model.UnitTypeChangeTest.testEmptyScope(UnitTypeChangeTest.java:43)
	at junit.extensions.TestDecorator.basicRun(TestDecorator.java:23)
	at junit.extensions.TestSetup$1.protect(TestSetup.java:23)
	at junit.extensions.TestSetup.run(TestSetup.java:27)
</error>
  </testcase>
  <testcase classname="net.sf.freecol.common.model.UnitTypeChangeTest" name="testCreation" time="0.001">
    <error type="java.lang.NullPointerException">java.lang.NullPointerException
	at net.sf.freecol.common.model.Player.getUnits(Player.java:1833)
	at net.sf.freecol.common.model.Player$UnitIterator.update(Player.java:218)
	at net.sf.freecol.common.model.Player$UnitIterator.&lt;init&gt;(Player.java:208)
	at net.sf.freecol.common.model.Player.&lt;init&gt;(Player.java:342)
	at net.sf.freecol.server.model.ServerPlayer.&lt;init&gt;(ServerPlayer.java:179)
	at net.sf.freecol.util.test.FreeColTestCase.getStandardGame(FreeColTestCase.java:173)
	at net.sf.freecol.util.test.FreeColTestCase.getStandardGame(FreeColTestCase.java:149)
	at net.sf.freecol.common.model.UnitTypeChangeTest.testCreation(UnitTypeChangeTest.java:86)
	at junit.extensions.TestDecorator.basicRun(TestDecorator.java:23)
	at junit.extensions.TestSetup$1.protect(TestSetup.java:23)
	at junit.extensions.TestSetup.run(TestSetup.java:27)
</error>
  </testcase>
  <testcase classname="net.sf.freecol.common.model.UnitTypeChangeTest" name="testAbilityScope" time="0.0">
    <error type="java.lang.NullPointerException">java.lang.NullPointerException
	at net.sf.freecol.common.model.Player.getUnits(Player.java:1833)
	at net.sf.freecol.common.model.Player$UnitIterator.update(Player.java:218)
	at net.sf.freecol.common.model.Player$UnitIterator.&lt;init&gt;(Player.java:208)
	at net.sf.freecol.common.model.Player.&lt;init&gt;(Player.java:342)
	at net.sf.freecol.server.model.ServerPlayer.&lt;init&gt;(ServerPlayer.java:179)
	at net.sf.freecol.util.test.FreeColTestCase.getStandardGame(FreeColTestCase.java:173)
	at net.sf.freecol.util.test.FreeColTestCase.getStandardGame(FreeColTestCase.java:149)
	at net.sf.freecol.common.model.UnitTypeChangeTest.testAbilityScope(UnitTypeChangeTest.java:50)
	at junit.extensions.TestDecorator.basicRun(TestDecorator.java:23)
	at junit.extensions.TestSetup$1.protect(TestSetup.java:23)
	at junit.extensions.TestSetup.run(TestSetup.java:27)
</error>
  </testcase>
  <testcase classname="net.sf.freecol.common.model.UnitTypeChangeTest" name="testEquality" time="0.001" />
  <testcase classname="net.sf.freecol.common.utils.UtilsTest" name="testComparator" time="0.0" />
  <testcase classname="net.sf.freecol.common.utils.UtilsTest" name="testGetPermutations" time="0.005" />
  <testcase classname="net.sf.freecol.common.sound.SoundTest" name="testSound" time="2.884" />
  <testcase classname="net.sf.freecol.common.sound.SoundTest" name="testClassic" time="3.389" />
  <testcase classname="net.sf.freecol.server.SaveLoadTest" name="testDelayedLoading" time="0.169">
    <error type="java.lang.NullPointerException">java.lang.NullPointerException
	at net.sf.freecol.common.model.Player.isAI(Player.java:882)
	at net.sf.freecol.server.ai.AIMain.shouldHaveAIObject(AIMain.java:155)
	at net.sf.freecol.server.ai.AIMain.setFreeColGameObject(AIMain.java:377)
	at net.sf.freecol.common.model.Game.notifySetFreeColGameObject(Game.java:901)
	at net.sf.freecol.common.model.Game.setFreeColGameObject(Game.java:353)
	at net.sf.freecol.common.model.FreeColGameObject.internId(FreeColGameObject.java:265)
	at net.sf.freecol.common.model.FreeColGameObject.&lt;init&gt;(FreeColGameObject.java:69)
	at net.sf.freecol.common.model.Player.&lt;init&gt;(Player.java:361)
	at net.sf.freecol.server.model.ServerPlayer.&lt;init&gt;(ServerPlayer.java:179)
	at net.sf.freecol.server.FreeColServer.makeAIPlayer(FreeColServer.java:1197)
	at net.sf.freecol.server.FreeColServer.buildGame(FreeColServer.java:1141)
	at net.sf.freecol.server.control.PreGameController.startGame(PreGameController.java:78)
	at net.sf.freecol.server.ServerTestHelper.createRandomSaveGame(ServerTestHelper.java:135)
	at net.sf.freecol.server.SaveLoadTest.testDelayedLoading(SaveLoadTest.java:42)
	at junit.extensions.TestDecorator.basicRun(TestDecorator.java:23)
	at junit.extensions.TestSetup$1.protect(TestSetup.java:23)
	at junit.extensions.TestSetup.run(TestSetup.java:27)
</error>
  </testcase>
  <testcase classname="net.sf.freecol.server.SaveLoadTest" name="testImmediateLoading" time="0.002">
    <error type="java.lang.NullPointerException">java.lang.NullPointerException
	at net.sf.freecol.common.model.Player.isAI(Player.java:882)
	at net.sf.freecol.server.ai.AIMain.shouldHaveAIObject(AIMain.java:155)
	at net.sf.freecol.server.ai.AIMain.setFreeColGameObject(AIMain.java:377)
	at net.sf.freecol.common.model.Game.notifySetFreeColGameObject(Game.java:901)
	at net.sf.freecol.common.model.Game.setFreeColGameObject(Game.java:353)
	at net.sf.freecol.common.model.FreeColGameObject.internId(FreeColGameObject.java:265)
	at net.sf.freecol.common.model.FreeColGameObject.&lt;init&gt;(FreeColGameObject.java:69)
	at net.sf.freecol.common.model.Player.&lt;init&gt;(Player.java:361)
	at net.sf.freecol.server.model.ServerPlayer.&lt;init&gt;(ServerPlayer.java:179)
	at net.sf.freecol.server.FreeColServer.makeAIPlayer(FreeColServer.java:1197)
	at net.sf.freecol.server.FreeColServer.buildGame(FreeColServer.java:1141)
	at net.sf.freecol.server.control.PreGameController.startGame(PreGameController.java:78)
	at net.sf.freecol.server.ServerTestHelper.createRandomSaveGame(ServerTestHelper.java:135)
	at net.sf.freecol.server.SaveLoadTest.testImmediateLoading(SaveLoadTest.java:59)
	at junit.extensions.TestDecorator.basicRun(TestDecorator.java:23)
	at junit.extensions.TestSetup$1.protect(TestSetup.java:23)
	at junit.extensions.TestSetup.run(TestSetup.java:27)
</error>
  </testcase>
  <testcase classname="net.sf.freecol.server.SaveLoadTest" name="testImport" time="0.001">
    <error type="java.lang.NullPointerException">java.lang.NullPointerException
	at net.sf.freecol.common.model.Player.isAI(Player.java:882)
	at net.sf.freecol.server.ai.AIMain.shouldHaveAIObject(AIMain.java:155)
	at net.sf.freecol.server.ai.AIMain.setFreeColGameObject(AIMain.java:377)
	at net.sf.freecol.common.model.Game.notifySetFreeColGameObject(Game.java:901)
	at net.sf.freecol.common.model.Game.setFreeColGameObject(Game.java:353)
	at net.sf.freecol.common.model.FreeColGameObject.internId(FreeColGameObject.java:265)
	at net.sf.freecol.common.model.FreeColGameObject.&lt;init&gt;(FreeColGameObject.java:69)
	at net.sf.freecol.common.model.Player.&lt;init&gt;(Player.java:361)
	at net.sf.freecol.server.model.ServerPlayer.&lt;init&gt;(ServerPlayer.java:179)
	at net.sf.freecol.server.FreeColServer.makeAIPlayer(FreeColServer.java:1197)
	at net.sf.freecol.server.FreeColServer.buildGame(FreeColServer.java:1141)
	at net.sf.freecol.server.control.PreGameController.startGame(PreGameController.java:78)
	at net.sf.freecol.server.ServerTestHelper.createRandomSaveGame(ServerTestHelper.java:135)
	at net.sf.freecol.server.SaveLoadTest.testImport(SaveLoadTest.java:69)
	at junit.extensions.TestDecorator.basicRun(TestDecorator.java:23)
	at junit.extensions.TestSetup$1.protect(TestSetup.java:23)
	at junit.extensions.TestSetup.run(TestSetup.java:27)
</error>
  </testcase>
  <testcase classname="net.sf.freecol.server.ai.AIColonyTest" name="testBuildersAllocation" time="0.0">
    <error type="java.lang.NullPointerException">java.lang.NullPointerException
	at net.sf.freecol.common.model.Player.getUnits(Player.java:1833)
	at net.sf.freecol.common.model.Player$UnitIterator.update(Player.java:218)
	at net.sf.freecol.common.model.Player$UnitIterator.&lt;init&gt;(Player.java:208)
	at net.sf.freecol.common.model.Player.&lt;init&gt;(Player.java:342)
	at net.sf.freecol.server.model.ServerPlayer.&lt;init&gt;(ServerPlayer.java:179)
	at net.sf.freecol.util.test.FreeColTestCase.getStandardGame(FreeColTestCase.java:173)
	at net.sf.freecol.util.test.FreeColTestCase.getStandardGame(FreeColTestCase.java:149)
	at net.sf.freecol.util.test.FreeColTestCase.getGame(FreeColTestCase.java:100)
	at net.sf.freecol.util.test.FreeColTestCase.getTestMap(FreeColTestCase.java:209)
	at net.sf.freecol.server.ai.AIColonyTest.testBuildersAllocation(AIColonyTest.java:136)
	at junit.extensions.TestDecorator.basicRun(TestDecorator.java:23)
	at junit.extensions.TestSetup$1.protect(TestSetup.java:23)
	at junit.extensions.TestSetup.run(TestSetup.java:27)
</error>
  </testcase>
  <testcase classname="net.sf.freecol.server.ai.AIColonyTest" name="testBestDefender" time="0.001">
    <error type="java.lang.NullPointerException">java.lang.NullPointerException
	at net.sf.freecol.common.model.Player.getUnits(Player.java:1833)
	at net.sf.freecol.common.model.Player$UnitIterator.update(Player.java:218)
	at net.sf.freecol.common.model.Player$UnitIterator.&lt;init&gt;(Player.java:208)
	at net.sf.freecol.common.model.Player.&lt;init&gt;(Player.java:342)
	at net.sf.freecol.server.model.ServerPlayer.&lt;init&gt;(ServerPlayer.java:179)
	at net.sf.freecol.util.test.FreeColTestCase.getStandardGame(FreeColTestCase.java:173)
	at net.sf.freecol.util.test.FreeColTestCase.getStandardGame(FreeColTestCase.java:149)
	at net.sf.freecol.util.test.FreeColTestCase.getGame(FreeColTestCase.java:100)
	at net.sf.freecol.util.test.FreeColTestCase.getTestMap(FreeColTestCase.java:209)
	at net.sf.freecol.server.ai.AIColonyTest.testBestDefender(AIColonyTest.java:356)
	at junit.extensions.TestDecorator.basicRun(TestDecorator.java:23)
	at junit.extensions.TestSetup$1.protect(TestSetup.java:23)
	at junit.extensions.TestSetup.run(TestSetup.java:27)
</error>
  </testcase>
  <testcase classname="net.sf.freecol.server.ai.AIColonyTest" name="testBuildersAllocNoRawMatTiles" time="0.0">
    <error type="java.lang.NullPointerException">java.lang.NullPointerException
	at net.sf.freecol.common.model.Player.getUnits(Player.java:1833)
	at net.sf.freecol.common.model.Player$UnitIterator.update(Player.java:218)
	at net.sf.freecol.common.model.Player$UnitIterator.&lt;init&gt;(Player.java:208)
	at net.sf.freecol.common.model.Player.&lt;init&gt;(Player.java:342)
	at net.sf.freecol.server.model.ServerPlayer.&lt;init&gt;(ServerPlayer.java:179)
	at net.sf.freecol.util.test.FreeColTestCase.getStandardGame(FreeColTestCase.java:173)
	at net.sf.freecol.util.test.FreeColTestCase.getStandardGame(FreeColTestCase.java:149)
	at net.sf.freecol.util.test.FreeColTestCase.getGame(FreeColTestCase.java:100)
	at net.sf.freecol.util.test.FreeColTestCase.getTestMap(FreeColTestCase.java:209)
	at net.sf.freecol.server.ai.AIColonyTest.testBuildersAllocNoRawMatTiles(AIColonyTest.java:215)
	at junit.extensions.TestDecorator.basicRun(TestDecorator.java:23)
	at junit.extensions.TestSetup$1.protect(TestSetup.java:23)
	at junit.extensions.TestSetup.run(TestSetup.java:27)
</error>
  </testcase>
  <testcase classname="net.sf.freecol.server.ai.AIColonyTest" name="testExpertAllocColonyHasEnoughRawMat" time="0.0">
    <error type="java.lang.NullPointerException">java.lang.NullPointerException
	at net.sf.freecol.common.model.Player.getUnits(Player.java:1833)
	at net.sf.freecol.common.model.Player$UnitIterator.update(Player.java:218)
	at net.sf.freecol.common.model.Player$UnitIterator.&lt;init&gt;(Player.java:208)
	at net.sf.freecol.common.model.Player.&lt;init&gt;(Player.java:342)
	at net.sf.freecol.server.model.ServerPlayer.&lt;init&gt;(ServerPlayer.java:179)
	at net.sf.freecol.util.test.FreeColTestCase.getStandardGame(FreeColTestCase.java:173)
	at net.sf.freecol.util.test.FreeColTestCase.getStandardGame(FreeColTestCase.java:149)
	at net.sf.freecol.util.test.FreeColTestCase.getGame(FreeColTestCase.java:100)
	at net.sf.freecol.util.test.FreeColTestCase.getTestMap(FreeColTestCase.java:209)
	at net.sf.freecol.server.ai.AIColonyTest.testExpertAllocColonyHasEnoughRawMat(AIColonyTest.java:326)
	at junit.extensions.TestDecorator.basicRun(TestDecorator.java:23)
	at junit.extensions.TestSetup$1.protect(TestSetup.java:23)
	at junit.extensions.TestSetup.run(TestSetup.java:27)
</error>
  </testcase>
  <testcase classname="net.sf.freecol.server.ai.ContactTest" name="testNativeMeetsEuropean" time="0.001">
    <error type="java.lang.NullPointerException">java.lang.NullPointerException
	at net.sf.freecol.common.model.Player.getUnits(Player.java:1833)
	at net.sf.freecol.common.model.Player$UnitIterator.update(Player.java:218)
	at net.sf.freecol.common.model.Player$UnitIterator.&lt;init&gt;(Player.java:208)
	at net.sf.freecol.common.model.Player.&lt;init&gt;(Player.java:342)
	at net.sf.freecol.server.model.ServerPlayer.&lt;init&gt;(ServerPlayer.java:179)
	at net.sf.freecol.util.test.FreeColTestCase.getStandardGame(FreeColTestCase.java:173)
	at net.sf.freecol.util.test.FreeColTestCase.getStandardGame(FreeColTestCase.java:149)
	at net.sf.freecol.util.test.FreeColTestCase.getGame(FreeColTestCase.java:100)
	at net.sf.freecol.util.test.FreeColTestCase.getTestMap(FreeColTestCase.java:209)
	at net.sf.freecol.server.ai.ContactTest.testNativeMeetsEuropean(ContactTest.java:192)
	at junit.extensions.TestDecorator.basicRun(TestDecorator.java:23)
	at junit.extensions.TestSetup$1.protect(TestSetup.java:23)
	at junit.extensions.TestSetup.run(TestSetup.java:27)
</error>
  </testcase>
  <testcase classname="net.sf.freecol.server.ai.ContactTest" name="testNativeMeetsColony" time="0.001">
    <error type="java.lang.NullPointerException">java.lang.NullPointerException
	at net.sf.freecol.common.model.Player.getUnits(Player.java:1833)
	at net.sf.freecol.common.model.Player$UnitIterator.update(Player.java:218)
	at net.sf.freecol.common.model.Player$UnitIterator.&lt;init&gt;(Player.java:208)
	at net.sf.freecol.common.model.Player.&lt;init&gt;(Player.java:342)
	at net.sf.freecol.server.model.ServerPlayer.&lt;init&gt;(ServerPlayer.java:179)
	at net.sf.freecol.util.test.FreeColTestCase.getStandardGame(FreeColTestCase.java:173)
	at net.sf.freecol.util.test.FreeColTestCase.getStandardGame(FreeColTestCase.java:149)
	at net.sf.freecol.util.test.FreeColTestCase.getGame(FreeColTestCase.java:100)
	at net.sf.freecol.util.test.FreeColTestCase.getTestMap(FreeColTestCase.java:209)
	at net.sf.freecol.server.ai.ContactTest.testNativeMeetsColony(ContactTest.java:249)
	at junit.extensions.TestDecorator.basicRun(TestDecorator.java:23)
	at junit.extensions.TestSetup$1.protect(TestSetup.java:23)
	at junit.extensions.TestSetup.run(TestSetup.java:27)
</error>
  </testcase>
  <testcase classname="net.sf.freecol.server.ai.ContactTest" name="testShipMeetsShip" time="0.0">
    <error type="java.lang.NullPointerException">java.lang.NullPointerException
	at net.sf.freecol.common.model.Player.getUnits(Player.java:1833)
	at net.sf.freecol.common.model.Player$UnitIterator.update(Player.java:218)
	at net.sf.freecol.common.model.Player$UnitIterator.&lt;init&gt;(Player.java:208)
	at net.sf.freecol.common.model.Player.&lt;init&gt;(Player.java:342)
	at net.sf.freecol.server.model.ServerPlayer.&lt;init&gt;(ServerPlayer.java:179)
	at net.sf.freecol.util.test.FreeColTestCase.getStandardGame(FreeColTestCase.java:173)
	at net.sf.freecol.util.test.FreeColTestCase.getStandardGame(FreeColTestCase.java:149)
	at net.sf.freecol.util.test.FreeColTestCase.getGame(FreeColTestCase.java:100)
	at net.sf.freecol.util.test.FreeColTestCase.getTestMap(FreeColTestCase.java:209)
	at net.sf.freecol.server.ai.ContactTest.testShipMeetsShip(ContactTest.java:305)
	at junit.extensions.TestDecorator.basicRun(TestDecorator.java:23)
	at junit.extensions.TestSetup$1.protect(TestSetup.java:23)
	at junit.extensions.TestSetup.run(TestSetup.java:27)
</error>
  </testcase>
  <testcase classname="net.sf.freecol.server.ai.ContactTest" name="testNativeMeetsNative" time="0.001">
    <error type="java.lang.NullPointerException">java.lang.NullPointerException
	at net.sf.freecol.common.model.Player.getUnits(Player.java:1833)
	at net.sf.freecol.common.model.Player$UnitIterator.update(Player.java:218)
	at net.sf.freecol.common.model.Player$UnitIterator.&lt;init&gt;(Player.java:208)
	at net.sf.freecol.common.model.Player.&lt;init&gt;(Player.java:342)
	at net.sf.freecol.server.model.ServerPlayer.&lt;init&gt;(ServerPlayer.java:179)
	at net.sf.freecol.util.test.FreeColTestCase.getStandardGame(FreeColTestCase.java:173)
	at net.sf.freecol.util.test.FreeColTestCase.getStandardGame(FreeColTestCase.java:149)
	at net.sf.freecol.util.test.FreeColTestCase.getGame(FreeColTestCase.java:100)
	at net.sf.freecol.util.test.FreeColTestCase.getTestMap(FreeColTestCase.java:209)
	at net.sf.freecol.server.ai.ContactTest.testNativeMeetsNative(ContactTest.java:222)
	at junit.extensions.TestDecorator.basicRun(TestDecorator.java:23)
	at junit.extensions.TestSetup$1.protect(TestSetup.java:23)
	at junit.extensions.TestSetup.run(TestSetup.java:27)
</error>
  </testcase>
  <testcase classname="net.sf.freecol.server.ai.ContactTest" name="testNativeMeetsIndianSettlement" time="0.001">
    <error type="java.lang.NullPointerException">java.lang.NullPointerException
	at net.sf.freecol.common.model.Player.getUnits(Player.java:1833)
	at net.sf.freecol.common.model.Player$UnitIterator.update(Player.java:218)
	at net.sf.freecol.common.model.Player$UnitIterator.&lt;init&gt;(Player.java:208)
	at net.sf.freecol.common.model.Player.&lt;init&gt;(Player.java:342)
	at net.sf.freecol.server.model.ServerPlayer.&lt;init&gt;(ServerPlayer.java:179)
	at net.sf.freecol.util.test.FreeColTestCase.getStandardGame(FreeColTestCase.java:173)
	at net.sf.freecol.util.test.FreeColTestCase.getStandardGame(FreeColTestCase.java:149)
	at net.sf.freecol.util.test.FreeColTestCase.getGame(FreeColTestCase.java:100)
	at net.sf.freecol.util.test.FreeColTestCase.getTestMap(FreeColTestCase.java:209)
	at net.sf.freecol.server.ai.ContactTest.testNativeMeetsIndianSettlement(ContactTest.java:277)
	at junit.extensions.TestDecorator.basicRun(TestDecorator.java:23)
	at junit.extensions.TestSetup$1.protect(TestSetup.java:23)
	at junit.extensions.TestSetup.run(TestSetup.java:27)
</error>
  </testcase>
  <testcase classname="net.sf.freecol.server.ai.ContactTest" name="testEuropeanMeetsIndianSettlement" time="0.001">
    <error type="java.lang.NullPointerException">java.lang.NullPointerException
	at net.sf.freecol.common.model.Player.getUnits(Player.java:1833)
	at net.sf.freecol.common.model.Player$UnitIterator.update(Player.java:218)
	at net.sf.freecol.common.model.Player$UnitIterator.&lt;init&gt;(Player.java:208)
	at net.sf.freecol.common.model.Player.&lt;init&gt;(Player.java:342)
	at net.sf.freecol.server.model.ServerPlayer.&lt;init&gt;(ServerPlayer.java:179)
	at net.sf.freecol.util.test.FreeColTestCase.getStandardGame(FreeColTestCase.java:173)
	at net.sf.freecol.util.test.FreeColTestCase.getStandardGame(FreeColTestCase.java:149)
	at net.sf.freecol.util.test.FreeColTestCase.getGame(FreeColTestCase.java:100)
	at net.sf.freecol.util.test.FreeColTestCase.getTestMap(FreeColTestCase.java:209)
	at net.sf.freecol.server.ai.ContactTest.testEuropeanMeetsIndianSettlement(ContactTest.java:159)
	at junit.extensions.TestDecorator.basicRun(TestDecorator.java:23)
	at junit.extensions.TestSetup$1.protect(TestSetup.java:23)
	at junit.extensions.TestSetup.run(TestSetup.java:27)
</error>
  </testcase>
  <testcase classname="net.sf.freecol.server.ai.ContactTest" name="testEuropeanMeetsNative" time="0.001">
    <error type="java.lang.NullPointerException">java.lang.NullPointerException
	at net.sf.freecol.common.model.Player.getUnits(Player.java:1833)
	at net.sf.freecol.common.model.Player$UnitIterator.update(Player.java:218)
	at net.sf.freecol.common.model.Player$UnitIterator.&lt;init&gt;(Player.java:208)
	at net.sf.freecol.common.model.Player.&lt;init&gt;(Player.java:342)
	at net.sf.freecol.server.model.ServerPlayer.&lt;init&gt;(ServerPlayer.java:179)
	at net.sf.freecol.util.test.FreeColTestCase.getStandardGame(FreeColTestCase.java:173)
	at net.sf.freecol.util.test.FreeColTestCase.getStandardGame(FreeColTestCase.java:149)
	at net.sf.freecol.util.test.FreeColTestCase.getGame(FreeColTestCase.java:100)
	at net.sf.freecol.util.test.FreeColTestCase.getTestMap(FreeColTestCase.java:209)
	at net.sf.freecol.server.ai.ContactTest.testEuropeanMeetsNative(ContactTest.java:94)
	at junit.extensions.TestDecorator.basicRun(TestDecorator.java:23)
	at junit.extensions.TestSetup$1.protect(TestSetup.java:23)
	at junit.extensions.TestSetup.run(TestSetup.java:27)
</error>
  </testcase>
  <testcase classname="net.sf.freecol.server.ai.ColonyPlanTest" name="testGetBestWorker" time="0.001">
    <error type="java.lang.NullPointerException">java.lang.NullPointerException
	at net.sf.freecol.common.model.Player.getUnits(Player.java:1833)
	at net.sf.freecol.common.model.Player$UnitIterator.update(Player.java:218)
	at net.sf.freecol.common.model.Player$UnitIterator.&lt;init&gt;(Player.java:208)
	at net.sf.freecol.common.model.Player.&lt;init&gt;(Player.java:342)
	at net.sf.freecol.server.model.ServerPlayer.&lt;init&gt;(ServerPlayer.java:179)
	at net.sf.freecol.util.test.FreeColTestCase.getStandardGame(FreeColTestCase.java:173)
	at net.sf.freecol.util.test.FreeColTestCase.getStandardGame(FreeColTestCase.java:149)
	at net.sf.freecol.util.test.FreeColTestCase.getGame(FreeColTestCase.java:100)
	at net.sf.freecol.util.test.FreeColTestCase.getTestMap(FreeColTestCase.java:209)
	at net.sf.freecol.server.ai.ColonyPlanTest.testGetBestWorker(ColonyPlanTest.java:276)
	at junit.extensions.TestDecorator.basicRun(TestDecorator.java:23)
	at junit.extensions.TestSetup$1.protect(TestSetup.java:23)
	at junit.extensions.TestSetup.run(TestSetup.java:27)
</error>
  </testcase>
  <testcase classname="net.sf.freecol.server.ai.ColonyPlanTest" name="testBestImprovements" time="0.001">
    <error type="java.lang.NullPointerException">java.lang.NullPointerException
	at net.sf.freecol.common.model.Player.getUnits(Player.java:1833)
	at net.sf.freecol.common.model.Player$UnitIterator.update(Player.java:218)
	at net.sf.freecol.common.model.Player$UnitIterator.&lt;init&gt;(Player.java:208)
	at net.sf.freecol.common.model.Player.&lt;init&gt;(Player.java:342)
	at net.sf.freecol.server.model.ServerPlayer.&lt;init&gt;(ServerPlayer.java:179)
	at net.sf.freecol.util.test.FreeColTestCase.getStandardGame(FreeColTestCase.java:173)
	at net.sf.freecol.util.test.FreeColTestCase.getStandardGame(FreeColTestCase.java:149)
	at net.sf.freecol.util.test.FreeColTestCase.getGame(FreeColTestCase.java:100)
	at net.sf.freecol.util.test.FreeColTestCase.getTestMap(FreeColTestCase.java:209)
	at net.sf.freecol.server.ai.ColonyPlanTest.testBestImprovements(ColonyPlanTest.java:373)
	at junit.extensions.TestDecorator.basicRun(TestDecorator.java:23)
	at junit.extensions.TestSetup$1.protect(TestSetup.java:23)
	at junit.extensions.TestSetup.run(TestSetup.java:27)
</error>
  </testcase>
  <testcase classname="net.sf.freecol.server.ai.ColonyPlanTest" name="testNoBuildRawMatTiles" time="0.001">
    <error type="java.lang.NullPointerException">java.lang.NullPointerException
	at net.sf.freecol.common.model.Player.getUnits(Player.java:1833)
	at net.sf.freecol.common.model.Player$UnitIterator.update(Player.java:218)
	at net.sf.freecol.common.model.Player$UnitIterator.&lt;init&gt;(Player.java:208)
	at net.sf.freecol.common.model.Player.&lt;init&gt;(Player.java:342)
	at net.sf.freecol.server.model.ServerPlayer.&lt;init&gt;(ServerPlayer.java:179)
	at net.sf.freecol.util.test.FreeColTestCase.getStandardGame(FreeColTestCase.java:173)
	at net.sf.freecol.util.test.FreeColTestCase.getStandardGame(FreeColTestCase.java:149)
	at net.sf.freecol.util.test.FreeColTestCase.getGame(FreeColTestCase.java:100)
	at net.sf.freecol.server.ai.ColonyPlanTest.buildMap(ColonyPlanTest.java:175)
	at net.sf.freecol.server.ai.ColonyPlanTest.testNoBuildRawMatTiles(ColonyPlanTest.java:242)
	at junit.extensions.TestDecorator.basicRun(TestDecorator.java:23)
	at junit.extensions.TestSetup$1.protect(TestSetup.java:23)
	at junit.extensions.TestSetup.run(TestSetup.java:27)
</error>
  </testcase>
  <testcase classname="net.sf.freecol.server.ai.ColonyPlanTest" name="testReqLumberAndHammersForBuild" time="0.001">
    <error type="java.lang.NullPointerException">java.lang.NullPointerException
	at net.sf.freecol.common.model.Player.getUnits(Player.java:1833)
	at net.sf.freecol.common.model.Player$UnitIterator.update(Player.java:218)
	at net.sf.freecol.common.model.Player$UnitIterator.&lt;init&gt;(Player.java:208)
	at net.sf.freecol.common.model.Player.&lt;init&gt;(Player.java:342)
	at net.sf.freecol.server.model.ServerPlayer.&lt;init&gt;(ServerPlayer.java:179)
	at net.sf.freecol.util.test.FreeColTestCase.getStandardGame(FreeColTestCase.java:173)
	at net.sf.freecol.util.test.FreeColTestCase.getStandardGame(FreeColTestCase.java:149)
	at net.sf.freecol.util.test.FreeColTestCase.getGame(FreeColTestCase.java:100)
	at net.sf.freecol.server.ai.ColonyPlanTest.buildMap(ColonyPlanTest.java:175)
	at net.sf.freecol.server.ai.ColonyPlanTest.testReqLumberAndHammersForBuild(ColonyPlanTest.java:201)
	at junit.extensions.TestDecorator.basicRun(TestDecorator.java:23)
	at junit.extensions.TestSetup$1.protect(TestSetup.java:23)
	at junit.extensions.TestSetup.run(TestSetup.java:27)
</error>
  </testcase>
  <testcase classname="net.sf.freecol.server.ai.ColonyPlanTest" name="testReqOreAndToolsWithEnoughHammersForBuild" time="0.001">
    <error type="java.lang.NullPointerException">java.lang.NullPointerException
	at net.sf.freecol.common.model.Player.getUnits(Player.java:1833)
	at net.sf.freecol.common.model.Player$UnitIterator.update(Player.java:218)
	at net.sf.freecol.common.model.Player$UnitIterator.&lt;init&gt;(Player.java:208)
	at net.sf.freecol.common.model.Player.&lt;init&gt;(Player.java:342)
	at net.sf.freecol.server.model.ServerPlayer.&lt;init&gt;(ServerPlayer.java:179)
	at net.sf.freecol.util.test.FreeColTestCase.getStandardGame(FreeColTestCase.java:173)
	at net.sf.freecol.util.test.FreeColTestCase.getStandardGame(FreeColTestCase.java:149)
	at net.sf.freecol.util.test.FreeColTestCase.getGame(FreeColTestCase.java:100)
	at net.sf.freecol.server.ai.ColonyPlanTest.buildMap(ColonyPlanTest.java:175)
	at net.sf.freecol.server.ai.ColonyPlanTest.testReqOreAndToolsWithEnoughHammersForBuild(ColonyPlanTest.java:217)
	at junit.extensions.TestDecorator.basicRun(TestDecorator.java:23)
	at junit.extensions.TestSetup$1.protect(TestSetup.java:23)
	at junit.extensions.TestSetup.run(TestSetup.java:27)
</error>
  </testcase>
  <testcase classname="net.sf.freecol.server.ai.MissionAssignmentTest" name="testIsTargetValidForSeekAndDestroy" time="0.001">
    <error type="java.lang.NullPointerException">java.lang.NullPointerException
	at net.sf.freecol.common.model.Player.getUnits(Player.java:1833)
	at net.sf.freecol.common.model.Player$UnitIterator.update(Player.java:218)
	at net.sf.freecol.common.model.Player$UnitIterator.&lt;init&gt;(Player.java:208)
	at net.sf.freecol.common.model.Player.&lt;init&gt;(Player.java:342)
	at net.sf.freecol.server.model.ServerPlayer.&lt;init&gt;(ServerPlayer.java:179)
	at net.sf.freecol.util.test.FreeColTestCase.getStandardGame(FreeColTestCase.java:173)
	at net.sf.freecol.util.test.FreeColTestCase.getStandardGame(FreeColTestCase.java:149)
	at net.sf.freecol.util.test.FreeColTestCase.getGame(FreeColTestCase.java:100)
	at net.sf.freecol.util.test.FreeColTestCase.getTestMap(FreeColTestCase.java:192)
	at net.sf.freecol.server.ai.MissionAssignmentTest.testIsTargetValidForSeekAndDestroy(MissionAssignmentTest.java:125)
	at junit.extensions.TestDecorator.basicRun(TestDecorator.java:23)
	at junit.extensions.TestSetup$1.protect(TestSetup.java:23)
	at junit.extensions.TestSetup.run(TestSetup.java:27)
</error>
  </testcase>
  <testcase classname="net.sf.freecol.server.ai.MissionAssignmentTest" name="testImpossibleConditionsForTargetSelection" time="0.001">
    <error type="java.lang.NullPointerException">java.lang.NullPointerException
	at net.sf.freecol.common.model.Player.getUnits(Player.java:1833)
	at net.sf.freecol.common.model.Player$UnitIterator.update(Player.java:218)
	at net.sf.freecol.common.model.Player$UnitIterator.&lt;init&gt;(Player.java:208)
	at net.sf.freecol.common.model.Player.&lt;init&gt;(Player.java:342)
	at net.sf.freecol.server.model.ServerPlayer.&lt;init&gt;(ServerPlayer.java:179)
	at net.sf.freecol.util.test.FreeColTestCase.getStandardGame(FreeColTestCase.java:173)
	at net.sf.freecol.util.test.FreeColTestCase.getStandardGame(FreeColTestCase.java:149)
	at net.sf.freecol.util.test.FreeColTestCase.getGame(FreeColTestCase.java:100)
	at net.sf.freecol.util.test.FreeColTestCase.getCoastTestMap(FreeColTestCase.java:262)
	at net.sf.freecol.util.test.FreeColTestCase.getCoastTestMap(FreeColTestCase.java:239)
	at net.sf.freecol.server.ai.MissionAssignmentTest.testImpossibleConditionsForTargetSelection(MissionAssignmentTest.java:81)
	at junit.extensions.TestDecorator.basicRun(TestDecorator.java:23)
	at junit.extensions.TestSetup$1.protect(TestSetup.java:23)
	at junit.extensions.TestSetup.run(TestSetup.java:27)
</error>
  </testcase>
  <testcase classname="net.sf.freecol.server.ai.MissionAssignmentTest" name="testSecureIndianSettlementMissionIgnoreNavalThreat" time="0.001">
    <error type="java.lang.NullPointerException">java.lang.NullPointerException
	at net.sf.freecol.common.model.Player.getUnits(Player.java:1833)
	at net.sf.freecol.common.model.Player$UnitIterator.update(Player.java:218)
	at net.sf.freecol.common.model.Player$UnitIterator.&lt;init&gt;(Player.java:208)
	at net.sf.freecol.common.model.Player.&lt;init&gt;(Player.java:342)
	at net.sf.freecol.server.model.ServerPlayer.&lt;init&gt;(ServerPlayer.java:179)
	at net.sf.freecol.util.test.FreeColTestCase.getStandardGame(FreeColTestCase.java:173)
	at net.sf.freecol.util.test.FreeColTestCase.getStandardGame(FreeColTestCase.java:149)
	at net.sf.freecol.util.test.FreeColTestCase.getGame(FreeColTestCase.java:100)
	at net.sf.freecol.util.test.FreeColTestCase.getCoastTestMap(FreeColTestCase.java:262)
	at net.sf.freecol.util.test.FreeColTestCase.getCoastTestMap(FreeColTestCase.java:239)
	at net.sf.freecol.server.ai.MissionAssignmentTest.testSecureIndianSettlementMissionIgnoreNavalThreat(MissionAssignmentTest.java:260)
	at junit.extensions.TestDecorator.basicRun(TestDecorator.java:23)
	at junit.extensions.TestSetup$1.protect(TestSetup.java:23)
	at junit.extensions.TestSetup.run(TestSetup.java:27)
</error>
  </testcase>
  <testcase classname="net.sf.freecol.server.ai.MissionAssignmentTest" name="testSecureIndianSettlementMission" time="0.0">
    <error type="java.lang.NullPointerException">java.lang.NullPointerException
	at net.sf.freecol.common.model.Player.getUnits(Player.java:1833)
	at net.sf.freecol.common.model.Player$UnitIterator.update(Player.java:218)
	at net.sf.freecol.common.model.Player$UnitIterator.&lt;init&gt;(Player.java:208)
	at net.sf.freecol.common.model.Player.&lt;init&gt;(Player.java:342)
	at net.sf.freecol.server.model.ServerPlayer.&lt;init&gt;(ServerPlayer.java:179)
	at net.sf.freecol.util.test.FreeColTestCase.getStandardGame(FreeColTestCase.java:173)
	at net.sf.freecol.util.test.FreeColTestCase.getStandardGame(FreeColTestCase.java:149)
	at net.sf.freecol.util.test.FreeColTestCase.getGame(FreeColTestCase.java:100)
	at net.sf.freecol.util.test.FreeColTestCase.getTestMap(FreeColTestCase.java:192)
	at net.sf.freecol.server.ai.MissionAssignmentTest.testSecureIndianSettlementMission(MissionAssignmentTest.java:184)
	at junit.extensions.TestDecorator.basicRun(TestDecorator.java:23)
	at junit.extensions.TestSetup$1.protect(TestSetup.java:23)
	at junit.extensions.TestSetup.run(TestSetup.java:27)
</error>
  </testcase>
  <testcase classname="net.sf.freecol.server.ai.MissionAssignmentTest" name="testAssignDefendSettlementMission" time="0.0">
    <error type="java.lang.NullPointerException">java.lang.NullPointerException
	at net.sf.freecol.common.model.Player.getUnits(Player.java:1833)
	at net.sf.freecol.common.model.Player$UnitIterator.update(Player.java:218)
	at net.sf.freecol.common.model.Player$UnitIterator.&lt;init&gt;(Player.java:208)
	at net.sf.freecol.common.model.Player.&lt;init&gt;(Player.java:342)
	at net.sf.freecol.server.model.ServerPlayer.&lt;init&gt;(ServerPlayer.java:179)
	at net.sf.freecol.util.test.FreeColTestCase.getStandardGame(FreeColTestCase.java:173)
	at net.sf.freecol.util.test.FreeColTestCase.getStandardGame(FreeColTestCase.java:149)
	at net.sf.freecol.util.test.FreeColTestCase.getGame(FreeColTestCase.java:100)
	at net.sf.freecol.util.test.FreeColTestCase.getTestMap(FreeColTestCase.java:192)
	at net.sf.freecol.server.ai.MissionAssignmentTest.testAssignDefendSettlementMission(MissionAssignmentTest.java:153)
	at junit.extensions.TestDecorator.basicRun(TestDecorator.java:23)
	at junit.extensions.TestSetup$1.protect(TestSetup.java:23)
	at junit.extensions.TestSetup.run(TestSetup.java:27)
</error>
  </testcase>
  <testcase classname="net.sf.freecol.server.ai.REFTest" name="testCreateREFPlayer" time="0.0">
    <error type="java.lang.NullPointerException">java.lang.NullPointerException
	at net.sf.freecol.common.model.Player.getUnits(Player.java:1833)
	at net.sf.freecol.common.model.Player$UnitIterator.update(Player.java:218)
	at net.sf.freecol.common.model.Player$UnitIterator.&lt;init&gt;(Player.java:208)
	at net.sf.freecol.common.model.Player.&lt;init&gt;(Player.java:342)
	at net.sf.freecol.server.model.ServerPlayer.&lt;init&gt;(ServerPlayer.java:179)
	at net.sf.freecol.util.test.FreeColTestCase.getStandardGame(FreeColTestCase.java:173)
	at net.sf.freecol.util.test.FreeColTestCase.getStandardGame(FreeColTestCase.java:149)
	at net.sf.freecol.util.test.FreeColTestCase.getGame(FreeColTestCase.java:100)
	at net.sf.freecol.util.test.FreeColTestCase.getTestMap(FreeColTestCase.java:192)
	at net.sf.freecol.server.ai.REFTest.testCreateREFPlayer(REFTest.java:51)
	at junit.extensions.TestDecorator.basicRun(TestDecorator.java:23)
	at junit.extensions.TestSetup$1.protect(TestSetup.java:23)
	at junit.extensions.TestSetup.run(TestSetup.java:27)
</error>
  </testcase>
  <testcase classname="net.sf.freecol.server.ai.StandardAIPlayerTest" name="testEquipBravesNotEnoughReqGoods" time="0.0">
    <error type="java.lang.NullPointerException">java.lang.NullPointerException
	at net.sf.freecol.common.model.Player.getUnits(Player.java:1833)
	at net.sf.freecol.common.model.Player$UnitIterator.update(Player.java:218)
	at net.sf.freecol.common.model.Player$UnitIterator.&lt;init&gt;(Player.java:208)
	at net.sf.freecol.common.model.Player.&lt;init&gt;(Player.java:342)
	at net.sf.freecol.server.model.ServerPlayer.&lt;init&gt;(ServerPlayer.java:179)
	at net.sf.freecol.util.test.FreeColTestCase.getStandardGame(FreeColTestCase.java:173)
	at net.sf.freecol.util.test.FreeColTestCase.getStandardGame(FreeColTestCase.java:149)
	at net.sf.freecol.util.test.FreeColTestCase.getGame(FreeColTestCase.java:100)
	at net.sf.freecol.util.test.FreeColTestCase.getTestMap(FreeColTestCase.java:192)
	at net.sf.freecol.server.ai.StandardAIPlayerTest.testEquipBravesNotEnoughReqGoods(StandardAIPlayerTest.java:123)
	at junit.extensions.TestDecorator.basicRun(TestDecorator.java:23)
	at junit.extensions.TestSetup$1.protect(TestSetup.java:23)
	at junit.extensions.TestSetup.run(TestSetup.java:27)
</error>
  </testcase>
  <testcase classname="net.sf.freecol.server.ai.StandardAIPlayerTest" name="testEquipBraves" time="0.0">
    <error type="java.lang.NullPointerException">java.lang.NullPointerException
	at net.sf.freecol.common.model.Player.getUnits(Player.java:1833)
	at net.sf.freecol.common.model.Player$UnitIterator.update(Player.java:218)
	at net.sf.freecol.common.model.Player$UnitIterator.&lt;init&gt;(Player.java:208)
	at net.sf.freecol.common.model.Player.&lt;init&gt;(Player.java:342)
	at net.sf.freecol.server.model.ServerPlayer.&lt;init&gt;(ServerPlayer.java:179)
	at net.sf.freecol.util.test.FreeColTestCase.getStandardGame(FreeColTestCase.java:173)
	at net.sf.freecol.util.test.FreeColTestCase.getStandardGame(FreeColTestCase.java:149)
	at net.sf.freecol.util.test.FreeColTestCase.getGame(FreeColTestCase.java:100)
	at net.sf.freecol.util.test.FreeColTestCase.getTestMap(FreeColTestCase.java:192)
	at net.sf.freecol.server.ai.StandardAIPlayerTest.testEquipBraves(StandardAIPlayerTest.java:67)
	at junit.extensions.TestDecorator.basicRun(TestDecorator.java:23)
	at junit.extensions.TestSetup$1.protect(TestSetup.java:23)
	at junit.extensions.TestSetup.run(TestSetup.java:27)
</error>
  </testcase>
  <testcase classname="net.sf.freecol.server.ai.TensionTest" name="testTension" time="0.001">
    <error type="java.lang.NullPointerException">java.lang.NullPointerException
	at net.sf.freecol.common.model.Player.getUnits(Player.java:1833)
	at net.sf.freecol.common.model.Player$UnitIterator.update(Player.java:218)
	at net.sf.freecol.common.model.Player$UnitIterator.&lt;init&gt;(Player.java:208)
	at net.sf.freecol.common.model.Player.&lt;init&gt;(Player.java:342)
	at net.sf.freecol.server.model.ServerPlayer.&lt;init&gt;(ServerPlayer.java:179)
	at net.sf.freecol.util.test.FreeColTestCase.getStandardGame(FreeColTestCase.java:173)
	at net.sf.freecol.util.test.FreeColTestCase.getStandardGame(FreeColTestCase.java:149)
	at net.sf.freecol.util.test.FreeColTestCase.getGame(FreeColTestCase.java:100)
	at net.sf.freecol.util.test.FreeColTestCase.getTestMap(FreeColTestCase.java:209)
	at net.sf.freecol.server.ai.TensionTest.testTension(TensionTest.java:55)
	at junit.extensions.TestDecorator.basicRun(TestDecorator.java:23)
	at junit.extensions.TestSetup$1.protect(TestSetup.java:23)
	at junit.extensions.TestSetup.run(TestSetup.java:27)
</error>
  </testcase>
  <testcase classname="net.sf.freecol.server.ai.mission.PioneeringMissionTest" name="testImprovementNoLongerValid" time="0.0">
    <error type="java.lang.NullPointerException">java.lang.NullPointerException
	at net.sf.freecol.common.model.Player.getUnits(Player.java:1833)
	at net.sf.freecol.common.model.Player$UnitIterator.update(Player.java:218)
	at net.sf.freecol.common.model.Player$UnitIterator.&lt;init&gt;(Player.java:208)
	at net.sf.freecol.common.model.Player.&lt;init&gt;(Player.java:342)
	at net.sf.freecol.server.model.ServerPlayer.&lt;init&gt;(ServerPlayer.java:179)
	at net.sf.freecol.util.test.FreeColTestCase.getStandardGame(FreeColTestCase.java:173)
	at net.sf.freecol.util.test.FreeColTestCase.getStandardGame(FreeColTestCase.java:149)
	at net.sf.freecol.util.test.FreeColTestCase.getGame(FreeColTestCase.java:100)
	at net.sf.freecol.util.test.FreeColTestCase.getTestMap(FreeColTestCase.java:192)
	at net.sf.freecol.server.ai.mission.PioneeringMissionTest.testImprovementNoLongerValid(PioneeringMissionTest.java:67)
	at junit.extensions.TestDecorator.basicRun(TestDecorator.java:23)
	at junit.extensions.TestSetup$1.protect(TestSetup.java:23)
	at junit.extensions.TestSetup.run(TestSetup.java:27)
</error>
  </testcase>
  <testcase classname="net.sf.freecol.server.ai.mission.PrivateerMissionTest" name="testIsMissionValid" time="0.0">
    <error type="java.lang.NullPointerException">java.lang.NullPointerException
	at net.sf.freecol.common.model.Player.getUnits(Player.java:1833)
	at net.sf.freecol.common.model.Player$UnitIterator.update(Player.java:218)
	at net.sf.freecol.common.model.Player$UnitIterator.&lt;init&gt;(Player.java:208)
	at net.sf.freecol.common.model.Player.&lt;init&gt;(Player.java:342)
	at net.sf.freecol.server.model.ServerPlayer.&lt;init&gt;(ServerPlayer.java:179)
	at net.sf.freecol.util.test.FreeColTestCase.getStandardGame(FreeColTestCase.java:173)
	at net.sf.freecol.util.test.FreeColTestCase.getStandardGame(FreeColTestCase.java:149)
	at net.sf.freecol.util.test.FreeColTestCase.getGame(FreeColTestCase.java:100)
	at net.sf.freecol.util.test.FreeColTestCase.getCoastTestMap(FreeColTestCase.java:262)
	at net.sf.freecol.util.test.FreeColTestCase.getCoastTestMap(FreeColTestCase.java:239)
	at net.sf.freecol.server.ai.mission.PrivateerMissionTest.setupPrivateerTestGame(PrivateerMissionTest.java:83)
	at net.sf.freecol.server.ai.mission.PrivateerMissionTest.testIsMissionValid(PrivateerMissionTest.java:92)
	at junit.extensions.TestDecorator.basicRun(TestDecorator.java:23)
	at junit.extensions.TestSetup$1.protect(TestSetup.java:23)
	at junit.extensions.TestSetup.run(TestSetup.java:27)
</error>
  </testcase>
  <testcase classname="net.sf.freecol.server.ai.mission.ScoutingMissionTest" name="testHorsesLost" time="0.001">
    <error type="java.lang.NullPointerException">java.lang.NullPointerException
	at net.sf.freecol.common.model.Player.getUnits(Player.java:1833)
	at net.sf.freecol.common.model.Player$UnitIterator.update(Player.java:218)
	at net.sf.freecol.common.model.Player$UnitIterator.&lt;init&gt;(Player.java:208)
	at net.sf.freecol.common.model.Player.&lt;init&gt;(Player.java:342)
	at net.sf.freecol.server.model.ServerPlayer.&lt;init&gt;(ServerPlayer.java:179)
	at net.sf.freecol.util.test.FreeColTestCase.getStandardGame(FreeColTestCase.java:173)
	at net.sf.freecol.util.test.FreeColTestCase.getStandardGame(FreeColTestCase.java:149)
	at net.sf.freecol.util.test.FreeColTestCase.getGame(FreeColTestCase.java:100)
	at net.sf.freecol.util.test.FreeColTestCase.getTestMap(FreeColTestCase.java:233)
	at net.sf.freecol.server.ai.mission.ScoutingMissionTest.testHorsesLost(ScoutingMissionTest.java:60)
	at junit.extensions.TestDecorator.basicRun(TestDecorator.java:23)
	at junit.extensions.TestSetup$1.protect(TestSetup.java:23)
	at junit.extensions.TestSetup.run(TestSetup.java:27)
</error>
  </testcase>
  <testcase classname="net.sf.freecol.server.ai.mission.TransportMissionTest" name="testGetNextStopAlreadyAtDestination" time="0.0">
    <error type="java.lang.NullPointerException">java.lang.NullPointerException
	at net.sf.freecol.common.model.Player.getUnits(Player.java:1833)
	at net.sf.freecol.common.model.Player$UnitIterator.update(Player.java:218)
	at net.sf.freecol.common.model.Player$UnitIterator.&lt;init&gt;(Player.java:208)
	at net.sf.freecol.common.model.Player.&lt;init&gt;(Player.java:342)
	at net.sf.freecol.server.model.ServerPlayer.&lt;init&gt;(ServerPlayer.java:179)
	at net.sf.freecol.util.test.FreeColTestCase.getStandardGame(FreeColTestCase.java:173)
	at net.sf.freecol.util.test.FreeColTestCase.getStandardGame(FreeColTestCase.java:149)
	at net.sf.freecol.util.test.FreeColTestCase.getGame(FreeColTestCase.java:100)
	at net.sf.freecol.util.test.FreeColTestCase.getCoastTestMap(FreeColTestCase.java:262)
	at net.sf.freecol.util.test.FreeColTestCase.getCoastTestMap(FreeColTestCase.java:239)
	at net.sf.freecol.server.ai.mission.TransportMissionTest.testGetNextStopAlreadyAtDestination(TransportMissionTest.java:126)
	at junit.extensions.TestDecorator.basicRun(TestDecorator.java:23)
	at junit.extensions.TestSetup$1.protect(TestSetup.java:23)
	at junit.extensions.TestSetup.run(TestSetup.java:27)
</error>
  </testcase>
  <testcase classname="net.sf.freecol.server.ai.mission.TransportMissionTest" name="testGetDefaultDestination" time="0.001">
    <error type="java.lang.NullPointerException">java.lang.NullPointerException
	at net.sf.freecol.common.model.Player.getUnits(Player.java:1833)
	at net.sf.freecol.common.model.Player$UnitIterator.update(Player.java:218)
	at net.sf.freecol.common.model.Player$UnitIterator.&lt;init&gt;(Player.java:208)
	at net.sf.freecol.common.model.Player.&lt;init&gt;(Player.java:342)
	at net.sf.freecol.server.model.ServerPlayer.&lt;init&gt;(ServerPlayer.java:179)
	at net.sf.freecol.util.test.FreeColTestCase.getStandardGame(FreeColTestCase.java:173)
	at net.sf.freecol.util.test.FreeColTestCase.getStandardGame(FreeColTestCase.java:149)
	at net.sf.freecol.util.test.FreeColTestCase.getGame(FreeColTestCase.java:100)
	at net.sf.freecol.util.test.FreeColTestCase.getCoastTestMap(FreeColTestCase.java:262)
	at net.sf.freecol.util.test.FreeColTestCase.getCoastTestMap(FreeColTestCase.java:239)
	at net.sf.freecol.server.ai.mission.TransportMissionTest.testGetDefaultDestination(TransportMissionTest.java:236)
	at junit.extensions.TestDecorator.basicRun(TestDecorator.java:23)
	at junit.extensions.TestSetup$1.protect(TestSetup.java:23)
	at junit.extensions.TestSetup.run(TestSetup.java:27)
</error>
  </testcase>
  <testcase classname="net.sf.freecol.server.ai.mission.TransportMissionTest" name="testWagonTrain" time="0.001">
    <error type="java.lang.NullPointerException">java.lang.NullPointerException
	at net.sf.freecol.common.model.Player.getUnits(Player.java:1833)
	at net.sf.freecol.common.model.Player$UnitIterator.update(Player.java:218)
	at net.sf.freecol.common.model.Player$UnitIterator.&lt;init&gt;(Player.java:208)
	at net.sf.freecol.common.model.Player.&lt;init&gt;(Player.java:342)
	at net.sf.freecol.server.model.ServerPlayer.&lt;init&gt;(ServerPlayer.java:179)
	at net.sf.freecol.util.test.FreeColTestCase.getStandardGame(FreeColTestCase.java:173)
	at net.sf.freecol.util.test.FreeColTestCase.getStandardGame(FreeColTestCase.java:149)
	at net.sf.freecol.util.test.FreeColTestCase.getGame(FreeColTestCase.java:100)
	at net.sf.freecol.util.test.FreeColTestCase.getTestMap(FreeColTestCase.java:192)
	at net.sf.freecol.server.ai.mission.TransportMissionTest.testWagonTrain(TransportMissionTest.java:283)
	at junit.extensions.TestDecorator.basicRun(TestDecorator.java:23)
	at junit.extensions.TestSetup$1.protect(TestSetup.java:23)
	at junit.extensions.TestSetup.run(TestSetup.java:27)
</error>
  </testcase>
  <testcase classname="net.sf.freecol.server.ai.mission.TransportMissionTest" name="testGetNextStopIsColony" time="0.0">
    <error type="java.lang.NullPointerException">java.lang.NullPointerException
	at net.sf.freecol.common.model.Player.getUnits(Player.java:1833)
	at net.sf.freecol.common.model.Player$UnitIterator.update(Player.java:218)
	at net.sf.freecol.common.model.Player$UnitIterator.&lt;init&gt;(Player.java:208)
	at net.sf.freecol.common.model.Player.&lt;init&gt;(Player.java:342)
	at net.sf.freecol.server.model.ServerPlayer.&lt;init&gt;(ServerPlayer.java:179)
	at net.sf.freecol.util.test.FreeColTestCase.getStandardGame(FreeColTestCase.java:173)
	at net.sf.freecol.util.test.FreeColTestCase.getStandardGame(FreeColTestCase.java:149)
	at net.sf.freecol.util.test.FreeColTestCase.getGame(FreeColTestCase.java:100)
	at net.sf.freecol.util.test.FreeColTestCase.getCoastTestMap(FreeColTestCase.java:262)
	at net.sf.freecol.util.test.FreeColTestCase.getCoastTestMap(FreeColTestCase.java:239)
	at net.sf.freecol.server.ai.mission.TransportMissionTest.testGetNextStopIsColony(TransportMissionTest.java:197)
	at junit.extensions.TestDecorator.basicRun(TestDecorator.java:23)
	at junit.extensions.TestSetup$1.protect(TestSetup.java:23)
	at junit.extensions.TestSetup.run(TestSetup.java:27)
</error>
  </testcase>
  <testcase classname="net.sf.freecol.server.ai.mission.TransportMissionTest" name="testGetNextStopIsEurope" time="0.001">
    <error type="java.lang.NullPointerException">java.lang.NullPointerException
	at net.sf.freecol.common.model.Player.getUnits(Player.java:1833)
	at net.sf.freecol.common.model.Player$UnitIterator.update(Player.java:218)
	at net.sf.freecol.common.model.Player$UnitIterator.&lt;init&gt;(Player.java:208)
	at net.sf.freecol.common.model.Player.&lt;init&gt;(Player.java:342)
	at net.sf.freecol.server.model.ServerPlayer.&lt;init&gt;(ServerPlayer.java:179)
	at net.sf.freecol.util.test.FreeColTestCase.getStandardGame(FreeColTestCase.java:173)
	at net.sf.freecol.util.test.FreeColTestCase.getStandardGame(FreeColTestCase.java:149)
	at net.sf.freecol.util.test.FreeColTestCase.getGame(FreeColTestCase.java:100)
	at net.sf.freecol.util.test.FreeColTestCase.getCoastTestMap(FreeColTestCase.java:262)
	at net.sf.freecol.util.test.FreeColTestCase.getCoastTestMap(FreeColTestCase.java:239)
	at net.sf.freecol.server.ai.mission.TransportMissionTest.testGetNextStopIsEurope(TransportMissionTest.java:159)
	at junit.extensions.TestDecorator.basicRun(TestDecorator.java:23)
	at junit.extensions.TestSetup$1.protect(TestSetup.java:23)
	at junit.extensions.TestSetup.run(TestSetup.java:27)
</error>
  </testcase>
  <testcase classname="net.sf.freecol.server.ai.mission.TransportMissionTest" name="testTransportMissionInvalidAfterCombatLost" time="0.0">
    <error type="java.lang.NullPointerException">java.lang.NullPointerException
	at net.sf.freecol.common.model.Player.getUnits(Player.java:1833)
	at net.sf.freecol.common.model.Player$UnitIterator.update(Player.java:218)
	at net.sf.freecol.common.model.Player$UnitIterator.&lt;init&gt;(Player.java:208)
	at net.sf.freecol.common.model.Player.&lt;init&gt;(Player.java:342)
	at net.sf.freecol.server.model.ServerPlayer.&lt;init&gt;(ServerPlayer.java:179)
	at net.sf.freecol.util.test.FreeColTestCase.getStandardGame(FreeColTestCase.java:173)
	at net.sf.freecol.util.test.FreeColTestCase.getStandardGame(FreeColTestCase.java:149)
	at net.sf.freecol.util.test.FreeColTestCase.getGame(FreeColTestCase.java:100)
	at net.sf.freecol.util.test.FreeColTestCase.getCoastTestMap(FreeColTestCase.java:262)
	at net.sf.freecol.util.test.FreeColTestCase.getCoastTestMap(FreeColTestCase.java:239)
	at net.sf.freecol.server.ai.mission.TransportMissionTest.testTransportMissionInvalidAfterCombatLost(TransportMissionTest.java:80)
	at junit.extensions.TestDecorator.basicRun(TestDecorator.java:23)
	at junit.extensions.TestSetup$1.protect(TestSetup.java:23)
	at junit.extensions.TestSetup.run(TestSetup.java:27)
</error>
  </testcase>
  <testcase classname="net.sf.freecol.server.ai.mission.UnitSeekAndDestroyMissionTest" name="testCapturedUnitsLoseMission" time="0.001">
    <error type="java.lang.NullPointerException">java.lang.NullPointerException
	at net.sf.freecol.common.model.Player.getUnits(Player.java:1833)
	at net.sf.freecol.common.model.Player$UnitIterator.update(Player.java:218)
	at net.sf.freecol.common.model.Player$UnitIterator.&lt;init&gt;(Player.java:208)
	at net.sf.freecol.common.model.Player.&lt;init&gt;(Player.java:342)
	at net.sf.freecol.server.model.ServerPlayer.&lt;init&gt;(ServerPlayer.java:179)
	at net.sf.freecol.util.test.FreeColTestCase.getStandardGame(FreeColTestCase.java:173)
	at net.sf.freecol.util.test.FreeColTestCase.getStandardGame(FreeColTestCase.java:149)
	at net.sf.freecol.util.test.FreeColTestCase.getGame(FreeColTestCase.java:100)
	at net.sf.freecol.util.test.FreeColTestCase.getTestMap(FreeColTestCase.java:192)
	at net.sf.freecol.server.ai.mission.UnitSeekAndDestroyMissionTest.testCapturedUnitsLoseMission(UnitSeekAndDestroyMissionTest.java:54)
	at junit.extensions.TestDecorator.basicRun(TestDecorator.java:23)
	at junit.extensions.TestSetup$1.protect(TestSetup.java:23)
	at junit.extensions.TestSetup.run(TestSetup.java:27)
</error>
  </testcase>
  <testcase classname="net.sf.freecol.server.ai.mission.UnitSeekAndDestroyMissionTest" name="testDoNotPursueUnitsInColonies" time="0.001">
    <error type="java.lang.NullPointerException">java.lang.NullPointerException
	at net.sf.freecol.common.model.Player.getUnits(Player.java:1833)
	at net.sf.freecol.common.model.Player$UnitIterator.update(Player.java:218)
	at net.sf.freecol.common.model.Player$UnitIterator.&lt;init&gt;(Player.java:208)
	at net.sf.freecol.common.model.Player.&lt;init&gt;(Player.java:342)
	at net.sf.freecol.server.model.ServerPlayer.&lt;init&gt;(ServerPlayer.java:179)
	at net.sf.freecol.util.test.FreeColTestCase.getStandardGame(FreeColTestCase.java:173)
	at net.sf.freecol.util.test.FreeColTestCase.getStandardGame(FreeColTestCase.java:149)
	at net.sf.freecol.util.test.FreeColTestCase.getGame(FreeColTestCase.java:100)
	at net.sf.freecol.util.test.FreeColTestCase.getTestMap(FreeColTestCase.java:192)
	at net.sf.freecol.server.ai.mission.UnitSeekAndDestroyMissionTest.testDoNotPursueUnitsInColonies(UnitSeekAndDestroyMissionTest.java:94)
	at junit.extensions.TestDecorator.basicRun(TestDecorator.java:23)
	at junit.extensions.TestSetup$1.protect(TestSetup.java:23)
	at junit.extensions.TestSetup.run(TestSetup.java:27)
</error>
  </testcase>
  <testcase classname="net.sf.freecol.server.control.InGameControllerTest" name="testWarDeclarationAffectsSettlementAlarm" time="0.001">
    <error type="java.lang.NullPointerException">java.lang.NullPointerException
	at net.sf.freecol.common.model.Player.getUnits(Player.java:1833)
	at net.sf.freecol.common.model.Player$UnitIterator.update(Player.java:218)
	at net.sf.freecol.common.model.Player$UnitIterator.&lt;init&gt;(Player.java:208)
	at net.sf.freecol.common.model.Player.&lt;init&gt;(Player.java:342)
	at net.sf.freecol.server.model.ServerPlayer.&lt;init&gt;(ServerPlayer.java:179)
	at net.sf.freecol.util.test.FreeColTestCase.getStandardGame(FreeColTestCase.java:173)
	at net.sf.freecol.util.test.FreeColTestCase.getStandardGame(FreeColTestCase.java:149)
	at net.sf.freecol.util.test.FreeColTestCase.getGame(FreeColTestCase.java:100)
	at net.sf.freecol.util.test.FreeColTestCase.getTestMap(FreeColTestCase.java:192)
	at net.sf.freecol.server.control.InGameControllerTest.testWarDeclarationAffectsSettlementAlarm(InGameControllerTest.java:1689)
	at junit.extensions.TestDecorator.basicRun(TestDecorator.java:23)
	at junit.extensions.TestSetup$1.protect(TestSetup.java:23)
	at junit.extensions.TestSetup.run(TestSetup.java:27)
</error>
  </testcase>
  <testcase classname="net.sf.freecol.server.control.InGameControllerTest" name="testArtilleryDemotedBySoldier" time="0.001">
    <error type="java.lang.NullPointerException">java.lang.NullPointerException
	at net.sf.freecol.common.model.Player.getUnits(Player.java:1833)
	at net.sf.freecol.common.model.Player$UnitIterator.update(Player.java:218)
	at net.sf.freecol.common.model.Player$UnitIterator.&lt;init&gt;(Player.java:208)
	at net.sf.freecol.common.model.Player.&lt;init&gt;(Player.java:342)
	at net.sf.freecol.server.model.ServerPlayer.&lt;init&gt;(ServerPlayer.java:179)
	at net.sf.freecol.util.test.FreeColTestCase.getStandardGame(FreeColTestCase.java:173)
	at net.sf.freecol.util.test.FreeColTestCase.getStandardGame(FreeColTestCase.java:149)
	at net.sf.freecol.util.test.FreeColTestCase.getGame(FreeColTestCase.java:100)
	at net.sf.freecol.util.test.FreeColTestCase.getTestMap(FreeColTestCase.java:209)
	at net.sf.freecol.server.control.InGameControllerTest.testArtilleryDemotedBySoldier(InGameControllerTest.java:1499)
	at junit.extensions.TestDecorator.basicRun(TestDecorator.java:23)
	at junit.extensions.TestSetup$1.protect(TestSetup.java:23)
	at junit.extensions.TestSetup.run(TestSetup.java:27)
</error>
  </testcase>
  <testcase classname="net.sf.freecol.server.control.InGameControllerTest" name="testPeaceTreatyFromWarStance" time="0.0">
    <error type="java.lang.NullPointerException">java.lang.NullPointerException
	at net.sf.freecol.common.model.Player.getUnits(Player.java:1833)
	at net.sf.freecol.common.model.Player$UnitIterator.update(Player.java:218)
	at net.sf.freecol.common.model.Player$UnitIterator.&lt;init&gt;(Player.java:208)
	at net.sf.freecol.common.model.Player.&lt;init&gt;(Player.java:342)
	at net.sf.freecol.server.model.ServerPlayer.&lt;init&gt;(ServerPlayer.java:179)
	at net.sf.freecol.util.test.FreeColTestCase.getStandardGame(FreeColTestCase.java:173)
	at net.sf.freecol.util.test.FreeColTestCase.getStandardGame(FreeColTestCase.java:149)
	at net.sf.freecol.util.test.FreeColTestCase.getGame(FreeColTestCase.java:100)
	at net.sf.freecol.util.test.FreeColTestCase.getTestMap(FreeColTestCase.java:192)
	at net.sf.freecol.server.control.InGameControllerTest.testPeaceTreatyFromWarStance(InGameControllerTest.java:1591)
	at junit.extensions.TestDecorator.basicRun(TestDecorator.java:23)
	at junit.extensions.TestSetup$1.protect(TestSetup.java:23)
	at junit.extensions.TestSetup.run(TestSetup.java:27)
</error>
  </testcase>
  <testcase classname="net.sf.freecol.server.control.InGameControllerTest" name="testScoutDiesNotLosesEquipment" time="0.001">
    <error type="java.lang.NullPointerException">java.lang.NullPointerException
	at net.sf.freecol.common.model.Player.getUnits(Player.java:1833)
	at net.sf.freecol.common.model.Player$UnitIterator.update(Player.java:218)
	at net.sf.freecol.common.model.Player$UnitIterator.&lt;init&gt;(Player.java:208)
	at net.sf.freecol.common.model.Player.&lt;init&gt;(Player.java:342)
	at net.sf.freecol.server.model.ServerPlayer.&lt;init&gt;(ServerPlayer.java:179)
	at net.sf.freecol.util.test.FreeColTestCase.getStandardGame(FreeColTestCase.java:173)
	at net.sf.freecol.util.test.FreeColTestCase.getStandardGame(FreeColTestCase.java:149)
	at net.sf.freecol.util.test.FreeColTestCase.getGame(FreeColTestCase.java:100)
	at net.sf.freecol.util.test.FreeColTestCase.getTestMap(FreeColTestCase.java:192)
	at net.sf.freecol.server.control.InGameControllerTest.testScoutDiesNotLosesEquipment(InGameControllerTest.java:1017)
	at junit.extensions.TestDecorator.basicRun(TestDecorator.java:23)
	at junit.extensions.TestSetup$1.protect(TestSetup.java:23)
	at junit.extensions.TestSetup.run(TestSetup.java:27)
</error>
  </testcase>
  <testcase classname="net.sf.freecol.server.control.InGameControllerTest" name="testDragoonDemotedByBrave" time="0.0">
    <error type="java.lang.NullPointerException">java.lang.NullPointerException
	at net.sf.freecol.common.model.Player.getUnits(Player.java:1833)
	at net.sf.freecol.common.model.Player$UnitIterator.update(Player.java:218)
	at net.sf.freecol.common.model.Player$UnitIterator.&lt;init&gt;(Player.java:208)
	at net.sf.freecol.common.model.Player.&lt;init&gt;(Player.java:342)
	at net.sf.freecol.server.model.ServerPlayer.&lt;init&gt;(ServerPlayer.java:179)
	at net.sf.freecol.util.test.FreeColTestCase.getStandardGame(FreeColTestCase.java:173)
	at net.sf.freecol.util.test.FreeColTestCase.getStandardGame(FreeColTestCase.java:149)
	at net.sf.freecol.util.test.FreeColTestCase.getGame(FreeColTestCase.java:100)
	at net.sf.freecol.util.test.FreeColTestCase.getTestMap(FreeColTestCase.java:209)
	at net.sf.freecol.server.control.InGameControllerTest.testDragoonDemotedByBrave(InGameControllerTest.java:1332)
	at junit.extensions.TestDecorator.basicRun(TestDecorator.java:23)
	at junit.extensions.TestSetup$1.protect(TestSetup.java:23)
	at junit.extensions.TestSetup.run(TestSetup.java:27)
</error>
  </testcase>
  <testcase classname="net.sf.freecol.server.control.InGameControllerTest" name="testCeaseFireTreaty" time="0.001">
    <error type="java.lang.NullPointerException">java.lang.NullPointerException
	at net.sf.freecol.common.model.Player.getUnits(Player.java:1833)
	at net.sf.freecol.common.model.Player$UnitIterator.update(Player.java:218)
	at net.sf.freecol.common.model.Player$UnitIterator.&lt;init&gt;(Player.java:208)
	at net.sf.freecol.common.model.Player.&lt;init&gt;(Player.java:342)
	at net.sf.freecol.server.model.ServerPlayer.&lt;init&gt;(ServerPlayer.java:179)
	at net.sf.freecol.util.test.FreeColTestCase.getStandardGame(FreeColTestCase.java:173)
	at net.sf.freecol.util.test.FreeColTestCase.getStandardGame(FreeColTestCase.java:149)
	at net.sf.freecol.util.test.FreeColTestCase.getGame(FreeColTestCase.java:100)
	at net.sf.freecol.util.test.FreeColTestCase.getTestMap(FreeColTestCase.java:192)
	at net.sf.freecol.server.control.InGameControllerTest.testCeaseFireTreaty(InGameControllerTest.java:1660)
	at junit.extensions.TestDecorator.basicRun(TestDecorator.java:23)
	at junit.extensions.TestSetup$1.protect(TestSetup.java:23)
	at junit.extensions.TestSetup.run(TestSetup.java:27)
</error>
  </testcase>
  <testcase classname="net.sf.freecol.server.control.InGameControllerTest" name="testDeclarationOfWarFromPeace" time="0.0">
    <error type="java.lang.NullPointerException">java.lang.NullPointerException
	at net.sf.freecol.common.model.Player.getUnits(Player.java:1833)
	at net.sf.freecol.common.model.Player$UnitIterator.update(Player.java:218)
	at net.sf.freecol.common.model.Player$UnitIterator.&lt;init&gt;(Player.java:208)
	at net.sf.freecol.common.model.Player.&lt;init&gt;(Player.java:342)
	at net.sf.freecol.server.model.ServerPlayer.&lt;init&gt;(ServerPlayer.java:179)
	at net.sf.freecol.util.test.FreeColTestCase.getStandardGame(FreeColTestCase.java:173)
	at net.sf.freecol.util.test.FreeColTestCase.getStandardGame(FreeColTestCase.java:149)
	at net.sf.freecol.util.test.FreeColTestCase.getGame(FreeColTestCase.java:100)
	at net.sf.freecol.util.test.FreeColTestCase.getTestMap(FreeColTestCase.java:192)
	at net.sf.freecol.server.control.InGameControllerTest.testDeclarationOfWarFromPeace(InGameControllerTest.java:222)
	at junit.extensions.TestDecorator.basicRun(TestDecorator.java:23)
	at junit.extensions.TestSetup$1.protect(TestSetup.java:23)
	at junit.extensions.TestSetup.run(TestSetup.java:27)
</error>
  </testcase>
  <testcase classname="net.sf.freecol.server.control.InGameControllerTest" name="testAttackColonyWithVeteran" time="0.0">
    <error type="java.lang.NullPointerException">java.lang.NullPointerException
	at net.sf.freecol.common.model.Player.getUnits(Player.java:1833)
	at net.sf.freecol.common.model.Player$UnitIterator.update(Player.java:218)
	at net.sf.freecol.common.model.Player$UnitIterator.&lt;init&gt;(Player.java:208)
	at net.sf.freecol.common.model.Player.&lt;init&gt;(Player.java:342)
	at net.sf.freecol.server.model.ServerPlayer.&lt;init&gt;(ServerPlayer.java:179)
	at net.sf.freecol.util.test.FreeColTestCase.getStandardGame(FreeColTestCase.java:173)
	at net.sf.freecol.util.test.FreeColTestCase.getStandardGame(FreeColTestCase.java:149)
	at net.sf.freecol.util.test.FreeColTestCase.getGame(FreeColTestCase.java:100)
	at net.sf.freecol.util.test.FreeColTestCase.getTestMap(FreeColTestCase.java:233)
	at net.sf.freecol.server.control.InGameControllerTest.testAttackColonyWithVeteran(InGameControllerTest.java:609)
	at junit.extensions.TestDecorator.basicRun(TestDecorator.java:23)
	at junit.extensions.TestSetup$1.protect(TestSetup.java:23)
	at junit.extensions.TestSetup.run(TestSetup.java:27)
</error>
  </testcase>
  <testcase classname="net.sf.freecol.server.control.InGameControllerTest" name="testDragoonDemotedBySoldier" time="0.001">
    <error type="java.lang.NullPointerException">java.lang.NullPointerException
	at net.sf.freecol.common.model.Player.getUnits(Player.java:1833)
	at net.sf.freecol.common.model.Player$UnitIterator.update(Player.java:218)
	at net.sf.freecol.common.model.Player$UnitIterator.&lt;init&gt;(Player.java:208)
	at net.sf.freecol.common.model.Player.&lt;init&gt;(Player.java:342)
	at net.sf.freecol.server.model.ServerPlayer.&lt;init&gt;(ServerPlayer.java:179)
	at net.sf.freecol.util.test.FreeColTestCase.getStandardGame(FreeColTestCase.java:173)
	at net.sf.freecol.util.test.FreeColTestCase.getStandardGame(FreeColTestCase.java:149)
	at net.sf.freecol.util.test.FreeColTestCase.getGame(FreeColTestCase.java:100)
	at net.sf.freecol.util.test.FreeColTestCase.getTestMap(FreeColTestCase.java:209)
	at net.sf.freecol.server.control.InGameControllerTest.testDragoonDemotedBySoldier(InGameControllerTest.java:1255)
	at junit.extensions.TestDecorator.basicRun(TestDecorator.java:23)
	at junit.extensions.TestSetup$1.protect(TestSetup.java:23)
	at junit.extensions.TestSetup.run(TestSetup.java:27)
</error>
  </testcase>
  <testcase classname="net.sf.freecol.server.control.InGameControllerTest" name="testAddFatherUnits" time="0.001">
    <error type="java.lang.NullPointerException">java.lang.NullPointerException
	at net.sf.freecol.common.model.Player.getUnits(Player.java:1833)
	at net.sf.freecol.common.model.Player$UnitIterator.update(Player.java:218)
	at net.sf.freecol.common.model.Player$UnitIterator.&lt;init&gt;(Player.java:208)
	at net.sf.freecol.common.model.Player.&lt;init&gt;(Player.java:342)
	at net.sf.freecol.server.model.ServerPlayer.&lt;init&gt;(ServerPlayer.java:179)
	at net.sf.freecol.util.test.FreeColTestCase.getStandardGame(FreeColTestCase.java:173)
	at net.sf.freecol.util.test.FreeColTestCase.getStandardGame(FreeColTestCase.java:149)
	at net.sf.freecol.util.test.FreeColTestCase.getGame(FreeColTestCase.java:100)
	at net.sf.freecol.util.test.FreeColTestCase.getTestMap(FreeColTestCase.java:192)
	at net.sf.freecol.server.control.InGameControllerTest.testAddFatherUnits(InGameControllerTest.java:1818)
	at junit.extensions.TestDecorator.basicRun(TestDecorator.java:23)
	at junit.extensions.TestSetup$1.protect(TestSetup.java:23)
	at junit.extensions.TestSetup.run(TestSetup.java:27)
</error>
  </testcase>
  <testcase classname="net.sf.freecol.server.control.InGameControllerTest" name="testDumpGoods" time="0.001">
    <error type="java.lang.NullPointerException">java.lang.NullPointerException
	at net.sf.freecol.common.model.Player.getUnits(Player.java:1833)
	at net.sf.freecol.common.model.Player$UnitIterator.update(Player.java:218)
	at net.sf.freecol.common.model.Player$UnitIterator.&lt;init&gt;(Player.java:208)
	at net.sf.freecol.common.model.Player.&lt;init&gt;(Player.java:342)
	at net.sf.freecol.server.model.ServerPlayer.&lt;init&gt;(ServerPlayer.java:179)
	at net.sf.freecol.util.test.FreeColTestCase.getStandardGame(FreeColTestCase.java:173)
	at net.sf.freecol.util.test.FreeColTestCase.getStandardGame(FreeColTestCase.java:149)
	at net.sf.freecol.util.test.FreeColTestCase.getGame(FreeColTestCase.java:100)
	at net.sf.freecol.util.test.FreeColTestCase.getTestMap(FreeColTestCase.java:209)
	at net.sf.freecol.server.control.InGameControllerTest.testDumpGoods(InGameControllerTest.java:306)
	at junit.extensions.TestDecorator.basicRun(TestDecorator.java:23)
	at junit.extensions.TestSetup$1.protect(TestSetup.java:23)
	at junit.extensions.TestSetup.run(TestSetup.java:27)
</error>
  </testcase>
  <testcase classname="net.sf.freecol.server.control.InGameControllerTest" name="testAtackedNavalUnitIsDamaged" time="0.001">
    <error type="java.lang.NullPointerException">java.lang.NullPointerException
	at net.sf.freecol.common.model.Player.getUnits(Player.java:1833)
	at net.sf.freecol.common.model.Player$UnitIterator.update(Player.java:218)
	at net.sf.freecol.common.model.Player$UnitIterator.&lt;init&gt;(Player.java:208)
	at net.sf.freecol.common.model.Player.&lt;init&gt;(Player.java:342)
	at net.sf.freecol.server.model.ServerPlayer.&lt;init&gt;(ServerPlayer.java:179)
	at net.sf.freecol.util.test.FreeColTestCase.getStandardGame(FreeColTestCase.java:173)
	at net.sf.freecol.util.test.FreeColTestCase.getStandardGame(FreeColTestCase.java:149)
	at net.sf.freecol.util.test.FreeColTestCase.getGame(FreeColTestCase.java:100)
	at net.sf.freecol.util.test.FreeColTestCase.getTestMap(FreeColTestCase.java:209)
	at net.sf.freecol.server.control.InGameControllerTest.testAtackedNavalUnitIsDamaged(InGameControllerTest.java:485)
	at junit.extensions.TestDecorator.basicRun(TestDecorator.java:23)
	at junit.extensions.TestSetup$1.protect(TestSetup.java:23)
	at junit.extensions.TestSetup.run(TestSetup.java:27)
</error>
  </testcase>
  <testcase classname="net.sf.freecol.server.control.InGameControllerTest" name="testLaSalle" time="0.001">
    <error type="java.lang.NullPointerException">java.lang.NullPointerException
	at net.sf.freecol.common.model.Player.getUnits(Player.java:1833)
	at net.sf.freecol.common.model.Player$UnitIterator.update(Player.java:218)
	at net.sf.freecol.common.model.Player$UnitIterator.&lt;init&gt;(Player.java:208)
	at net.sf.freecol.common.model.Player.&lt;init&gt;(Player.java:342)
	at net.sf.freecol.server.model.ServerPlayer.&lt;init&gt;(ServerPlayer.java:179)
	at net.sf.freecol.util.test.FreeColTestCase.getStandardGame(FreeColTestCase.java:173)
	at net.sf.freecol.util.test.FreeColTestCase.getStandardGame(FreeColTestCase.java:149)
	at net.sf.freecol.util.test.FreeColTestCase.getGame(FreeColTestCase.java:100)
	at net.sf.freecol.util.test.FreeColTestCase.getTestMap(FreeColTestCase.java:192)
	at net.sf.freecol.server.control.InGameControllerTest.testLaSalle(InGameControllerTest.java:1910)
	at junit.extensions.TestDecorator.basicRun(TestDecorator.java:23)
	at junit.extensions.TestSetup$1.protect(TestSetup.java:23)
	at junit.extensions.TestSetup.run(TestSetup.java:27)
</error>
  </testcase>
  <testcase classname="net.sf.freecol.server.control.InGameControllerTest" name="testPocahontas" time="0.001">
    <error type="java.lang.NullPointerException">java.lang.NullPointerException
	at net.sf.freecol.common.model.Player.getUnits(Player.java:1833)
	at net.sf.freecol.common.model.Player$UnitIterator.update(Player.java:218)
	at net.sf.freecol.common.model.Player$UnitIterator.&lt;init&gt;(Player.java:208)
	at net.sf.freecol.common.model.Player.&lt;init&gt;(Player.java:342)
	at net.sf.freecol.server.model.ServerPlayer.&lt;init&gt;(ServerPlayer.java:179)
	at net.sf.freecol.util.test.FreeColTestCase.getStandardGame(FreeColTestCase.java:173)
	at net.sf.freecol.util.test.FreeColTestCase.getStandardGame(FreeColTestCase.java:149)
	at net.sf.freecol.util.test.FreeColTestCase.getGame(FreeColTestCase.java:100)
	at net.sf.freecol.util.test.FreeColTestCase.getTestMap(FreeColTestCase.java:192)
	at net.sf.freecol.server.control.InGameControllerTest.testPocahontas(InGameControllerTest.java:1883)
	at junit.extensions.TestDecorator.basicRun(TestDecorator.java:23)
	at junit.extensions.TestSetup$1.protect(TestSetup.java:23)
	at junit.extensions.TestSetup.run(TestSetup.java:27)
</error>
  </testcase>
  <testcase classname="net.sf.freecol.server.control.InGameControllerTest" name="testPioneerDiesNotLosesEquipment" time="0.001">
    <error type="java.lang.NullPointerException">java.lang.NullPointerException
	at net.sf.freecol.common.model.Player.getUnits(Player.java:1833)
	at net.sf.freecol.common.model.Player$UnitIterator.update(Player.java:218)
	at net.sf.freecol.common.model.Player$UnitIterator.&lt;init&gt;(Player.java:208)
	at net.sf.freecol.common.model.Player.&lt;init&gt;(Player.java:342)
	at net.sf.freecol.server.model.ServerPlayer.&lt;init&gt;(ServerPlayer.java:179)
	at net.sf.freecol.util.test.FreeColTestCase.getStandardGame(FreeColTestCase.java:173)
	at net.sf.freecol.util.test.FreeColTestCase.getStandardGame(FreeColTestCase.java:149)
	at net.sf.freecol.util.test.FreeColTestCase.getGame(FreeColTestCase.java:100)
	at net.sf.freecol.util.test.FreeColTestCase.getTestMap(FreeColTestCase.java:192)
	at net.sf.freecol.server.control.InGameControllerTest.testPioneerDiesNotLosesEquipment(InGameControllerTest.java:989)
	at junit.extensions.TestDecorator.basicRun(TestDecorator.java:23)
	at junit.extensions.TestSetup$1.protect(TestSetup.java:23)
	at junit.extensions.TestSetup.run(TestSetup.java:27)
</error>
  </testcase>
  <testcase classname="net.sf.freecol.server.control.InGameControllerTest" name="testPromotion" time="0.0">
    <error type="java.lang.NullPointerException">java.lang.NullPointerException
	at net.sf.freecol.common.model.Player.getUnits(Player.java:1833)
	at net.sf.freecol.common.model.Player$UnitIterator.update(Player.java:218)
	at net.sf.freecol.common.model.Player$UnitIterator.&lt;init&gt;(Player.java:208)
	at net.sf.freecol.common.model.Player.&lt;init&gt;(Player.java:342)
	at net.sf.freecol.server.model.ServerPlayer.&lt;init&gt;(ServerPlayer.java:179)
	at net.sf.freecol.util.test.FreeColTestCase.getStandardGame(FreeColTestCase.java:173)
	at net.sf.freecol.util.test.FreeColTestCase.getStandardGame(FreeColTestCase.java:149)
	at net.sf.freecol.util.test.FreeColTestCase.getGame(FreeColTestCase.java:100)
	at net.sf.freecol.util.test.FreeColTestCase.getTestMap(FreeColTestCase.java:209)
	at net.sf.freecol.server.control.InGameControllerTest.testPromotion(InGameControllerTest.java:1050)
	at junit.extensions.TestDecorator.basicRun(TestDecorator.java:23)
	at junit.extensions.TestSetup$1.protect(TestSetup.java:23)
	at junit.extensions.TestSetup.run(TestSetup.java:27)
</error>
  </testcase>
  <testcase classname="net.sf.freecol.server.control.InGameControllerTest" name="testClearSpecialty" time="0.0">
    <error type="java.lang.NullPointerException">java.lang.NullPointerException
	at net.sf.freecol.common.model.Player.getUnits(Player.java:1833)
	at net.sf.freecol.common.model.Player$UnitIterator.update(Player.java:218)
	at net.sf.freecol.common.model.Player$UnitIterator.&lt;init&gt;(Player.java:208)
	at net.sf.freecol.common.model.Player.&lt;init&gt;(Player.java:342)
	at net.sf.freecol.server.model.ServerPlayer.&lt;init&gt;(ServerPlayer.java:179)
	at net.sf.freecol.util.test.FreeColTestCase.getStandardGame(FreeColTestCase.java:173)
	at net.sf.freecol.util.test.FreeColTestCase.getStandardGame(FreeColTestCase.java:149)
	at net.sf.freecol.util.test.FreeColTestCase.getGame(FreeColTestCase.java:100)
	at net.sf.freecol.util.test.FreeColTestCase.getTestMap(FreeColTestCase.java:192)
	at net.sf.freecol.server.control.InGameControllerTest.testClearSpecialty(InGameControllerTest.java:448)
	at junit.extensions.TestDecorator.basicRun(TestDecorator.java:23)
	at junit.extensions.TestSetup$1.protect(TestSetup.java:23)
	at junit.extensions.TestSetup.run(TestSetup.java:27)
</error>
  </testcase>
  <testcase classname="net.sf.freecol.server.control.InGameControllerTest" name="testPeaceTreatyFromCeaseFireStance" time="0.001">
    <error type="java.lang.NullPointerException">java.lang.NullPointerException
	at net.sf.freecol.common.model.Player.getUnits(Player.java:1833)
	at net.sf.freecol.common.model.Player$UnitIterator.update(Player.java:218)
	at net.sf.freecol.common.model.Player$UnitIterator.&lt;init&gt;(Player.java:208)
	at net.sf.freecol.common.model.Player.&lt;init&gt;(Player.java:342)
	at net.sf.freecol.server.model.ServerPlayer.&lt;init&gt;(ServerPlayer.java:179)
	at net.sf.freecol.util.test.FreeColTestCase.getStandardGame(FreeColTestCase.java:173)
	at net.sf.freecol.util.test.FreeColTestCase.getStandardGame(FreeColTestCase.java:149)
	at net.sf.freecol.util.test.FreeColTestCase.getGame(FreeColTestCase.java:100)
	at net.sf.freecol.util.test.FreeColTestCase.getTestMap(FreeColTestCase.java:192)
	at net.sf.freecol.server.control.InGameControllerTest.testPeaceTreatyFromCeaseFireStance(InGameControllerTest.java:1624)
	at junit.extensions.TestDecorator.basicRun(TestDecorator.java:23)
	at junit.extensions.TestSetup$1.protect(TestSetup.java:23)
	at junit.extensions.TestSetup.run(TestSetup.java:27)
</error>
  </testcase>
  <testcase classname="net.sf.freecol.server.control.InGameControllerTest" name="testUnitLosesExperienceWithWorkChange" time="0.001">
    <error type="java.lang.NullPointerException">java.lang.NullPointerException
	at net.sf.freecol.common.model.Player.getUnits(Player.java:1833)
	at net.sf.freecol.common.model.Player$UnitIterator.update(Player.java:218)
	at net.sf.freecol.common.model.Player$UnitIterator.&lt;init&gt;(Player.java:208)
	at net.sf.freecol.common.model.Player.&lt;init&gt;(Player.java:342)
	at net.sf.freecol.server.model.ServerPlayer.&lt;init&gt;(ServerPlayer.java:179)
	at net.sf.freecol.util.test.FreeColTestCase.getStandardGame(FreeColTestCase.java:173)
	at net.sf.freecol.util.test.FreeColTestCase.getStandardGame(FreeColTestCase.java:149)
	at net.sf.freecol.util.test.FreeColTestCase.getGame(FreeColTestCase.java:100)
	at net.sf.freecol.util.test.FreeColTestCase.getTestMap(FreeColTestCase.java:192)
	at net.sf.freecol.server.control.InGameControllerTest.testUnitLosesExperienceWithWorkChange(InGameControllerTest.java:1968)
	at junit.extensions.TestDecorator.basicRun(TestDecorator.java:23)
	at junit.extensions.TestSetup$1.protect(TestSetup.java:23)
	at junit.extensions.TestSetup.run(TestSetup.java:27)
</error>
  </testcase>
  <testcase classname="net.sf.freecol.server.control.InGameControllerTest" name="testEquipIndianNotEnoughReqGoods" time="0.001">
    <error type="java.lang.NullPointerException">java.lang.NullPointerException
	at net.sf.freecol.common.model.Player.getUnits(Player.java:1833)
	at net.sf.freecol.common.model.Player$UnitIterator.update(Player.java:218)
	at net.sf.freecol.common.model.Player$UnitIterator.&lt;init&gt;(Player.java:208)
	at net.sf.freecol.common.model.Player.&lt;init&gt;(Player.java:342)
	at net.sf.freecol.server.model.ServerPlayer.&lt;init&gt;(ServerPlayer.java:179)
	at net.sf.freecol.util.test.FreeColTestCase.getStandardGame(FreeColTestCase.java:173)
	at net.sf.freecol.util.test.FreeColTestCase.getStandardGame(FreeColTestCase.java:149)
	at net.sf.freecol.util.test.FreeColTestCase.getGame(FreeColTestCase.java:100)
	at net.sf.freecol.util.test.FreeColTestCase.getTestMap(FreeColTestCase.java:192)
	at net.sf.freecol.server.control.InGameControllerTest.testEquipIndianNotEnoughReqGoods(InGameControllerTest.java:1774)
	at junit.extensions.TestDecorator.basicRun(TestDecorator.java:23)
	at junit.extensions.TestSetup$1.protect(TestSetup.java:23)
	at junit.extensions.TestSetup.run(TestSetup.java:27)
</error>
  </testcase>
  <testcase classname="net.sf.freecol.server.control.InGameControllerTest" name="testCashInTreasure" time="0.0">
    <error type="java.lang.NullPointerException">java.lang.NullPointerException
	at net.sf.freecol.common.model.Player.getUnits(Player.java:1833)
	at net.sf.freecol.common.model.Player$UnitIterator.update(Player.java:218)
	at net.sf.freecol.common.model.Player$UnitIterator.&lt;init&gt;(Player.java:208)
	at net.sf.freecol.common.model.Player.&lt;init&gt;(Player.java:342)
	at net.sf.freecol.server.model.ServerPlayer.&lt;init&gt;(ServerPlayer.java:179)
	at net.sf.freecol.util.test.FreeColTestCase.getStandardGame(FreeColTestCase.java:173)
	at net.sf.freecol.util.test.FreeColTestCase.getStandardGame(FreeColTestCase.java:149)
	at net.sf.freecol.util.test.FreeColTestCase.getGame(FreeColTestCase.java:100)
	at net.sf.freecol.util.test.FreeColTestCase.getCoastTestMap(FreeColTestCase.java:262)
	at net.sf.freecol.server.control.InGameControllerTest.testCashInTreasure(InGameControllerTest.java:340)
	at junit.extensions.TestDecorator.basicRun(TestDecorator.java:23)
	at junit.extensions.TestSetup$1.protect(TestSetup.java:23)
	at junit.extensions.TestSetup.run(TestSetup.java:27)
</error>
  </testcase>
  <testcase classname="net.sf.freecol.server.control.InGameControllerTest" name="testAddFatherUpgrades" time="0.0">
    <error type="java.lang.NullPointerException">java.lang.NullPointerException
	at net.sf.freecol.common.model.Player.getUnits(Player.java:1833)
	at net.sf.freecol.common.model.Player$UnitIterator.update(Player.java:218)
	at net.sf.freecol.common.model.Player$UnitIterator.&lt;init&gt;(Player.java:208)
	at net.sf.freecol.common.model.Player.&lt;init&gt;(Player.java:342)
	at net.sf.freecol.server.model.ServerPlayer.&lt;init&gt;(ServerPlayer.java:179)
	at net.sf.freecol.util.test.FreeColTestCase.getStandardGame(FreeColTestCase.java:173)
	at net.sf.freecol.util.test.FreeColTestCase.getStandardGame(FreeColTestCase.java:149)
	at net.sf.freecol.util.test.FreeColTestCase.getGame(FreeColTestCase.java:100)
	at net.sf.freecol.util.test.FreeColTestCase.getTestMap(FreeColTestCase.java:192)
	at net.sf.freecol.server.control.InGameControllerTest.testAddFatherUpgrades(InGameControllerTest.java:1839)
	at junit.extensions.TestDecorator.basicRun(TestDecorator.java:23)
	at junit.extensions.TestSetup$1.protect(TestSetup.java:23)
	at junit.extensions.TestSetup.run(TestSetup.java:27)
</error>
  </testcase>
  <testcase classname="net.sf.freecol.server.control.InGameControllerTest" name="testUnitTypeChangeOnEnterColony" time="0.001">
    <error type="java.lang.NullPointerException">java.lang.NullPointerException
	at net.sf.freecol.common.model.Player.getUnits(Player.java:1833)
	at net.sf.freecol.common.model.Player$UnitIterator.update(Player.java:218)
	at net.sf.freecol.common.model.Player$UnitIterator.&lt;init&gt;(Player.java:208)
	at net.sf.freecol.common.model.Player.&lt;init&gt;(Player.java:342)
	at net.sf.freecol.server.model.ServerPlayer.&lt;init&gt;(ServerPlayer.java:179)
	at net.sf.freecol.util.test.FreeColTestCase.getStandardGame(FreeColTestCase.java:173)
	at net.sf.freecol.util.test.FreeColTestCase.getStandardGame(FreeColTestCase.java:149)
	at net.sf.freecol.util.test.FreeColTestCase.getGame(FreeColTestCase.java:100)
	at net.sf.freecol.util.test.FreeColTestCase.getTestMap(FreeColTestCase.java:233)
	at net.sf.freecol.server.control.InGameControllerTest.testUnitTypeChangeOnEnterColony(InGameControllerTest.java:2097)
	at junit.extensions.TestDecorator.basicRun(TestDecorator.java:23)
	at junit.extensions.TestSetup$1.protect(TestSetup.java:23)
	at junit.extensions.TestSetup.run(TestSetup.java:27)
</error>
  </testcase>
  <testcase classname="net.sf.freecol.server.control.InGameControllerTest" name="testSoldierDemotedBySoldier" time="0.001">
    <error type="java.lang.NullPointerException">java.lang.NullPointerException
	at net.sf.freecol.common.model.Player.getUnits(Player.java:1833)
	at net.sf.freecol.common.model.Player$UnitIterator.update(Player.java:218)
	at net.sf.freecol.common.model.Player$UnitIterator.&lt;init&gt;(Player.java:208)
	at net.sf.freecol.common.model.Player.&lt;init&gt;(Player.java:342)
	at net.sf.freecol.server.model.ServerPlayer.&lt;init&gt;(ServerPlayer.java:179)
	at net.sf.freecol.util.test.FreeColTestCase.getStandardGame(FreeColTestCase.java:173)
	at net.sf.freecol.util.test.FreeColTestCase.getStandardGame(FreeColTestCase.java:149)
	at net.sf.freecol.util.test.FreeColTestCase.getGame(FreeColTestCase.java:100)
	at net.sf.freecol.util.test.FreeColTestCase.getTestMap(FreeColTestCase.java:209)
	at net.sf.freecol.server.control.InGameControllerTest.testSoldierDemotedBySoldier(InGameControllerTest.java:1205)
	at junit.extensions.TestDecorator.basicRun(TestDecorator.java:23)
	at junit.extensions.TestSetup$1.protect(TestSetup.java:23)
	at junit.extensions.TestSetup.run(TestSetup.java:27)
</error>
  </testcase>
  <testcase classname="net.sf.freecol.server.control.InGameControllerTest" name="testUnarmedAttack" time="0.001">
    <error type="java.lang.NullPointerException">java.lang.NullPointerException
	at net.sf.freecol.common.model.Player.getUnits(Player.java:1833)
	at net.sf.freecol.common.model.Player$UnitIterator.update(Player.java:218)
	at net.sf.freecol.common.model.Player$UnitIterator.&lt;init&gt;(Player.java:208)
	at net.sf.freecol.common.model.Player.&lt;init&gt;(Player.java:342)
	at net.sf.freecol.server.model.ServerPlayer.&lt;init&gt;(ServerPlayer.java:179)
	at net.sf.freecol.util.test.FreeColTestCase.getStandardGame(FreeColTestCase.java:173)
	at net.sf.freecol.util.test.FreeColTestCase.getStandardGame(FreeColTestCase.java:149)
	at net.sf.freecol.util.test.FreeColTestCase.getGame(FreeColTestCase.java:100)
	at net.sf.freecol.util.test.FreeColTestCase.getTestMap(FreeColTestCase.java:209)
	at net.sf.freecol.server.control.InGameControllerTest.testUnarmedAttack(InGameControllerTest.java:540)
	at junit.extensions.TestDecorator.basicRun(TestDecorator.java:23)
	at junit.extensions.TestSetup$1.protect(TestSetup.java:23)
	at junit.extensions.TestSetup.run(TestSetup.java:27)
</error>
  </testcase>
  <testcase classname="net.sf.freecol.server.control.InGameControllerTest" name="testCarpenterHouseNationalAdvantage" time="0.001">
    <error type="java.lang.NullPointerException">java.lang.NullPointerException
	at net.sf.freecol.common.model.Player.getUnits(Player.java:1833)
	at net.sf.freecol.common.model.Player$UnitIterator.update(Player.java:218)
	at net.sf.freecol.common.model.Player$UnitIterator.&lt;init&gt;(Player.java:208)
	at net.sf.freecol.common.model.Player.&lt;init&gt;(Player.java:342)
	at net.sf.freecol.server.model.ServerPlayer.&lt;init&gt;(ServerPlayer.java:179)
	at net.sf.freecol.util.test.FreeColTestCase.getStandardGame(FreeColTestCase.java:173)
	at net.sf.freecol.util.test.FreeColTestCase.getStandardGame(FreeColTestCase.java:149)
	at net.sf.freecol.util.test.FreeColTestCase.getGame(FreeColTestCase.java:100)
	at net.sf.freecol.util.test.FreeColTestCase.getTestMap(FreeColTestCase.java:233)
	at net.sf.freecol.server.control.InGameControllerTest.testCarpenterHouseNationalAdvantage(InGameControllerTest.java:2133)
	at junit.extensions.TestDecorator.basicRun(TestDecorator.java:23)
	at junit.extensions.TestSetup$1.protect(TestSetup.java:23)
	at junit.extensions.TestSetup.run(TestSetup.java:27)
</error>
  </testcase>
  <testcase classname="net.sf.freecol.server.control.InGameControllerTest" name="testCreateMission" time="0.0">
    <error type="java.lang.NullPointerException">java.lang.NullPointerException
	at net.sf.freecol.common.model.Player.getUnits(Player.java:1833)
	at net.sf.freecol.common.model.Player$UnitIterator.update(Player.java:218)
	at net.sf.freecol.common.model.Player$UnitIterator.&lt;init&gt;(Player.java:208)
	at net.sf.freecol.common.model.Player.&lt;init&gt;(Player.java:342)
	at net.sf.freecol.server.model.ServerPlayer.&lt;init&gt;(ServerPlayer.java:179)
	at net.sf.freecol.util.test.FreeColTestCase.getStandardGame(FreeColTestCase.java:173)
	at net.sf.freecol.util.test.FreeColTestCase.getStandardGame(FreeColTestCase.java:149)
	at net.sf.freecol.util.test.FreeColTestCase.getGame(FreeColTestCase.java:100)
	at net.sf.freecol.util.test.FreeColTestCase.getTestMap(FreeColTestCase.java:192)
	at net.sf.freecol.server.control.InGameControllerTest.testCreateMission(InGameControllerTest.java:269)
	at junit.extensions.TestDecorator.basicRun(TestDecorator.java:23)
	at junit.extensions.TestSetup$1.protect(TestSetup.java:23)
	at junit.extensions.TestSetup.run(TestSetup.java:27)
</error>
  </testcase>
  <testcase classname="net.sf.freecol.server.control.InGameControllerTest" name="testDoAssignedWorkAmateurAndHardyPioneer" time="0.001">
    <error type="java.lang.NullPointerException">java.lang.NullPointerException
	at net.sf.freecol.common.model.Player.getUnits(Player.java:1833)
	at net.sf.freecol.common.model.Player$UnitIterator.update(Player.java:218)
	at net.sf.freecol.common.model.Player$UnitIterator.&lt;init&gt;(Player.java:208)
	at net.sf.freecol.common.model.Player.&lt;init&gt;(Player.java:342)
	at net.sf.freecol.server.model.ServerPlayer.&lt;init&gt;(ServerPlayer.java:179)
	at net.sf.freecol.util.test.FreeColTestCase.getStandardGame(FreeColTestCase.java:173)
	at net.sf.freecol.util.test.FreeColTestCase.getStandardGame(FreeColTestCase.java:149)
	at net.sf.freecol.server.control.InGameControllerTest.workLeftFor(InGameControllerTest.java:1991)
	at net.sf.freecol.server.control.InGameControllerTest.testDoAssignedWorkAmateurAndHardyPioneer(InGameControllerTest.java:2011)
	at junit.extensions.TestDecorator.basicRun(TestDecorator.java:23)
	at junit.extensions.TestSetup$1.protect(TestSetup.java:23)
	at junit.extensions.TestSetup.run(TestSetup.java:27)
</error>
  </testcase>
  <testcase classname="net.sf.freecol.server.control.InGameControllerTest" name="testEmbark" time="0.001">
    <error type="java.lang.NullPointerException">java.lang.NullPointerException
	at net.sf.freecol.common.model.Player.getUnits(Player.java:1833)
	at net.sf.freecol.common.model.Player$UnitIterator.update(Player.java:218)
	at net.sf.freecol.common.model.Player$UnitIterator.&lt;init&gt;(Player.java:208)
	at net.sf.freecol.common.model.Player.&lt;init&gt;(Player.java:342)
	at net.sf.freecol.server.model.ServerPlayer.&lt;init&gt;(ServerPlayer.java:179)
	at net.sf.freecol.util.test.FreeColTestCase.getStandardGame(FreeColTestCase.java:173)
	at net.sf.freecol.util.test.FreeColTestCase.getStandardGame(FreeColTestCase.java:149)
	at net.sf.freecol.util.test.FreeColTestCase.getGame(FreeColTestCase.java:100)
	at net.sf.freecol.util.test.FreeColTestCase.getCoastTestMap(FreeColTestCase.java:262)
	at net.sf.freecol.util.test.FreeColTestCase.getCoastTestMap(FreeColTestCase.java:239)
	at net.sf.freecol.server.control.InGameControllerTest.testEmbark(InGameControllerTest.java:407)
	at junit.extensions.TestDecorator.basicRun(TestDecorator.java:23)
	at junit.extensions.TestSetup$1.protect(TestSetup.java:23)
	at junit.extensions.TestSetup.run(TestSetup.java:27)
</error>
  </testcase>
  <testcase classname="net.sf.freecol.server.control.InGameControllerTest" name="testVeteranSoldierDemotedBySoldier" time="0.0">
    <error type="java.lang.NullPointerException">java.lang.NullPointerException
	at net.sf.freecol.common.model.Player.getUnits(Player.java:1833)
	at net.sf.freecol.common.model.Player$UnitIterator.update(Player.java:218)
	at net.sf.freecol.common.model.Player$UnitIterator.&lt;init&gt;(Player.java:208)
	at net.sf.freecol.common.model.Player.&lt;init&gt;(Player.java:342)
	at net.sf.freecol.server.model.ServerPlayer.&lt;init&gt;(ServerPlayer.java:179)
	at net.sf.freecol.util.test.FreeColTestCase.getStandardGame(FreeColTestCase.java:173)
	at net.sf.freecol.util.test.FreeColTestCase.getStandardGame(FreeColTestCase.java:149)
	at net.sf.freecol.util.test.FreeColTestCase.getGame(FreeColTestCase.java:100)
	at net.sf.freecol.util.test.FreeColTestCase.getTestMap(FreeColTestCase.java:209)
	at net.sf.freecol.server.control.InGameControllerTest.testVeteranSoldierDemotedBySoldier(InGameControllerTest.java:1446)
	at junit.extensions.TestDecorator.basicRun(TestDecorator.java:23)
	at junit.extensions.TestSetup$1.protect(TestSetup.java:23)
	at junit.extensions.TestSetup.run(TestSetup.java:27)
</error>
  </testcase>
  <testcase classname="net.sf.freecol.server.control.InGameControllerTest" name="testLoseColonyDefenceWithRevere" time="0.001">
    <error type="java.lang.NullPointerException">java.lang.NullPointerException
	at net.sf.freecol.common.model.Player.getUnits(Player.java:1833)
	at net.sf.freecol.common.model.Player$UnitIterator.update(Player.java:218)
	at net.sf.freecol.common.model.Player$UnitIterator.&lt;init&gt;(Player.java:208)
	at net.sf.freecol.common.model.Player.&lt;init&gt;(Player.java:342)
	at net.sf.freecol.server.model.ServerPlayer.&lt;init&gt;(ServerPlayer.java:179)
	at net.sf.freecol.util.test.FreeColTestCase.getStandardGame(FreeColTestCase.java:173)
	at net.sf.freecol.util.test.FreeColTestCase.getStandardGame(FreeColTestCase.java:149)
	at net.sf.freecol.util.test.FreeColTestCase.getGame(FreeColTestCase.java:100)
	at net.sf.freecol.util.test.FreeColTestCase.getTestMap(FreeColTestCase.java:233)
	at net.sf.freecol.server.control.InGameControllerTest.testLoseColonyDefenceWithRevere(InGameControllerTest.java:942)
	at junit.extensions.TestDecorator.basicRun(TestDecorator.java:23)
	at junit.extensions.TestSetup$1.protect(TestSetup.java:23)
	at junit.extensions.TestSetup.run(TestSetup.java:27)
</error>
  </testcase>
  <testcase classname="net.sf.freecol.server.control.InGameControllerTest" name="testBuildingBonus" time="0.0">
    <error type="java.lang.NullPointerException">java.lang.NullPointerException
	at net.sf.freecol.common.model.Player.getUnits(Player.java:1833)
	at net.sf.freecol.common.model.Player$UnitIterator.update(Player.java:218)
	at net.sf.freecol.common.model.Player$UnitIterator.&lt;init&gt;(Player.java:208)
	at net.sf.freecol.common.model.Player.&lt;init&gt;(Player.java:342)
	at net.sf.freecol.server.model.ServerPlayer.&lt;init&gt;(ServerPlayer.java:179)
	at net.sf.freecol.util.test.FreeColTestCase.getStandardGame(FreeColTestCase.java:173)
	at net.sf.freecol.util.test.FreeColTestCase.getStandardGame(FreeColTestCase.java:149)
	at net.sf.freecol.util.test.FreeColTestCase.getGame(FreeColTestCase.java:100)
	at net.sf.freecol.util.test.FreeColTestCase.getTestMap(FreeColTestCase.java:233)
	at net.sf.freecol.server.control.InGameControllerTest.testBuildingBonus(InGameControllerTest.java:1946)
	at junit.extensions.TestDecorator.basicRun(TestDecorator.java:23)
	at junit.extensions.TestSetup$1.protect(TestSetup.java:23)
	at junit.extensions.TestSetup.run(TestSetup.java:27)
</error>
  </testcase>
  <testcase classname="net.sf.freecol.server.control.InGameControllerTest" name="testColonistDemotedBySoldier" time="0.001">
    <error type="java.lang.NullPointerException">java.lang.NullPointerException
	at net.sf.freecol.common.model.Player.getUnits(Player.java:1833)
	at net.sf.freecol.common.model.Player$UnitIterator.update(Player.java:218)
	at net.sf.freecol.common.model.Player$UnitIterator.&lt;init&gt;(Player.java:208)
	at net.sf.freecol.common.model.Player.&lt;init&gt;(Player.java:342)
	at net.sf.freecol.server.model.ServerPlayer.&lt;init&gt;(ServerPlayer.java:179)
	at net.sf.freecol.util.test.FreeColTestCase.getStandardGame(FreeColTestCase.java:173)
	at net.sf.freecol.util.test.FreeColTestCase.getStandardGame(FreeColTestCase.java:149)
	at net.sf.freecol.util.test.FreeColTestCase.getGame(FreeColTestCase.java:100)
	at net.sf.freecol.util.test.FreeColTestCase.getTestMap(FreeColTestCase.java:209)
	at net.sf.freecol.server.control.InGameControllerTest.testColonistDemotedBySoldier(InGameControllerTest.java:1164)
	at junit.extensions.TestDecorator.basicRun(TestDecorator.java:23)
	at junit.extensions.TestSetup$1.protect(TestSetup.java:23)
	at junit.extensions.TestSetup.run(TestSetup.java:27)
</error>
  </testcase>
  <testcase classname="net.sf.freecol.server.control.InGameControllerTest" name="testScoutDefeatedBySoldier" time="0.0">
    <error type="java.lang.NullPointerException">java.lang.NullPointerException
	at net.sf.freecol.common.model.Player.getUnits(Player.java:1833)
	at net.sf.freecol.common.model.Player$UnitIterator.update(Player.java:218)
	at net.sf.freecol.common.model.Player$UnitIterator.&lt;init&gt;(Player.java:208)
	at net.sf.freecol.common.model.Player.&lt;init&gt;(Player.java:342)
	at net.sf.freecol.server.model.ServerPlayer.&lt;init&gt;(ServerPlayer.java:179)
	at net.sf.freecol.util.test.FreeColTestCase.getStandardGame(FreeColTestCase.java:173)
	at net.sf.freecol.util.test.FreeColTestCase.getStandardGame(FreeColTestCase.java:149)
	at net.sf.freecol.util.test.FreeColTestCase.getGame(FreeColTestCase.java:100)
	at net.sf.freecol.util.test.FreeColTestCase.getTestMap(FreeColTestCase.java:209)
	at net.sf.freecol.server.control.InGameControllerTest.testScoutDefeatedBySoldier(InGameControllerTest.java:1414)
	at junit.extensions.TestDecorator.basicRun(TestDecorator.java:23)
	at junit.extensions.TestSetup$1.protect(TestSetup.java:23)
	at junit.extensions.TestSetup.run(TestSetup.java:27)
</error>
  </testcase>
  <testcase classname="net.sf.freecol.server.control.InGameControllerTest" name="testAddFatherBuildingEvent" time="0.0">
    <error type="java.lang.NullPointerException">java.lang.NullPointerException
	at net.sf.freecol.common.model.Player.getUnits(Player.java:1833)
	at net.sf.freecol.common.model.Player$UnitIterator.update(Player.java:218)
	at net.sf.freecol.common.model.Player$UnitIterator.&lt;init&gt;(Player.java:208)
	at net.sf.freecol.common.model.Player.&lt;init&gt;(Player.java:342)
	at net.sf.freecol.server.model.ServerPlayer.&lt;init&gt;(ServerPlayer.java:179)
	at net.sf.freecol.util.test.FreeColTestCase.getStandardGame(FreeColTestCase.java:173)
	at net.sf.freecol.util.test.FreeColTestCase.getStandardGame(FreeColTestCase.java:149)
	at net.sf.freecol.util.test.FreeColTestCase.getGame(FreeColTestCase.java:100)
	at net.sf.freecol.util.test.FreeColTestCase.getTestMap(FreeColTestCase.java:192)
	at net.sf.freecol.server.control.InGameControllerTest.testAddFatherBuildingEvent(InGameControllerTest.java:1863)
	at junit.extensions.TestDecorator.basicRun(TestDecorator.java:23)
	at junit.extensions.TestSetup$1.protect(TestSetup.java:23)
	at junit.extensions.TestSetup.run(TestSetup.java:27)
</error>
  </testcase>
  <testcase classname="net.sf.freecol.server.control.InGameControllerTest" name="testAttackColonyWithBrave" time="0.001">
    <error type="java.lang.NullPointerException">java.lang.NullPointerException
	at net.sf.freecol.common.model.Player.getUnits(Player.java:1833)
	at net.sf.freecol.common.model.Player$UnitIterator.update(Player.java:218)
	at net.sf.freecol.common.model.Player$UnitIterator.&lt;init&gt;(Player.java:208)
	at net.sf.freecol.common.model.Player.&lt;init&gt;(Player.java:342)
	at net.sf.freecol.server.model.ServerPlayer.&lt;init&gt;(ServerPlayer.java:179)
	at net.sf.freecol.util.test.FreeColTestCase.getStandardGame(FreeColTestCase.java:173)
	at net.sf.freecol.util.test.FreeColTestCase.getStandardGame(FreeColTestCase.java:149)
	at net.sf.freecol.util.test.FreeColTestCase.getGame(FreeColTestCase.java:100)
	at net.sf.freecol.util.test.FreeColTestCase.getTestMap(FreeColTestCase.java:233)
	at net.sf.freecol.server.control.InGameControllerTest.testAttackColonyWithBrave(InGameControllerTest.java:726)
	at junit.extensions.TestDecorator.basicRun(TestDecorator.java:23)
	at junit.extensions.TestSetup$1.protect(TestSetup.java:23)
	at junit.extensions.TestSetup.run(TestSetup.java:27)
</error>
  </testcase>
  <testcase classname="net.sf.freecol.server.control.InGameControllerTest" name="testEquipIndian" time="0.001">
    <error type="java.lang.NullPointerException">java.lang.NullPointerException
	at net.sf.freecol.common.model.Player.getUnits(Player.java:1833)
	at net.sf.freecol.common.model.Player$UnitIterator.update(Player.java:218)
	at net.sf.freecol.common.model.Player$UnitIterator.&lt;init&gt;(Player.java:208)
	at net.sf.freecol.common.model.Player.&lt;init&gt;(Player.java:342)
	at net.sf.freecol.server.model.ServerPlayer.&lt;init&gt;(ServerPlayer.java:179)
	at net.sf.freecol.util.test.FreeColTestCase.getStandardGame(FreeColTestCase.java:173)
	at net.sf.freecol.util.test.FreeColTestCase.getStandardGame(FreeColTestCase.java:149)
	at net.sf.freecol.util.test.FreeColTestCase.getGame(FreeColTestCase.java:100)
	at net.sf.freecol.util.test.FreeColTestCase.getTestMap(FreeColTestCase.java:192)
	at net.sf.freecol.server.control.InGameControllerTest.testEquipIndian(InGameControllerTest.java:1723)
	at junit.extensions.TestDecorator.basicRun(TestDecorator.java:23)
	at junit.extensions.TestSetup$1.protect(TestSetup.java:23)
	at junit.extensions.TestSetup.run(TestSetup.java:27)
</error>
  </testcase>
  <testcase classname="net.sf.freecol.server.model.ServerBuildingTest" name="testMoveTeacherOutside" time="0.0">
    <error type="java.lang.NullPointerException">java.lang.NullPointerException
	at net.sf.freecol.common.model.Player.getUnits(Player.java:1833)
	at net.sf.freecol.common.model.Player$UnitIterator.update(Player.java:218)
	at net.sf.freecol.common.model.Player$UnitIterator.&lt;init&gt;(Player.java:208)
	at net.sf.freecol.common.model.Player.&lt;init&gt;(Player.java:342)
	at net.sf.freecol.server.model.ServerPlayer.&lt;init&gt;(ServerPlayer.java:179)
	at net.sf.freecol.util.test.FreeColTestCase.getStandardGame(FreeColTestCase.java:173)
	at net.sf.freecol.util.test.FreeColTestCase.getStandardGame(FreeColTestCase.java:149)
	at net.sf.freecol.util.test.FreeColTestCase.getGame(FreeColTestCase.java:100)
	at net.sf.freecol.util.test.FreeColTestCase.getTestMap(FreeColTestCase.java:233)
	at net.sf.freecol.server.model.ServerBuildingTest.testMoveTeacherOutside(ServerBuildingTest.java:821)
	at junit.extensions.TestDecorator.basicRun(TestDecorator.java:23)
	at junit.extensions.TestSetup$1.protect(TestSetup.java:23)
	at junit.extensions.TestSetup.run(TestSetup.java:27)
</error>
  </testcase>
  <testcase classname="net.sf.freecol.server.model.ServerBuildingTest" name="testTeacherStoresProgress" time="0.0">
    <error type="java.lang.NullPointerException">java.lang.NullPointerException
	at net.sf.freecol.common.model.Player.getUnits(Player.java:1833)
	at net.sf.freecol.common.model.Player$UnitIterator.update(Player.java:218)
	at net.sf.freecol.common.model.Player$UnitIterator.&lt;init&gt;(Player.java:208)
	at net.sf.freecol.common.model.Player.&lt;init&gt;(Player.java:342)
	at net.sf.freecol.server.model.ServerPlayer.&lt;init&gt;(ServerPlayer.java:179)
	at net.sf.freecol.util.test.FreeColTestCase.getStandardGame(FreeColTestCase.java:173)
	at net.sf.freecol.util.test.FreeColTestCase.getStandardGame(FreeColTestCase.java:149)
	at net.sf.freecol.util.test.FreeColTestCase.getGame(FreeColTestCase.java:100)
	at net.sf.freecol.util.test.FreeColTestCase.getTestMap(FreeColTestCase.java:233)
	at net.sf.freecol.server.model.ServerBuildingTest.testTeacherStoresProgress(ServerBuildingTest.java:645)
	at junit.extensions.TestDecorator.basicRun(TestDecorator.java:23)
	at junit.extensions.TestSetup$1.protect(TestSetup.java:23)
	at junit.extensions.TestSetup.run(TestSetup.java:27)
</error>
  </testcase>
  <testcase classname="net.sf.freecol.server.model.ServerBuildingTest" name="testCaseTwoTeachersWithDifferentExp" time="0.001">
    <error type="java.lang.NullPointerException">java.lang.NullPointerException
	at net.sf.freecol.common.model.Player.getUnits(Player.java:1833)
	at net.sf.freecol.common.model.Player$UnitIterator.update(Player.java:218)
	at net.sf.freecol.common.model.Player$UnitIterator.&lt;init&gt;(Player.java:208)
	at net.sf.freecol.common.model.Player.&lt;init&gt;(Player.java:342)
	at net.sf.freecol.server.model.ServerPlayer.&lt;init&gt;(ServerPlayer.java:179)
	at net.sf.freecol.util.test.FreeColTestCase.getStandardGame(FreeColTestCase.java:173)
	at net.sf.freecol.util.test.FreeColTestCase.getStandardGame(FreeColTestCase.java:149)
	at net.sf.freecol.util.test.FreeColTestCase.getGame(FreeColTestCase.java:100)
	at net.sf.freecol.util.test.FreeColTestCase.getTestMap(FreeColTestCase.java:233)
	at net.sf.freecol.server.model.ServerBuildingTest.testCaseTwoTeachersWithDifferentExp(ServerBuildingTest.java:771)
	at junit.extensions.TestDecorator.basicRun(TestDecorator.java:23)
	at junit.extensions.TestSetup$1.protect(TestSetup.java:23)
	at junit.extensions.TestSetup.run(TestSetup.java:27)
</error>
  </testcase>
  <testcase classname="net.sf.freecol.server.model.ServerBuildingTest" name="testMoveTeacherInside" time="0.003">
    <error type="java.lang.NullPointerException">java.lang.NullPointerException
	at net.sf.freecol.common.model.Player.getUnits(Player.java:1833)
	at net.sf.freecol.common.model.Player$UnitIterator.update(Player.java:218)
	at net.sf.freecol.common.model.Player$UnitIterator.&lt;init&gt;(Player.java:208)
	at net.sf.freecol.common.model.Player.&lt;init&gt;(Player.java:342)
	at net.sf.freecol.server.model.ServerPlayer.&lt;init&gt;(ServerPlayer.java:179)
	at net.sf.freecol.util.test.FreeColTestCase.getStandardGame(FreeColTestCase.java:173)
	at net.sf.freecol.util.test.FreeColTestCase.getStandardGame(FreeColTestCase.java:149)
	at net.sf.freecol.util.test.FreeColTestCase.getGame(FreeColTestCase.java:100)
	at net.sf.freecol.util.test.FreeColTestCase.getTestMap(FreeColTestCase.java:233)
	at net.sf.freecol.server.model.ServerBuildingTest.testMoveTeacherInside(ServerBuildingTest.java:686)
	at junit.extensions.TestDecorator.basicRun(TestDecorator.java:23)
	at junit.extensions.TestSetup$1.protect(TestSetup.java:23)
	at junit.extensions.TestSetup.run(TestSetup.java:27)
</error>
  </testcase>
  <testcase classname="net.sf.freecol.server.model.ServerBuildingTest" name="testConcurrentUpgrade" time="0.001">
    <error type="java.lang.NullPointerException">java.lang.NullPointerException
	at net.sf.freecol.common.model.Player.getUnits(Player.java:1833)
	at net.sf.freecol.common.model.Player$UnitIterator.update(Player.java:218)
	at net.sf.freecol.common.model.Player$UnitIterator.&lt;init&gt;(Player.java:208)
	at net.sf.freecol.common.model.Player.&lt;init&gt;(Player.java:342)
	at net.sf.freecol.server.model.ServerPlayer.&lt;init&gt;(ServerPlayer.java:179)
	at net.sf.freecol.util.test.FreeColTestCase.getStandardGame(FreeColTestCase.java:173)
	at net.sf.freecol.util.test.FreeColTestCase.getStandardGame(FreeColTestCase.java:149)
	at net.sf.freecol.util.test.FreeColTestCase.getGame(FreeColTestCase.java:100)
	at net.sf.freecol.util.test.FreeColTestCase.getTestMap(FreeColTestCase.java:233)
	at net.sf.freecol.server.model.ServerBuildingTest.testConcurrentUpgrade(ServerBuildingTest.java:1146)
	at junit.extensions.TestDecorator.basicRun(TestDecorator.java:23)
	at junit.extensions.TestSetup$1.protect(TestSetup.java:23)
	at junit.extensions.TestSetup.run(TestSetup.java:27)
</error>
  </testcase>
  <testcase classname="net.sf.freecol.server.model.ServerBuildingTest" name="testTeachingOrder" time="0.001">
    <error type="java.lang.NullPointerException">java.lang.NullPointerException
	at net.sf.freecol.common.model.Player.getUnits(Player.java:1833)
	at net.sf.freecol.common.model.Player$UnitIterator.update(Player.java:218)
	at net.sf.freecol.common.model.Player$UnitIterator.&lt;init&gt;(Player.java:208)
	at net.sf.freecol.common.model.Player.&lt;init&gt;(Player.java:342)
	at net.sf.freecol.server.model.ServerPlayer.&lt;init&gt;(ServerPlayer.java:179)
	at net.sf.freecol.util.test.FreeColTestCase.getStandardGame(FreeColTestCase.java:173)
	at net.sf.freecol.util.test.FreeColTestCase.getStandardGame(FreeColTestCase.java:149)
	at net.sf.freecol.util.test.FreeColTestCase.getGame(FreeColTestCase.java:100)
	at net.sf.freecol.util.test.FreeColTestCase.getTestMap(FreeColTestCase.java:233)
	at net.sf.freecol.server.model.ServerBuildingTest.testTeachingOrder(ServerBuildingTest.java:991)
	at junit.extensions.TestDecorator.basicRun(TestDecorator.java:23)
	at junit.extensions.TestSetup$1.protect(TestSetup.java:23)
	at junit.extensions.TestSetup.run(TestSetup.java:27)
</error>
  </testcase>
  <testcase classname="net.sf.freecol.server.model.ServerBuildingTest" name="testTeachPettyCriminalsByMaster" time="0.0">
    <error type="java.lang.NullPointerException">java.lang.NullPointerException
	at net.sf.freecol.common.model.Player.getUnits(Player.java:1833)
	at net.sf.freecol.common.model.Player$UnitIterator.update(Player.java:218)
	at net.sf.freecol.common.model.Player$UnitIterator.&lt;init&gt;(Player.java:208)
	at net.sf.freecol.common.model.Player.&lt;init&gt;(Player.java:342)
	at net.sf.freecol.server.model.ServerPlayer.&lt;init&gt;(ServerPlayer.java:179)
	at net.sf.freecol.util.test.FreeColTestCase.getStandardGame(FreeColTestCase.java:173)
	at net.sf.freecol.util.test.FreeColTestCase.getStandardGame(FreeColTestCase.java:149)
	at net.sf.freecol.util.test.FreeColTestCase.getGame(FreeColTestCase.java:100)
	at net.sf.freecol.util.test.FreeColTestCase.getTestMap(FreeColTestCase.java:233)
	at net.sf.freecol.server.model.ServerBuildingTest.testTeachPettyCriminalsByMaster(ServerBuildingTest.java:584)
	at junit.extensions.TestDecorator.basicRun(TestDecorator.java:23)
	at junit.extensions.TestSetup$1.protect(TestSetup.java:23)
	at junit.extensions.TestSetup.run(TestSetup.java:27)
</error>
  </testcase>
  <testcase classname="net.sf.freecol.server.model.ServerBuildingTest" name="testTeachingDoublePromotion" time="0.0">
    <error type="java.lang.NullPointerException">java.lang.NullPointerException
	at net.sf.freecol.common.model.Player.getUnits(Player.java:1833)
	at net.sf.freecol.common.model.Player$UnitIterator.update(Player.java:218)
	at net.sf.freecol.common.model.Player$UnitIterator.&lt;init&gt;(Player.java:208)
	at net.sf.freecol.common.model.Player.&lt;init&gt;(Player.java:342)
	at net.sf.freecol.server.model.ServerPlayer.&lt;init&gt;(ServerPlayer.java:179)
	at net.sf.freecol.util.test.FreeColTestCase.getStandardGame(FreeColTestCase.java:173)
	at net.sf.freecol.util.test.FreeColTestCase.getStandardGame(FreeColTestCase.java:149)
	at net.sf.freecol.util.test.FreeColTestCase.getGame(FreeColTestCase.java:100)
	at net.sf.freecol.util.test.FreeColTestCase.getTestMap(FreeColTestCase.java:233)
	at net.sf.freecol.server.model.ServerBuildingTest.testTeachingDoublePromotion(ServerBuildingTest.java:1062)
	at junit.extensions.TestDecorator.basicRun(TestDecorator.java:23)
	at junit.extensions.TestSetup$1.protect(TestSetup.java:23)
	at junit.extensions.TestSetup.run(TestSetup.java:27)
</error>
  </testcase>
  <testcase classname="net.sf.freecol.server.model.ServerBuildingTest" name="testUniversity" time="0.001">
    <error type="java.lang.NullPointerException">java.lang.NullPointerException
	at net.sf.freecol.common.model.Player.getUnits(Player.java:1833)
	at net.sf.freecol.common.model.Player$UnitIterator.update(Player.java:218)
	at net.sf.freecol.common.model.Player$UnitIterator.&lt;init&gt;(Player.java:208)
	at net.sf.freecol.common.model.Player.&lt;init&gt;(Player.java:342)
	at net.sf.freecol.server.model.ServerPlayer.&lt;init&gt;(ServerPlayer.java:179)
	at net.sf.freecol.util.test.FreeColTestCase.getStandardGame(FreeColTestCase.java:173)
	at net.sf.freecol.util.test.FreeColTestCase.getStandardGame(FreeColTestCase.java:149)
	at net.sf.freecol.util.test.FreeColTestCase.getGame(FreeColTestCase.java:100)
	at net.sf.freecol.util.test.FreeColTestCase.getTestMap(FreeColTestCase.java:233)
	at net.sf.freecol.server.model.ServerBuildingTest.testUniversity(ServerBuildingTest.java:193)
	at junit.extensions.TestDecorator.basicRun(TestDecorator.java:23)
	at junit.extensions.TestSetup$1.protect(TestSetup.java:23)
	at junit.extensions.TestSetup.run(TestSetup.java:27)
</error>
  </testcase>
  <testcase classname="net.sf.freecol.server.model.ServerBuildingTest" name="testTwoTeachersSimple" time="0.001">
    <error type="java.lang.NullPointerException">java.lang.NullPointerException
	at net.sf.freecol.common.model.Player.getUnits(Player.java:1833)
	at net.sf.freecol.common.model.Player$UnitIterator.update(Player.java:218)
	at net.sf.freecol.common.model.Player$UnitIterator.&lt;init&gt;(Player.java:208)
	at net.sf.freecol.common.model.Player.&lt;init&gt;(Player.java:342)
	at net.sf.freecol.server.model.ServerPlayer.&lt;init&gt;(ServerPlayer.java:179)
	at net.sf.freecol.util.test.FreeColTestCase.getStandardGame(FreeColTestCase.java:173)
	at net.sf.freecol.util.test.FreeColTestCase.getStandardGame(FreeColTestCase.java:149)
	at net.sf.freecol.util.test.FreeColTestCase.getGame(FreeColTestCase.java:100)
	at net.sf.freecol.util.test.FreeColTestCase.getTestMap(FreeColTestCase.java:233)
	at net.sf.freecol.server.model.ServerBuildingTest.testTwoTeachersSimple(ServerBuildingTest.java:351)
	at junit.extensions.TestDecorator.basicRun(TestDecorator.java:23)
	at junit.extensions.TestSetup$1.protect(TestSetup.java:23)
	at junit.extensions.TestSetup.run(TestSetup.java:27)
</error>
  </testcase>
  <testcase classname="net.sf.freecol.server.model.ServerBuildingTest" name="testTrackerBug1616384" time="0.0">
    <error type="java.lang.NullPointerException">java.lang.NullPointerException
	at net.sf.freecol.common.model.Player.getUnits(Player.java:1833)
	at net.sf.freecol.common.model.Player$UnitIterator.update(Player.java:218)
	at net.sf.freecol.common.model.Player$UnitIterator.&lt;init&gt;(Player.java:208)
	at net.sf.freecol.common.model.Player.&lt;init&gt;(Player.java:342)
	at net.sf.freecol.server.model.ServerPlayer.&lt;init&gt;(ServerPlayer.java:179)
	at net.sf.freecol.util.test.FreeColTestCase.getStandardGame(FreeColTestCase.java:173)
	at net.sf.freecol.util.test.FreeColTestCase.getStandardGame(FreeColTestCase.java:149)
	at net.sf.freecol.util.test.FreeColTestCase.getGame(FreeColTestCase.java:100)
	at net.sf.freecol.util.test.FreeColTestCase.getTestMap(FreeColTestCase.java:233)
	at net.sf.freecol.server.model.ServerBuildingTest.testTrackerBug1616384(ServerBuildingTest.java:248)
	at junit.extensions.TestDecorator.basicRun(TestDecorator.java:23)
	at junit.extensions.TestSetup$1.protect(TestSetup.java:23)
	at junit.extensions.TestSetup.run(TestSetup.java:27)
</error>
  </testcase>
  <testcase classname="net.sf.freecol.server.model.ServerBuildingTest" name="testSingleGuyTwoTeachers2" time="0.0">
    <error type="java.lang.NullPointerException">java.lang.NullPointerException
	at net.sf.freecol.common.model.Player.getUnits(Player.java:1833)
	at net.sf.freecol.common.model.Player$UnitIterator.update(Player.java:218)
	at net.sf.freecol.common.model.Player$UnitIterator.&lt;init&gt;(Player.java:208)
	at net.sf.freecol.common.model.Player.&lt;init&gt;(Player.java:342)
	at net.sf.freecol.server.model.ServerPlayer.&lt;init&gt;(ServerPlayer.java:179)
	at net.sf.freecol.util.test.FreeColTestCase.getStandardGame(FreeColTestCase.java:173)
	at net.sf.freecol.util.test.FreeColTestCase.getStandardGame(FreeColTestCase.java:149)
	at net.sf.freecol.util.test.FreeColTestCase.getGame(FreeColTestCase.java:100)
	at net.sf.freecol.util.test.FreeColTestCase.getTestMap(FreeColTestCase.java:233)
	at net.sf.freecol.server.model.ServerBuildingTest.testSingleGuyTwoTeachers2(ServerBuildingTest.java:494)
	at junit.extensions.TestDecorator.basicRun(TestDecorator.java:23)
	at junit.extensions.TestSetup$1.protect(TestSetup.java:23)
	at junit.extensions.TestSetup.run(TestSetup.java:27)
</error>
  </testcase>
  <testcase classname="net.sf.freecol.server.model.ServerBuildingTest" name="testCollege" time="0.001">
    <error type="java.lang.NullPointerException">java.lang.NullPointerException
	at net.sf.freecol.common.model.Player.getUnits(Player.java:1833)
	at net.sf.freecol.common.model.Player$UnitIterator.update(Player.java:218)
	at net.sf.freecol.common.model.Player$UnitIterator.&lt;init&gt;(Player.java:208)
	at net.sf.freecol.common.model.Player.&lt;init&gt;(Player.java:342)
	at net.sf.freecol.server.model.ServerPlayer.&lt;init&gt;(ServerPlayer.java:179)
	at net.sf.freecol.util.test.FreeColTestCase.getStandardGame(FreeColTestCase.java:173)
	at net.sf.freecol.util.test.FreeColTestCase.getStandardGame(FreeColTestCase.java:149)
	at net.sf.freecol.util.test.FreeColTestCase.getGame(FreeColTestCase.java:100)
	at net.sf.freecol.util.test.FreeColTestCase.getTestMap(FreeColTestCase.java:233)
	at net.sf.freecol.server.model.ServerBuildingTest.testCollege(ServerBuildingTest.java:167)
	at junit.extensions.TestDecorator.basicRun(TestDecorator.java:23)
	at junit.extensions.TestSetup$1.protect(TestSetup.java:23)
	at junit.extensions.TestSetup.run(TestSetup.java:27)
</error>
  </testcase>
  <testcase classname="net.sf.freecol.server.model.ServerBuildingTest" name="testSingleGuyTwoTeachers" time="0.001">
    <error type="java.lang.NullPointerException">java.lang.NullPointerException
	at net.sf.freecol.common.model.Player.getUnits(Player.java:1833)
	at net.sf.freecol.common.model.Player$UnitIterator.update(Player.java:218)
	at net.sf.freecol.common.model.Player$UnitIterator.&lt;init&gt;(Player.java:208)
	at net.sf.freecol.common.model.Player.&lt;init&gt;(Player.java:342)
	at net.sf.freecol.server.model.ServerPlayer.&lt;init&gt;(ServerPlayer.java:179)
	at net.sf.freecol.util.test.FreeColTestCase.getStandardGame(FreeColTestCase.java:173)
	at net.sf.freecol.util.test.FreeColTestCase.getStandardGame(FreeColTestCase.java:149)
	at net.sf.freecol.util.test.FreeColTestCase.getGame(FreeColTestCase.java:100)
	at net.sf.freecol.util.test.FreeColTestCase.getTestMap(FreeColTestCase.java:233)
	at net.sf.freecol.server.model.ServerBuildingTest.testSingleGuyTwoTeachers(ServerBuildingTest.java:409)
	at junit.extensions.TestDecorator.basicRun(TestDecorator.java:23)
	at junit.extensions.TestSetup$1.protect(TestSetup.java:23)
	at junit.extensions.TestSetup.run(TestSetup.java:27)
</error>
  </testcase>
  <testcase classname="net.sf.freecol.server.model.ServerBuildingTest" name="testSonsOfLiberty" time="0.001">
    <error type="java.lang.NullPointerException">java.lang.NullPointerException
	at net.sf.freecol.common.model.Player.getUnits(Player.java:1833)
	at net.sf.freecol.common.model.Player$UnitIterator.update(Player.java:218)
	at net.sf.freecol.common.model.Player$UnitIterator.&lt;init&gt;(Player.java:208)
	at net.sf.freecol.common.model.Player.&lt;init&gt;(Player.java:342)
	at net.sf.freecol.server.model.ServerPlayer.&lt;init&gt;(ServerPlayer.java:179)
	at net.sf.freecol.util.test.FreeColTestCase.getStandardGame(FreeColTestCase.java:173)
	at net.sf.freecol.util.test.FreeColTestCase.getStandardGame(FreeColTestCase.java:149)
	at net.sf.freecol.util.test.FreeColTestCase.getGame(FreeColTestCase.java:100)
	at net.sf.freecol.util.test.FreeColTestCase.getTestMap(FreeColTestCase.java:233)
	at net.sf.freecol.server.model.ServerBuildingTest.testSonsOfLiberty(ServerBuildingTest.java:913)
	at junit.extensions.TestDecorator.basicRun(TestDecorator.java:23)
	at junit.extensions.TestSetup$1.protect(TestSetup.java:23)
	at junit.extensions.TestSetup.run(TestSetup.java:27)
</error>
  </testcase>
  <testcase classname="net.sf.freecol.server.model.ServerBuildingTest" name="testTwoTeachersOfSameKind" time="0.001">
    <error type="java.lang.NullPointerException">java.lang.NullPointerException
	at net.sf.freecol.common.model.Player.getUnits(Player.java:1833)
	at net.sf.freecol.common.model.Player$UnitIterator.update(Player.java:218)
	at net.sf.freecol.common.model.Player$UnitIterator.&lt;init&gt;(Player.java:208)
	at net.sf.freecol.common.model.Player.&lt;init&gt;(Player.java:342)
	at net.sf.freecol.server.model.ServerPlayer.&lt;init&gt;(ServerPlayer.java:179)
	at net.sf.freecol.util.test.FreeColTestCase.getStandardGame(FreeColTestCase.java:173)
	at net.sf.freecol.util.test.FreeColTestCase.getStandardGame(FreeColTestCase.java:149)
	at net.sf.freecol.util.test.FreeColTestCase.getGame(FreeColTestCase.java:100)
	at net.sf.freecol.util.test.FreeColTestCase.getTestMap(FreeColTestCase.java:233)
	at net.sf.freecol.server.model.ServerBuildingTest.testTwoTeachersOfSameKind(ServerBuildingTest.java:454)
	at junit.extensions.TestDecorator.basicRun(TestDecorator.java:23)
	at junit.extensions.TestSetup$1.protect(TestSetup.java:23)
	at junit.extensions.TestSetup.run(TestSetup.java:27)
</error>
  </testcase>
  <testcase classname="net.sf.freecol.server.model.ServerBuildingTest" name="testTeachPettyCriminals" time="0.001">
    <error type="java.lang.NullPointerException">java.lang.NullPointerException
	at net.sf.freecol.common.model.Player.getUnits(Player.java:1833)
	at net.sf.freecol.common.model.Player$UnitIterator.update(Player.java:218)
	at net.sf.freecol.common.model.Player$UnitIterator.&lt;init&gt;(Player.java:208)
	at net.sf.freecol.common.model.Player.&lt;init&gt;(Player.java:342)
	at net.sf.freecol.server.model.ServerPlayer.&lt;init&gt;(ServerPlayer.java:179)
	at net.sf.freecol.util.test.FreeColTestCase.getStandardGame(FreeColTestCase.java:173)
	at net.sf.freecol.util.test.FreeColTestCase.getStandardGame(FreeColTestCase.java:149)
	at net.sf.freecol.util.test.FreeColTestCase.getGame(FreeColTestCase.java:100)
	at net.sf.freecol.util.test.FreeColTestCase.getTestMap(FreeColTestCase.java:233)
	at net.sf.freecol.server.model.ServerBuildingTest.testTeachPettyCriminals(ServerBuildingTest.java:552)
	at junit.extensions.TestDecorator.basicRun(TestDecorator.java:23)
	at junit.extensions.TestSetup$1.protect(TestSetup.java:23)
	at junit.extensions.TestSetup.run(TestSetup.java:27)
</error>
  </testcase>
  <testcase classname="net.sf.freecol.server.model.ServerBuildingTest" name="testProductionBonus" time="0.001">
    <error type="java.lang.NullPointerException">java.lang.NullPointerException
	at net.sf.freecol.common.model.Player.getUnits(Player.java:1833)
	at net.sf.freecol.common.model.Player$UnitIterator.update(Player.java:218)
	at net.sf.freecol.common.model.Player$UnitIterator.&lt;init&gt;(Player.java:208)
	at net.sf.freecol.common.model.Player.&lt;init&gt;(Player.java:342)
	at net.sf.freecol.server.model.ServerPlayer.&lt;init&gt;(ServerPlayer.java:179)
	at net.sf.freecol.util.test.FreeColTestCase.getStandardGame(FreeColTestCase.java:173)
	at net.sf.freecol.util.test.FreeColTestCase.getStandardGame(FreeColTestCase.java:149)
	at net.sf.freecol.util.test.FreeColTestCase.getGame(FreeColTestCase.java:100)
	at net.sf.freecol.util.test.FreeColTestCase.getTestMap(FreeColTestCase.java:233)
	at net.sf.freecol.server.model.ServerBuildingTest.testProductionBonus(ServerBuildingTest.java:1184)
	at junit.extensions.TestDecorator.basicRun(TestDecorator.java:23)
	at junit.extensions.TestSetup$1.protect(TestSetup.java:23)
	at junit.extensions.TestSetup.run(TestSetup.java:27)
</error>
  </testcase>
  <testcase classname="net.sf.freecol.server.model.ServerBuildingTest" name="testPartTraining" time="0.001">
    <error type="java.lang.NullPointerException">java.lang.NullPointerException
	at net.sf.freecol.common.model.Player.getUnits(Player.java:1833)
	at net.sf.freecol.common.model.Player$UnitIterator.update(Player.java:218)
	at net.sf.freecol.common.model.Player$UnitIterator.&lt;init&gt;(Player.java:208)
	at net.sf.freecol.common.model.Player.&lt;init&gt;(Player.java:342)
	at net.sf.freecol.server.model.ServerPlayer.&lt;init&gt;(ServerPlayer.java:179)
	at net.sf.freecol.util.test.FreeColTestCase.getStandardGame(FreeColTestCase.java:173)
	at net.sf.freecol.util.test.FreeColTestCase.getStandardGame(FreeColTestCase.java:149)
	at net.sf.freecol.util.test.FreeColTestCase.getGame(FreeColTestCase.java:100)
	at net.sf.freecol.util.test.FreeColTestCase.getTestMap(FreeColTestCase.java:233)
	at net.sf.freecol.server.model.ServerBuildingTest.testPartTraining(ServerBuildingTest.java:945)
	at junit.extensions.TestDecorator.basicRun(TestDecorator.java:23)
	at junit.extensions.TestSetup$1.protect(TestSetup.java:23)
	at junit.extensions.TestSetup.run(TestSetup.java:27)
</error>
  </testcase>
  <testcase classname="net.sf.freecol.server.model.ServerBuildingTest" name="testExpertTeaching" time="0.001">
    <error type="java.lang.NullPointerException">java.lang.NullPointerException
	at net.sf.freecol.common.model.Player.getUnits(Player.java:1833)
	at net.sf.freecol.common.model.Player$UnitIterator.update(Player.java:218)
	at net.sf.freecol.common.model.Player$UnitIterator.&lt;init&gt;(Player.java:208)
	at net.sf.freecol.common.model.Player.&lt;init&gt;(Player.java:342)
	at net.sf.freecol.server.model.ServerPlayer.&lt;init&gt;(ServerPlayer.java:179)
	at net.sf.freecol.util.test.FreeColTestCase.getStandardGame(FreeColTestCase.java:173)
	at net.sf.freecol.util.test.FreeColTestCase.getStandardGame(FreeColTestCase.java:149)
	at net.sf.freecol.util.test.FreeColTestCase.getGame(FreeColTestCase.java:100)
	at net.sf.freecol.util.test.FreeColTestCase.getTestMap(FreeColTestCase.java:233)
	at net.sf.freecol.server.model.ServerBuildingTest.testExpertTeaching(ServerBuildingTest.java:133)
	at junit.extensions.TestDecorator.basicRun(TestDecorator.java:23)
	at junit.extensions.TestSetup$1.protect(TestSetup.java:23)
	at junit.extensions.TestSetup.run(TestSetup.java:27)
</error>
  </testcase>
  <testcase classname="net.sf.freecol.server.model.ServerBuildingTest" name="testColonialRegular" time="0.001">
    <error type="java.lang.NullPointerException">java.lang.NullPointerException
	at net.sf.freecol.common.model.Player.getUnits(Player.java:1833)
	at net.sf.freecol.common.model.Player$UnitIterator.update(Player.java:218)
	at net.sf.freecol.common.model.Player$UnitIterator.&lt;init&gt;(Player.java:208)
	at net.sf.freecol.common.model.Player.&lt;init&gt;(Player.java:342)
	at net.sf.freecol.server.model.ServerPlayer.&lt;init&gt;(ServerPlayer.java:179)
	at net.sf.freecol.util.test.FreeColTestCase.getStandardGame(FreeColTestCase.java:173)
	at net.sf.freecol.util.test.FreeColTestCase.getStandardGame(FreeColTestCase.java:149)
	at net.sf.freecol.util.test.FreeColTestCase.getGame(FreeColTestCase.java:100)
	at net.sf.freecol.util.test.FreeColTestCase.getTestMap(FreeColTestCase.java:233)
	at net.sf.freecol.server.model.ServerBuildingTest.testColonialRegular(ServerBuildingTest.java:1121)
	at junit.extensions.TestDecorator.basicRun(TestDecorator.java:23)
	at junit.extensions.TestSetup$1.protect(TestSetup.java:23)
	at junit.extensions.TestSetup.run(TestSetup.java:27)
</error>
  </testcase>
  <testcase classname="net.sf.freecol.server.model.ServerBuildingTest" name="testTeachIndenturedServants" time="0.0">
    <error type="java.lang.NullPointerException">java.lang.NullPointerException
	at net.sf.freecol.common.model.Player.getUnits(Player.java:1833)
	at net.sf.freecol.common.model.Player$UnitIterator.update(Player.java:218)
	at net.sf.freecol.common.model.Player$UnitIterator.&lt;init&gt;(Player.java:208)
	at net.sf.freecol.common.model.Player.&lt;init&gt;(Player.java:342)
	at net.sf.freecol.server.model.ServerPlayer.&lt;init&gt;(ServerPlayer.java:179)
	at net.sf.freecol.util.test.FreeColTestCase.getStandardGame(FreeColTestCase.java:173)
	at net.sf.freecol.util.test.FreeColTestCase.getStandardGame(FreeColTestCase.java:149)
	at net.sf.freecol.util.test.FreeColTestCase.getGame(FreeColTestCase.java:100)
	at net.sf.freecol.util.test.FreeColTestCase.getTestMap(FreeColTestCase.java:233)
	at net.sf.freecol.server.model.ServerBuildingTest.testTeachIndenturedServants(ServerBuildingTest.java:613)
	at junit.extensions.TestDecorator.basicRun(TestDecorator.java:23)
	at junit.extensions.TestSetup$1.protect(TestSetup.java:23)
	at junit.extensions.TestSetup.run(TestSetup.java:27)
</error>
  </testcase>
  <testcase classname="net.sf.freecol.server.model.ServerColonyTest" name="testEqualFoodProductionConsumptionCase" time="0.0">
    <error type="java.lang.NullPointerException">java.lang.NullPointerException
	at net.sf.freecol.common.model.Player.getUnits(Player.java:1833)
	at net.sf.freecol.common.model.Player$UnitIterator.update(Player.java:218)
	at net.sf.freecol.common.model.Player$UnitIterator.&lt;init&gt;(Player.java:208)
	at net.sf.freecol.common.model.Player.&lt;init&gt;(Player.java:342)
	at net.sf.freecol.server.model.ServerPlayer.&lt;init&gt;(ServerPlayer.java:179)
	at net.sf.freecol.util.test.FreeColTestCase.getStandardGame(FreeColTestCase.java:173)
	at net.sf.freecol.util.test.FreeColTestCase.getStandardGame(FreeColTestCase.java:149)
	at net.sf.freecol.util.test.FreeColTestCase.getGame(FreeColTestCase.java:100)
	at net.sf.freecol.util.test.FreeColTestCase.getTestMap(FreeColTestCase.java:209)
	at net.sf.freecol.server.model.ServerColonyTest.testEqualFoodProductionConsumptionCase(ServerColonyTest.java:113)
	at junit.extensions.TestDecorator.basicRun(TestDecorator.java:23)
	at junit.extensions.TestSetup$1.protect(TestSetup.java:23)
	at junit.extensions.TestSetup.run(TestSetup.java:27)
</error>
  </testcase>
  <testcase classname="net.sf.freecol.server.model.ServerColonyTest" name="testDeathByStarvation" time="0.0">
    <error type="java.lang.NullPointerException">java.lang.NullPointerException
	at net.sf.freecol.common.model.Player.getUnits(Player.java:1833)
	at net.sf.freecol.common.model.Player$UnitIterator.update(Player.java:218)
	at net.sf.freecol.common.model.Player$UnitIterator.&lt;init&gt;(Player.java:208)
	at net.sf.freecol.common.model.Player.&lt;init&gt;(Player.java:342)
	at net.sf.freecol.server.model.ServerPlayer.&lt;init&gt;(ServerPlayer.java:179)
	at net.sf.freecol.util.test.FreeColTestCase.getStandardGame(FreeColTestCase.java:173)
	at net.sf.freecol.util.test.FreeColTestCase.getStandardGame(FreeColTestCase.java:149)
	at net.sf.freecol.util.test.FreeColTestCase.getGame(FreeColTestCase.java:100)
	at net.sf.freecol.util.test.FreeColTestCase.getTestMap(FreeColTestCase.java:209)
	at net.sf.freecol.server.model.ServerColonyTest.testDeathByStarvation(ServerColonyTest.java:149)
	at junit.extensions.TestDecorator.basicRun(TestDecorator.java:23)
	at junit.extensions.TestSetup$1.protect(TestSetup.java:23)
	at junit.extensions.TestSetup.run(TestSetup.java:27)
</error>
  </testcase>
  <testcase classname="net.sf.freecol.server.model.ServerColonyTest" name="testBuildingCompletion" time="0.0">
    <error type="java.lang.NullPointerException">java.lang.NullPointerException
	at net.sf.freecol.common.model.Player.getUnits(Player.java:1833)
	at net.sf.freecol.common.model.Player$UnitIterator.update(Player.java:218)
	at net.sf.freecol.common.model.Player$UnitIterator.&lt;init&gt;(Player.java:208)
	at net.sf.freecol.common.model.Player.&lt;init&gt;(Player.java:342)
	at net.sf.freecol.server.model.ServerPlayer.&lt;init&gt;(ServerPlayer.java:179)
	at net.sf.freecol.util.test.FreeColTestCase.getStandardGame(FreeColTestCase.java:173)
	at net.sf.freecol.util.test.FreeColTestCase.getStandardGame(FreeColTestCase.java:149)
	at net.sf.freecol.util.test.FreeColTestCase.getGame(FreeColTestCase.java:100)
	at net.sf.freecol.util.test.FreeColTestCase.getTestMap(FreeColTestCase.java:233)
	at net.sf.freecol.server.model.ServerColonyTest.testBuildingCompletion(ServerColonyTest.java:226)
	at junit.extensions.TestDecorator.basicRun(TestDecorator.java:23)
	at junit.extensions.TestSetup$1.protect(TestSetup.java:23)
	at junit.extensions.TestSetup.run(TestSetup.java:27)
</error>
  </testcase>
  <testcase classname="net.sf.freecol.server.model.ServerColonyTest" name="testInvalidCompletion" time="0.0">
    <error type="java.lang.NullPointerException">java.lang.NullPointerException
	at net.sf.freecol.common.model.Player.getUnits(Player.java:1833)
	at net.sf.freecol.common.model.Player$UnitIterator.update(Player.java:218)
	at net.sf.freecol.common.model.Player$UnitIterator.&lt;init&gt;(Player.java:208)
	at net.sf.freecol.common.model.Player.&lt;init&gt;(Player.java:342)
	at net.sf.freecol.server.model.ServerPlayer.&lt;init&gt;(ServerPlayer.java:179)
	at net.sf.freecol.util.test.FreeColTestCase.getStandardGame(FreeColTestCase.java:173)
	at net.sf.freecol.util.test.FreeColTestCase.getStandardGame(FreeColTestCase.java:149)
	at net.sf.freecol.util.test.FreeColTestCase.getGame(FreeColTestCase.java:100)
	at net.sf.freecol.util.test.FreeColTestCase.getTestMap(FreeColTestCase.java:233)
	at net.sf.freecol.server.model.ServerColonyTest.testInvalidCompletion(ServerColonyTest.java:251)
	at junit.extensions.TestDecorator.basicRun(TestDecorator.java:23)
	at junit.extensions.TestSetup$1.protect(TestSetup.java:23)
	at junit.extensions.TestSetup.run(TestSetup.java:27)
</error>
  </testcase>
  <testcase classname="net.sf.freecol.server.model.ServerColonyTest" name="testAvoidStarvation" time="0.001">
    <error type="java.lang.NullPointerException">java.lang.NullPointerException
	at net.sf.freecol.common.model.Player.getUnits(Player.java:1833)
	at net.sf.freecol.common.model.Player$UnitIterator.update(Player.java:218)
	at net.sf.freecol.common.model.Player$UnitIterator.&lt;init&gt;(Player.java:208)
	at net.sf.freecol.common.model.Player.&lt;init&gt;(Player.java:342)
	at net.sf.freecol.server.model.ServerPlayer.&lt;init&gt;(ServerPlayer.java:179)
	at net.sf.freecol.util.test.FreeColTestCase.getStandardGame(FreeColTestCase.java:173)
	at net.sf.freecol.util.test.FreeColTestCase.getStandardGame(FreeColTestCase.java:149)
	at net.sf.freecol.util.test.FreeColTestCase.getGame(FreeColTestCase.java:100)
	at net.sf.freecol.util.test.FreeColTestCase.getTestMap(FreeColTestCase.java:209)
	at net.sf.freecol.server.model.ServerColonyTest.testAvoidStarvation(ServerColonyTest.java:186)
	at junit.extensions.TestDecorator.basicRun(TestDecorator.java:23)
	at junit.extensions.TestSetup$1.protect(TestSetup.java:23)
	at junit.extensions.TestSetup.run(TestSetup.java:27)
</error>
  </testcase>
  <testcase classname="net.sf.freecol.server.model.ServerColonyTest" name="testNoBuildingMaterialsProductionWhenBuildingNothing" time="0.001">
    <error type="java.lang.NullPointerException">java.lang.NullPointerException
	at net.sf.freecol.common.model.Player.getUnits(Player.java:1833)
	at net.sf.freecol.common.model.Player$UnitIterator.update(Player.java:218)
	at net.sf.freecol.common.model.Player$UnitIterator.&lt;init&gt;(Player.java:208)
	at net.sf.freecol.common.model.Player.&lt;init&gt;(Player.java:342)
	at net.sf.freecol.server.model.ServerPlayer.&lt;init&gt;(ServerPlayer.java:179)
	at net.sf.freecol.util.test.FreeColTestCase.getStandardGame(FreeColTestCase.java:173)
	at net.sf.freecol.util.test.FreeColTestCase.getStandardGame(FreeColTestCase.java:149)
	at net.sf.freecol.util.test.FreeColTestCase.getGame(FreeColTestCase.java:100)
	at net.sf.freecol.server.model.ServerColonyTest.testNoBuildingMaterialsProductionWhenBuildingNothing(ServerColonyTest.java:284)
	at junit.extensions.TestDecorator.basicRun(TestDecorator.java:23)
	at junit.extensions.TestSetup$1.protect(TestSetup.java:23)
	at junit.extensions.TestSetup.run(TestSetup.java:27)
</error>
  </testcase>
  <testcase classname="net.sf.freecol.server.model.ServerColonyTest" name="testFoodConsumption" time="0.0">
    <error type="java.lang.NullPointerException">java.lang.NullPointerException
	at net.sf.freecol.common.model.Player.getUnits(Player.java:1833)
	at net.sf.freecol.common.model.Player$UnitIterator.update(Player.java:218)
	at net.sf.freecol.common.model.Player$UnitIterator.&lt;init&gt;(Player.java:208)
	at net.sf.freecol.common.model.Player.&lt;init&gt;(Player.java:342)
	at net.sf.freecol.server.model.ServerPlayer.&lt;init&gt;(ServerPlayer.java:179)
	at net.sf.freecol.util.test.FreeColTestCase.getStandardGame(FreeColTestCase.java:173)
	at net.sf.freecol.util.test.FreeColTestCase.getStandardGame(FreeColTestCase.java:149)
	at net.sf.freecol.util.test.FreeColTestCase.getGame(FreeColTestCase.java:100)
	at net.sf.freecol.util.test.FreeColTestCase.getTestMap(FreeColTestCase.java:209)
	at net.sf.freecol.server.model.ServerColonyTest.testFoodConsumption(ServerColonyTest.java:91)
	at junit.extensions.TestDecorator.basicRun(TestDecorator.java:23)
	at junit.extensions.TestSetup$1.protect(TestSetup.java:23)
	at junit.extensions.TestSetup.run(TestSetup.java:27)
</error>
  </testcase>
  <testcase classname="net.sf.freecol.server.model.ServerColonyTest" name="testLibertyAndImmigration" time="0.0">
    <error type="java.lang.NullPointerException">java.lang.NullPointerException
	at net.sf.freecol.common.model.Player.getUnits(Player.java:1833)
	at net.sf.freecol.common.model.Player$UnitIterator.update(Player.java:218)
	at net.sf.freecol.common.model.Player$UnitIterator.&lt;init&gt;(Player.java:208)
	at net.sf.freecol.common.model.Player.&lt;init&gt;(Player.java:342)
	at net.sf.freecol.server.model.ServerPlayer.&lt;init&gt;(ServerPlayer.java:179)
	at net.sf.freecol.util.test.FreeColTestCase.getStandardGame(FreeColTestCase.java:173)
	at net.sf.freecol.util.test.FreeColTestCase.getStandardGame(FreeColTestCase.java:149)
	at net.sf.freecol.util.test.FreeColTestCase.getGame(FreeColTestCase.java:100)
	at net.sf.freecol.util.test.FreeColTestCase.getTestMap(FreeColTestCase.java:233)
	at net.sf.freecol.server.model.ServerColonyTest.testLibertyAndImmigration(ServerColonyTest.java:315)
	at junit.extensions.TestDecorator.basicRun(TestDecorator.java:23)
	at junit.extensions.TestSetup$1.protect(TestSetup.java:23)
	at junit.extensions.TestSetup.run(TestSetup.java:27)
</error>
  </testcase>
  <testcase classname="net.sf.freecol.server.model.ServerIndianSettlementTest" name="testHorseBreedingNoFoodAvail" time="0.001">
    <error type="java.lang.NullPointerException">java.lang.NullPointerException
	at net.sf.freecol.common.model.Player.getUnits(Player.java:1833)
	at net.sf.freecol.common.model.Player$UnitIterator.update(Player.java:218)
	at net.sf.freecol.common.model.Player$UnitIterator.&lt;init&gt;(Player.java:208)
	at net.sf.freecol.common.model.Player.&lt;init&gt;(Player.java:342)
	at net.sf.freecol.server.model.ServerPlayer.&lt;init&gt;(ServerPlayer.java:179)
	at net.sf.freecol.util.test.FreeColTestCase.getStandardGame(FreeColTestCase.java:173)
	at net.sf.freecol.util.test.FreeColTestCase.getStandardGame(FreeColTestCase.java:149)
	at net.sf.freecol.util.test.FreeColTestCase.getGame(FreeColTestCase.java:100)
	at net.sf.freecol.util.test.FreeColTestCase.getTestMap(FreeColTestCase.java:209)
	at net.sf.freecol.server.model.ServerIndianSettlementTest.testHorseBreedingNoFoodAvail(ServerIndianSettlementTest.java:114)
	at junit.extensions.TestDecorator.basicRun(TestDecorator.java:23)
	at junit.extensions.TestSetup$1.protect(TestSetup.java:23)
	at junit.extensions.TestSetup.run(TestSetup.java:27)
</error>
  </testcase>
  <testcase classname="net.sf.freecol.server.model.ServerIndianSettlementTest" name="testPricing" time="0.001">
    <error type="java.lang.NullPointerException">java.lang.NullPointerException
	at net.sf.freecol.common.model.Player.getUnits(Player.java:1833)
	at net.sf.freecol.common.model.Player$UnitIterator.update(Player.java:218)
	at net.sf.freecol.common.model.Player$UnitIterator.&lt;init&gt;(Player.java:208)
	at net.sf.freecol.common.model.Player.&lt;init&gt;(Player.java:342)
	at net.sf.freecol.server.model.ServerPlayer.&lt;init&gt;(ServerPlayer.java:179)
	at net.sf.freecol.util.test.FreeColTestCase.getStandardGame(FreeColTestCase.java:173)
	at net.sf.freecol.util.test.FreeColTestCase.getStandardGame(FreeColTestCase.java:149)
	at net.sf.freecol.util.test.FreeColTestCase.getGame(FreeColTestCase.java:100)
	at net.sf.freecol.util.test.FreeColTestCase.getTestMap(FreeColTestCase.java:209)
	at net.sf.freecol.server.model.ServerIndianSettlementTest.testPricing(ServerIndianSettlementTest.java:153)
	at junit.extensions.TestDecorator.basicRun(TestDecorator.java:23)
	at junit.extensions.TestSetup$1.protect(TestSetup.java:23)
	at junit.extensions.TestSetup.run(TestSetup.java:27)
</error>
  </testcase>
  <testcase classname="net.sf.freecol.server.model.ServerIndianSettlementTest" name="testHorseBreeding" time="0.0">
    <error type="java.lang.NullPointerException">java.lang.NullPointerException
	at net.sf.freecol.common.model.Player.getUnits(Player.java:1833)
	at net.sf.freecol.common.model.Player$UnitIterator.update(Player.java:218)
	at net.sf.freecol.common.model.Player$UnitIterator.&lt;init&gt;(Player.java:208)
	at net.sf.freecol.common.model.Player.&lt;init&gt;(Player.java:342)
	at net.sf.freecol.server.model.ServerPlayer.&lt;init&gt;(ServerPlayer.java:179)
	at net.sf.freecol.util.test.FreeColTestCase.getStandardGame(FreeColTestCase.java:173)
	at net.sf.freecol.util.test.FreeColTestCase.getStandardGame(FreeColTestCase.java:149)
	at net.sf.freecol.util.test.FreeColTestCase.getGame(FreeColTestCase.java:100)
	at net.sf.freecol.util.test.FreeColTestCase.getTestMap(FreeColTestCase.java:192)
	at net.sf.freecol.server.model.ServerIndianSettlementTest.testHorseBreeding(ServerIndianSettlementTest.java:79)
	at junit.extensions.TestDecorator.basicRun(TestDecorator.java:23)
	at junit.extensions.TestSetup$1.protect(TestSetup.java:23)
	at junit.extensions.TestSetup.run(TestSetup.java:27)
</error>
  </testcase>
  <testcase classname="net.sf.freecol.server.model.ServerIndianSettlementTest" name="testFoodConsumption" time="0.0">
    <error type="java.lang.NullPointerException">java.lang.NullPointerException
	at net.sf.freecol.common.model.Player.getUnits(Player.java:1833)
	at net.sf.freecol.common.model.Player$UnitIterator.update(Player.java:218)
	at net.sf.freecol.common.model.Player$UnitIterator.&lt;init&gt;(Player.java:208)
	at net.sf.freecol.common.model.Player.&lt;init&gt;(Player.java:342)
	at net.sf.freecol.server.model.ServerPlayer.&lt;init&gt;(ServerPlayer.java:179)
	at net.sf.freecol.util.test.FreeColTestCase.getStandardGame(FreeColTestCase.java:173)
	at net.sf.freecol.util.test.FreeColTestCase.getStandardGame(FreeColTestCase.java:149)
	at net.sf.freecol.util.test.FreeColTestCase.getGame(FreeColTestCase.java:100)
	at net.sf.freecol.util.test.FreeColTestCase.getTestMap(FreeColTestCase.java:192)
	at net.sf.freecol.server.model.ServerIndianSettlementTest.testFoodConsumption(ServerIndianSettlementTest.java:60)
	at junit.extensions.TestDecorator.basicRun(TestDecorator.java:23)
	at junit.extensions.TestSetup$1.protect(TestSetup.java:23)
	at junit.extensions.TestSetup.run(TestSetup.java:27)
</error>
  </testcase>
  <testcase classname="net.sf.freecol.server.model.ServerPlayerTest" name="testCheckNoGameOverEnoughMoney" time="0.0">
    <error type="java.lang.NullPointerException">java.lang.NullPointerException
	at net.sf.freecol.common.model.Player.getUnits(Player.java:1833)
	at net.sf.freecol.common.model.Player$UnitIterator.update(Player.java:218)
	at net.sf.freecol.common.model.Player$UnitIterator.&lt;init&gt;(Player.java:208)
	at net.sf.freecol.common.model.Player.&lt;init&gt;(Player.java:342)
	at net.sf.freecol.server.model.ServerPlayer.&lt;init&gt;(ServerPlayer.java:179)
	at net.sf.freecol.util.test.FreeColTestCase.getStandardGame(FreeColTestCase.java:173)
	at net.sf.freecol.util.test.FreeColTestCase.getStandardGame(FreeColTestCase.java:149)
	at net.sf.freecol.util.test.FreeColTestCase.getGame(FreeColTestCase.java:100)
	at net.sf.freecol.util.test.FreeColTestCase.getTestMap(FreeColTestCase.java:192)
	at net.sf.freecol.server.model.ServerPlayerTest.testCheckNoGameOverEnoughMoney(ServerPlayerTest.java:266)
	at junit.extensions.TestDecorator.basicRun(TestDecorator.java:23)
	at junit.extensions.TestSetup$1.protect(TestSetup.java:23)
	at junit.extensions.TestSetup.run(TestSetup.java:27)
</error>
  </testcase>
  <testcase classname="net.sf.freecol.server.model.ServerPlayerTest" name="testCheckGameOver1600Threshold" time="0.0">
    <error type="java.lang.NullPointerException">java.lang.NullPointerException
	at net.sf.freecol.common.model.Player.getUnits(Player.java:1833)
	at net.sf.freecol.common.model.Player$UnitIterator.update(Player.java:218)
	at net.sf.freecol.common.model.Player$UnitIterator.&lt;init&gt;(Player.java:208)
	at net.sf.freecol.common.model.Player.&lt;init&gt;(Player.java:342)
	at net.sf.freecol.server.model.ServerPlayer.&lt;init&gt;(ServerPlayer.java:179)
	at net.sf.freecol.util.test.FreeColTestCase.getStandardGame(FreeColTestCase.java:173)
	at net.sf.freecol.util.test.FreeColTestCase.getStandardGame(FreeColTestCase.java:149)
	at net.sf.freecol.util.test.FreeColTestCase.getGame(FreeColTestCase.java:100)
	at net.sf.freecol.util.test.FreeColTestCase.getTestMap(FreeColTestCase.java:192)
	at net.sf.freecol.server.model.ServerPlayerTest.testCheckGameOver1600Threshold(ServerPlayerTest.java:286)
	at junit.extensions.TestDecorator.basicRun(TestDecorator.java:23)
	at junit.extensions.TestSetup$1.protect(TestSetup.java:23)
	at junit.extensions.TestSetup.run(TestSetup.java:27)
</error>
  </testcase>
  <testcase classname="net.sf.freecol.server.model.ServerPlayerTest" name="testCheckNoGameOverHasColonistInNewWorld" time="0.001">
    <error type="java.lang.NullPointerException">java.lang.NullPointerException
	at net.sf.freecol.common.model.Player.getUnits(Player.java:1833)
	at net.sf.freecol.common.model.Player$UnitIterator.update(Player.java:218)
	at net.sf.freecol.common.model.Player$UnitIterator.&lt;init&gt;(Player.java:208)
	at net.sf.freecol.common.model.Player.&lt;init&gt;(Player.java:342)
	at net.sf.freecol.server.model.ServerPlayer.&lt;init&gt;(ServerPlayer.java:179)
	at net.sf.freecol.util.test.FreeColTestCase.getStandardGame(FreeColTestCase.java:173)
	at net.sf.freecol.util.test.FreeColTestCase.getStandardGame(FreeColTestCase.java:149)
	at net.sf.freecol.util.test.FreeColTestCase.getGame(FreeColTestCase.java:100)
	at net.sf.freecol.util.test.FreeColTestCase.getTestMap(FreeColTestCase.java:192)
	at net.sf.freecol.server.model.ServerPlayerTest.testCheckNoGameOverHasColonistInNewWorld(ServerPlayerTest.java:275)
	at junit.extensions.TestDecorator.basicRun(TestDecorator.java:23)
	at junit.extensions.TestSetup$1.protect(TestSetup.java:23)
	at junit.extensions.TestSetup.run(TestSetup.java:27)
</error>
  </testcase>
  <testcase classname="net.sf.freecol.server.model.ServerPlayerTest" name="testHasExploredTile" time="0.001">
    <error type="java.lang.NullPointerException">java.lang.NullPointerException
	at net.sf.freecol.common.model.Player.getUnits(Player.java:1833)
	at net.sf.freecol.common.model.Player$UnitIterator.update(Player.java:218)
	at net.sf.freecol.common.model.Player$UnitIterator.&lt;init&gt;(Player.java:208)
	at net.sf.freecol.common.model.Player.&lt;init&gt;(Player.java:342)
	at net.sf.freecol.server.model.ServerPlayer.&lt;init&gt;(ServerPlayer.java:179)
	at net.sf.freecol.util.test.FreeColTestCase.getStandardGame(FreeColTestCase.java:173)
	at net.sf.freecol.util.test.FreeColTestCase.getStandardGame(FreeColTestCase.java:149)
	at net.sf.freecol.util.test.FreeColTestCase.getGame(FreeColTestCase.java:100)
	at net.sf.freecol.util.test.FreeColTestCase.getTestMap(FreeColTestCase.java:192)
	at net.sf.freecol.server.model.ServerPlayerTest.testHasExploredTile(ServerPlayerTest.java:146)
	at junit.extensions.TestDecorator.basicRun(TestDecorator.java:23)
	at junit.extensions.TestSetup$1.protect(TestSetup.java:23)
	at junit.extensions.TestSetup.run(TestSetup.java:27)
</error>
  </testcase>
  <testcase classname="net.sf.freecol.server.model.ServerPlayerTest" name="testBuyingMakesPricesRaise" time="0.0">
    <error type="java.lang.NullPointerException">java.lang.NullPointerException
	at net.sf.freecol.common.model.Player.getUnits(Player.java:1833)
	at net.sf.freecol.common.model.Player$UnitIterator.update(Player.java:218)
	at net.sf.freecol.common.model.Player$UnitIterator.&lt;init&gt;(Player.java:208)
	at net.sf.freecol.common.model.Player.&lt;init&gt;(Player.java:342)
	at net.sf.freecol.server.model.ServerPlayer.&lt;init&gt;(ServerPlayer.java:179)
	at net.sf.freecol.util.test.FreeColTestCase.getStandardGame(FreeColTestCase.java:173)
	at net.sf.freecol.util.test.FreeColTestCase.getStandardGame(FreeColTestCase.java:149)
	at net.sf.freecol.util.test.FreeColTestCase.getGame(FreeColTestCase.java:100)
	at net.sf.freecol.util.test.FreeColTestCase.getTestMap(FreeColTestCase.java:192)
	at net.sf.freecol.server.model.ServerPlayerTest.testBuyingMakesPricesRaise(ServerPlayerTest.java:367)
	at junit.extensions.TestDecorator.basicRun(TestDecorator.java:23)
	at junit.extensions.TestSetup$1.protect(TestSetup.java:23)
	at junit.extensions.TestSetup.run(TestSetup.java:27)
</error>
  </testcase>
  <testcase classname="net.sf.freecol.server.model.ServerPlayerTest" name="testCheckGameOverUnitsGoingToEurope" time="0.0">
    <error type="java.lang.NullPointerException">java.lang.NullPointerException
	at net.sf.freecol.common.model.Player.getUnits(Player.java:1833)
	at net.sf.freecol.common.model.Player$UnitIterator.update(Player.java:218)
	at net.sf.freecol.common.model.Player$UnitIterator.&lt;init&gt;(Player.java:208)
	at net.sf.freecol.common.model.Player.&lt;init&gt;(Player.java:342)
	at net.sf.freecol.server.model.ServerPlayer.&lt;init&gt;(ServerPlayer.java:179)
	at net.sf.freecol.util.test.FreeColTestCase.getStandardGame(FreeColTestCase.java:173)
	at net.sf.freecol.util.test.FreeColTestCase.getStandardGame(FreeColTestCase.java:149)
	at net.sf.freecol.util.test.FreeColTestCase.getGame(FreeColTestCase.java:100)
	at net.sf.freecol.util.test.FreeColTestCase.getTestMap(FreeColTestCase.java:209)
	at net.sf.freecol.server.model.ServerPlayerTest.testCheckGameOverUnitsGoingToEurope(ServerPlayerTest.java:306)
	at junit.extensions.TestDecorator.basicRun(TestDecorator.java:23)
	at junit.extensions.TestSetup$1.protect(TestSetup.java:23)
	at junit.extensions.TestSetup.run(TestSetup.java:27)
</error>
  </testcase>
  <testcase classname="net.sf.freecol.server.model.ServerPlayerTest" name="testDutchMarket" time="0.001">
    <error type="java.lang.NullPointerException">java.lang.NullPointerException
	at net.sf.freecol.common.model.Player.getUnits(Player.java:1833)
	at net.sf.freecol.common.model.Player$UnitIterator.update(Player.java:218)
	at net.sf.freecol.common.model.Player$UnitIterator.&lt;init&gt;(Player.java:208)
	at net.sf.freecol.common.model.Player.&lt;init&gt;(Player.java:342)
	at net.sf.freecol.server.model.ServerPlayer.&lt;init&gt;(ServerPlayer.java:179)
	at net.sf.freecol.util.test.FreeColTestCase.getStandardGame(FreeColTestCase.java:173)
	at net.sf.freecol.util.test.FreeColTestCase.getStandardGame(FreeColTestCase.java:149)
	at net.sf.freecol.server.model.ServerPlayerTest.testDutchMarket(ServerPlayerTest.java:430)
	at junit.extensions.TestDecorator.basicRun(TestDecorator.java:23)
	at junit.extensions.TestSetup$1.protect(TestSetup.java:23)
	at junit.extensions.TestSetup.run(TestSetup.java:27)
</error>
  </testcase>
  <testcase classname="net.sf.freecol.server.model.ServerPlayerTest" name="testCheckGameOverNoUnits" time="0.001">
    <error type="java.lang.NullPointerException">java.lang.NullPointerException
	at net.sf.freecol.common.model.Player.getUnits(Player.java:1833)
	at net.sf.freecol.common.model.Player$UnitIterator.update(Player.java:218)
	at net.sf.freecol.common.model.Player$UnitIterator.&lt;init&gt;(Player.java:208)
	at net.sf.freecol.common.model.Player.&lt;init&gt;(Player.java:342)
	at net.sf.freecol.server.model.ServerPlayer.&lt;init&gt;(ServerPlayer.java:179)
	at net.sf.freecol.util.test.FreeColTestCase.getStandardGame(FreeColTestCase.java:173)
	at net.sf.freecol.util.test.FreeColTestCase.getStandardGame(FreeColTestCase.java:149)
	at net.sf.freecol.util.test.FreeColTestCase.getGame(FreeColTestCase.java:100)
	at net.sf.freecol.util.test.FreeColTestCase.getTestMap(FreeColTestCase.java:192)
	at net.sf.freecol.server.model.ServerPlayerTest.testCheckGameOverNoUnits(ServerPlayerTest.java:256)
	at junit.extensions.TestDecorator.basicRun(TestDecorator.java:23)
	at junit.extensions.TestSetup$1.protect(TestSetup.java:23)
	at junit.extensions.TestSetup.run(TestSetup.java:27)
</error>
  </testcase>
  <testcase classname="net.sf.freecol.server.model.ServerPlayerTest" name="testCheckGameOverUnitsGoingToNewWorld" time="0.0">
    <error type="java.lang.NullPointerException">java.lang.NullPointerException
	at net.sf.freecol.common.model.Player.getUnits(Player.java:1833)
	at net.sf.freecol.common.model.Player$UnitIterator.update(Player.java:218)
	at net.sf.freecol.common.model.Player$UnitIterator.&lt;init&gt;(Player.java:208)
	at net.sf.freecol.common.model.Player.&lt;init&gt;(Player.java:342)
	at net.sf.freecol.server.model.ServerPlayer.&lt;init&gt;(ServerPlayer.java:179)
	at net.sf.freecol.util.test.FreeColTestCase.getStandardGame(FreeColTestCase.java:173)
	at net.sf.freecol.util.test.FreeColTestCase.getStandardGame(FreeColTestCase.java:149)
	at net.sf.freecol.util.test.FreeColTestCase.getGame(FreeColTestCase.java:100)
	at net.sf.freecol.util.test.FreeColTestCase.getTestMap(FreeColTestCase.java:192)
	at net.sf.freecol.server.model.ServerPlayerTest.testCheckGameOverUnitsGoingToNewWorld(ServerPlayerTest.java:330)
	at junit.extensions.TestDecorator.basicRun(TestDecorator.java:23)
	at junit.extensions.TestSetup$1.protect(TestSetup.java:23)
	at junit.extensions.TestSetup.run(TestSetup.java:27)
</error>
  </testcase>
  <testcase classname="net.sf.freecol.server.model.ServerPlayerTest" name="testSellingMakesPricesFall" time="0.0">
    <error type="java.lang.NullPointerException">java.lang.NullPointerException
	at net.sf.freecol.common.model.Player.getUnits(Player.java:1833)
	at net.sf.freecol.common.model.Player$UnitIterator.update(Player.java:218)
	at net.sf.freecol.common.model.Player$UnitIterator.&lt;init&gt;(Player.java:208)
	at net.sf.freecol.common.model.Player.&lt;init&gt;(Player.java:342)
	at net.sf.freecol.server.model.ServerPlayer.&lt;init&gt;(ServerPlayer.java:179)
	at net.sf.freecol.util.test.FreeColTestCase.getStandardGame(FreeColTestCase.java:173)
	at net.sf.freecol.util.test.FreeColTestCase.getStandardGame(FreeColTestCase.java:149)
	at net.sf.freecol.util.test.FreeColTestCase.getGame(FreeColTestCase.java:100)
	at net.sf.freecol.util.test.FreeColTestCase.getTestMap(FreeColTestCase.java:192)
	at net.sf.freecol.server.model.ServerPlayerTest.testSellingMakesPricesFall(ServerPlayerTest.java:354)
	at junit.extensions.TestDecorator.basicRun(TestDecorator.java:23)
	at junit.extensions.TestSetup$1.protect(TestSetup.java:23)
	at junit.extensions.TestSetup.run(TestSetup.java:27)
</error>
  </testcase>
  <testcase classname="net.sf.freecol.server.model.ServerPlayerTest" name="testMarketRecovery" time="0.001">
    <error type="java.lang.NullPointerException">java.lang.NullPointerException
	at net.sf.freecol.common.model.Player.getUnits(Player.java:1833)
	at net.sf.freecol.common.model.Player$UnitIterator.update(Player.java:218)
	at net.sf.freecol.common.model.Player$UnitIterator.&lt;init&gt;(Player.java:208)
	at net.sf.freecol.common.model.Player.&lt;init&gt;(Player.java:342)
	at net.sf.freecol.server.model.ServerPlayer.&lt;init&gt;(ServerPlayer.java:179)
	at net.sf.freecol.util.test.FreeColTestCase.getStandardGame(FreeColTestCase.java:173)
	at net.sf.freecol.util.test.FreeColTestCase.getStandardGame(FreeColTestCase.java:149)
	at net.sf.freecol.util.test.FreeColTestCase.getGame(FreeColTestCase.java:100)
	at net.sf.freecol.util.test.FreeColTestCase.getTestMap(FreeColTestCase.java:192)
	at net.sf.freecol.server.model.ServerPlayerTest.testMarketRecovery(ServerPlayerTest.java:83)
	at junit.extensions.TestDecorator.basicRun(TestDecorator.java:23)
	at junit.extensions.TestSetup$1.protect(TestSetup.java:23)
	at junit.extensions.TestSetup.run(TestSetup.java:27)
</error>
  </testcase>
  <testcase classname="net.sf.freecol.server.model.ServerPlayerTest" name="testLoadInColony" time="0.0">
    <error type="java.lang.NullPointerException">java.lang.NullPointerException
	at net.sf.freecol.common.model.Player.getUnits(Player.java:1833)
	at net.sf.freecol.common.model.Player$UnitIterator.update(Player.java:218)
	at net.sf.freecol.common.model.Player$UnitIterator.&lt;init&gt;(Player.java:208)
	at net.sf.freecol.common.model.Player.&lt;init&gt;(Player.java:342)
	at net.sf.freecol.server.model.ServerPlayer.&lt;init&gt;(ServerPlayer.java:179)
	at net.sf.freecol.util.test.FreeColTestCase.getStandardGame(FreeColTestCase.java:173)
	at net.sf.freecol.util.test.FreeColTestCase.getStandardGame(FreeColTestCase.java:149)
	at net.sf.freecol.util.test.FreeColTestCase.getGame(FreeColTestCase.java:100)
	at net.sf.freecol.util.test.FreeColTestCase.getTestMap(FreeColTestCase.java:192)
	at net.sf.freecol.server.model.ServerPlayerTest.testLoadInColony(ServerPlayerTest.java:173)
	at junit.extensions.TestDecorator.basicRun(TestDecorator.java:23)
	at junit.extensions.TestSetup$1.protect(TestSetup.java:23)
	at junit.extensions.TestSetup.run(TestSetup.java:27)
</error>
  </testcase>
  <testcase classname="net.sf.freecol.server.model.ServerPlayerTest" name="testLoadInEurope" time="0.001">
    <error type="java.lang.NullPointerException">java.lang.NullPointerException
	at net.sf.freecol.common.model.Player.getUnits(Player.java:1833)
	at net.sf.freecol.common.model.Player$UnitIterator.update(Player.java:218)
	at net.sf.freecol.common.model.Player$UnitIterator.&lt;init&gt;(Player.java:208)
	at net.sf.freecol.common.model.Player.&lt;init&gt;(Player.java:342)
	at net.sf.freecol.server.model.ServerPlayer.&lt;init&gt;(ServerPlayer.java:179)
	at net.sf.freecol.util.test.FreeColTestCase.getStandardGame(FreeColTestCase.java:173)
	at net.sf.freecol.util.test.FreeColTestCase.getStandardGame(FreeColTestCase.java:149)
	at net.sf.freecol.util.test.FreeColTestCase.getGame(FreeColTestCase.java:100)
	at net.sf.freecol.util.test.FreeColTestCase.getTestMap(FreeColTestCase.java:192)
	at net.sf.freecol.server.model.ServerPlayerTest.testLoadInEurope(ServerPlayerTest.java:220)
	at junit.extensions.TestDecorator.basicRun(TestDecorator.java:23)
	at junit.extensions.TestSetup$1.protect(TestSetup.java:23)
	at junit.extensions.TestSetup.run(TestSetup.java:27)
</error>
  </testcase>
  <testcase classname="net.sf.freecol.server.model.ServerUnitTest" name="testDoAssignedWorkHardyPioneerPlowPlain" time="0.0">
    <error type="java.lang.NullPointerException">java.lang.NullPointerException
	at net.sf.freecol.common.model.Player.getUnits(Player.java:1833)
	at net.sf.freecol.common.model.Player$UnitIterator.update(Player.java:218)
	at net.sf.freecol.common.model.Player$UnitIterator.&lt;init&gt;(Player.java:208)
	at net.sf.freecol.common.model.Player.&lt;init&gt;(Player.java:342)
	at net.sf.freecol.server.model.ServerPlayer.&lt;init&gt;(ServerPlayer.java:179)
	at net.sf.freecol.util.test.FreeColTestCase.getStandardGame(FreeColTestCase.java:173)
	at net.sf.freecol.util.test.FreeColTestCase.getStandardGame(FreeColTestCase.java:149)
	at net.sf.freecol.util.test.FreeColTestCase.getGame(FreeColTestCase.java:100)
	at net.sf.freecol.util.test.FreeColTestCase.getTestMap(FreeColTestCase.java:209)
	at net.sf.freecol.server.model.ServerUnitTest.testDoAssignedWorkHardyPioneerPlowPlain(ServerUnitTest.java:140)
	at junit.extensions.TestDecorator.basicRun(TestDecorator.java:23)
	at junit.extensions.TestSetup$1.protect(TestSetup.java:23)
	at junit.extensions.TestSetup.run(TestSetup.java:27)
</error>
  </testcase>
  <testcase classname="net.sf.freecol.server.model.ServerUnitTest" name="testColonyProfitFromEnhancement" time="0.0">
    <error type="java.lang.NullPointerException">java.lang.NullPointerException
	at net.sf.freecol.common.model.Player.getUnits(Player.java:1833)
	at net.sf.freecol.common.model.Player$UnitIterator.update(Player.java:218)
	at net.sf.freecol.common.model.Player$UnitIterator.&lt;init&gt;(Player.java:208)
	at net.sf.freecol.common.model.Player.&lt;init&gt;(Player.java:342)
	at net.sf.freecol.server.model.ServerPlayer.&lt;init&gt;(ServerPlayer.java:179)
	at net.sf.freecol.util.test.FreeColTestCase.getStandardGame(FreeColTestCase.java:173)
	at net.sf.freecol.util.test.FreeColTestCase.getStandardGame(FreeColTestCase.java:149)
	at net.sf.freecol.util.test.FreeColTestCase.getGame(FreeColTestCase.java:100)
	at net.sf.freecol.util.test.FreeColTestCase.getTestMap(FreeColTestCase.java:209)
	at net.sf.freecol.server.model.ServerUnitTest.testColonyProfitFromEnhancement(ServerUnitTest.java:184)
	at junit.extensions.TestDecorator.basicRun(TestDecorator.java:23)
	at junit.extensions.TestSetup$1.protect(TestSetup.java:23)
	at junit.extensions.TestSetup.run(TestSetup.java:27)
</error>
  </testcase>
  <testcase classname="net.sf.freecol.server.model.ServerUnitTest" name="testExposeResource" time="0.001">
    <error type="java.lang.NullPointerException">java.lang.NullPointerException
	at net.sf.freecol.common.model.Player.getUnits(Player.java:1833)
	at net.sf.freecol.common.model.Player$UnitIterator.update(Player.java:218)
	at net.sf.freecol.common.model.Player$UnitIterator.&lt;init&gt;(Player.java:208)
	at net.sf.freecol.common.model.Player.&lt;init&gt;(Player.java:342)
	at net.sf.freecol.server.model.ServerPlayer.&lt;init&gt;(ServerPlayer.java:179)
	at net.sf.freecol.util.test.FreeColTestCase.getStandardGame(FreeColTestCase.java:173)
	at net.sf.freecol.util.test.FreeColTestCase.getStandardGame(FreeColTestCase.java:149)
	at net.sf.freecol.util.test.FreeColTestCase.getGame(FreeColTestCase.java:100)
	at net.sf.freecol.util.test.FreeColTestCase.getTestMap(FreeColTestCase.java:209)
	at net.sf.freecol.server.model.ServerUnitTest.testExposeResource(ServerUnitTest.java:428)
	at junit.extensions.TestDecorator.basicRun(TestDecorator.java:23)
	at junit.extensions.TestSetup$1.protect(TestSetup.java:23)
	at junit.extensions.TestSetup.run(TestSetup.java:27)
</error>
  </testcase>
  <testcase classname="net.sf.freecol.server.model.ServerUnitTest" name="testDoAssignedWorkHardyPioneerBuildRoad" time="0.001">
    <error type="java.lang.NullPointerException">java.lang.NullPointerException
	at net.sf.freecol.common.model.Player.getUnits(Player.java:1833)
	at net.sf.freecol.common.model.Player$UnitIterator.update(Player.java:218)
	at net.sf.freecol.common.model.Player$UnitIterator.&lt;init&gt;(Player.java:208)
	at net.sf.freecol.common.model.Player.&lt;init&gt;(Player.java:342)
	at net.sf.freecol.server.model.ServerPlayer.&lt;init&gt;(ServerPlayer.java:179)
	at net.sf.freecol.util.test.FreeColTestCase.getStandardGame(FreeColTestCase.java:173)
	at net.sf.freecol.util.test.FreeColTestCase.getStandardGame(FreeColTestCase.java:149)
	at net.sf.freecol.util.test.FreeColTestCase.getGame(FreeColTestCase.java:100)
	at net.sf.freecol.util.test.FreeColTestCase.getTestMap(FreeColTestCase.java:209)
	at net.sf.freecol.server.model.ServerUnitTest.testDoAssignedWorkHardyPioneerBuildRoad(ServerUnitTest.java:268)
	at junit.extensions.TestDecorator.basicRun(TestDecorator.java:23)
	at junit.extensions.TestSetup$1.protect(TestSetup.java:23)
	at junit.extensions.TestSetup.run(TestSetup.java:27)
</error>
  </testcase>
  <testcase classname="net.sf.freecol.server.model.ServerUnitTest" name="testUnitPromotionWorkingInWorkTile" time="0.0">
    <error type="java.lang.NullPointerException">java.lang.NullPointerException
	at net.sf.freecol.common.model.Player.getUnits(Player.java:1833)
	at net.sf.freecol.common.model.Player$UnitIterator.update(Player.java:218)
	at net.sf.freecol.common.model.Player$UnitIterator.&lt;init&gt;(Player.java:208)
	at net.sf.freecol.common.model.Player.&lt;init&gt;(Player.java:342)
	at net.sf.freecol.server.model.ServerPlayer.&lt;init&gt;(ServerPlayer.java:179)
	at net.sf.freecol.util.test.FreeColTestCase.getStandardGame(FreeColTestCase.java:173)
	at net.sf.freecol.util.test.FreeColTestCase.getStandardGame(FreeColTestCase.java:149)
	at net.sf.freecol.util.test.FreeColTestCase.getGame(FreeColTestCase.java:100)
	at net.sf.freecol.util.test.FreeColTestCase.getTestMap(FreeColTestCase.java:209)
	at net.sf.freecol.server.model.ServerUnitTest.testUnitPromotionWorkingInWorkTile(ServerUnitTest.java:370)
	at junit.extensions.TestDecorator.basicRun(TestDecorator.java:23)
	at junit.extensions.TestSetup$1.protect(TestSetup.java:23)
	at junit.extensions.TestSetup.run(TestSetup.java:27)
</error>
  </testcase>
  <testcase classname="net.sf.freecol.server.model.ServerUnitTest" name="testUnitGetsExperienceThroughWork" time="0.0">
    <error type="java.lang.NullPointerException">java.lang.NullPointerException
	at net.sf.freecol.common.model.Player.getUnits(Player.java:1833)
	at net.sf.freecol.common.model.Player$UnitIterator.update(Player.java:218)
	at net.sf.freecol.common.model.Player$UnitIterator.&lt;init&gt;(Player.java:208)
	at net.sf.freecol.common.model.Player.&lt;init&gt;(Player.java:342)
	at net.sf.freecol.server.model.ServerPlayer.&lt;init&gt;(ServerPlayer.java:179)
	at net.sf.freecol.util.test.FreeColTestCase.getStandardGame(FreeColTestCase.java:173)
	at net.sf.freecol.util.test.FreeColTestCase.getStandardGame(FreeColTestCase.java:149)
	at net.sf.freecol.util.test.FreeColTestCase.getGame(FreeColTestCase.java:100)
	at net.sf.freecol.util.test.FreeColTestCase.getTestMap(FreeColTestCase.java:192)
	at net.sf.freecol.server.model.ServerUnitTest.testUnitGetsExperienceThroughWork(ServerUnitTest.java:343)
	at junit.extensions.TestDecorator.basicRun(TestDecorator.java:23)
	at junit.extensions.TestSetup$1.protect(TestSetup.java:23)
	at junit.extensions.TestSetup.run(TestSetup.java:27)
</error>
  </testcase>
  <testcase classname="net.sf.freecol.server.model.ServerUnitTest" name="testUnitLumberDelivery" time="0.0">
    <error type="java.lang.NullPointerException">java.lang.NullPointerException
	at net.sf.freecol.common.model.Player.getUnits(Player.java:1833)
	at net.sf.freecol.common.model.Player$UnitIterator.update(Player.java:218)
	at net.sf.freecol.common.model.Player$UnitIterator.&lt;init&gt;(Player.java:208)
	at net.sf.freecol.common.model.Player.&lt;init&gt;(Player.java:342)
	at net.sf.freecol.server.model.ServerPlayer.&lt;init&gt;(ServerPlayer.java:179)
	at net.sf.freecol.util.test.FreeColTestCase.getStandardGame(FreeColTestCase.java:173)
	at net.sf.freecol.util.test.FreeColTestCase.getStandardGame(FreeColTestCase.java:149)
	at net.sf.freecol.util.test.FreeColTestCase.getGame(FreeColTestCase.java:100)
	at net.sf.freecol.util.test.FreeColTestCase.getTestMap(FreeColTestCase.java:209)
	at net.sf.freecol.server.model.ServerUnitTest.testUnitLumberDelivery(ServerUnitTest.java:471)
	at junit.extensions.TestDecorator.basicRun(TestDecorator.java:23)
	at junit.extensions.TestSetup$1.protect(TestSetup.java:23)
	at junit.extensions.TestSetup.run(TestSetup.java:27)
</error>
  </testcase>
  <testcase classname="net.sf.freecol.server.model.ServerUnitTest" name="testToggleHorses" time="0.001">
    <error type="java.lang.NullPointerException">java.lang.NullPointerException
	at net.sf.freecol.common.model.Player.getUnits(Player.java:1833)
	at net.sf.freecol.common.model.Player$UnitIterator.update(Player.java:218)
	at net.sf.freecol.common.model.Player$UnitIterator.&lt;init&gt;(Player.java:208)
	at net.sf.freecol.common.model.Player.&lt;init&gt;(Player.java:342)
	at net.sf.freecol.server.model.ServerPlayer.&lt;init&gt;(ServerPlayer.java:179)
	at net.sf.freecol.util.test.FreeColTestCase.getStandardGame(FreeColTestCase.java:173)
	at net.sf.freecol.util.test.FreeColTestCase.getStandardGame(FreeColTestCase.java:149)
	at net.sf.freecol.util.test.FreeColTestCase.getGame(FreeColTestCase.java:100)
	at net.sf.freecol.util.test.FreeColTestCase.getTestMap(FreeColTestCase.java:209)
	at net.sf.freecol.server.model.ServerUnitTest.testToggleHorses(ServerUnitTest.java:111)
	at junit.extensions.TestDecorator.basicRun(TestDecorator.java:23)
	at junit.extensions.TestSetup$1.protect(TestSetup.java:23)
	at junit.extensions.TestSetup.run(TestSetup.java:27)
</error>
  </testcase>
  <testcase classname="net.sf.freecol.server.generator.MapGeneratorTest" name="testSinglePlayerOnSmallMap" time="0.001">
    <error type="java.lang.NullPointerException">java.lang.NullPointerException
	at net.sf.freecol.common.model.Player.getUnits(Player.java:1833)
	at net.sf.freecol.common.model.Player$UnitIterator.update(Player.java:218)
	at net.sf.freecol.common.model.Player$UnitIterator.&lt;init&gt;(Player.java:208)
	at net.sf.freecol.common.model.Player.&lt;init&gt;(Player.java:342)
	at net.sf.freecol.server.model.ServerPlayer.&lt;init&gt;(ServerPlayer.java:179)
	at net.sf.freecol.server.generator.MapGeneratorTest.testSinglePlayerOnSmallMap(MapGeneratorTest.java:84)
	at junit.extensions.TestDecorator.basicRun(TestDecorator.java:23)
	at junit.extensions.TestSetup$1.protect(TestSetup.java:23)
	at junit.extensions.TestSetup.run(TestSetup.java:27)
</error>
  </testcase>
  <testcase classname="net.sf.freecol.server.generator.MapGeneratorTest" name="testImportMap" time="1.205" />
  <testcase classname="net.sf.freecol.server.generator.MapGeneratorTest" name="testRegions" time="0.122">
    <error type="java.lang.NullPointerException">java.lang.NullPointerException
	at net.sf.freecol.common.model.Player.getUnits(Player.java:1833)
	at net.sf.freecol.common.model.Player$UnitIterator.update(Player.java:218)
	at net.sf.freecol.common.model.Player$UnitIterator.&lt;init&gt;(Player.java:208)
	at net.sf.freecol.common.model.Player.&lt;init&gt;(Player.java:342)
	at net.sf.freecol.server.generator.MapGeneratorTest.testRegions(MapGeneratorTest.java:231)
	at junit.extensions.TestDecorator.basicRun(TestDecorator.java:23)
	at junit.extensions.TestSetup$1.protect(TestSetup.java:23)
	at junit.extensions.TestSetup.run(TestSetup.java:27)
</error>
  </testcase>
  <testcase classname="net.sf.freecol.server.generator.MapGeneratorTest" name="testWithNoIndians" time="0.001">
    <error type="java.lang.NullPointerException">java.lang.NullPointerException
	at net.sf.freecol.common.model.Player.getUnits(Player.java:1833)
	at net.sf.freecol.common.model.Player$UnitIterator.update(Player.java:218)
	at net.sf.freecol.common.model.Player$UnitIterator.&lt;init&gt;(Player.java:208)
	at net.sf.freecol.common.model.Player.&lt;init&gt;(Player.java:342)
	at net.sf.freecol.server.model.ServerPlayer.&lt;init&gt;(ServerPlayer.java:179)
	at net.sf.freecol.server.generator.MapGeneratorTest.testWithNoIndians(MapGeneratorTest.java:62)
	at junit.extensions.TestDecorator.basicRun(TestDecorator.java:23)
	at junit.extensions.TestSetup$1.protect(TestSetup.java:23)
	at junit.extensions.TestSetup.run(TestSetup.java:27)
</error>
  </testcase>
  <testcase classname="net.sf.freecol.server.generator.MapGeneratorTest" name="testIndianCapital" time="0.0">
    <error type="java.lang.NullPointerException">java.lang.NullPointerException
	at net.sf.freecol.common.model.Player.getUnits(Player.java:1833)
	at net.sf.freecol.common.model.Player$UnitIterator.update(Player.java:218)
	at net.sf.freecol.common.model.Player$UnitIterator.&lt;init&gt;(Player.java:208)
	at net.sf.freecol.common.model.Player.&lt;init&gt;(Player.java:342)
	at net.sf.freecol.server.model.ServerPlayer.&lt;init&gt;(ServerPlayer.java:179)
	at net.sf.freecol.server.generator.MapGeneratorTest.testIndianCapital(MapGeneratorTest.java:167)
	at junit.extensions.TestDecorator.basicRun(TestDecorator.java:23)
	at junit.extensions.TestSetup$1.protect(TestSetup.java:23)
	at junit.extensions.TestSetup.run(TestSetup.java:27)
</error>
  </testcase>
  <testcase classname="net.sf.freecol.server.generator.MapGeneratorTest" name="testMapGenerator" time="0.001">
    <error type="java.lang.NullPointerException">java.lang.NullPointerException
	at net.sf.freecol.common.model.Player.getUnits(Player.java:1833)
	at net.sf.freecol.common.model.Player$UnitIterator.update(Player.java:218)
	at net.sf.freecol.common.model.Player$UnitIterator.&lt;init&gt;(Player.java:208)
	at net.sf.freecol.common.model.Player.&lt;init&gt;(Player.java:342)
	at net.sf.freecol.server.model.ServerPlayer.&lt;init&gt;(ServerPlayer.java:179)
	at net.sf.freecol.server.generator.MapGeneratorTest.testMapGenerator(MapGeneratorTest.java:116)
	at junit.extensions.TestDecorator.basicRun(TestDecorator.java:23)
	at junit.extensions.TestSetup$1.protect(TestSetup.java:23)
	at junit.extensions.TestSetup.run(TestSetup.java:27)
</error>
  </testcase>
  <testcase classname="net.sf.freecol.client.gui.FontTest" name="testLogicalSerif" time="0.05" />
  <system-out><![CDATA[]]></system-out>
  <system-err><![CDATA[May 15, 2017 11:26:41 PM net.sf.freecol.common.model.Specification fixRoles
INFO: Loading role backward compatibility fragment: roles-compat.xml with roles: model.role.defaultmodel.role.scoutmodel.role.soldiermodel.role.dragoonmodel.role.pioneermodel.role.missionarymodel.role.infantrymodel.role.cavalrymodel.role.mountedBravemodel.role.armedBravemodel.role.nativeDragoon
May 15, 2017 11:26:41 PM net.sf.freecol.common.model.Specification checkDifficultyOptionGroup
INFO: Check group model.difficulty.immigration
May 15, 2017 11:26:41 PM net.sf.freecol.common.model.Specification checkDifficultyOptionGroup
INFO: Check group model.difficulty.natives
May 15, 2017 11:26:41 PM net.sf.freecol.common.model.Specification checkDifficultyOptionGroup
INFO: Check group model.difficulty.monarch
May 15, 2017 11:26:41 PM net.sf.freecol.common.model.Specification checkDifficultyOptionGroup
INFO: Check group model.difficulty.government
May 15, 2017 11:26:41 PM net.sf.freecol.common.model.Specification checkDifficultyOptionGroup
INFO: Check group model.difficulty.other
May 15, 2017 11:26:41 PM net.sf.freecol.common.model.Specification checkDifficultyOptionGroup
INFO: Check group model.difficulty.cheat
May 15, 2017 11:26:41 PM net.sf.freecol.common.model.Specification checkDifficultyUnitListOption
INFO: Added difficulty unit list option: model.option.immigrants
May 15, 2017 11:26:41 PM net.sf.freecol.common.model.Specification clean
INFO: Specification clean following load from InputStream complete, starting year=1492, season year=1600, ages=[1,109,309], seasons=2, 259 FreeColGameObjectTypes, 79 Abilities, 41 BuildingTypes, 14 Disasters, 9 EuropeanNationTypes, 2 Events, 25 FoundingFathers, 21 GoodsTypes, 8 IndianNationTypes, 60 Modifiers, 25 Nations, 65 Options, 16 Option Groups, 12 ResourceTypes, 11 Roles, 23 TileTypes, 6 TileImprovementTypes, 42 UnitTypes read.
May 15, 2017 11:26:41 PM net.sf.freecol.common.model.Specification checkDifficultyOptionGroup
INFO: Check group model.difficulty.immigration
May 15, 2017 11:26:41 PM net.sf.freecol.common.model.Specification checkDifficultyOptionGroup
INFO: Check group model.difficulty.natives
May 15, 2017 11:26:41 PM net.sf.freecol.common.model.Specification checkDifficultyOptionGroup
INFO: Check group model.difficulty.monarch
May 15, 2017 11:26:41 PM net.sf.freecol.common.model.Specification checkDifficultyOptionGroup
INFO: Check group model.difficulty.government
May 15, 2017 11:26:41 PM net.sf.freecol.common.model.Specification checkDifficultyOptionGroup
INFO: Check group model.difficulty.other
May 15, 2017 11:26:41 PM net.sf.freecol.common.model.Specification checkDifficultyOptionGroup
INFO: Check group model.difficulty.cheat
May 15, 2017 11:26:41 PM net.sf.freecol.common.model.Specification applyDifficultyLevel
INFO: Applying difficulty level model.difficulty.medium
May 15, 2017 11:26:41 PM net.sf.freecol.common.model.Specification fixRoles
INFO: Loading role backward compatibility fragment: roles-compat.xml with roles: model.role.defaultmodel.role.scoutmodel.role.soldiermodel.role.dragoonmodel.role.pioneermodel.role.missionarymodel.role.infantrymodel.role.cavalrymodel.role.mountedBravemodel.role.armedBravemodel.role.nativeDragoon
May 15, 2017 11:26:41 PM net.sf.freecol.common.model.Specification checkDifficultyOptionGroup
INFO: Check group model.difficulty.immigration
May 15, 2017 11:26:41 PM net.sf.freecol.common.model.Specification checkDifficultyOptionGroup
INFO: Check group model.difficulty.natives
May 15, 2017 11:26:41 PM net.sf.freecol.common.model.Specification checkDifficultyOptionGroup
INFO: Check group model.difficulty.monarch
May 15, 2017 11:26:41 PM net.sf.freecol.common.model.Specification checkDifficultyOptionGroup
INFO: Check group model.difficulty.government
May 15, 2017 11:26:41 PM net.sf.freecol.common.model.Specification checkDifficultyOptionGroup
INFO: Check group model.difficulty.other
May 15, 2017 11:26:41 PM net.sf.freecol.common.model.Specification checkDifficultyOptionGroup
INFO: Check group model.difficulty.cheat
May 15, 2017 11:26:41 PM net.sf.freecol.common.model.Specification checkDifficultyUnitListOption
INFO: Added difficulty unit list option: model.option.immigrants
May 15, 2017 11:26:41 PM net.sf.freecol.common.model.Specification clean
INFO: Specification clean following load from InputStream complete, starting year=1492, season year=1600, ages=[1,109,309], seasons=2, 247 FreeColGameObjectTypes, 78 Abilities, 41 BuildingTypes, 14 Disasters, 5 EuropeanNationTypes, 2 Events, 25 FoundingFathers, 21 GoodsTypes, 8 IndianNationTypes, 60 Modifiers, 17 Nations, 65 Options, 16 Option Groups, 12 ResourceTypes, 11 Roles, 23 TileTypes, 6 TileImprovementTypes, 42 UnitTypes read.
May 15, 2017 11:26:41 PM net.sf.freecol.common.model.Specification checkDifficultyOptionGroup
INFO: Check group model.difficulty.immigration
May 15, 2017 11:26:41 PM net.sf.freecol.common.model.Specification checkDifficultyOptionGroup
INFO: Check group model.difficulty.natives
May 15, 2017 11:26:41 PM net.sf.freecol.common.model.Specification checkDifficultyOptionGroup
INFO: Check group model.difficulty.monarch
May 15, 2017 11:26:41 PM net.sf.freecol.common.model.Specification checkDifficultyOptionGroup
INFO: Check group model.difficulty.government
May 15, 2017 11:26:41 PM net.sf.freecol.common.model.Specification checkDifficultyOptionGroup
INFO: Check group model.difficulty.other
May 15, 2017 11:26:41 PM net.sf.freecol.common.model.Specification checkDifficultyOptionGroup
INFO: Check group model.difficulty.cheat
May 15, 2017 11:26:41 PM net.sf.freecol.common.model.Specification applyDifficultyLevel
INFO: Applying difficulty level model.difficulty.medium
May 15, 2017 11:26:41 PM net.sf.freecol.common.i18n.Messages replaceChoices
WARNING: Unknown key or untagged choice: 'west=westward|east=eastward|default=into the wind', selector was 'whatever', trying 'default' instead
May 15, 2017 11:26:41 PM net.sf.freecol.common.i18n.Messages replaceChoices
WARNING: No tag found: {{}}abc   {{xyz}}def{{123|567}}
May 15, 2017 11:26:41 PM net.sf.freecol.common.i18n.Messages replaceChoices
WARNING: No tag found: {{}}abc   {{xyz}}def{{123|567}}
May 15, 2017 11:26:41 PM net.sf.freecol.common.i18n.Messages replaceChoices
WARNING: No tag found: {{}}abc   {{xyz}}def{{123|567}}
May 15, 2017 11:26:42 PM net.sf.freecol.common.model.Specification applyDifficultyLevel
INFO: Applying difficulty level model.difficulty.medium
May 15, 2017 11:26:42 PM net.sf.freecol.common.model.Specification applyDifficultyLevel
INFO: Applying difficulty level model.difficulty.medium
May 15, 2017 11:26:42 PM net.sf.freecol.common.util.LogBuilder log
INFO: In data/mods found mod: bryce classic_ui convertUpgrade daySeasons example fourSeasons hutzli markovoss misiulo monthSeasons plantForest weekSeasons
May 15, 2017 11:26:42 PM net.sf.freecol.common.model.Specification fixRoles
INFO: Loading role backward compatibility fragment: roles-compat.xml with roles: model.role.defaultmodel.role.scoutmodel.role.soldiermodel.role.dragoonmodel.role.pioneermodel.role.missionarymodel.role.infantrymodel.role.cavalrymodel.role.mountedBravemodel.role.armedBravemodel.role.nativeDragoon
May 15, 2017 11:26:42 PM net.sf.freecol.common.model.Specification checkDifficultyOptionGroup
INFO: Check group model.difficulty.immigration
May 15, 2017 11:26:42 PM net.sf.freecol.common.model.Specification checkDifficultyOptionGroup
INFO: Check group model.difficulty.natives
May 15, 2017 11:26:42 PM net.sf.freecol.common.model.Specification checkDifficultyOptionGroup
INFO: Check group model.difficulty.monarch
May 15, 2017 11:26:42 PM net.sf.freecol.common.model.Specification checkDifficultyOptionGroup
INFO: Check group model.difficulty.government
May 15, 2017 11:26:42 PM net.sf.freecol.common.model.Specification checkDifficultyOptionGroup
INFO: Check group model.difficulty.other
May 15, 2017 11:26:42 PM net.sf.freecol.common.model.Specification checkDifficultyOptionGroup
INFO: Check group model.difficulty.cheat
May 15, 2017 11:26:42 PM net.sf.freecol.common.model.Specification checkDifficultyUnitListOption
INFO: Added difficulty unit list option: model.option.immigrants
May 15, 2017 11:26:42 PM net.sf.freecol.common.model.Specification clean
INFO: Specification clean following load from InputStream complete, starting year=1492, season year=1600, ages=[1,109,309], seasons=2, 258 FreeColGameObjectTypes, 79 Abilities, 41 BuildingTypes, 14 Disasters, 9 EuropeanNationTypes, 2 Events, 25 FoundingFathers, 21 GoodsTypes, 8 IndianNationTypes, 60 Modifiers, 25 Nations, 65 Options, 16 Option Groups, 12 ResourceTypes, 11 Roles, 23 TileTypes, 6 TileImprovementTypes, 41 UnitTypes read.
May 15, 2017 11:26:42 PM net.sf.freecol.common.model.Specification fixRoles
INFO: Loading role backward compatibility fragment: roles-compat.xml with roles: model.role.defaultmodel.role.scoutmodel.role.soldiermodel.role.dragoonmodel.role.pioneermodel.role.missionarymodel.role.infantrymodel.role.cavalrymodel.role.mountedBravemodel.role.armedBravemodel.role.nativeDragoon
May 15, 2017 11:26:42 PM net.sf.freecol.common.model.Specification checkDifficultyOptionGroup
INFO: Check group model.difficulty.immigration
May 15, 2017 11:26:42 PM net.sf.freecol.common.model.Specification checkDifficultyOptionGroup
INFO: Check group model.difficulty.natives
May 15, 2017 11:26:42 PM net.sf.freecol.common.model.Specification checkDifficultyOptionGroup
INFO: Check group model.difficulty.monarch
May 15, 2017 11:26:42 PM net.sf.freecol.common.model.Specification checkDifficultyOptionGroup
INFO: Check group model.difficulty.government
May 15, 2017 11:26:42 PM net.sf.freecol.common.model.Specification checkDifficultyOptionGroup
INFO: Check group model.difficulty.other
May 15, 2017 11:26:42 PM net.sf.freecol.common.model.Specification checkDifficultyOptionGroup
INFO: Check group model.difficulty.cheat
May 15, 2017 11:26:42 PM net.sf.freecol.common.model.Specification checkDifficultyUnitListOption
INFO: Added difficulty unit list option: model.option.immigrants
May 15, 2017 11:26:42 PM net.sf.freecol.common.model.Specification clean
INFO: Specification clean following load from InputStream complete, starting year=1492, season year=1600, ages=[1,109,309], seasons=2, 259 FreeColGameObjectTypes, 79 Abilities, 41 BuildingTypes, 14 Disasters, 9 EuropeanNationTypes, 2 Events, 25 FoundingFathers, 21 GoodsTypes, 8 IndianNationTypes, 60 Modifiers, 25 Nations, 65 Options, 16 Option Groups, 12 ResourceTypes, 11 Roles, 23 TileTypes, 6 TileImprovementTypes, 42 UnitTypes read.
May 15, 2017 11:26:42 PM net.sf.freecol.common.model.Specification fixRoles
INFO: Loading role backward compatibility fragment: roles-compat.xml with roles: model.role.defaultmodel.role.scoutmodel.role.soldiermodel.role.dragoonmodel.role.pioneermodel.role.missionarymodel.role.infantrymodel.role.cavalrymodel.role.mountedBravemodel.role.armedBravemodel.role.nativeDragoon
May 15, 2017 11:26:42 PM net.sf.freecol.common.model.Specification checkDifficultyOptionGroup
INFO: Check group model.difficulty.immigration
May 15, 2017 11:26:42 PM net.sf.freecol.common.model.Specification checkDifficultyOptionGroup
INFO: Check group model.difficulty.natives
May 15, 2017 11:26:42 PM net.sf.freecol.common.model.Specification checkDifficultyOptionGroup
INFO: Check group model.difficulty.monarch
May 15, 2017 11:26:42 PM net.sf.freecol.common.model.Specification checkDifficultyOptionGroup
INFO: Check group model.difficulty.government
May 15, 2017 11:26:42 PM net.sf.freecol.common.model.Specification checkDifficultyOptionGroup
INFO: Check group model.difficulty.other
May 15, 2017 11:26:42 PM net.sf.freecol.common.model.Specification checkDifficultyOptionGroup
INFO: Check group model.difficulty.cheat
May 15, 2017 11:26:42 PM net.sf.freecol.common.model.Specification checkDifficultyUnitListOption
INFO: Added difficulty unit list option: model.option.immigrants
May 15, 2017 11:26:42 PM net.sf.freecol.common.model.Specification clean
INFO: Specification clean following load from InputStream complete, starting year=1492, season year=1600, ages=[1,109,309], seasons=2, 259 FreeColGameObjectTypes, 79 Abilities, 41 BuildingTypes, 14 Disasters, 9 EuropeanNationTypes, 2 Events, 25 FoundingFathers, 21 GoodsTypes, 8 IndianNationTypes, 60 Modifiers, 25 Nations, 65 Options, 16 Option Groups, 12 ResourceTypes, 11 Roles, 23 TileTypes, 6 TileImprovementTypes, 42 UnitTypes read.
May 15, 2017 11:26:42 PM net.sf.freecol.common.model.Specification loadMods
INFO: Loaded mod example
May 15, 2017 11:26:42 PM net.sf.freecol.common.model.Specification clean
INFO: Specification clean following mod loading complete, starting year=1492, season year=1600, ages=[1,109,309], seasons=2, 260 FreeColGameObjectTypes, 79 Abilities, 41 BuildingTypes, 14 Disasters, 9 EuropeanNationTypes, 2 Events, 25 FoundingFathers, 21 GoodsTypes, 8 IndianNationTypes, 60 Modifiers, 25 Nations, 65 Options, 16 Option Groups, 12 ResourceTypes, 11 Roles, 23 TileTypes, 6 TileImprovementTypes, 43 UnitTypes read.
May 15, 2017 11:26:42 PM net.sf.freecol.common.model.Specification fixRoles
INFO: Loading role backward compatibility fragment: roles-compat.xml with roles: model.role.defaultmodel.role.scoutmodel.role.soldiermodel.role.dragoonmodel.role.pioneermodel.role.missionarymodel.role.infantrymodel.role.cavalrymodel.role.mountedBravemodel.role.armedBravemodel.role.nativeDragoon
May 15, 2017 11:26:42 PM net.sf.freecol.common.model.Specification checkDifficultyOptionGroup
INFO: Check group model.difficulty.immigration
May 15, 2017 11:26:42 PM net.sf.freecol.common.model.Specification checkDifficultyOptionGroup
INFO: Check group model.difficulty.natives
May 15, 2017 11:26:42 PM net.sf.freecol.common.model.Specification checkDifficultyOptionGroup
INFO: Check group model.difficulty.monarch
May 15, 2017 11:26:42 PM net.sf.freecol.common.model.Specification checkDifficultyOptionGroup
INFO: Check group model.difficulty.government
May 15, 2017 11:26:42 PM net.sf.freecol.common.model.Specification checkDifficultyOptionGroup
INFO: Check group model.difficulty.other
May 15, 2017 11:26:42 PM net.sf.freecol.common.model.Specification checkDifficultyOptionGroup
INFO: Check group model.difficulty.cheat
May 15, 2017 11:26:42 PM net.sf.freecol.common.model.Specification checkDifficultyUnitListOption
INFO: Added difficulty unit list option: model.option.immigrants
May 15, 2017 11:26:42 PM net.sf.freecol.common.model.Specification clean
INFO: Specification clean following load from InputStream complete, starting year=1492, season year=1600, ages=[1,109,309], seasons=2, 260 FreeColGameObjectTypes, 79 Abilities, 41 BuildingTypes, 14 Disasters, 9 EuropeanNationTypes, 2 Events, 25 FoundingFathers, 21 GoodsTypes, 8 IndianNationTypes, 60 Modifiers, 25 Nations, 65 Options, 16 Option Groups, 12 ResourceTypes, 11 Roles, 23 TileTypes, 6 TileImprovementTypes, 43 UnitTypes read.
May 15, 2017 11:26:42 PM net.sf.freecol.common.model.Specification fixRoles
INFO: Loading role backward compatibility fragment: roles-compat.xml with roles: model.role.defaultmodel.role.scoutmodel.role.soldiermodel.role.dragoonmodel.role.pioneermodel.role.missionarymodel.role.infantrymodel.role.cavalrymodel.role.mountedBravemodel.role.armedBravemodel.role.nativeDragoon
May 15, 2017 11:26:42 PM net.sf.freecol.common.model.Specification checkDifficultyOptionGroup
INFO: Check group model.difficulty.immigration
May 15, 2017 11:26:42 PM net.sf.freecol.common.model.Specification checkDifficultyOptionGroup
INFO: Check group model.difficulty.natives
May 15, 2017 11:26:42 PM net.sf.freecol.common.model.Specification checkDifficultyOptionGroup
INFO: Check group model.difficulty.monarch
May 15, 2017 11:26:42 PM net.sf.freecol.common.model.Specification checkDifficultyOptionGroup
INFO: Check group model.difficulty.government
May 15, 2017 11:26:42 PM net.sf.freecol.common.model.Specification checkDifficultyOptionGroup
INFO: Check group model.difficulty.other
May 15, 2017 11:26:42 PM net.sf.freecol.common.model.Specification checkDifficultyOptionGroup
INFO: Check group model.difficulty.cheat
May 15, 2017 11:26:42 PM net.sf.freecol.common.model.Specification checkDifficultyUnitListOption
INFO: Added difficulty unit list option: model.option.immigrants
May 15, 2017 11:26:42 PM net.sf.freecol.common.model.Specification clean
INFO: Specification clean following load from InputStream complete, starting year=1492, season year=1600, ages=[1,109,309], seasons=2, 259 FreeColGameObjectTypes, 79 Abilities, 41 BuildingTypes, 14 Disasters, 9 EuropeanNationTypes, 2 Events, 25 FoundingFathers, 21 GoodsTypes, 8 IndianNationTypes, 60 Modifiers, 25 Nations, 65 Options, 16 Option Groups, 12 ResourceTypes, 11 Roles, 23 TileTypes, 6 TileImprovementTypes, 42 UnitTypes read.
May 15, 2017 11:26:42 PM net.sf.freecol.common.model.Specification fixRoles
INFO: Loading role backward compatibility fragment: roles-compat.xml with roles: model.role.defaultmodel.role.scoutmodel.role.soldiermodel.role.dragoonmodel.role.pioneermodel.role.missionarymodel.role.infantrymodel.role.cavalrymodel.role.mountedBravemodel.role.armedBravemodel.role.nativeDragoon
May 15, 2017 11:26:42 PM net.sf.freecol.common.model.Specification checkDifficultyOptionGroup
INFO: Check group model.difficulty.immigration
May 15, 2017 11:26:42 PM net.sf.freecol.common.model.Specification checkDifficultyOptionGroup
INFO: Check group model.difficulty.natives
May 15, 2017 11:26:42 PM net.sf.freecol.common.model.Specification checkDifficultyOptionGroup
INFO: Check group model.difficulty.monarch
May 15, 2017 11:26:42 PM net.sf.freecol.common.model.Specification checkDifficultyOptionGroup
INFO: Check group model.difficulty.government
May 15, 2017 11:26:42 PM net.sf.freecol.common.model.Specification checkDifficultyOptionGroup
INFO: Check group model.difficulty.other
May 15, 2017 11:26:42 PM net.sf.freecol.common.model.Specification checkDifficultyOptionGroup
INFO: Check group model.difficulty.cheat
May 15, 2017 11:26:42 PM net.sf.freecol.common.model.Specification checkDifficultyUnitListOption
INFO: Added difficulty unit list option: model.option.immigrants
May 15, 2017 11:26:42 PM net.sf.freecol.common.model.Specification clean
INFO: Specification clean following load from InputStream complete, starting year=1492, season year=1600, ages=[1,109,309], seasons=2, 259 FreeColGameObjectTypes, 79 Abilities, 41 BuildingTypes, 14 Disasters, 9 EuropeanNationTypes, 2 Events, 25 FoundingFathers, 21 GoodsTypes, 8 IndianNationTypes, 60 Modifiers, 25 Nations, 65 Options, 16 Option Groups, 12 ResourceTypes, 11 Roles, 23 TileTypes, 6 TileImprovementTypes, 42 UnitTypes read.
May 15, 2017 11:26:42 PM net.sf.freecol.common.model.Specification applyDifficultyLevel
INFO: Applying difficulty level model.difficulty.medium
May 15, 2017 11:26:42 PM net.sf.freecol.common.model.Specification applyDifficultyLevel
INFO: Applying difficulty level model.difficulty.medium
May 15, 2017 11:26:42 PM net.sf.freecol.common.model.Specification applyDifficultyLevel
INFO: Applying difficulty level model.difficulty.medium
May 15, 2017 11:26:42 PM net.sf.freecol.common.model.Specification applyDifficultyLevel
INFO: Applying difficulty level model.difficulty.medium
May 15, 2017 11:26:42 PM net.sf.freecol.common.model.Specification applyDifficultyLevel
INFO: Applying difficulty level model.difficulty.medium
May 15, 2017 11:26:42 PM net.sf.freecol.common.model.Specification applyDifficultyLevel
INFO: Applying difficulty level model.difficulty.medium
May 15, 2017 11:26:42 PM net.sf.freecol.common.model.Specification applyDifficultyLevel
INFO: Applying difficulty level model.difficulty.medium
May 15, 2017 11:26:42 PM net.sf.freecol.common.model.Specification applyDifficultyLevel
INFO: Applying difficulty level model.difficulty.medium
May 15, 2017 11:26:42 PM net.sf.freecol.common.model.Specification applyDifficultyLevel
INFO: Applying difficulty level model.difficulty.medium
May 15, 2017 11:26:42 PM net.sf.freecol.common.model.Specification applyDifficultyLevel
INFO: Applying difficulty level model.difficulty.medium
May 15, 2017 11:26:42 PM net.sf.freecol.common.model.Specification applyDifficultyLevel
INFO: Applying difficulty level model.difficulty.medium
May 15, 2017 11:26:42 PM net.sf.freecol.common.model.Specification applyDifficultyLevel
INFO: Applying difficulty level model.difficulty.medium
May 15, 2017 11:26:42 PM net.sf.freecol.common.model.Specification applyDifficultyLevel
INFO: Applying difficulty level model.difficulty.medium
May 15, 2017 11:26:42 PM net.sf.freecol.common.model.Specification applyDifficultyLevel
INFO: Applying difficulty level model.difficulty.medium
May 15, 2017 11:26:42 PM net.sf.freecol.common.model.Specification applyDifficultyLevel
INFO: Applying difficulty level model.difficulty.medium
May 15, 2017 11:26:42 PM net.sf.freecol.common.model.Specification applyDifficultyLevel
INFO: Applying difficulty level model.difficulty.medium
May 15, 2017 11:26:42 PM net.sf.freecol.common.model.Specification applyDifficultyLevel
INFO: Applying difficulty level model.difficulty.medium
May 15, 2017 11:26:42 PM net.sf.freecol.common.model.Specification applyDifficultyLevel
INFO: Applying difficulty level model.difficulty.medium
May 15, 2017 11:26:42 PM net.sf.freecol.common.model.Specification applyDifficultyLevel
INFO: Applying difficulty level model.difficulty.medium
May 15, 2017 11:26:42 PM net.sf.freecol.common.model.Specification applyDifficultyLevel
INFO: Applying difficulty level model.difficulty.medium
May 15, 2017 11:26:42 PM net.sf.freecol.common.model.Specification applyDifficultyLevel
INFO: Applying difficulty level model.difficulty.medium
May 15, 2017 11:26:42 PM net.sf.freecol.common.model.Specification applyDifficultyLevel
INFO: Applying difficulty level model.difficulty.medium
May 15, 2017 11:26:42 PM net.sf.freecol.common.model.Specification applyDifficultyLevel
INFO: Applying difficulty level model.difficulty.medium
May 15, 2017 11:26:42 PM net.sf.freecol.common.model.Specification applyDifficultyLevel
INFO: Applying difficulty level model.difficulty.medium
May 15, 2017 11:26:42 PM net.sf.freecol.common.model.Specification applyDifficultyLevel
INFO: Applying difficulty level model.difficulty.medium
May 15, 2017 11:26:42 PM net.sf.freecol.common.model.Specification applyDifficultyLevel
INFO: Applying difficulty level model.difficulty.medium
May 15, 2017 11:26:42 PM net.sf.freecol.common.model.Specification applyDifficultyLevel
INFO: Applying difficulty level model.difficulty.medium
May 15, 2017 11:26:42 PM net.sf.freecol.common.model.Specification applyDifficultyLevel
INFO: Applying difficulty level model.difficulty.medium
May 15, 2017 11:26:42 PM net.sf.freecol.common.model.Specification applyDifficultyLevel
INFO: Applying difficulty level model.difficulty.medium
May 15, 2017 11:26:42 PM net.sf.freecol.common.model.Specification applyDifficultyLevel
INFO: Applying difficulty level model.difficulty.medium
May 15, 2017 11:26:42 PM net.sf.freecol.common.model.Specification applyDifficultyLevel
INFO: Applying difficulty level model.difficulty.medium
May 15, 2017 11:26:42 PM net.sf.freecol.common.model.Specification applyDifficultyLevel
INFO: Applying difficulty level model.difficulty.medium
May 15, 2017 11:26:42 PM net.sf.freecol.common.model.Specification applyDifficultyLevel
INFO: Applying difficulty level model.difficulty.medium
May 15, 2017 11:26:42 PM net.sf.freecol.common.model.Specification applyDifficultyLevel
INFO: Applying difficulty level model.difficulty.medium
May 15, 2017 11:26:42 PM net.sf.freecol.common.model.Specification applyDifficultyLevel
INFO: Applying difficulty level model.difficulty.medium
May 15, 2017 11:26:42 PM net.sf.freecol.common.model.Specification applyDifficultyLevel
INFO: Applying difficulty level model.difficulty.medium
May 15, 2017 11:26:42 PM net.sf.freecol.common.model.Specification applyDifficultyLevel
INFO: Applying difficulty level model.difficulty.medium
May 15, 2017 11:26:42 PM net.sf.freecol.common.model.Specification applyDifficultyLevel
INFO: Applying difficulty level model.difficulty.medium
May 15, 2017 11:26:42 PM net.sf.freecol.common.model.Specification applyDifficultyLevel
INFO: Applying difficulty level model.difficulty.medium
May 15, 2017 11:26:42 PM net.sf.freecol.common.model.Specification applyDifficultyLevel
INFO: Applying difficulty level model.difficulty.medium
May 15, 2017 11:26:42 PM net.sf.freecol.common.model.Specification applyDifficultyLevel
INFO: Applying difficulty level model.difficulty.medium
May 15, 2017 11:26:42 PM net.sf.freecol.common.model.Specification applyDifficultyLevel
INFO: Applying difficulty level model.difficulty.medium
May 15, 2017 11:26:42 PM net.sf.freecol.common.model.Specification applyDifficultyLevel
INFO: Applying difficulty level model.difficulty.medium
May 15, 2017 11:26:42 PM net.sf.freecol.common.model.Specification applyDifficultyLevel
INFO: Applying difficulty level model.difficulty.medium
May 15, 2017 11:26:42 PM net.sf.freecol.common.model.Specification applyDifficultyLevel
INFO: Applying difficulty level model.difficulty.medium
May 15, 2017 11:26:42 PM net.sf.freecol.common.model.Specification applyDifficultyLevel
INFO: Applying difficulty level model.difficulty.medium
May 15, 2017 11:26:42 PM net.sf.freecol.common.model.Specification applyDifficultyLevel
INFO: Applying difficulty level model.difficulty.medium
May 15, 2017 11:26:42 PM net.sf.freecol.common.model.Specification applyDifficultyLevel
INFO: Applying difficulty level model.difficulty.medium
May 15, 2017 11:26:42 PM net.sf.freecol.common.model.Specification applyDifficultyLevel
INFO: Applying difficulty level model.difficulty.medium
May 15, 2017 11:26:42 PM net.sf.freecol.common.model.Specification applyDifficultyLevel
INFO: Applying difficulty level model.difficulty.medium
May 15, 2017 11:26:42 PM net.sf.freecol.common.model.Specification applyDifficultyLevel
INFO: Applying difficulty level model.difficulty.medium
May 15, 2017 11:26:42 PM net.sf.freecol.common.model.Specification applyDifficultyLevel
INFO: Applying difficulty level model.difficulty.medium
May 15, 2017 11:26:42 PM net.sf.freecol.common.model.Specification applyDifficultyLevel
INFO: Applying difficulty level model.difficulty.medium
May 15, 2017 11:26:42 PM net.sf.freecol.common.model.Specification applyDifficultyLevel
INFO: Applying difficulty level model.difficulty.medium
May 15, 2017 11:26:42 PM net.sf.freecol.common.model.Specification applyDifficultyLevel
INFO: Applying difficulty level model.difficulty.medium
May 15, 2017 11:26:42 PM net.sf.freecol.common.model.Specification applyDifficultyLevel
INFO: Applying difficulty level model.difficulty.medium
May 15, 2017 11:26:42 PM net.sf.freecol.common.model.Specification applyDifficultyLevel
INFO: Applying difficulty level model.difficulty.medium
May 15, 2017 11:26:42 PM net.sf.freecol.common.model.Specification applyDifficultyLevel
INFO: Applying difficulty level model.difficulty.medium
May 15, 2017 11:26:42 PM net.sf.freecol.common.model.Specification applyDifficultyLevel
INFO: Applying difficulty level model.difficulty.medium
May 15, 2017 11:26:42 PM net.sf.freecol.common.model.Specification applyDifficultyLevel
INFO: Applying difficulty level model.difficulty.medium
May 15, 2017 11:26:42 PM net.sf.freecol.common.model.Specification applyDifficultyLevel
INFO: Applying difficulty level model.difficulty.medium
May 15, 2017 11:26:42 PM net.sf.freecol.common.model.Specification applyDifficultyLevel
INFO: Applying difficulty level model.difficulty.medium
May 15, 2017 11:26:42 PM net.sf.freecol.common.model.Specification applyDifficultyLevel
INFO: Applying difficulty level model.difficulty.medium
May 15, 2017 11:26:42 PM net.sf.freecol.common.model.Specification applyDifficultyLevel
INFO: Applying difficulty level model.difficulty.medium
May 15, 2017 11:26:42 PM net.sf.freecol.common.model.Specification applyDifficultyLevel
INFO: Applying difficulty level model.difficulty.medium
May 15, 2017 11:26:42 PM net.sf.freecol.common.model.Specification applyDifficultyLevel
INFO: Applying difficulty level model.difficulty.medium
May 15, 2017 11:26:42 PM net.sf.freecol.common.model.Specification applyDifficultyLevel
INFO: Applying difficulty level model.difficulty.medium
May 15, 2017 11:26:42 PM net.sf.freecol.common.model.Specification applyDifficultyLevel
INFO: Applying difficulty level model.difficulty.medium
May 15, 2017 11:26:42 PM net.sf.freecol.common.model.Specification applyDifficultyLevel
INFO: Applying difficulty level model.difficulty.medium
May 15, 2017 11:26:42 PM net.sf.freecol.common.model.Specification applyDifficultyLevel
INFO: Applying difficulty level model.difficulty.medium
May 15, 2017 11:26:42 PM net.sf.freecol.common.model.Specification applyDifficultyLevel
INFO: Applying difficulty level model.difficulty.medium
May 15, 2017 11:26:42 PM net.sf.freecol.common.model.Specification applyDifficultyLevel
INFO: Applying difficulty level model.difficulty.medium
May 15, 2017 11:26:42 PM net.sf.freecol.common.model.Specification applyDifficultyLevel
INFO: Applying difficulty level model.difficulty.medium
May 15, 2017 11:26:42 PM net.sf.freecol.common.model.Specification applyDifficultyLevel
INFO: Applying difficulty level model.difficulty.medium
May 15, 2017 11:26:42 PM net.sf.freecol.common.model.Specification applyDifficultyLevel
INFO: Applying difficulty level model.difficulty.medium
May 15, 2017 11:26:42 PM net.sf.freecol.common.model.Specification applyDifficultyLevel
INFO: Applying difficulty level model.difficulty.medium
May 15, 2017 11:26:42 PM net.sf.freecol.common.model.Specification applyDifficultyLevel
INFO: Applying difficulty level model.difficulty.medium
May 15, 2017 11:26:42 PM net.sf.freecol.common.model.Specification applyDifficultyLevel
INFO: Applying difficulty level model.difficulty.medium
May 15, 2017 11:26:42 PM net.sf.freecol.common.model.Specification applyDifficultyLevel
INFO: Applying difficulty level model.difficulty.medium
May 15, 2017 11:26:42 PM net.sf.freecol.common.model.Specification applyDifficultyLevel
INFO: Applying difficulty level model.difficulty.medium
May 15, 2017 11:26:42 PM net.sf.freecol.common.model.Specification applyDifficultyLevel
INFO: Applying difficulty level model.difficulty.medium
May 15, 2017 11:26:42 PM net.sf.freecol.common.model.Specification applyDifficultyLevel
INFO: Applying difficulty level model.difficulty.medium
May 15, 2017 11:26:42 PM net.sf.freecol.common.model.Specification applyDifficultyLevel
INFO: Applying difficulty level model.difficulty.medium
May 15, 2017 11:26:42 PM net.sf.freecol.common.model.Specification applyDifficultyLevel
INFO: Applying difficulty level model.difficulty.medium
May 15, 2017 11:26:42 PM net.sf.freecol.common.model.Specification applyDifficultyLevel
INFO: Applying difficulty level model.difficulty.medium
May 15, 2017 11:26:42 PM net.sf.freecol.common.model.Specification applyDifficultyLevel
INFO: Applying difficulty level model.difficulty.medium
May 15, 2017 11:26:42 PM net.sf.freecol.common.model.Specification applyDifficultyLevel
INFO: Applying difficulty level model.difficulty.medium
May 15, 2017 11:26:42 PM net.sf.freecol.common.model.Specification applyDifficultyLevel
INFO: Applying difficulty level model.difficulty.medium
May 15, 2017 11:26:42 PM net.sf.freecol.common.model.Specification applyDifficultyLevel
INFO: Applying difficulty level model.difficulty.medium
May 15, 2017 11:26:42 PM net.sf.freecol.common.model.Specification applyDifficultyLevel
INFO: Applying difficulty level model.difficulty.medium
May 15, 2017 11:26:42 PM net.sf.freecol.common.model.Specification applyDifficultyLevel
INFO: Applying difficulty level model.difficulty.medium
May 15, 2017 11:26:42 PM net.sf.freecol.common.model.Specification applyDifficultyLevel
INFO: Applying difficulty level model.difficulty.medium
May 15, 2017 11:26:42 PM net.sf.freecol.common.model.Specification applyDifficultyLevel
INFO: Applying difficulty level model.difficulty.medium
May 15, 2017 11:26:42 PM net.sf.freecol.common.model.Specification applyDifficultyLevel
INFO: Applying difficulty level model.difficulty.medium
May 15, 2017 11:26:42 PM net.sf.freecol.common.model.Specification applyDifficultyLevel
INFO: Applying difficulty level model.difficulty.medium
May 15, 2017 11:26:42 PM net.sf.freecol.common.model.Specification applyDifficultyLevel
INFO: Applying difficulty level model.difficulty.medium
May 15, 2017 11:26:42 PM net.sf.freecol.common.model.Specification applyDifficultyLevel
INFO: Applying difficulty level model.difficulty.medium
May 15, 2017 11:26:42 PM net.sf.freecol.common.model.Specification applyDifficultyLevel
INFO: Applying difficulty level model.difficulty.medium
May 15, 2017 11:26:42 PM net.sf.freecol.common.model.Specification applyDifficultyLevel
INFO: Applying difficulty level model.difficulty.medium
May 15, 2017 11:26:42 PM net.sf.freecol.common.model.Specification applyDifficultyLevel
INFO: Applying difficulty level model.difficulty.medium
May 15, 2017 11:26:42 PM net.sf.freecol.common.model.Specification applyDifficultyLevel
INFO: Applying difficulty level model.difficulty.medium
May 15, 2017 11:26:42 PM net.sf.freecol.common.model.Specification applyDifficultyLevel
INFO: Applying difficulty level model.difficulty.medium
May 15, 2017 11:26:42 PM net.sf.freecol.common.model.Specification applyDifficultyLevel
INFO: Applying difficulty level model.difficulty.medium
May 15, 2017 11:26:42 PM net.sf.freecol.common.model.Specification applyDifficultyLevel
INFO: Applying difficulty level model.difficulty.medium
May 15, 2017 11:26:42 PM net.sf.freecol.common.model.Specification applyDifficultyLevel
INFO: Applying difficulty level model.difficulty.medium
May 15, 2017 11:26:42 PM net.sf.freecol.common.model.Specification applyDifficultyLevel
INFO: Applying difficulty level model.difficulty.medium
May 15, 2017 11:26:42 PM net.sf.freecol.common.model.Specification applyDifficultyLevel
INFO: Applying difficulty level model.difficulty.medium
May 15, 2017 11:26:42 PM net.sf.freecol.common.model.Specification applyDifficultyLevel
INFO: Applying difficulty level model.difficulty.veryEasy
May 15, 2017 11:26:42 PM net.sf.freecol.common.model.Specification applyDifficultyLevel
INFO: Applying difficulty level model.difficulty.easy
May 15, 2017 11:26:42 PM net.sf.freecol.common.model.Specification applyDifficultyLevel
INFO: Applying difficulty level model.difficulty.medium
May 15, 2017 11:26:42 PM net.sf.freecol.common.model.Specification applyDifficultyLevel
INFO: Applying difficulty level model.difficulty.hard
May 15, 2017 11:26:42 PM net.sf.freecol.common.model.Specification applyDifficultyLevel
INFO: Applying difficulty level model.difficulty.veryHard
May 15, 2017 11:26:42 PM net.sf.freecol.common.model.Specification applyDifficultyLevel
INFO: Applying difficulty level model.difficulty.custom
May 15, 2017 11:26:42 PM net.sf.freecol.common.model.Specification applyDifficultyLevel
INFO: Applying difficulty level model.difficulty.medium
May 15, 2017 11:26:42 PM net.sf.freecol.common.model.Specification applyDifficultyLevel
INFO: Applying difficulty level model.difficulty.medium
May 15, 2017 11:26:42 PM net.sf.freecol.common.model.Specification applyDifficultyLevel
INFO: Applying difficulty level model.difficulty.medium
May 15, 2017 11:26:42 PM net.sf.freecol.common.model.Specification applyDifficultyLevel
INFO: Applying difficulty level model.difficulty.medium
May 15, 2017 11:26:42 PM net.sf.freecol.common.model.Specification applyDifficultyLevel
INFO: Applying difficulty level model.difficulty.medium
May 15, 2017 11:26:42 PM net.sf.freecol.common.model.Specification applyDifficultyLevel
INFO: Applying difficulty level model.difficulty.medium
May 15, 2017 11:26:42 PM net.sf.freecol.common.model.Specification applyDifficultyLevel
INFO: Applying difficulty level model.difficulty.medium
May 15, 2017 11:26:42 PM net.sf.freecol.common.model.Specification applyDifficultyLevel
INFO: Applying difficulty level model.difficulty.medium
May 15, 2017 11:26:42 PM net.sf.freecol.common.model.Specification applyDifficultyLevel
INFO: Applying difficulty level model.difficulty.medium
May 15, 2017 11:26:44 PM net.sf.freecol.common.model.Specification applyDifficultyLevel
INFO: Applying difficulty level model.difficulty.medium
May 15, 2017 11:26:44 PM net.sf.freecol.common.model.Specification applyDifficultyLevel
INFO: Applying difficulty level model.difficulty.medium
May 15, 2017 11:26:44 PM net.sf.freecol.common.model.Specification fixRoles
INFO: Loading role backward compatibility fragment: roles-compat.xml with roles: model.role.defaultmodel.role.scoutmodel.role.soldiermodel.role.dragoonmodel.role.pioneermodel.role.missionarymodel.role.infantrymodel.role.cavalrymodel.role.mountedBravemodel.role.armedBravemodel.role.nativeDragoon
May 15, 2017 11:26:44 PM net.sf.freecol.common.model.Specification checkDifficultyOptionGroup
INFO: Check group model.difficulty.immigration
May 15, 2017 11:26:44 PM net.sf.freecol.common.model.Specification checkDifficultyOptionGroup
INFO: Check group model.difficulty.natives
May 15, 2017 11:26:44 PM net.sf.freecol.common.model.Specification checkDifficultyOptionGroup
INFO: Check group model.difficulty.monarch
May 15, 2017 11:26:44 PM net.sf.freecol.common.model.Specification checkDifficultyOptionGroup
INFO: Check group model.difficulty.government
May 15, 2017 11:26:44 PM net.sf.freecol.common.model.Specification checkDifficultyOptionGroup
INFO: Check group model.difficulty.other
May 15, 2017 11:26:44 PM net.sf.freecol.common.model.Specification checkDifficultyOptionGroup
INFO: Check group model.difficulty.cheat
May 15, 2017 11:26:44 PM net.sf.freecol.common.model.Specification checkDifficultyUnitListOption
INFO: Added difficulty unit list option: model.option.immigrants
May 15, 2017 11:26:44 PM net.sf.freecol.common.model.Specification clean
INFO: Specification clean following load from InputStream complete, starting year=1492, season year=1600, ages=[1,109,309], seasons=2, 247 FreeColGameObjectTypes, 78 Abilities, 41 BuildingTypes, 14 Disasters, 5 EuropeanNationTypes, 2 Events, 25 FoundingFathers, 21 GoodsTypes, 8 IndianNationTypes, 60 Modifiers, 17 Nations, 65 Options, 16 Option Groups, 12 ResourceTypes, 11 Roles, 23 TileTypes, 6 TileImprovementTypes, 42 UnitTypes read.
May 15, 2017 11:26:44 PM net.sf.freecol.common.model.Specification applyDifficultyLevel
INFO: Applying difficulty level model.difficulty.veryEasy
May 15, 2017 11:26:44 PM net.sf.freecol.common.model.Specification checkDifficultyOptionGroup
INFO: Check group model.difficulty.immigration
May 15, 2017 11:26:44 PM net.sf.freecol.common.model.Specification checkDifficultyOptionGroup
INFO: Check group model.difficulty.natives
May 15, 2017 11:26:44 PM net.sf.freecol.common.model.Specification checkDifficultyOptionGroup
INFO: Check group model.difficulty.monarch
May 15, 2017 11:26:44 PM net.sf.freecol.common.model.Specification checkDifficultyOptionGroup
INFO: Check group model.difficulty.government
May 15, 2017 11:26:44 PM net.sf.freecol.common.model.Specification checkDifficultyOptionGroup
INFO: Check group model.difficulty.other
May 15, 2017 11:26:44 PM net.sf.freecol.common.model.Specification checkDifficultyOptionGroup
INFO: Check group model.difficulty.cheat
May 15, 2017 11:26:44 PM net.sf.freecol.common.model.Specification applyDifficultyLevel
INFO: Applying difficulty level model.difficulty.veryEasy
May 15, 2017 11:26:44 PM net.sf.freecol.common.model.Specification clean
INFO: Specification clean following load from InputStream complete, starting year=1492, season year=1600, ages=[1,109,309], seasons=2, 241 FreeColGameObjectTypes, 78 Abilities, 41 BuildingTypes, 14 Disasters, 5 EuropeanNationTypes, 2 Events, 25 FoundingFathers, 21 GoodsTypes, 8 IndianNationTypes, 60 Modifiers, 17 Nations, 112 Options, 22 Option Groups, 12 ResourceTypes, 11 Roles, 23 TileTypes, 6 TileImprovementTypes, 42 UnitTypes read.
May 15, 2017 11:26:44 PM net.sf.freecol.common.model.Specification fixRoles
INFO: Loading role backward compatibility fragment: roles-compat.xml with roles: model.role.defaultmodel.role.scoutmodel.role.soldiermodel.role.dragoonmodel.role.pioneermodel.role.missionarymodel.role.infantrymodel.role.cavalrymodel.role.mountedBravemodel.role.armedBravemodel.role.nativeDragoon
May 15, 2017 11:26:44 PM net.sf.freecol.common.model.Specification checkDifficultyOptionGroup
INFO: Check group model.difficulty.immigration
May 15, 2017 11:26:44 PM net.sf.freecol.common.model.Specification checkDifficultyOptionGroup
INFO: Check group model.difficulty.natives
May 15, 2017 11:26:44 PM net.sf.freecol.common.model.Specification checkDifficultyOptionGroup
INFO: Check group model.difficulty.monarch
May 15, 2017 11:26:44 PM net.sf.freecol.common.model.Specification checkDifficultyOptionGroup
INFO: Check group model.difficulty.government
May 15, 2017 11:26:44 PM net.sf.freecol.common.model.Specification checkDifficultyOptionGroup
INFO: Check group model.difficulty.other
May 15, 2017 11:26:44 PM net.sf.freecol.common.model.Specification checkDifficultyOptionGroup
INFO: Check group model.difficulty.cheat
May 15, 2017 11:26:44 PM net.sf.freecol.common.model.Specification checkDifficultyUnitListOption
INFO: Added difficulty unit list option: model.option.immigrants
May 15, 2017 11:26:44 PM net.sf.freecol.common.model.Specification clean
INFO: Specification clean following load from InputStream complete, starting year=1492, season year=1600, ages=[1,109,309], seasons=2, 247 FreeColGameObjectTypes, 78 Abilities, 41 BuildingTypes, 14 Disasters, 5 EuropeanNationTypes, 2 Events, 25 FoundingFathers, 21 GoodsTypes, 8 IndianNationTypes, 60 Modifiers, 17 Nations, 65 Options, 16 Option Groups, 12 ResourceTypes, 11 Roles, 23 TileTypes, 6 TileImprovementTypes, 42 UnitTypes read.
May 15, 2017 11:26:44 PM net.sf.freecol.common.model.Specification applyDifficultyLevel
INFO: Applying difficulty level model.difficulty.veryEasy
May 15, 2017 11:26:44 PM net.sf.freecol.common.model.Specification checkDifficultyOptionGroup
INFO: Check group model.difficulty.immigration
May 15, 2017 11:26:44 PM net.sf.freecol.common.model.Specification checkDifficultyOptionGroup
INFO: Check group model.difficulty.natives
May 15, 2017 11:26:44 PM net.sf.freecol.common.model.Specification checkDifficultyOptionGroup
INFO: Check group model.difficulty.monarch
May 15, 2017 11:26:44 PM net.sf.freecol.common.model.Specification checkDifficultyOptionGroup
INFO: Check group model.difficulty.government
May 15, 2017 11:26:44 PM net.sf.freecol.common.model.Specification checkDifficultyOptionGroup
INFO: Check group model.difficulty.other
May 15, 2017 11:26:44 PM net.sf.freecol.common.model.Specification checkDifficultyOptionGroup
INFO: Check group model.difficulty.cheat
May 15, 2017 11:26:44 PM net.sf.freecol.common.model.Specification applyDifficultyLevel
INFO: Applying difficulty level model.difficulty.veryEasy
May 15, 2017 11:26:44 PM net.sf.freecol.common.model.Specification clean
INFO: Specification clean following load from InputStream complete, starting year=1492, season year=1600, ages=[1,109,309], seasons=2, 241 FreeColGameObjectTypes, 78 Abilities, 41 BuildingTypes, 14 Disasters, 5 EuropeanNationTypes, 2 Events, 25 FoundingFathers, 21 GoodsTypes, 8 IndianNationTypes, 60 Modifiers, 17 Nations, 112 Options, 22 Option Groups, 12 ResourceTypes, 11 Roles, 23 TileTypes, 6 TileImprovementTypes, 42 UnitTypes read.
May 15, 2017 11:26:44 PM net.sf.freecol.common.model.Specification applyDifficultyLevel
INFO: Applying difficulty level model.difficulty.medium
May 15, 2017 11:26:44 PM net.sf.freecol.common.model.Specification applyDifficultyLevel
INFO: Applying difficulty level model.difficulty.medium
May 15, 2017 11:26:44 PM net.sf.freecol.common.model.Specification applyDifficultyLevel
INFO: Applying difficulty level model.difficulty.medium
May 15, 2017 11:26:44 PM net.sf.freecol.common.model.Specification applyDifficultyLevel
INFO: Applying difficulty level model.difficulty.medium
May 15, 2017 11:26:44 PM net.sf.freecol.common.model.Specification applyDifficultyLevel
INFO: Applying difficulty level model.difficulty.medium
May 15, 2017 11:26:44 PM net.sf.freecol.common.model.Specification applyDifficultyLevel
INFO: Applying difficulty level model.difficulty.medium
May 15, 2017 11:26:44 PM net.sf.freecol.common.model.Specification applyDifficultyLevel
INFO: Applying difficulty level model.difficulty.medium
May 15, 2017 11:26:44 PM net.sf.freecol.common.model.Specification applyDifficultyLevel
INFO: Applying difficulty level model.difficulty.medium
May 15, 2017 11:26:44 PM net.sf.freecol.common.model.Specification applyDifficultyLevel
INFO: Applying difficulty level model.difficulty.medium
May 15, 2017 11:26:44 PM net.sf.freecol.common.model.Specification applyDifficultyLevel
INFO: Applying difficulty level model.difficulty.medium
May 15, 2017 11:26:44 PM net.sf.freecol.common.model.Specification applyDifficultyLevel
INFO: Applying difficulty level model.difficulty.medium
May 15, 2017 11:26:44 PM net.sf.freecol.common.model.Specification applyDifficultyLevel
INFO: Applying difficulty level model.difficulty.medium
May 15, 2017 11:26:44 PM net.sf.freecol.common.model.Specification applyDifficultyLevel
INFO: Applying difficulty level model.difficulty.medium
May 15, 2017 11:26:44 PM net.sf.freecol.common.model.Specification applyDifficultyLevel
INFO: Applying difficulty level model.difficulty.medium
May 15, 2017 11:26:44 PM net.sf.freecol.common.model.Specification applyDifficultyLevel
INFO: Applying difficulty level model.difficulty.medium
May 15, 2017 11:26:44 PM net.sf.freecol.common.model.Specification applyDifficultyLevel
INFO: Applying difficulty level model.difficulty.medium
May 15, 2017 11:26:44 PM net.sf.freecol.common.model.Specification applyDifficultyLevel
INFO: Applying difficulty level model.difficulty.medium
May 15, 2017 11:26:44 PM net.sf.freecol.common.model.Specification applyDifficultyLevel
INFO: Applying difficulty level model.difficulty.medium
May 15, 2017 11:26:44 PM net.sf.freecol.common.model.Specification applyDifficultyLevel
INFO: Applying difficulty level model.difficulty.medium
May 15, 2017 11:26:44 PM net.sf.freecol.common.model.Specification applyDifficultyLevel
INFO: Applying difficulty level model.difficulty.medium
May 15, 2017 11:26:44 PM net.sf.freecol.common.model.Specification applyDifficultyLevel
INFO: Applying difficulty level model.difficulty.medium
May 15, 2017 11:26:44 PM net.sf.freecol.common.model.Specification applyDifficultyLevel
INFO: Applying difficulty level model.difficulty.medium
May 15, 2017 11:26:44 PM net.sf.freecol.common.model.Specification applyDifficultyLevel
INFO: Applying difficulty level model.difficulty.medium
May 15, 2017 11:26:44 PM net.sf.freecol.common.model.Specification applyDifficultyLevel
INFO: Applying difficulty level model.difficulty.medium
May 15, 2017 11:26:44 PM net.sf.freecol.common.model.Specification applyDifficultyLevel
INFO: Applying difficulty level model.difficulty.medium
May 15, 2017 11:26:44 PM net.sf.freecol.common.model.Specification applyDifficultyLevel
INFO: Applying difficulty level model.difficulty.medium
May 15, 2017 11:26:44 PM net.sf.freecol.common.model.Specification applyDifficultyLevel
INFO: Applying difficulty level model.difficulty.medium
May 15, 2017 11:26:44 PM net.sf.freecol.common.model.Specification applyDifficultyLevel
INFO: Applying difficulty level model.difficulty.medium
May 15, 2017 11:26:44 PM net.sf.freecol.common.model.Specification applyDifficultyLevel
INFO: Applying difficulty level model.difficulty.medium
May 15, 2017 11:26:44 PM net.sf.freecol.common.model.Specification applyDifficultyLevel
INFO: Applying difficulty level model.difficulty.medium
May 15, 2017 11:26:44 PM net.sf.freecol.common.model.Specification applyDifficultyLevel
INFO: Applying difficulty level model.difficulty.medium
May 15, 2017 11:26:44 PM net.sf.freecol.common.model.Specification applyDifficultyLevel
INFO: Applying difficulty level model.difficulty.medium
May 15, 2017 11:26:44 PM net.sf.freecol.common.model.Specification applyDifficultyLevel
INFO: Applying difficulty level model.difficulty.medium
May 15, 2017 11:26:44 PM net.sf.freecol.common.model.Specification applyDifficultyLevel
INFO: Applying difficulty level model.difficulty.medium
May 15, 2017 11:26:44 PM net.sf.freecol.common.model.Specification applyDifficultyLevel
INFO: Applying difficulty level model.difficulty.medium
May 15, 2017 11:26:44 PM net.sf.freecol.common.model.Specification applyDifficultyLevel
INFO: Applying difficulty level model.difficulty.medium
May 15, 2017 11:26:44 PM net.sf.freecol.common.model.Specification applyDifficultyLevel
INFO: Applying difficulty level model.difficulty.medium
May 15, 2017 11:26:44 PM net.sf.freecol.common.model.Specification applyDifficultyLevel
INFO: Applying difficulty level model.difficulty.medium
May 15, 2017 11:26:44 PM net.sf.freecol.common.model.Specification applyDifficultyLevel
INFO: Applying difficulty level model.difficulty.medium
May 15, 2017 11:26:47 PM net.sf.freecol.common.resources.FontResource <init>
INFO: Loaded font: Serif from: urn:font:Serif-PLAIN-12
May 15, 2017 11:26:47 PM net.sf.freecol.common.resources.FontResource <init>
INFO: Loaded font: Dialog from: urn:font:Dialog-PLAIN-12
May 15, 2017 11:26:47 PM net.sf.freecol.common.resources.FontResource <init>
INFO: Loaded font: ShadowedBlack from: file:/Users/AdamStone/Documents/spring2017/COSC442/FreeCol/data/base/resources/fonts/ShadowedBlack.ttf
May 15, 2017 11:26:47 PM net.sf.freecol.common.util.LogBuilder log
INFO: Resource mapping, data/base/resources.properties loaded, data/base/resources_en.properties not found
May 15, 2017 11:26:47 PM net.sf.freecol.common.resources.ResourceManager setBaseMapping
INFO: setBaseMapping net.sf.freecol.common.resources.ResourceMapping@709ba3fb
May 15, 2017 11:26:47 PM net.sf.freecol.common.util.LogBuilder log
INFO: Resource mapping, data/base/resources.properties loaded, data/base/resources_en.properties not found
May 15, 2017 11:26:47 PM net.sf.freecol.common.resources.ResourceManager setBaseMapping
INFO: setBaseMapping net.sf.freecol.common.resources.ResourceMapping@525b461a
May 15, 2017 11:26:47 PM net.sf.freecol.common.util.LogBuilder log
INFO: Resource mapping, data/rules/freecol/resources.properties loaded, data/rules/freecol/resources_en.properties not found
May 15, 2017 11:26:47 PM net.sf.freecol.common.util.LogBuilder log
INFO: Resource mapping, data/rules/classic/resources.properties loaded, data/rules/classic/resources_en.properties not found
May 15, 2017 11:26:47 PM net.sf.freecol.common.resources.ResourceManager setTcMapping
INFO: setTcMapping net.sf.freecol.common.resources.ResourceMapping@b7f23d9
May 15, 2017 11:26:51 PM net.sf.freecol.common.FreeColSeed getFreeColSeed
INFO: Using seed: -4280797250880657590
May 15, 2017 11:26:51 PM net.sf.freecol.common.FreeColSeed getFreeColSeed
INFO: Using seed: -5767879143760196310
May 15, 2017 11:26:51 PM net.sf.freecol.common.FreeColSeed getFreeColSeed
INFO: Using seed: -2654098846893701511
May 15, 2017 11:26:51 PM net.sf.freecol.common.model.Specification applyDifficultyLevel
INFO: Applying difficulty level model.difficulty.medium
May 15, 2017 11:26:51 PM net.sf.freecol.common.model.Specification applyDifficultyLevel
INFO: Applying difficulty level model.difficulty.medium
May 15, 2017 11:26:51 PM net.sf.freecol.common.model.Specification applyDifficultyLevel
INFO: Applying difficulty level model.difficulty.medium
May 15, 2017 11:26:51 PM net.sf.freecol.common.model.Specification applyDifficultyLevel
INFO: Applying difficulty level model.difficulty.medium
May 15, 2017 11:26:51 PM net.sf.freecol.common.model.Specification applyDifficultyLevel
INFO: Applying difficulty level model.difficulty.medium
May 15, 2017 11:26:51 PM net.sf.freecol.common.model.Specification applyDifficultyLevel
INFO: Applying difficulty level model.difficulty.medium
May 15, 2017 11:26:51 PM net.sf.freecol.common.model.Specification applyDifficultyLevel
INFO: Applying difficulty level model.difficulty.medium
May 15, 2017 11:26:51 PM net.sf.freecol.common.model.Specification applyDifficultyLevel
INFO: Applying difficulty level model.difficulty.medium
May 15, 2017 11:26:51 PM net.sf.freecol.common.model.Specification applyDifficultyLevel
INFO: Applying difficulty level model.difficulty.medium
May 15, 2017 11:26:51 PM net.sf.freecol.common.model.Specification applyDifficultyLevel
INFO: Applying difficulty level model.difficulty.medium
May 15, 2017 11:26:51 PM net.sf.freecol.common.model.Specification applyDifficultyLevel
INFO: Applying difficulty level model.difficulty.medium
May 15, 2017 11:26:51 PM net.sf.freecol.common.model.Specification applyDifficultyLevel
INFO: Applying difficulty level model.difficulty.medium
May 15, 2017 11:26:51 PM net.sf.freecol.common.model.Specification applyDifficultyLevel
INFO: Applying difficulty level model.difficulty.medium
May 15, 2017 11:26:51 PM net.sf.freecol.common.model.Specification applyDifficultyLevel
INFO: Applying difficulty level model.difficulty.medium
May 15, 2017 11:26:51 PM net.sf.freecol.common.model.Specification applyDifficultyLevel
INFO: Applying difficulty level model.difficulty.medium
May 15, 2017 11:26:51 PM net.sf.freecol.common.model.Specification applyDifficultyLevel
INFO: Applying difficulty level model.difficulty.medium
May 15, 2017 11:26:51 PM net.sf.freecol.common.model.Specification applyDifficultyLevel
INFO: Applying difficulty level model.difficulty.medium
May 15, 2017 11:26:51 PM net.sf.freecol.common.model.Specification applyDifficultyLevel
INFO: Applying difficulty level model.difficulty.medium
May 15, 2017 11:26:51 PM net.sf.freecol.common.model.Specification applyDifficultyLevel
INFO: Applying difficulty level model.difficulty.medium
May 15, 2017 11:26:51 PM net.sf.freecol.common.model.Specification applyDifficultyLevel
INFO: Applying difficulty level model.difficulty.medium
May 15, 2017 11:26:51 PM net.sf.freecol.common.model.Specification applyDifficultyLevel
INFO: Applying difficulty level model.difficulty.medium
May 15, 2017 11:26:51 PM net.sf.freecol.common.model.Specification applyDifficultyLevel
INFO: Applying difficulty level model.difficulty.medium
May 15, 2017 11:26:51 PM net.sf.freecol.common.model.Specification applyDifficultyLevel
INFO: Applying difficulty level model.difficulty.medium
May 15, 2017 11:26:51 PM net.sf.freecol.common.model.Specification applyDifficultyLevel
INFO: Applying difficulty level model.difficulty.medium
May 15, 2017 11:26:51 PM net.sf.freecol.common.model.Specification applyDifficultyLevel
INFO: Applying difficulty level model.difficulty.medium
May 15, 2017 11:26:51 PM net.sf.freecol.common.model.Specification applyDifficultyLevel
INFO: Applying difficulty level model.difficulty.medium
May 15, 2017 11:26:51 PM net.sf.freecol.common.model.Specification applyDifficultyLevel
INFO: Applying difficulty level model.difficulty.medium
May 15, 2017 11:26:51 PM net.sf.freecol.common.model.Specification applyDifficultyLevel
INFO: Applying difficulty level model.difficulty.medium
May 15, 2017 11:26:51 PM net.sf.freecol.common.model.Specification applyDifficultyLevel
INFO: Applying difficulty level model.difficulty.medium
May 15, 2017 11:26:51 PM net.sf.freecol.common.model.Specification applyDifficultyLevel
INFO: Applying difficulty level model.difficulty.medium
May 15, 2017 11:26:51 PM net.sf.freecol.common.model.Specification applyDifficultyLevel
INFO: Applying difficulty level model.difficulty.medium
May 15, 2017 11:26:51 PM net.sf.freecol.common.model.Specification applyDifficultyLevel
INFO: Applying difficulty level model.difficulty.medium
May 15, 2017 11:26:51 PM net.sf.freecol.common.model.Specification applyDifficultyLevel
INFO: Applying difficulty level model.difficulty.medium
May 15, 2017 11:26:51 PM net.sf.freecol.common.model.Specification applyDifficultyLevel
INFO: Applying difficulty level model.difficulty.medium
May 15, 2017 11:26:51 PM net.sf.freecol.common.model.Specification applyDifficultyLevel
INFO: Applying difficulty level model.difficulty.medium
May 15, 2017 11:26:51 PM net.sf.freecol.common.model.Specification applyDifficultyLevel
INFO: Applying difficulty level model.difficulty.medium
May 15, 2017 11:26:51 PM net.sf.freecol.common.model.Specification applyDifficultyLevel
INFO: Applying difficulty level model.difficulty.medium
May 15, 2017 11:26:51 PM net.sf.freecol.common.model.Specification applyDifficultyLevel
INFO: Applying difficulty level model.difficulty.medium
May 15, 2017 11:26:51 PM net.sf.freecol.common.model.Specification applyDifficultyLevel
INFO: Applying difficulty level model.difficulty.medium
May 15, 2017 11:26:51 PM net.sf.freecol.common.model.Specification applyDifficultyLevel
INFO: Applying difficulty level model.difficulty.medium
May 15, 2017 11:26:51 PM net.sf.freecol.common.model.Specification applyDifficultyLevel
INFO: Applying difficulty level model.difficulty.medium
May 15, 2017 11:26:51 PM net.sf.freecol.common.model.Specification applyDifficultyLevel
INFO: Applying difficulty level model.difficulty.medium
May 15, 2017 11:26:51 PM net.sf.freecol.common.model.Specification applyDifficultyLevel
INFO: Applying difficulty level model.difficulty.medium
May 15, 2017 11:26:51 PM net.sf.freecol.common.model.Specification applyDifficultyLevel
INFO: Applying difficulty level model.difficulty.medium
May 15, 2017 11:26:51 PM net.sf.freecol.common.model.Specification applyDifficultyLevel
INFO: Applying difficulty level model.difficulty.medium
May 15, 2017 11:26:51 PM net.sf.freecol.common.model.Specification applyDifficultyLevel
INFO: Applying difficulty level model.difficulty.medium
May 15, 2017 11:26:51 PM net.sf.freecol.common.model.Specification applyDifficultyLevel
INFO: Applying difficulty level model.difficulty.medium
May 15, 2017 11:26:51 PM net.sf.freecol.common.model.Specification applyDifficultyLevel
INFO: Applying difficulty level model.difficulty.medium
May 15, 2017 11:26:51 PM net.sf.freecol.common.model.Specification applyDifficultyLevel
INFO: Applying difficulty level model.difficulty.medium
May 15, 2017 11:26:51 PM net.sf.freecol.common.model.Specification applyDifficultyLevel
INFO: Applying difficulty level model.difficulty.medium
May 15, 2017 11:26:51 PM net.sf.freecol.common.model.Specification applyDifficultyLevel
INFO: Applying difficulty level model.difficulty.medium
May 15, 2017 11:26:51 PM net.sf.freecol.common.model.Specification applyDifficultyLevel
INFO: Applying difficulty level model.difficulty.medium
May 15, 2017 11:26:51 PM net.sf.freecol.common.model.Specification applyDifficultyLevel
INFO: Applying difficulty level model.difficulty.medium
May 15, 2017 11:26:51 PM net.sf.freecol.common.model.Specification applyDifficultyLevel
INFO: Applying difficulty level model.difficulty.medium
May 15, 2017 11:26:51 PM net.sf.freecol.common.model.Specification applyDifficultyLevel
INFO: Applying difficulty level model.difficulty.medium
May 15, 2017 11:26:51 PM net.sf.freecol.common.model.Specification applyDifficultyLevel
INFO: Applying difficulty level model.difficulty.medium
May 15, 2017 11:26:51 PM net.sf.freecol.common.model.Specification applyDifficultyLevel
INFO: Applying difficulty level model.difficulty.medium
May 15, 2017 11:26:51 PM net.sf.freecol.common.model.Specification applyDifficultyLevel
INFO: Applying difficulty level model.difficulty.medium
May 15, 2017 11:26:51 PM net.sf.freecol.common.model.Specification applyDifficultyLevel
INFO: Applying difficulty level model.difficulty.medium
May 15, 2017 11:26:51 PM net.sf.freecol.common.model.Specification applyDifficultyLevel
INFO: Applying difficulty level model.difficulty.medium
May 15, 2017 11:26:51 PM net.sf.freecol.common.model.Specification applyDifficultyLevel
INFO: Applying difficulty level model.difficulty.medium
May 15, 2017 11:26:51 PM net.sf.freecol.common.model.Specification applyDifficultyLevel
INFO: Applying difficulty level model.difficulty.medium
May 15, 2017 11:26:51 PM net.sf.freecol.common.model.Specification applyDifficultyLevel
INFO: Applying difficulty level model.difficulty.medium
May 15, 2017 11:26:51 PM net.sf.freecol.common.model.Specification applyDifficultyLevel
INFO: Applying difficulty level model.difficulty.medium
May 15, 2017 11:26:51 PM net.sf.freecol.common.model.Specification applyDifficultyLevel
INFO: Applying difficulty level model.difficulty.medium
May 15, 2017 11:26:51 PM net.sf.freecol.common.model.Specification applyDifficultyLevel
INFO: Applying difficulty level model.difficulty.medium
May 15, 2017 11:26:51 PM net.sf.freecol.common.model.Specification applyDifficultyLevel
INFO: Applying difficulty level model.difficulty.medium
May 15, 2017 11:26:51 PM net.sf.freecol.common.model.Specification applyDifficultyLevel
INFO: Applying difficulty level model.difficulty.medium
May 15, 2017 11:26:51 PM net.sf.freecol.common.model.Specification applyDifficultyLevel
INFO: Applying difficulty level model.difficulty.medium
May 15, 2017 11:26:51 PM net.sf.freecol.common.model.Specification applyDifficultyLevel
INFO: Applying difficulty level model.difficulty.medium
May 15, 2017 11:26:51 PM net.sf.freecol.common.model.Specification applyDifficultyLevel
INFO: Applying difficulty level model.difficulty.medium
May 15, 2017 11:26:51 PM net.sf.freecol.common.model.Specification applyDifficultyLevel
INFO: Applying difficulty level model.difficulty.medium
May 15, 2017 11:26:51 PM net.sf.freecol.common.model.Specification applyDifficultyLevel
INFO: Applying difficulty level model.difficulty.medium
May 15, 2017 11:26:51 PM net.sf.freecol.common.model.Specification applyDifficultyLevel
INFO: Applying difficulty level model.difficulty.medium
May 15, 2017 11:26:51 PM net.sf.freecol.common.model.Specification applyDifficultyLevel
INFO: Applying difficulty level model.difficulty.medium
May 15, 2017 11:26:51 PM net.sf.freecol.common.model.Specification applyDifficultyLevel
INFO: Applying difficulty level model.difficulty.medium
May 15, 2017 11:26:51 PM net.sf.freecol.common.model.Specification applyDifficultyLevel
INFO: Applying difficulty level model.difficulty.medium
May 15, 2017 11:26:51 PM net.sf.freecol.common.model.Specification applyDifficultyLevel
INFO: Applying difficulty level model.difficulty.medium
May 15, 2017 11:26:51 PM net.sf.freecol.common.model.Specification applyDifficultyLevel
INFO: Applying difficulty level model.difficulty.medium
May 15, 2017 11:26:51 PM net.sf.freecol.common.model.Specification applyDifficultyLevel
INFO: Applying difficulty level model.difficulty.medium
May 15, 2017 11:26:51 PM net.sf.freecol.common.model.Specification applyDifficultyLevel
INFO: Applying difficulty level model.difficulty.medium
May 15, 2017 11:26:51 PM net.sf.freecol.common.model.Specification applyDifficultyLevel
INFO: Applying difficulty level model.difficulty.medium
May 15, 2017 11:26:51 PM net.sf.freecol.common.model.Specification applyDifficultyLevel
INFO: Applying difficulty level model.difficulty.medium
May 15, 2017 11:26:51 PM net.sf.freecol.common.model.Specification applyDifficultyLevel
INFO: Applying difficulty level model.difficulty.medium
May 15, 2017 11:26:51 PM net.sf.freecol.common.model.Specification applyDifficultyLevel
INFO: Applying difficulty level model.difficulty.medium
May 15, 2017 11:26:51 PM net.sf.freecol.common.model.Specification applyDifficultyLevel
INFO: Applying difficulty level model.difficulty.medium
May 15, 2017 11:26:51 PM net.sf.freecol.common.model.Specification applyDifficultyLevel
INFO: Applying difficulty level model.difficulty.medium
May 15, 2017 11:26:51 PM net.sf.freecol.common.model.Specification applyDifficultyLevel
INFO: Applying difficulty level model.difficulty.medium
May 15, 2017 11:26:51 PM net.sf.freecol.common.model.Specification applyDifficultyLevel
INFO: Applying difficulty level model.difficulty.medium
May 15, 2017 11:26:51 PM net.sf.freecol.common.model.Specification applyDifficultyLevel
INFO: Applying difficulty level model.difficulty.medium
May 15, 2017 11:26:51 PM net.sf.freecol.common.model.Specification applyDifficultyLevel
INFO: Applying difficulty level model.difficulty.medium
May 15, 2017 11:26:51 PM net.sf.freecol.common.model.Specification applyDifficultyLevel
INFO: Applying difficulty level model.difficulty.medium
May 15, 2017 11:26:51 PM net.sf.freecol.common.model.Specification applyDifficultyLevel
INFO: Applying difficulty level model.difficulty.medium
May 15, 2017 11:26:51 PM net.sf.freecol.common.model.Specification applyDifficultyLevel
INFO: Applying difficulty level model.difficulty.medium
May 15, 2017 11:26:51 PM net.sf.freecol.common.model.Specification applyDifficultyLevel
INFO: Applying difficulty level model.difficulty.medium
May 15, 2017 11:26:51 PM net.sf.freecol.common.model.Specification applyDifficultyLevel
INFO: Applying difficulty level model.difficulty.medium
May 15, 2017 11:26:51 PM net.sf.freecol.common.model.Specification applyDifficultyLevel
INFO: Applying difficulty level model.difficulty.medium
May 15, 2017 11:26:51 PM net.sf.freecol.common.model.Specification applyDifficultyLevel
INFO: Applying difficulty level model.difficulty.medium
May 15, 2017 11:26:51 PM net.sf.freecol.common.model.Specification applyDifficultyLevel
INFO: Applying difficulty level model.difficulty.medium
May 15, 2017 11:26:51 PM net.sf.freecol.common.model.Specification applyDifficultyLevel
INFO: Applying difficulty level model.difficulty.medium
May 15, 2017 11:26:51 PM net.sf.freecol.common.model.Specification applyDifficultyLevel
INFO: Applying difficulty level model.difficulty.medium
May 15, 2017 11:26:51 PM net.sf.freecol.common.model.Specification applyDifficultyLevel
INFO: Applying difficulty level model.difficulty.medium
May 15, 2017 11:26:51 PM net.sf.freecol.common.model.Specification applyDifficultyLevel
INFO: Applying difficulty level model.difficulty.medium
May 15, 2017 11:26:51 PM net.sf.freecol.common.model.Specification applyDifficultyLevel
INFO: Applying difficulty level model.difficulty.medium
May 15, 2017 11:26:51 PM net.sf.freecol.common.model.Specification applyDifficultyLevel
INFO: Applying difficulty level model.difficulty.medium
May 15, 2017 11:26:51 PM net.sf.freecol.common.model.Specification applyDifficultyLevel
INFO: Applying difficulty level model.difficulty.medium
May 15, 2017 11:26:51 PM net.sf.freecol.common.model.Specification applyDifficultyLevel
INFO: Applying difficulty level model.difficulty.medium
May 15, 2017 11:26:51 PM net.sf.freecol.common.model.Specification applyDifficultyLevel
INFO: Applying difficulty level model.difficulty.medium
May 15, 2017 11:26:51 PM net.sf.freecol.common.model.Specification applyDifficultyLevel
INFO: Applying difficulty level model.difficulty.medium
May 15, 2017 11:26:51 PM net.sf.freecol.common.model.Specification applyDifficultyLevel
INFO: Applying difficulty level model.difficulty.medium
May 15, 2017 11:26:51 PM net.sf.freecol.common.model.Specification applyDifficultyLevel
INFO: Applying difficulty level model.difficulty.medium
May 15, 2017 11:26:51 PM net.sf.freecol.common.model.Specification applyDifficultyLevel
INFO: Applying difficulty level model.difficulty.medium
May 15, 2017 11:26:51 PM net.sf.freecol.common.model.Specification applyDifficultyLevel
INFO: Applying difficulty level model.difficulty.medium
May 15, 2017 11:26:51 PM net.sf.freecol.common.model.Specification applyDifficultyLevel
INFO: Applying difficulty level model.difficulty.medium
May 15, 2017 11:26:51 PM net.sf.freecol.common.model.Specification applyDifficultyLevel
INFO: Applying difficulty level model.difficulty.medium
May 15, 2017 11:26:51 PM net.sf.freecol.common.model.Specification applyDifficultyLevel
INFO: Applying difficulty level model.difficulty.medium
May 15, 2017 11:26:51 PM net.sf.freecol.common.model.Specification applyDifficultyLevel
INFO: Applying difficulty level model.difficulty.medium
May 15, 2017 11:26:51 PM net.sf.freecol.common.model.Specification applyDifficultyLevel
INFO: Applying difficulty level model.difficulty.medium
May 15, 2017 11:26:51 PM net.sf.freecol.common.model.Specification applyDifficultyLevel
INFO: Applying difficulty level model.difficulty.medium
May 15, 2017 11:26:51 PM net.sf.freecol.common.model.Specification applyDifficultyLevel
INFO: Applying difficulty level model.difficulty.medium
May 15, 2017 11:26:51 PM net.sf.freecol.common.model.Specification applyDifficultyLevel
INFO: Applying difficulty level model.difficulty.medium
May 15, 2017 11:26:51 PM net.sf.freecol.common.model.Specification applyDifficultyLevel
INFO: Applying difficulty level model.difficulty.medium
May 15, 2017 11:26:51 PM net.sf.freecol.common.model.Specification applyDifficultyLevel
INFO: Applying difficulty level model.difficulty.medium
May 15, 2017 11:26:51 PM net.sf.freecol.common.model.Specification applyDifficultyLevel
INFO: Applying difficulty level model.difficulty.medium
May 15, 2017 11:26:51 PM net.sf.freecol.common.model.Specification applyDifficultyLevel
INFO: Applying difficulty level model.difficulty.medium
May 15, 2017 11:26:51 PM net.sf.freecol.common.model.Specification applyDifficultyLevel
INFO: Applying difficulty level model.difficulty.medium
May 15, 2017 11:26:51 PM net.sf.freecol.common.model.Specification applyDifficultyLevel
INFO: Applying difficulty level model.difficulty.medium
May 15, 2017 11:26:51 PM net.sf.freecol.common.model.Specification applyDifficultyLevel
INFO: Applying difficulty level model.difficulty.medium
May 15, 2017 11:26:51 PM net.sf.freecol.server.FreeColServer readGame
INFO: Found savegame version 11
May 15, 2017 11:26:51 PM net.sf.freecol.common.io.FreeColXMLReader makeFreeColGameObject
WARNING: Failed to create FCGO: player:5
java.io.IOException: java.lang.reflect.InvocationTargetException
	at net.sf.freecol.common.model.Game.newInstance(Game.java:1093)
	at net.sf.freecol.common.io.FreeColXMLReader.makeFreeColGameObject(FreeColXMLReader.java:615)
	at net.sf.freecol.common.io.FreeColXMLReader.internedRead(FreeColXMLReader.java:654)
	at net.sf.freecol.common.io.FreeColXMLReader.readFreeColGameObject(FreeColXMLReader.java:704)
	at net.sf.freecol.common.model.Game.readChild(Game.java:1337)
	at net.sf.freecol.common.model.FreeColObject.readChildren(FreeColObject.java:1287)
	at net.sf.freecol.common.model.Game.readChildren(Game.java:1296)
	at net.sf.freecol.common.model.FreeColObject.readFromXML(FreeColObject.java:1246)
	at net.sf.freecol.common.model.FreeColGameObject.readFromXML(FreeColGameObject.java:323)
	at net.sf.freecol.server.model.ServerGame.<init>(ServerGame.java:107)
	at net.sf.freecol.server.FreeColServer.readGame(FreeColServer.java:946)
	at net.sf.freecol.server.FreeColServer.readGame(FreeColServer.java:870)
	at net.sf.freecol.server.generator.SimpleMapGenerator.recache(SimpleMapGenerator.java:172)
	at net.sf.freecol.server.generator.SimpleMapGenerator.createMap(SimpleMapGenerator.java:1102)
	at net.sf.freecol.server.generator.MapGeneratorTest.testImportMap(MapGeneratorTest.java:206)
	at sun.reflect.NativeMethodAccessorImpl.invoke0(Native Method)
	at sun.reflect.NativeMethodAccessorImpl.invoke(NativeMethodAccessorImpl.java:62)
	at sun.reflect.DelegatingMethodAccessorImpl.invoke(DelegatingMethodAccessorImpl.java:43)
	at java.lang.reflect.Method.invoke(Method.java:498)
	at junit.framework.TestCase.runTest(TestCase.java:176)
	at junit.framework.TestCase.runBare(TestCase.java:141)
	at junit.framework.TestResult$1.protect(TestResult.java:122)
	at junit.framework.TestResult.runProtected(TestResult.java:142)
	at junit.framework.TestResult.run(TestResult.java:125)
	at junit.framework.TestCase.run(TestCase.java:129)
	at junit.framework.TestSuite.runTest(TestSuite.java:255)
	at junit.framework.TestSuite.run(TestSuite.java:250)
	at junit.framework.TestSuite.runTest(TestSuite.java:255)
	at junit.framework.TestSuite.run(TestSuite.java:250)
	at junit.framework.TestSuite.runTest(TestSuite.java:255)
	at junit.framework.TestSuite.run(TestSuite.java:250)
	at junit.extensions.TestDecorator.basicRun(TestDecorator.java:23)
	at junit.extensions.TestSetup$1.protect(TestSetup.java:23)
	at junit.framework.TestResult.runProtected(TestResult.java:142)
	at junit.extensions.TestSetup.run(TestSetup.java:27)
	at org.apache.tools.ant.taskdefs.optional.junit.JUnitTestRunner.run(JUnitTestRunner.java:535)
	at org.apache.tools.ant.taskdefs.optional.junit.JUnitTestRunner.launch(JUnitTestRunner.java:1182)
	at org.apache.tools.ant.taskdefs.optional.junit.JUnitTestRunner.main(JUnitTestRunner.java:1033)
Caused by: java.lang.reflect.InvocationTargetException
	at sun.reflect.NativeConstructorAccessorImpl.newInstance0(Native Method)
	at sun.reflect.NativeConstructorAccessorImpl.newInstance(NativeConstructorAccessorImpl.java:62)
	at sun.reflect.DelegatingConstructorAccessorImpl.newInstance(DelegatingConstructorAccessorImpl.java:45)
	at java.lang.reflect.Constructor.newInstance(Constructor.java:423)
	at net.sf.freecol.common.model.Game.newInstance(Game.java:1088)
	... 37 more
Caused by: java.lang.NullPointerException
	at net.sf.freecol.common.model.Player.getUnits(Player.java:1833)
	at net.sf.freecol.common.model.Player$UnitIterator.update(Player.java:218)
	at net.sf.freecol.common.model.Player$UnitIterator.<init>(Player.java:208)
	at net.sf.freecol.common.model.Player.<init>(Player.java:342)
	at net.sf.freecol.server.model.ServerPlayer.<init>(ServerPlayer.java:165)
	... 42 more

May 15, 2017 11:26:51 PM net.sf.freecol.server.FreeColServer readGame
WARNING: Import failed for data/maps/Africa.fsg
java.lang.NullPointerException
	at net.sf.freecol.common.model.Game.readChild(Game.java:1338)
	at net.sf.freecol.common.model.FreeColObject.readChildren(FreeColObject.java:1287)
	at net.sf.freecol.common.model.Game.readChildren(Game.java:1296)
	at net.sf.freecol.common.model.FreeColObject.readFromXML(FreeColObject.java:1246)
	at net.sf.freecol.common.model.FreeColGameObject.readFromXML(FreeColGameObject.java:323)
	at net.sf.freecol.server.model.ServerGame.<init>(ServerGame.java:107)
	at net.sf.freecol.server.FreeColServer.readGame(FreeColServer.java:946)
	at net.sf.freecol.server.FreeColServer.readGame(FreeColServer.java:870)
	at net.sf.freecol.server.generator.SimpleMapGenerator.recache(SimpleMapGenerator.java:172)
	at net.sf.freecol.server.generator.SimpleMapGenerator.createMap(SimpleMapGenerator.java:1102)
	at net.sf.freecol.server.generator.MapGeneratorTest.testImportMap(MapGeneratorTest.java:206)
	at sun.reflect.NativeMethodAccessorImpl.invoke0(Native Method)
	at sun.reflect.NativeMethodAccessorImpl.invoke(NativeMethodAccessorImpl.java:62)
	at sun.reflect.DelegatingMethodAccessorImpl.invoke(DelegatingMethodAccessorImpl.java:43)
	at java.lang.reflect.Method.invoke(Method.java:498)
	at junit.framework.TestCase.runTest(TestCase.java:176)
	at junit.framework.TestCase.runBare(TestCase.java:141)
	at junit.framework.TestResult$1.protect(TestResult.java:122)
	at junit.framework.TestResult.runProtected(TestResult.java:142)
	at junit.framework.TestResult.run(TestResult.java:125)
	at junit.framework.TestCase.run(TestCase.java:129)
	at junit.framework.TestSuite.runTest(TestSuite.java:255)
	at junit.framework.TestSuite.run(TestSuite.java:250)
	at junit.framework.TestSuite.runTest(TestSuite.java:255)
	at junit.framework.TestSuite.run(TestSuite.java:250)
	at junit.framework.TestSuite.runTest(TestSuite.java:255)
	at junit.framework.TestSuite.run(TestSuite.java:250)
	at junit.extensions.TestDecorator.basicRun(TestDecorator.java:23)
	at junit.extensions.TestSetup$1.protect(TestSetup.java:23)
	at junit.framework.TestResult.runProtected(TestResult.java:142)
	at junit.extensions.TestSetup.run(TestSetup.java:27)
	at org.apache.tools.ant.taskdefs.optional.junit.JUnitTestRunner.run(JUnitTestRunner.java:535)
	at org.apache.tools.ant.taskdefs.optional.junit.JUnitTestRunner.launch(JUnitTestRunner.java:1182)
	at org.apache.tools.ant.taskdefs.optional.junit.JUnitTestRunner.main(JUnitTestRunner.java:1033)

May 15, 2017 11:26:51 PM net.sf.freecol.common.model.LandMap <init>
INFO: Using land generator model.option.landGeneratorType.classic
May 15, 2017 11:26:51 PM net.sf.freecol.common.util.LogBuilder log
INFO: Destroying: tileImprovement:4045
May 15, 2017 11:26:51 PM net.sf.freecol.common.util.LogBuilder log
INFO: Destroying: tileImprovement:4047
May 15, 2017 11:26:51 PM net.sf.freecol.common.util.LogBuilder log
INFO: Destroying: tileImprovement:4049
May 15, 2017 11:26:51 PM net.sf.freecol.common.util.LogBuilder log
INFO: Destroying: tileImprovement:4026
May 15, 2017 11:26:51 PM net.sf.freecol.common.util.LogBuilder log
INFO: Destroying: tileImprovement:4028
May 15, 2017 11:26:51 PM net.sf.freecol.common.util.LogBuilder log
INFO: Destroying: tileImprovement:4030
May 15, 2017 11:26:51 PM net.sf.freecol.common.util.LogBuilder log
INFO: Destroying: tileImprovement:4032
May 15, 2017 11:26:51 PM net.sf.freecol.common.util.LogBuilder log
INFO: Destroying: tileImprovement:4034
May 15, 2017 11:26:51 PM net.sf.freecol.common.util.LogBuilder log
INFO: Destroying: tileImprovement:4036
May 15, 2017 11:26:51 PM net.sf.freecol.common.util.LogBuilder log
INFO: Destroying: tileImprovement:4038
May 15, 2017 11:26:51 PM net.sf.freecol.common.util.LogBuilder log
INFO: Destroying: tileImprovement:4181
May 15, 2017 11:26:51 PM net.sf.freecol.common.util.LogBuilder log
INFO: Destroying: tileImprovement:4183
May 15, 2017 11:26:51 PM net.sf.freecol.common.util.LogBuilder log
INFO: Destroying: tileImprovement:4185
May 15, 2017 11:26:51 PM net.sf.freecol.common.util.LogBuilder log
INFO: Destroying: tileImprovement:4187
May 15, 2017 11:26:51 PM net.sf.freecol.common.util.LogBuilder log
INFO: Destroying: tileImprovement:4189
May 15, 2017 11:26:51 PM net.sf.freecol.common.util.LogBuilder log
INFO: Destroying: tileImprovement:4191
May 15, 2017 11:26:51 PM net.sf.freecol.common.util.LogBuilder log
INFO: Destroying: tileImprovement:4215
May 15, 2017 11:26:51 PM net.sf.freecol.common.util.LogBuilder log
INFO: Destroying: tileImprovement:4216
May 15, 2017 11:26:51 PM net.sf.freecol.common.util.LogBuilder log
INFO: Destroying: tileImprovement:4217
May 15, 2017 11:26:51 PM net.sf.freecol.common.util.LogBuilder log
INFO: Destroying: tileImprovement:4218
May 15, 2017 11:26:51 PM net.sf.freecol.common.util.LogBuilder log
INFO: Destroying: tileImprovement:4219
May 15, 2017 11:26:51 PM net.sf.freecol.common.util.LogBuilder log
INFO: Destroying: tileImprovement:4220
May 15, 2017 11:26:51 PM net.sf.freecol.common.util.LogBuilder log
INFO: Destroying: tileImprovement:4221
May 15, 2017 11:26:51 PM net.sf.freecol.common.util.LogBuilder log
INFO: Destroying: tileImprovement:4239
May 15, 2017 11:26:51 PM net.sf.freecol.common.util.LogBuilder log
INFO: Destroying: tileImprovement:4241
May 15, 2017 11:26:51 PM net.sf.freecol.common.util.LogBuilder log
INFO: Destroying: tileImprovement:4243
May 15, 2017 11:26:51 PM net.sf.freecol.common.util.LogBuilder log
INFO: Destroying: tileImprovement:4233
May 15, 2017 11:26:51 PM net.sf.freecol.common.util.LogBuilder log
INFO: Destroying: tileImprovement:4234
May 15, 2017 11:26:51 PM net.sf.freecol.common.util.LogBuilder log
INFO: Destroying: tileImprovement:4235
May 15, 2017 11:26:51 PM net.sf.freecol.common.util.LogBuilder log
INFO: Destroying: tileImprovement:4236
May 15, 2017 11:26:51 PM net.sf.freecol.common.util.LogBuilder log
INFO: Destroying: tileImprovement:4237
May 15, 2017 11:26:51 PM net.sf.freecol.common.util.LogBuilder log
INFO: Destroying: tileImprovement:4238
May 15, 2017 11:26:51 PM net.sf.freecol.common.util.LogBuilder log
INFO: Destroying: tileImprovement:4162
May 15, 2017 11:26:51 PM net.sf.freecol.common.util.LogBuilder log
INFO: Destroying: tileImprovement:4164
May 15, 2017 11:26:51 PM net.sf.freecol.common.util.LogBuilder log
INFO: Destroying: tileImprovement:4166
May 15, 2017 11:26:51 PM net.sf.freecol.common.util.LogBuilder log
INFO: Destroying: tileImprovement:4168
May 15, 2017 11:26:51 PM net.sf.freecol.common.util.LogBuilder log
INFO: Destroying: tileImprovement:4041
May 15, 2017 11:26:51 PM net.sf.freecol.common.util.LogBuilder log
INFO: Destroying: tileImprovement:4043
May 15, 2017 11:26:51 PM net.sf.freecol.common.util.LogBuilder log
INFO: Destroying: tileImprovement:4196
May 15, 2017 11:26:51 PM net.sf.freecol.common.util.LogBuilder log
INFO: Destroying: tileImprovement:4197
May 15, 2017 11:26:51 PM net.sf.freecol.common.util.LogBuilder log
INFO: Destroying: tileImprovement:4198
May 15, 2017 11:26:51 PM net.sf.freecol.common.util.LogBuilder log
INFO: Destroying: tileImprovement:4171
May 15, 2017 11:26:51 PM net.sf.freecol.common.util.LogBuilder log
INFO: Destroying: tileImprovement:4173
May 15, 2017 11:26:51 PM net.sf.freecol.common.util.LogBuilder log
INFO: Destroying: tileImprovement:4175
May 15, 2017 11:26:51 PM net.sf.freecol.common.util.LogBuilder log
INFO: Destroying: tileImprovement:4136
May 15, 2017 11:26:51 PM net.sf.freecol.common.util.LogBuilder log
INFO: Destroying: tileImprovement:4138
May 15, 2017 11:26:51 PM net.sf.freecol.common.util.LogBuilder log
INFO: Destroying: tileImprovement:4140
May 15, 2017 11:26:51 PM net.sf.freecol.common.util.LogBuilder log
INFO: Destroying: tileImprovement:4142
May 15, 2017 11:26:51 PM net.sf.freecol.common.util.LogBuilder log
INFO: Destroying: tileImprovement:4144
May 15, 2017 11:26:51 PM net.sf.freecol.common.util.LogBuilder log
INFO: Destroying: tileImprovement:4146
May 15, 2017 11:26:51 PM net.sf.freecol.common.util.LogBuilder log
INFO: Destroying: tileImprovement:4148
May 15, 2017 11:26:51 PM net.sf.freecol.common.util.LogBuilder log
INFO: Destroying: tileImprovement:4150
May 15, 2017 11:26:51 PM net.sf.freecol.common.util.LogBuilder log
INFO: Destroying: tileImprovement:4152
May 15, 2017 11:26:51 PM net.sf.freecol.common.util.LogBuilder log
INFO: Destroying: tileImprovement:4154
May 15, 2017 11:26:51 PM net.sf.freecol.common.util.LogBuilder log
INFO: Destroying: tileImprovement:4156
May 15, 2017 11:26:51 PM net.sf.freecol.common.util.LogBuilder log
INFO: Destroying: tileImprovement:4158
May 15, 2017 11:26:51 PM net.sf.freecol.common.util.LogBuilder log
INFO: Destroying: tileImprovement:4160
May 15, 2017 11:26:51 PM net.sf.freecol.common.util.LogBuilder log
INFO: Destroying: tileImprovement:4342
May 15, 2017 11:26:51 PM net.sf.freecol.common.util.LogBuilder log
INFO: Destroying: tileImprovement:4343
May 15, 2017 11:26:51 PM net.sf.freecol.common.util.LogBuilder log
INFO: Destroying: tileImprovement:4344
May 15, 2017 11:26:51 PM net.sf.freecol.common.util.LogBuilder log
INFO: Destroying: tileImprovement:4345
May 15, 2017 11:26:51 PM net.sf.freecol.common.util.LogBuilder log
INFO: Destroying: tileImprovement:4493
May 15, 2017 11:26:51 PM net.sf.freecol.common.util.LogBuilder log
INFO: Destroying: tileImprovement:4495
May 15, 2017 11:26:51 PM net.sf.freecol.common.util.LogBuilder log
INFO: Destroying: tileImprovement:4497
May 15, 2017 11:26:51 PM net.sf.freecol.common.util.LogBuilder log
INFO: Destroying: tileImprovement:4499
May 15, 2017 11:26:51 PM net.sf.freecol.common.util.LogBuilder log
INFO: Destroying: tileImprovement:4501
May 15, 2017 11:26:51 PM net.sf.freecol.common.util.LogBuilder log
INFO: Destroying: tileImprovement:4503
May 15, 2017 11:26:51 PM net.sf.freecol.common.util.LogBuilder log
INFO: Destroying: tileImprovement:4505
May 15, 2017 11:26:51 PM net.sf.freecol.common.util.LogBuilder log
INFO: Destroying: tileImprovement:4507
May 15, 2017 11:26:51 PM net.sf.freecol.common.util.LogBuilder log
INFO: Destroying: tileImprovement:4485
May 15, 2017 11:26:51 PM net.sf.freecol.common.util.LogBuilder log
INFO: Destroying: tileImprovement:4487
May 15, 2017 11:26:51 PM net.sf.freecol.common.util.LogBuilder log
INFO: Destroying: tileImprovement:4489
May 15, 2017 11:26:51 PM net.sf.freecol.common.util.LogBuilder log
INFO: Destroying: tileImprovement:4491
May 15, 2017 11:26:51 PM net.sf.freecol.common.util.LogBuilder log
INFO: Destroying: tileImprovement:4529
May 15, 2017 11:26:51 PM net.sf.freecol.common.util.LogBuilder log
INFO: Destroying: tileImprovement:4530
May 15, 2017 11:26:51 PM net.sf.freecol.common.util.LogBuilder log
INFO: Destroying: tileImprovement:4531
May 15, 2017 11:26:51 PM net.sf.freecol.common.util.LogBuilder log
INFO: Destroying: tileImprovement:4532
May 15, 2017 11:26:51 PM net.sf.freecol.common.util.LogBuilder log
INFO: Destroying: tileImprovement:4533
May 15, 2017 11:26:51 PM net.sf.freecol.common.util.LogBuilder log
INFO: Destroying: tileImprovement:4534
May 15, 2017 11:26:51 PM net.sf.freecol.common.util.LogBuilder log
INFO: Destroying: tileImprovement:4535
May 15, 2017 11:26:51 PM net.sf.freecol.common.util.LogBuilder log
INFO: Destroying: tileImprovement:4536
May 15, 2017 11:26:51 PM net.sf.freecol.common.util.LogBuilder log
INFO: Destroying: tileImprovement:4355
May 15, 2017 11:26:51 PM net.sf.freecol.common.util.LogBuilder log
INFO: Destroying: tileImprovement:4356
May 15, 2017 11:26:51 PM net.sf.freecol.common.util.LogBuilder log
INFO: Destroying: tileImprovement:4465
May 15, 2017 11:26:51 PM net.sf.freecol.common.util.LogBuilder log
INFO: Destroying: tileImprovement:4467
May 15, 2017 11:26:51 PM net.sf.freecol.common.util.LogBuilder log
INFO: Destroying: tileImprovement:4469
May 15, 2017 11:26:51 PM net.sf.freecol.common.util.LogBuilder log
INFO: Destroying: tileImprovement:4471
May 15, 2017 11:26:51 PM net.sf.freecol.common.util.LogBuilder log
INFO: Destroying: tileImprovement:4473
May 15, 2017 11:26:51 PM net.sf.freecol.common.util.LogBuilder log
INFO: Destroying: tileImprovement:4475
May 15, 2017 11:26:51 PM net.sf.freecol.common.util.LogBuilder log
INFO: Destroying: tileImprovement:4452
May 15, 2017 11:26:51 PM net.sf.freecol.common.util.LogBuilder log
INFO: Destroying: tileImprovement:4453
May 15, 2017 11:26:51 PM net.sf.freecol.common.util.LogBuilder log
INFO: Destroying: tileImprovement:4454
May 15, 2017 11:26:51 PM net.sf.freecol.common.util.LogBuilder log
INFO: Destroying: tileImprovement:4455
May 15, 2017 11:26:51 PM net.sf.freecol.common.util.LogBuilder log
INFO: Destroying: tileImprovement:4456
May 15, 2017 11:26:51 PM net.sf.freecol.common.util.LogBuilder log
INFO: Destroying: tileImprovement:4457
May 15, 2017 11:26:51 PM net.sf.freecol.common.util.LogBuilder log
INFO: Destroying: tileImprovement:4458
May 15, 2017 11:26:51 PM net.sf.freecol.common.util.LogBuilder log
INFO: Destroying: tileImprovement:4459
May 15, 2017 11:26:51 PM net.sf.freecol.common.util.LogBuilder log
INFO: Destroying: tileImprovement:4460
May 15, 2017 11:26:51 PM net.sf.freecol.common.util.LogBuilder log
INFO: Destroying: tileImprovement:4461
May 15, 2017 11:26:51 PM net.sf.freecol.common.util.LogBuilder log
INFO: Destroying: tileImprovement:4462
May 15, 2017 11:26:51 PM net.sf.freecol.common.util.LogBuilder log
INFO: Destroying: tileImprovement:4463
May 15, 2017 11:26:51 PM net.sf.freecol.common.util.LogBuilder log
INFO: Destroying: tileImprovement:4464
May 15, 2017 11:26:51 PM net.sf.freecol.common.util.LogBuilder log
INFO: Destroying: tileImprovement:4280
May 15, 2017 11:26:51 PM net.sf.freecol.common.util.LogBuilder log
INFO: Destroying: tileImprovement:4282
May 15, 2017 11:26:51 PM net.sf.freecol.common.util.LogBuilder log
INFO: Destroying: tileImprovement:4284
May 15, 2017 11:26:51 PM net.sf.freecol.common.util.LogBuilder log
INFO: Destroying: tileImprovement:4573
May 15, 2017 11:26:51 PM net.sf.freecol.common.util.LogBuilder log
INFO: Destroying: tileImprovement:4575
May 15, 2017 11:26:51 PM net.sf.freecol.common.util.LogBuilder log
INFO: Destroying: tileImprovement:4577
May 15, 2017 11:26:51 PM net.sf.freecol.common.util.LogBuilder log
INFO: Destroying: tileImprovement:4268
May 15, 2017 11:26:51 PM net.sf.freecol.common.util.LogBuilder log
INFO: Destroying: tileImprovement:4270
May 15, 2017 11:26:51 PM net.sf.freecol.common.util.LogBuilder log
INFO: Destroying: tileImprovement:4272
May 15, 2017 11:26:51 PM net.sf.freecol.common.util.LogBuilder log
INFO: Destroying: tileImprovement:4715
May 15, 2017 11:26:51 PM net.sf.freecol.common.util.LogBuilder log
INFO: Destroying: tileImprovement:4716
May 15, 2017 11:26:51 PM net.sf.freecol.common.util.LogBuilder log
INFO: Destroying: tileImprovement:4717
May 15, 2017 11:26:51 PM net.sf.freecol.common.util.LogBuilder log
INFO: Destroying: tileImprovement:4699
May 15, 2017 11:26:51 PM net.sf.freecol.common.util.LogBuilder log
INFO: Destroying: tileImprovement:4701
May 15, 2017 11:26:51 PM net.sf.freecol.common.util.LogBuilder log
INFO: Destroying: tileImprovement:4696
May 15, 2017 11:26:51 PM net.sf.freecol.common.util.LogBuilder log
INFO: Destroying: tileImprovement:4697
May 15, 2017 11:26:51 PM net.sf.freecol.common.util.LogBuilder log
INFO: Destroying: tileImprovement:4698
May 15, 2017 11:26:51 PM net.sf.freecol.common.util.LogBuilder log
INFO: Destroying: tileImprovement:4222
May 15, 2017 11:26:51 PM net.sf.freecol.common.util.LogBuilder log
INFO: Destroying: tileImprovement:4224
May 15, 2017 11:26:51 PM net.sf.freecol.common.util.LogBuilder log
INFO: Destroying: tileImprovement:4226
May 15, 2017 11:26:51 PM net.sf.freecol.common.util.LogBuilder log
INFO: Destroying: tileImprovement:4228
May 15, 2017 11:26:51 PM net.sf.freecol.common.util.LogBuilder log
INFO: Destroying: tileImprovement:4230
May 15, 2017 11:26:51 PM net.sf.freecol.common.util.LogBuilder log
INFO: Destroying: tileImprovement:4569
May 15, 2017 11:26:51 PM net.sf.freecol.common.util.LogBuilder log
INFO: Destroying: tileImprovement:4571
May 15, 2017 11:26:51 PM net.sf.freecol.server.FreeColServer readGame
INFO: Found savegame version 13
May 15, 2017 11:26:51 PM net.sf.freecol.server.FreeColServer readGame
INFO: Imported file data/maps/America_large.fsg
May 15, 2017 11:26:51 PM net.sf.freecol.server.FreeColServer readGame
INFO: Found savegame version 11
May 15, 2017 11:26:51 PM net.sf.freecol.common.io.FreeColXMLReader makeFreeColGameObject
WARNING: Failed to create FCGO: player:5
java.io.IOException: java.lang.reflect.InvocationTargetException
	at net.sf.freecol.common.model.Game.newInstance(Game.java:1093)
	at net.sf.freecol.common.io.FreeColXMLReader.makeFreeColGameObject(FreeColXMLReader.java:615)
	at net.sf.freecol.common.io.FreeColXMLReader.internedRead(FreeColXMLReader.java:654)
	at net.sf.freecol.common.io.FreeColXMLReader.readFreeColGameObject(FreeColXMLReader.java:704)
	at net.sf.freecol.common.model.Game.readChild(Game.java:1337)
	at net.sf.freecol.common.model.FreeColObject.readChildren(FreeColObject.java:1287)
	at net.sf.freecol.common.model.Game.readChildren(Game.java:1296)
	at net.sf.freecol.common.model.FreeColObject.readFromXML(FreeColObject.java:1246)
	at net.sf.freecol.common.model.FreeColGameObject.readFromXML(FreeColGameObject.java:323)
	at net.sf.freecol.server.model.ServerGame.<init>(ServerGame.java:107)
	at net.sf.freecol.server.FreeColServer.readGame(FreeColServer.java:946)
	at net.sf.freecol.server.FreeColServer.readGame(FreeColServer.java:870)
	at net.sf.freecol.server.generator.SimpleMapGenerator.recache(SimpleMapGenerator.java:172)
	at net.sf.freecol.server.generator.SimpleMapGenerator.createMap(SimpleMapGenerator.java:1102)
	at net.sf.freecol.server.generator.MapGeneratorTest.testImportMap(MapGeneratorTest.java:206)
	at sun.reflect.NativeMethodAccessorImpl.invoke0(Native Method)
	at sun.reflect.NativeMethodAccessorImpl.invoke(NativeMethodAccessorImpl.java:62)
	at sun.reflect.DelegatingMethodAccessorImpl.invoke(DelegatingMethodAccessorImpl.java:43)
	at java.lang.reflect.Method.invoke(Method.java:498)
	at junit.framework.TestCase.runTest(TestCase.java:176)
	at junit.framework.TestCase.runBare(TestCase.java:141)
	at junit.framework.TestResult$1.protect(TestResult.java:122)
	at junit.framework.TestResult.runProtected(TestResult.java:142)
	at junit.framework.TestResult.run(TestResult.java:125)
	at junit.framework.TestCase.run(TestCase.java:129)
	at junit.framework.TestSuite.runTest(TestSuite.java:255)
	at junit.framework.TestSuite.run(TestSuite.java:250)
	at junit.framework.TestSuite.runTest(TestSuite.java:255)
	at junit.framework.TestSuite.run(TestSuite.java:250)
	at junit.framework.TestSuite.runTest(TestSuite.java:255)
	at junit.framework.TestSuite.run(TestSuite.java:250)
	at junit.extensions.TestDecorator.basicRun(TestDecorator.java:23)
	at junit.extensions.TestSetup$1.protect(TestSetup.java:23)
	at junit.framework.TestResult.runProtected(TestResult.java:142)
	at junit.extensions.TestSetup.run(TestSetup.java:27)
	at org.apache.tools.ant.taskdefs.optional.junit.JUnitTestRunner.run(JUnitTestRunner.java:535)
	at org.apache.tools.ant.taskdefs.optional.junit.JUnitTestRunner.launch(JUnitTestRunner.java:1182)
	at org.apache.tools.ant.taskdefs.optional.junit.JUnitTestRunner.main(JUnitTestRunner.java:1033)
Caused by: java.lang.reflect.InvocationTargetException
	at sun.reflect.NativeConstructorAccessorImpl.newInstance0(Native Method)
	at sun.reflect.NativeConstructorAccessorImpl.newInstance(NativeConstructorAccessorImpl.java:62)
	at sun.reflect.DelegatingConstructorAccessorImpl.newInstance(DelegatingConstructorAccessorImpl.java:45)
	at java.lang.reflect.Constructor.newInstance(Constructor.java:423)
	at net.sf.freecol.common.model.Game.newInstance(Game.java:1088)
	... 37 more
Caused by: java.lang.NullPointerException
	at net.sf.freecol.common.model.Player.getUnits(Player.java:1833)
	at net.sf.freecol.common.model.Player$UnitIterator.update(Player.java:218)
	at net.sf.freecol.common.model.Player$UnitIterator.<init>(Player.java:208)
	at net.sf.freecol.common.model.Player.<init>(Player.java:342)
	at net.sf.freecol.server.model.ServerPlayer.<init>(ServerPlayer.java:165)
	... 42 more

May 15, 2017 11:26:51 PM net.sf.freecol.server.FreeColServer readGame
WARNING: Import failed for data/maps/Australia.fsg
java.lang.NullPointerException
	at net.sf.freecol.common.model.Game.readChild(Game.java:1338)
	at net.sf.freecol.common.model.FreeColObject.readChildren(FreeColObject.java:1287)
	at net.sf.freecol.common.model.Game.readChildren(Game.java:1296)
	at net.sf.freecol.common.model.FreeColObject.readFromXML(FreeColObject.java:1246)
	at net.sf.freecol.common.model.FreeColGameObject.readFromXML(FreeColGameObject.java:323)
	at net.sf.freecol.server.model.ServerGame.<init>(ServerGame.java:107)
	at net.sf.freecol.server.FreeColServer.readGame(FreeColServer.java:946)
	at net.sf.freecol.server.FreeColServer.readGame(FreeColServer.java:870)
	at net.sf.freecol.server.generator.SimpleMapGenerator.recache(SimpleMapGenerator.java:172)
	at net.sf.freecol.server.generator.SimpleMapGenerator.createMap(SimpleMapGenerator.java:1102)
	at net.sf.freecol.server.generator.MapGeneratorTest.testImportMap(MapGeneratorTest.java:206)
	at sun.reflect.NativeMethodAccessorImpl.invoke0(Native Method)
	at sun.reflect.NativeMethodAccessorImpl.invoke(NativeMethodAccessorImpl.java:62)
	at sun.reflect.DelegatingMethodAccessorImpl.invoke(DelegatingMethodAccessorImpl.java:43)
	at java.lang.reflect.Method.invoke(Method.java:498)
	at junit.framework.TestCase.runTest(TestCase.java:176)
	at junit.framework.TestCase.runBare(TestCase.java:141)
	at junit.framework.TestResult$1.protect(TestResult.java:122)
	at junit.framework.TestResult.runProtected(TestResult.java:142)
	at junit.framework.TestResult.run(TestResult.java:125)
	at junit.framework.TestCase.run(TestCase.java:129)
	at junit.framework.TestSuite.runTest(TestSuite.java:255)
	at junit.framework.TestSuite.run(TestSuite.java:250)
	at junit.framework.TestSuite.runTest(TestSuite.java:255)
	at junit.framework.TestSuite.run(TestSuite.java:250)
	at junit.framework.TestSuite.runTest(TestSuite.java:255)
	at junit.framework.TestSuite.run(TestSuite.java:250)
	at junit.extensions.TestDecorator.basicRun(TestDecorator.java:23)
	at junit.extensions.TestSetup$1.protect(TestSetup.java:23)
	at junit.framework.TestResult.runProtected(TestResult.java:142)
	at junit.extensions.TestSetup.run(TestSetup.java:27)
	at org.apache.tools.ant.taskdefs.optional.junit.JUnitTestRunner.run(JUnitTestRunner.java:535)
	at org.apache.tools.ant.taskdefs.optional.junit.JUnitTestRunner.launch(JUnitTestRunner.java:1182)
	at org.apache.tools.ant.taskdefs.optional.junit.JUnitTestRunner.main(JUnitTestRunner.java:1033)

May 15, 2017 11:26:51 PM net.sf.freecol.common.model.LandMap <init>
INFO: Using land generator model.option.landGeneratorType.classic
May 15, 2017 11:26:51 PM net.sf.freecol.common.util.LogBuilder log
INFO: Destroying: tileImprovement:30218
May 15, 2017 11:26:51 PM net.sf.freecol.common.util.LogBuilder log
INFO: Destroying: tileImprovement:30220
May 15, 2017 11:26:51 PM net.sf.freecol.common.util.LogBuilder log
INFO: Destroying: tileImprovement:30383
May 15, 2017 11:26:52 PM net.sf.freecol.common.util.LogBuilder log
INFO: Destroying: tileImprovement:30385
May 15, 2017 11:26:52 PM net.sf.freecol.common.util.LogBuilder log
INFO: Destroying: tileImprovement:30387
May 15, 2017 11:26:52 PM net.sf.freecol.common.util.LogBuilder log
INFO: Destroying: tileImprovement:30389
May 15, 2017 11:26:52 PM net.sf.freecol.common.util.LogBuilder log
INFO: Destroying: tileImprovement:30391
May 15, 2017 11:26:52 PM net.sf.freecol.common.util.LogBuilder log
INFO: Destroying: tileImprovement:30172
May 15, 2017 11:26:52 PM net.sf.freecol.common.util.LogBuilder log
INFO: Destroying: tileImprovement:30174
May 15, 2017 11:26:52 PM net.sf.freecol.common.util.LogBuilder log
INFO: Destroying: tileImprovement:30176
May 15, 2017 11:26:52 PM net.sf.freecol.common.util.LogBuilder log
INFO: Destroying: tileImprovement:30178
May 15, 2017 11:26:52 PM net.sf.freecol.common.util.LogBuilder log
INFO: Destroying: tileImprovement:30180
May 15, 2017 11:26:52 PM net.sf.freecol.common.util.LogBuilder log
INFO: Destroying: tileImprovement:30182
May 15, 2017 11:26:52 PM net.sf.freecol.common.util.LogBuilder log
INFO: Destroying: tileImprovement:30184
May 15, 2017 11:26:52 PM net.sf.freecol.common.util.LogBuilder log
INFO: Destroying: tileImprovement:30399
May 15, 2017 11:26:52 PM net.sf.freecol.common.util.LogBuilder log
INFO: Destroying: tileImprovement:30401
May 15, 2017 11:26:52 PM net.sf.freecol.common.util.LogBuilder log
INFO: Destroying: tileImprovement:30403
May 15, 2017 11:26:52 PM net.sf.freecol.common.util.LogBuilder log
INFO: Destroying: tileImprovement:30405
May 15, 2017 11:26:52 PM net.sf.freecol.common.util.LogBuilder log
INFO: Destroying: tileImprovement:30407
May 15, 2017 11:26:52 PM net.sf.freecol.common.util.LogBuilder log
INFO: Destroying: tileImprovement:30409
May 15, 2017 11:26:52 PM net.sf.freecol.common.util.LogBuilder log
INFO: Destroying: tileImprovement:30411
May 15, 2017 11:26:52 PM net.sf.freecol.common.util.LogBuilder log
INFO: Destroying: tileImprovement:30413
May 15, 2017 11:26:52 PM net.sf.freecol.common.util.LogBuilder log
INFO: Destroying: tileImprovement:30358
May 15, 2017 11:26:52 PM net.sf.freecol.common.util.LogBuilder log
INFO: Destroying: tileImprovement:30360
May 15, 2017 11:26:52 PM net.sf.freecol.common.util.LogBuilder log
INFO: Destroying: tileImprovement:30362
May 15, 2017 11:26:52 PM net.sf.freecol.common.util.LogBuilder log
INFO: Destroying: tileImprovement:30364
May 15, 2017 11:26:52 PM net.sf.freecol.common.util.LogBuilder log
INFO: Destroying: tileImprovement:30366
May 15, 2017 11:26:52 PM net.sf.freecol.common.util.LogBuilder log
INFO: Destroying: tileImprovement:30368
May 15, 2017 11:26:52 PM net.sf.freecol.common.util.LogBuilder log
INFO: Destroying: tileImprovement:30370
May 15, 2017 11:26:52 PM net.sf.freecol.common.util.LogBuilder log
INFO: Destroying: tileImprovement:30372
May 15, 2017 11:26:52 PM net.sf.freecol.common.util.LogBuilder log
INFO: Destroying: tileImprovement:30374
May 15, 2017 11:26:52 PM net.sf.freecol.common.util.LogBuilder log
INFO: Destroying: tileImprovement:30376
May 15, 2017 11:26:52 PM net.sf.freecol.common.util.LogBuilder log
INFO: Destroying: tileImprovement:30378
May 15, 2017 11:26:52 PM net.sf.freecol.common.util.LogBuilder log
INFO: Destroying: tileImprovement:30444
May 15, 2017 11:26:52 PM net.sf.freecol.common.util.LogBuilder log
INFO: Destroying: tileImprovement:30445
May 15, 2017 11:26:52 PM net.sf.freecol.common.util.LogBuilder log
INFO: Destroying: tileImprovement:30446
May 15, 2017 11:26:52 PM net.sf.freecol.common.util.LogBuilder log
INFO: Destroying: tileImprovement:30447
May 15, 2017 11:26:52 PM net.sf.freecol.common.util.LogBuilder log
INFO: Destroying: tileImprovement:30448
May 15, 2017 11:26:52 PM net.sf.freecol.common.util.LogBuilder log
INFO: Destroying: tileImprovement:30464
May 15, 2017 11:26:52 PM net.sf.freecol.common.util.LogBuilder log
INFO: Destroying: tileImprovement:30466
May 15, 2017 11:26:52 PM net.sf.freecol.common.util.LogBuilder log
INFO: Destroying: tileImprovement:30456
May 15, 2017 11:26:52 PM net.sf.freecol.common.util.LogBuilder log
INFO: Destroying: tileImprovement:30457
May 15, 2017 11:26:52 PM net.sf.freecol.common.util.LogBuilder log
INFO: Destroying: tileImprovement:30458
May 15, 2017 11:26:52 PM net.sf.freecol.common.util.LogBuilder log
INFO: Destroying: tileImprovement:30459
May 15, 2017 11:26:52 PM net.sf.freecol.common.util.LogBuilder log
INFO: Destroying: tileImprovement:30460
May 15, 2017 11:26:52 PM net.sf.freecol.common.util.LogBuilder log
INFO: Destroying: tileImprovement:30461
May 15, 2017 11:26:52 PM net.sf.freecol.common.util.LogBuilder log
INFO: Destroying: tileImprovement:30462
May 15, 2017 11:26:52 PM net.sf.freecol.common.util.LogBuilder log
INFO: Destroying: tileImprovement:30463
May 15, 2017 11:26:52 PM net.sf.freecol.common.util.LogBuilder log
INFO: Destroying: tileImprovement:30519
May 15, 2017 11:26:52 PM net.sf.freecol.common.util.LogBuilder log
INFO: Destroying: tileImprovement:30521
May 15, 2017 11:26:52 PM net.sf.freecol.common.util.LogBuilder log
INFO: Destroying: tileImprovement:30523
May 15, 2017 11:26:52 PM net.sf.freecol.common.util.LogBuilder log
INFO: Destroying: tileImprovement:30525
May 15, 2017 11:26:52 PM net.sf.freecol.common.util.LogBuilder log
INFO: Destroying: tileImprovement:30214
May 15, 2017 11:26:52 PM net.sf.freecol.common.util.LogBuilder log
INFO: Destroying: tileImprovement:30216
May 15, 2017 11:26:52 PM net.sf.freecol.common.util.LogBuilder log
INFO: Destroying: tileImprovement:30230
May 15, 2017 11:26:52 PM net.sf.freecol.common.util.LogBuilder log
INFO: Destroying: tileImprovement:30231
May 15, 2017 11:26:52 PM net.sf.freecol.common.util.LogBuilder log
INFO: Destroying: tileImprovement:30199
May 15, 2017 11:26:52 PM net.sf.freecol.common.util.LogBuilder log
INFO: Destroying: tileImprovement:30326
May 15, 2017 11:26:52 PM net.sf.freecol.common.util.LogBuilder log
INFO: Destroying: tileImprovement:30328
May 15, 2017 11:26:52 PM net.sf.freecol.common.util.LogBuilder log
INFO: Destroying: tileImprovement:30330
May 15, 2017 11:26:52 PM net.sf.freecol.common.util.LogBuilder log
INFO: Destroying: tileImprovement:30332
May 15, 2017 11:26:52 PM net.sf.freecol.common.util.LogBuilder log
INFO: Destroying: tileImprovement:30334
May 15, 2017 11:26:52 PM net.sf.freecol.common.util.LogBuilder log
INFO: Destroying: tileImprovement:30336
May 15, 2017 11:26:52 PM net.sf.freecol.common.util.LogBuilder log
INFO: Destroying: tileImprovement:30338
May 15, 2017 11:26:52 PM net.sf.freecol.common.util.LogBuilder log
INFO: Destroying: tileImprovement:30340
May 15, 2017 11:26:52 PM net.sf.freecol.common.util.LogBuilder log
INFO: Destroying: tileImprovement:30342
May 15, 2017 11:26:52 PM net.sf.freecol.common.util.LogBuilder log
INFO: Destroying: tileImprovement:30344
May 15, 2017 11:26:52 PM net.sf.freecol.common.util.LogBuilder log
INFO: Destroying: tileImprovement:30346
May 15, 2017 11:26:52 PM net.sf.freecol.common.util.LogBuilder log
INFO: Destroying: tileImprovement:30348
May 15, 2017 11:26:52 PM net.sf.freecol.common.util.LogBuilder log
INFO: Destroying: tileImprovement:30350
May 15, 2017 11:26:52 PM net.sf.freecol.common.util.LogBuilder log
INFO: Destroying: tileImprovement:30352
May 15, 2017 11:26:52 PM net.sf.freecol.common.util.LogBuilder log
INFO: Destroying: tileImprovement:30354
May 15, 2017 11:26:52 PM net.sf.freecol.common.util.LogBuilder log
INFO: Destroying: tileImprovement:30356
May 15, 2017 11:26:52 PM net.sf.freecol.common.util.LogBuilder log
INFO: Destroying: tileImprovement:30489
May 15, 2017 11:26:52 PM net.sf.freecol.common.util.LogBuilder log
INFO: Destroying: tileImprovement:30490
May 15, 2017 11:26:52 PM net.sf.freecol.common.util.LogBuilder log
INFO: Destroying: tileImprovement:30491
May 15, 2017 11:26:52 PM net.sf.freecol.common.util.LogBuilder log
INFO: Destroying: tileImprovement:30492
May 15, 2017 11:26:52 PM net.sf.freecol.common.util.LogBuilder log
INFO: Destroying: tileImprovement:30493
May 15, 2017 11:26:52 PM net.sf.freecol.common.util.LogBuilder log
INFO: Destroying: tileImprovement:30494
May 15, 2017 11:26:52 PM net.sf.freecol.common.util.LogBuilder log
INFO: Destroying: tileImprovement:30495
May 15, 2017 11:26:52 PM net.sf.freecol.common.util.LogBuilder log
INFO: Destroying: tileImprovement:30496
May 15, 2017 11:26:52 PM net.sf.freecol.common.util.LogBuilder log
INFO: Destroying: tileImprovement:30497
May 15, 2017 11:26:52 PM net.sf.freecol.common.util.LogBuilder log
INFO: Destroying: tileImprovement:30498
May 15, 2017 11:26:52 PM net.sf.freecol.common.util.LogBuilder log
INFO: Destroying: tileImprovement:30499
May 15, 2017 11:26:52 PM net.sf.freecol.common.util.LogBuilder log
INFO: Destroying: tileImprovement:30625
May 15, 2017 11:26:52 PM net.sf.freecol.common.util.LogBuilder log
INFO: Destroying: tileImprovement:30626
May 15, 2017 11:26:52 PM net.sf.freecol.common.util.LogBuilder log
INFO: Destroying: tileImprovement:30627
May 15, 2017 11:26:52 PM net.sf.freecol.common.util.LogBuilder log
INFO: Destroying: tileImprovement:30628
May 15, 2017 11:26:52 PM net.sf.freecol.common.util.LogBuilder log
INFO: Destroying: tileImprovement:30629
May 15, 2017 11:26:52 PM net.sf.freecol.common.util.LogBuilder log
INFO: Destroying: tileImprovement:30630
May 15, 2017 11:26:52 PM net.sf.freecol.common.util.LogBuilder log
INFO: Destroying: tileImprovement:30631
May 15, 2017 11:26:52 PM net.sf.freecol.common.util.LogBuilder log
INFO: Destroying: tileImprovement:30632
May 15, 2017 11:26:52 PM net.sf.freecol.common.util.LogBuilder log
INFO: Destroying: tileImprovement:30633
May 15, 2017 11:26:52 PM net.sf.freecol.common.util.LogBuilder log
INFO: Destroying: tileImprovement:30634
May 15, 2017 11:26:52 PM net.sf.freecol.common.util.LogBuilder log
INFO: Destroying: tileImprovement:30635
May 15, 2017 11:26:52 PM net.sf.freecol.common.util.LogBuilder log
INFO: Destroying: tileImprovement:30636
May 15, 2017 11:26:52 PM net.sf.freecol.common.util.LogBuilder log
INFO: Destroying: tileImprovement:30637
May 15, 2017 11:26:52 PM net.sf.freecol.common.util.LogBuilder log
INFO: Destroying: tileImprovement:30638
May 15, 2017 11:26:52 PM net.sf.freecol.common.util.LogBuilder log
INFO: Destroying: tileImprovement:30429
May 15, 2017 11:26:52 PM net.sf.freecol.common.util.LogBuilder log
INFO: Destroying: tileImprovement:30430
May 15, 2017 11:26:52 PM net.sf.freecol.common.util.LogBuilder log
INFO: Destroying: tileImprovement:30431
May 15, 2017 11:26:52 PM net.sf.freecol.common.util.LogBuilder log
INFO: Destroying: tileImprovement:30432
May 15, 2017 11:26:52 PM net.sf.freecol.common.util.LogBuilder log
INFO: Destroying: tileImprovement:30554
May 15, 2017 11:26:52 PM net.sf.freecol.common.util.LogBuilder log
INFO: Destroying: tileImprovement:30556
May 15, 2017 11:26:52 PM net.sf.freecol.common.util.LogBuilder log
INFO: Destroying: tileImprovement:30558
May 15, 2017 11:26:52 PM net.sf.freecol.common.util.LogBuilder log
INFO: Destroying: tileImprovement:30544
May 15, 2017 11:26:52 PM net.sf.freecol.common.util.LogBuilder log
INFO: Destroying: tileImprovement:30545
May 15, 2017 11:26:52 PM net.sf.freecol.common.util.LogBuilder log
INFO: Destroying: tileImprovement:30546
May 15, 2017 11:26:52 PM net.sf.freecol.common.util.LogBuilder log
INFO: Destroying: tileImprovement:30547
May 15, 2017 11:26:52 PM net.sf.freecol.common.util.LogBuilder log
INFO: Destroying: tileImprovement:30739
May 15, 2017 11:26:52 PM net.sf.freecol.common.util.LogBuilder log
INFO: Destroying: tileImprovement:30741
May 15, 2017 11:26:52 PM net.sf.freecol.common.util.LogBuilder log
INFO: Destroying: tileImprovement:30245
May 15, 2017 11:26:52 PM net.sf.freecol.common.util.LogBuilder log
INFO: Destroying: tileImprovement:30247
May 15, 2017 11:26:52 PM net.sf.freecol.common.util.LogBuilder log
INFO: Destroying: tileImprovement:30249
May 15, 2017 11:26:52 PM net.sf.freecol.common.util.LogBuilder log
INFO: Destroying: tileImprovement:30251
May 15, 2017 11:26:52 PM net.sf.freecol.common.util.LogBuilder log
INFO: Destroying: tileImprovement:30253
May 15, 2017 11:26:52 PM net.sf.freecol.common.util.LogBuilder log
INFO: Destroying: tileImprovement:30206
May 15, 2017 11:26:52 PM net.sf.freecol.common.util.LogBuilder log
INFO: Destroying: tileImprovement:30208
May 15, 2017 11:26:52 PM net.sf.freecol.common.util.LogBuilder log
INFO: Destroying: tileImprovement:30210
May 15, 2017 11:26:52 PM net.sf.freecol.common.util.LogBuilder log
INFO: Destroying: tileImprovement:30212
May 15, 2017 11:26:52 PM net.sf.freecol.common.util.LogBuilder log
INFO: Destroying: tileImprovement:30597
May 15, 2017 11:26:52 PM net.sf.freecol.common.util.LogBuilder log
INFO: Destroying: tileImprovement:30598
May 15, 2017 11:26:52 PM net.sf.freecol.server.FreeColServer readGame
INFO: Found savegame version 11
May 15, 2017 11:26:52 PM net.sf.freecol.common.io.FreeColXMLReader makeFreeColGameObject
WARNING: Failed to create FCGO: player:5
java.io.IOException: java.lang.reflect.InvocationTargetException
	at net.sf.freecol.common.model.Game.newInstance(Game.java:1093)
	at net.sf.freecol.common.io.FreeColXMLReader.makeFreeColGameObject(FreeColXMLReader.java:615)
	at net.sf.freecol.common.io.FreeColXMLReader.internedRead(FreeColXMLReader.java:654)
	at net.sf.freecol.common.io.FreeColXMLReader.readFreeColGameObject(FreeColXMLReader.java:704)
	at net.sf.freecol.common.model.Game.readChild(Game.java:1337)
	at net.sf.freecol.common.model.FreeColObject.readChildren(FreeColObject.java:1287)
	at net.sf.freecol.common.model.Game.readChildren(Game.java:1296)
	at net.sf.freecol.common.model.FreeColObject.readFromXML(FreeColObject.java:1246)
	at net.sf.freecol.common.model.FreeColGameObject.readFromXML(FreeColGameObject.java:323)
	at net.sf.freecol.server.model.ServerGame.<init>(ServerGame.java:107)
	at net.sf.freecol.server.FreeColServer.readGame(FreeColServer.java:946)
	at net.sf.freecol.server.FreeColServer.readGame(FreeColServer.java:870)
	at net.sf.freecol.server.generator.SimpleMapGenerator.recache(SimpleMapGenerator.java:172)
	at net.sf.freecol.server.generator.SimpleMapGenerator.createMap(SimpleMapGenerator.java:1102)
	at net.sf.freecol.server.generator.MapGeneratorTest.testImportMap(MapGeneratorTest.java:206)
	at sun.reflect.NativeMethodAccessorImpl.invoke0(Native Method)
	at sun.reflect.NativeMethodAccessorImpl.invoke(NativeMethodAccessorImpl.java:62)
	at sun.reflect.DelegatingMethodAccessorImpl.invoke(DelegatingMethodAccessorImpl.java:43)
	at java.lang.reflect.Method.invoke(Method.java:498)
	at junit.framework.TestCase.runTest(TestCase.java:176)
	at junit.framework.TestCase.runBare(TestCase.java:141)
	at junit.framework.TestResult$1.protect(TestResult.java:122)
	at junit.framework.TestResult.runProtected(TestResult.java:142)
	at junit.framework.TestResult.run(TestResult.java:125)
	at junit.framework.TestCase.run(TestCase.java:129)
	at junit.framework.TestSuite.runTest(TestSuite.java:255)
	at junit.framework.TestSuite.run(TestSuite.java:250)
	at junit.framework.TestSuite.runTest(TestSuite.java:255)
	at junit.framework.TestSuite.run(TestSuite.java:250)
	at junit.framework.TestSuite.runTest(TestSuite.java:255)
	at junit.framework.TestSuite.run(TestSuite.java:250)
	at junit.extensions.TestDecorator.basicRun(TestDecorator.java:23)
	at junit.extensions.TestSetup$1.protect(TestSetup.java:23)
	at junit.framework.TestResult.runProtected(TestResult.java:142)
	at junit.extensions.TestSetup.run(TestSetup.java:27)
	at org.apache.tools.ant.taskdefs.optional.junit.JUnitTestRunner.run(JUnitTestRunner.java:535)
	at org.apache.tools.ant.taskdefs.optional.junit.JUnitTestRunner.launch(JUnitTestRunner.java:1182)
	at org.apache.tools.ant.taskdefs.optional.junit.JUnitTestRunner.main(JUnitTestRunner.java:1033)
Caused by: java.lang.reflect.InvocationTargetException
	at sun.reflect.NativeConstructorAccessorImpl.newInstance0(Native Method)
	at sun.reflect.NativeConstructorAccessorImpl.newInstance(NativeConstructorAccessorImpl.java:62)
	at sun.reflect.DelegatingConstructorAccessorImpl.newInstance(DelegatingConstructorAccessorImpl.java:45)
	at java.lang.reflect.Constructor.newInstance(Constructor.java:423)
	at net.sf.freecol.common.model.Game.newInstance(Game.java:1088)
	... 37 more
Caused by: java.lang.NullPointerException
	at net.sf.freecol.common.model.Player.getUnits(Player.java:1833)
	at net.sf.freecol.common.model.Player$UnitIterator.update(Player.java:218)
	at net.sf.freecol.common.model.Player$UnitIterator.<init>(Player.java:208)
	at net.sf.freecol.common.model.Player.<init>(Player.java:342)
	at net.sf.freecol.server.model.ServerPlayer.<init>(ServerPlayer.java:165)
	... 42 more

May 15, 2017 11:26:52 PM net.sf.freecol.server.FreeColServer readGame
WARNING: Import failed for data/maps/Caribbean_basin.fsg
java.lang.NullPointerException
	at net.sf.freecol.common.model.Game.readChild(Game.java:1338)
	at net.sf.freecol.common.model.FreeColObject.readChildren(FreeColObject.java:1287)
	at net.sf.freecol.common.model.Game.readChildren(Game.java:1296)
	at net.sf.freecol.common.model.FreeColObject.readFromXML(FreeColObject.java:1246)
	at net.sf.freecol.common.model.FreeColGameObject.readFromXML(FreeColGameObject.java:323)
	at net.sf.freecol.server.model.ServerGame.<init>(ServerGame.java:107)
	at net.sf.freecol.server.FreeColServer.readGame(FreeColServer.java:946)
	at net.sf.freecol.server.FreeColServer.readGame(FreeColServer.java:870)
	at net.sf.freecol.server.generator.SimpleMapGenerator.recache(SimpleMapGenerator.java:172)
	at net.sf.freecol.server.generator.SimpleMapGenerator.createMap(SimpleMapGenerator.java:1102)
	at net.sf.freecol.server.generator.MapGeneratorTest.testImportMap(MapGeneratorTest.java:206)
	at sun.reflect.NativeMethodAccessorImpl.invoke0(Native Method)
	at sun.reflect.NativeMethodAccessorImpl.invoke(NativeMethodAccessorImpl.java:62)
	at sun.reflect.DelegatingMethodAccessorImpl.invoke(DelegatingMethodAccessorImpl.java:43)
	at java.lang.reflect.Method.invoke(Method.java:498)
	at junit.framework.TestCase.runTest(TestCase.java:176)
	at junit.framework.TestCase.runBare(TestCase.java:141)
	at junit.framework.TestResult$1.protect(TestResult.java:122)
	at junit.framework.TestResult.runProtected(TestResult.java:142)
	at junit.framework.TestResult.run(TestResult.java:125)
	at junit.framework.TestCase.run(TestCase.java:129)
	at junit.framework.TestSuite.runTest(TestSuite.java:255)
	at junit.framework.TestSuite.run(TestSuite.java:250)
	at junit.framework.TestSuite.runTest(TestSuite.java:255)
	at junit.framework.TestSuite.run(TestSuite.java:250)
	at junit.framework.TestSuite.runTest(TestSuite.java:255)
	at junit.framework.TestSuite.run(TestSuite.java:250)
	at junit.extensions.TestDecorator.basicRun(TestDecorator.java:23)
	at junit.extensions.TestSetup$1.protect(TestSetup.java:23)
	at junit.framework.TestResult.runProtected(TestResult.java:142)
	at junit.extensions.TestSetup.run(TestSetup.java:27)
	at org.apache.tools.ant.taskdefs.optional.junit.JUnitTestRunner.run(JUnitTestRunner.java:535)
	at org.apache.tools.ant.taskdefs.optional.junit.JUnitTestRunner.launch(JUnitTestRunner.java:1182)
	at org.apache.tools.ant.taskdefs.optional.junit.JUnitTestRunner.main(JUnitTestRunner.java:1033)

May 15, 2017 11:26:52 PM net.sf.freecol.common.model.LandMap <init>
INFO: Using land generator model.option.landGeneratorType.classic
May 15, 2017 11:26:52 PM net.sf.freecol.common.util.LogBuilder log
INFO: Destroying: tileImprovement:35958
May 15, 2017 11:26:52 PM net.sf.freecol.common.util.LogBuilder log
INFO: Destroying: tileImprovement:35960
May 15, 2017 11:26:52 PM net.sf.freecol.common.util.LogBuilder log
INFO: Destroying: tileImprovement:35962
May 15, 2017 11:26:52 PM net.sf.freecol.common.util.LogBuilder log
INFO: Destroying: tileImprovement:35964
May 15, 2017 11:26:52 PM net.sf.freecol.common.util.LogBuilder log
INFO: Destroying: tileImprovement:35966
May 15, 2017 11:26:52 PM net.sf.freecol.common.util.LogBuilder log
INFO: Destroying: tileImprovement:35968
May 15, 2017 11:26:52 PM net.sf.freecol.common.util.LogBuilder log
INFO: Destroying: tileImprovement:35970
May 15, 2017 11:26:52 PM net.sf.freecol.common.util.LogBuilder log
INFO: Destroying: tileImprovement:35972
May 15, 2017 11:26:52 PM net.sf.freecol.common.util.LogBuilder log
INFO: Destroying: tileImprovement:35974
May 15, 2017 11:26:52 PM net.sf.freecol.common.util.LogBuilder log
INFO: Destroying: tileImprovement:35976
May 15, 2017 11:26:52 PM net.sf.freecol.common.util.LogBuilder log
INFO: Destroying: tileImprovement:35978
May 15, 2017 11:26:52 PM net.sf.freecol.common.util.LogBuilder log
INFO: Destroying: tileImprovement:35980
May 15, 2017 11:26:52 PM net.sf.freecol.common.util.LogBuilder log
INFO: Destroying: tileImprovement:35982
May 15, 2017 11:26:52 PM net.sf.freecol.common.util.LogBuilder log
INFO: Destroying: tileImprovement:35984
May 15, 2017 11:26:52 PM net.sf.freecol.common.util.LogBuilder log
INFO: Destroying: tileImprovement:35986
May 15, 2017 11:26:52 PM net.sf.freecol.common.util.LogBuilder log
INFO: Destroying: tileImprovement:35988
May 15, 2017 11:26:52 PM net.sf.freecol.common.util.LogBuilder log
INFO: Destroying: tileImprovement:35990
May 15, 2017 11:26:52 PM net.sf.freecol.common.util.LogBuilder log
INFO: Destroying: tileImprovement:35992
May 15, 2017 11:26:52 PM net.sf.freecol.common.util.LogBuilder log
INFO: Destroying: tileImprovement:36058
May 15, 2017 11:26:52 PM net.sf.freecol.common.util.LogBuilder log
INFO: Destroying: tileImprovement:36060
May 15, 2017 11:26:52 PM net.sf.freecol.common.util.LogBuilder log
INFO: Destroying: tileImprovement:36062
May 15, 2017 11:26:52 PM net.sf.freecol.common.util.LogBuilder log
INFO: Destroying: tileImprovement:36064
May 15, 2017 11:26:52 PM net.sf.freecol.common.util.LogBuilder log
INFO: Destroying: tileImprovement:36066
May 15, 2017 11:26:52 PM net.sf.freecol.common.util.LogBuilder log
INFO: Destroying: tileImprovement:36068
May 15, 2017 11:26:52 PM net.sf.freecol.common.util.LogBuilder log
INFO: Destroying: tileImprovement:36070
May 15, 2017 11:26:52 PM net.sf.freecol.common.util.LogBuilder log
INFO: Destroying: tileImprovement:36072
May 15, 2017 11:26:52 PM net.sf.freecol.common.util.LogBuilder log
INFO: Destroying: tileImprovement:36074
May 15, 2017 11:26:52 PM net.sf.freecol.common.util.LogBuilder log
INFO: Destroying: tileImprovement:36001
May 15, 2017 11:26:52 PM net.sf.freecol.common.util.LogBuilder log
INFO: Destroying: tileImprovement:36003
May 15, 2017 11:26:52 PM net.sf.freecol.common.util.LogBuilder log
INFO: Destroying: tileImprovement:36005
May 15, 2017 11:26:52 PM net.sf.freecol.common.util.LogBuilder log
INFO: Destroying: tileImprovement:36007
May 15, 2017 11:26:52 PM net.sf.freecol.common.util.LogBuilder log
INFO: Destroying: tileImprovement:35995
May 15, 2017 11:26:52 PM net.sf.freecol.common.util.LogBuilder log
INFO: Destroying: tileImprovement:35947
May 15, 2017 11:26:52 PM net.sf.freecol.common.util.LogBuilder log
INFO: Destroying: tileImprovement:35949
May 15, 2017 11:26:52 PM net.sf.freecol.common.util.LogBuilder log
INFO: Destroying: tileImprovement:35951
May 15, 2017 11:26:52 PM net.sf.freecol.common.util.LogBuilder log
INFO: Destroying: tileImprovement:35953
May 15, 2017 11:26:52 PM net.sf.freecol.common.util.LogBuilder log
INFO: Destroying: tileImprovement:35997
May 15, 2017 11:26:52 PM net.sf.freecol.common.util.LogBuilder log
INFO: Destroying: tileImprovement:35999
May 15, 2017 11:26:52 PM net.sf.freecol.common.util.LogBuilder log
INFO: Destroying: tileImprovement:36159
May 15, 2017 11:26:52 PM net.sf.freecol.common.util.LogBuilder log
INFO: Destroying: tileImprovement:36160
May 15, 2017 11:26:52 PM net.sf.freecol.common.util.LogBuilder log
INFO: Destroying: tileImprovement:36161
May 15, 2017 11:26:52 PM net.sf.freecol.common.util.LogBuilder log
INFO: Destroying: tileImprovement:36162
May 15, 2017 11:26:52 PM net.sf.freecol.common.util.LogBuilder log
INFO: Destroying: tileImprovement:36163
May 15, 2017 11:26:52 PM net.sf.freecol.common.util.LogBuilder log
INFO: Destroying: tileImprovement:36105
May 15, 2017 11:26:52 PM net.sf.freecol.common.util.LogBuilder log
INFO: Destroying: tileImprovement:36107
May 15, 2017 11:26:52 PM net.sf.freecol.common.util.LogBuilder log
INFO: Destroying: tileImprovement:36109
May 15, 2017 11:26:52 PM net.sf.freecol.common.util.LogBuilder log
INFO: Destroying: tileImprovement:36111
May 15, 2017 11:26:52 PM net.sf.freecol.common.util.LogBuilder log
INFO: Destroying: tileImprovement:36113
May 15, 2017 11:26:52 PM net.sf.freecol.common.util.LogBuilder log
INFO: Destroying: tileImprovement:36115
May 15, 2017 11:26:52 PM net.sf.freecol.common.util.LogBuilder log
INFO: Destroying: tileImprovement:36117
May 15, 2017 11:26:52 PM net.sf.freecol.common.util.LogBuilder log
INFO: Destroying: tileImprovement:36119
May 15, 2017 11:26:52 PM net.sf.freecol.common.util.LogBuilder log
INFO: Destroying: tileImprovement:36121
May 15, 2017 11:26:52 PM net.sf.freecol.common.util.LogBuilder log
INFO: Destroying: tileImprovement:36123
May 15, 2017 11:26:52 PM net.sf.freecol.common.util.LogBuilder log
INFO: Destroying: tileImprovement:36125
May 15, 2017 11:26:52 PM net.sf.freecol.common.util.LogBuilder log
INFO: Destroying: tileImprovement:36127
May 15, 2017 11:26:52 PM net.sf.freecol.common.util.LogBuilder log
INFO: Destroying: tileImprovement:36129
May 15, 2017 11:26:52 PM net.sf.freecol.common.util.LogBuilder log
INFO: Destroying: tileImprovement:36088
May 15, 2017 11:26:52 PM net.sf.freecol.common.util.LogBuilder log
INFO: Destroying: tileImprovement:36089
May 15, 2017 11:26:52 PM net.sf.freecol.common.util.LogBuilder log
INFO: Destroying: tileImprovement:36090
May 15, 2017 11:26:52 PM net.sf.freecol.common.util.LogBuilder log
INFO: Destroying: tileImprovement:36091
May 15, 2017 11:26:52 PM net.sf.freecol.common.util.LogBuilder log
INFO: Destroying: tileImprovement:36092
May 15, 2017 11:26:52 PM net.sf.freecol.common.util.LogBuilder log
INFO: Destroying: tileImprovement:36093
May 15, 2017 11:26:52 PM net.sf.freecol.common.util.LogBuilder log
INFO: Destroying: tileImprovement:36094
May 15, 2017 11:26:52 PM net.sf.freecol.common.util.LogBuilder log
INFO: Destroying: tileImprovement:36095
May 15, 2017 11:26:52 PM net.sf.freecol.common.util.LogBuilder log
INFO: Destroying: tileImprovement:36096
May 15, 2017 11:26:52 PM net.sf.freecol.common.util.LogBuilder log
INFO: Destroying: tileImprovement:36306
May 15, 2017 11:26:52 PM net.sf.freecol.common.util.LogBuilder log
INFO: Destroying: tileImprovement:36308
May 15, 2017 11:26:52 PM net.sf.freecol.common.util.LogBuilder log
INFO: Destroying: tileImprovement:36310
May 15, 2017 11:26:52 PM net.sf.freecol.common.util.LogBuilder log
INFO: Destroying: tileImprovement:36312
May 15, 2017 11:26:52 PM net.sf.freecol.common.util.LogBuilder log
INFO: Destroying: tileImprovement:36300
May 15, 2017 11:26:52 PM net.sf.freecol.common.util.LogBuilder log
INFO: Destroying: tileImprovement:36301
May 15, 2017 11:26:52 PM net.sf.freecol.common.util.LogBuilder log
INFO: Destroying: tileImprovement:36134
May 15, 2017 11:26:52 PM net.sf.freecol.common.util.LogBuilder log
INFO: Destroying: tileImprovement:36136
May 15, 2017 11:26:52 PM net.sf.freecol.common.util.LogBuilder log
INFO: Destroying: tileImprovement:36138
May 15, 2017 11:26:52 PM net.sf.freecol.common.util.LogBuilder log
INFO: Destroying: tileImprovement:36140
May 15, 2017 11:26:52 PM net.sf.freecol.common.util.LogBuilder log
INFO: Destroying: tileImprovement:36142
May 15, 2017 11:26:52 PM net.sf.freecol.common.util.LogBuilder log
INFO: Destroying: tileImprovement:36144
May 15, 2017 11:26:52 PM net.sf.freecol.common.util.LogBuilder log
INFO: Destroying: tileImprovement:36146
May 15, 2017 11:26:52 PM net.sf.freecol.common.util.LogBuilder log
INFO: Destroying: tileImprovement:36148
May 15, 2017 11:26:52 PM net.sf.freecol.common.util.LogBuilder log
INFO: Destroying: tileImprovement:36150
May 15, 2017 11:26:52 PM net.sf.freecol.common.util.LogBuilder log
INFO: Destroying: tileImprovement:36152
May 15, 2017 11:26:52 PM net.sf.freecol.common.util.LogBuilder log
INFO: Destroying: tileImprovement:36132
May 15, 2017 11:26:52 PM net.sf.freecol.common.util.LogBuilder log
INFO: Destroying: tileImprovement:36416
May 15, 2017 11:26:52 PM net.sf.freecol.common.util.LogBuilder log
INFO: Destroying: tileImprovement:36418
May 15, 2017 11:26:52 PM net.sf.freecol.common.util.LogBuilder log
INFO: Destroying: tileImprovement:36420
May 15, 2017 11:26:52 PM net.sf.freecol.common.util.LogBuilder log
INFO: Destroying: tileImprovement:36422
May 15, 2017 11:26:52 PM net.sf.freecol.common.util.LogBuilder log
INFO: Destroying: tileImprovement:36025
May 15, 2017 11:26:52 PM net.sf.freecol.common.util.LogBuilder log
INFO: Destroying: tileImprovement:36026
May 15, 2017 11:26:52 PM net.sf.freecol.common.util.LogBuilder log
INFO: Destroying: tileImprovement:36027
May 15, 2017 11:26:52 PM net.sf.freecol.common.util.LogBuilder log
INFO: Destroying: tileImprovement:36028
May 15, 2017 11:26:52 PM net.sf.freecol.common.util.LogBuilder log
INFO: Destroying: tileImprovement:36174
May 15, 2017 11:26:52 PM net.sf.freecol.common.util.LogBuilder log
INFO: Destroying: tileImprovement:36176
May 15, 2017 11:26:52 PM net.sf.freecol.common.util.LogBuilder log
INFO: Destroying: tileImprovement:36178
May 15, 2017 11:26:52 PM net.sf.freecol.common.util.LogBuilder log
INFO: Destroying: tileImprovement:36018
May 15, 2017 11:26:52 PM net.sf.freecol.common.util.LogBuilder log
INFO: Destroying: tileImprovement:36019
May 15, 2017 11:26:52 PM net.sf.freecol.common.util.LogBuilder log
INFO: Destroying: tileImprovement:36020
May 15, 2017 11:26:52 PM net.sf.freecol.common.util.LogBuilder log
INFO: Destroying: tileImprovement:36021
May 15, 2017 11:26:52 PM net.sf.freecol.common.util.LogBuilder log
INFO: Destroying: tileImprovement:36022
May 15, 2017 11:26:52 PM net.sf.freecol.common.util.LogBuilder log
INFO: Destroying: tileImprovement:36023
May 15, 2017 11:26:52 PM net.sf.freecol.common.util.LogBuilder log
INFO: Destroying: tileImprovement:36024
May 15, 2017 11:26:52 PM net.sf.freecol.common.util.LogBuilder log
INFO: Destroying: tileImprovement:36052
May 15, 2017 11:26:52 PM net.sf.freecol.common.util.LogBuilder log
INFO: Destroying: tileImprovement:36054
May 15, 2017 11:26:52 PM net.sf.freecol.common.util.LogBuilder log
INFO: Destroying: tileImprovement:36056
May 15, 2017 11:26:52 PM net.sf.freecol.common.util.LogBuilder log
INFO: Destroying: tileImprovement:36321
May 15, 2017 11:26:52 PM net.sf.freecol.common.util.LogBuilder log
INFO: Destroying: tileImprovement:36322
May 15, 2017 11:26:52 PM net.sf.freecol.common.util.LogBuilder log
INFO: Destroying: tileImprovement:36323
May 15, 2017 11:26:52 PM net.sf.freecol.common.util.LogBuilder log
INFO: Destroying: tileImprovement:36324
May 15, 2017 11:26:52 PM net.sf.freecol.common.util.LogBuilder log
INFO: Destroying: tileImprovement:36325
May 15, 2017 11:26:52 PM net.sf.freecol.common.util.LogBuilder log
INFO: Destroying: tileImprovement:36326
May 15, 2017 11:26:52 PM net.sf.freecol.common.util.LogBuilder log
INFO: Destroying: tileImprovement:36327
May 15, 2017 11:26:52 PM net.sf.freecol.common.util.LogBuilder log
INFO: Destroying: tileImprovement:36328
May 15, 2017 11:26:52 PM net.sf.freecol.common.util.LogBuilder log
INFO: Destroying: tileImprovement:36329
May 15, 2017 11:26:52 PM net.sf.freecol.common.util.LogBuilder log
INFO: Destroying: tileImprovement:36330
May 15, 2017 11:26:52 PM net.sf.freecol.common.util.LogBuilder log
INFO: Destroying: tileImprovement:36331
May 15, 2017 11:26:52 PM net.sf.freecol.common.util.LogBuilder log
INFO: Destroying: tileImprovement:36361
May 15, 2017 11:26:52 PM net.sf.freecol.common.util.LogBuilder log
INFO: Destroying: tileImprovement:36363
May 15, 2017 11:26:52 PM net.sf.freecol.common.util.LogBuilder log
INFO: Destroying: tileImprovement:36365
May 15, 2017 11:26:52 PM net.sf.freecol.common.util.LogBuilder log
INFO: Destroying: tileImprovement:36367
May 15, 2017 11:26:52 PM net.sf.freecol.common.util.LogBuilder log
INFO: Destroying: tileImprovement:36369
May 15, 2017 11:26:52 PM net.sf.freecol.common.util.LogBuilder log
INFO: Destroying: tileImprovement:36371
May 15, 2017 11:26:52 PM net.sf.freecol.common.util.LogBuilder log
INFO: Destroying: tileImprovement:36373
May 15, 2017 11:26:52 PM net.sf.freecol.common.util.LogBuilder log
INFO: Destroying: tileImprovement:36375
May 15, 2017 11:26:52 PM net.sf.freecol.common.util.LogBuilder log
INFO: Destroying: tileImprovement:36377
May 15, 2017 11:26:52 PM net.sf.freecol.common.util.LogBuilder log
INFO: Destroying: tileImprovement:36379
May 15, 2017 11:26:52 PM net.sf.freecol.common.util.LogBuilder log
INFO: Destroying: tileImprovement:36381
May 15, 2017 11:26:52 PM net.sf.freecol.common.util.LogBuilder log
INFO: Destroying: tileImprovement:36383
May 15, 2017 11:26:52 PM net.sf.freecol.common.util.LogBuilder log
INFO: Destroying: tileImprovement:36385
May 15, 2017 11:26:52 PM net.sf.freecol.common.util.LogBuilder log
INFO: Destroying: tileImprovement:36387
May 15, 2017 11:26:52 PM net.sf.freecol.common.util.LogBuilder log
INFO: Destroying: tileImprovement:36389
May 15, 2017 11:26:52 PM net.sf.freecol.common.util.LogBuilder log
INFO: Destroying: tileImprovement:36391
May 15, 2017 11:26:52 PM net.sf.freecol.common.util.LogBuilder log
INFO: Destroying: tileImprovement:36393
May 15, 2017 11:26:52 PM net.sf.freecol.common.util.LogBuilder log
INFO: Destroying: tileImprovement:36395
May 15, 2017 11:26:52 PM net.sf.freecol.common.util.LogBuilder log
INFO: Destroying: tileImprovement:36353
May 15, 2017 11:26:52 PM net.sf.freecol.common.util.LogBuilder log
INFO: Destroying: tileImprovement:36354
May 15, 2017 11:26:52 PM net.sf.freecol.common.util.LogBuilder log
INFO: Destroying: tileImprovement:36355
May 15, 2017 11:26:52 PM net.sf.freecol.common.util.LogBuilder log
INFO: Destroying: tileImprovement:36356
May 15, 2017 11:26:52 PM net.sf.freecol.common.util.LogBuilder log
INFO: Destroying: tileImprovement:36197
May 15, 2017 11:26:52 PM net.sf.freecol.common.util.LogBuilder log
INFO: Destroying: tileImprovement:36410
May 15, 2017 11:26:52 PM net.sf.freecol.common.util.LogBuilder log
INFO: Destroying: tileImprovement:36412
May 15, 2017 11:26:52 PM net.sf.freecol.common.util.LogBuilder log
INFO: Destroying: tileImprovement:36399
May 15, 2017 11:26:52 PM net.sf.freecol.common.util.LogBuilder log
INFO: Destroying: tileImprovement:36400
May 15, 2017 11:26:52 PM net.sf.freecol.common.util.LogBuilder log
INFO: Destroying: tileImprovement:36401
May 15, 2017 11:26:52 PM net.sf.freecol.common.util.LogBuilder log
INFO: Destroying: tileImprovement:36402
May 15, 2017 11:26:52 PM net.sf.freecol.common.util.LogBuilder log
INFO: Destroying: tileImprovement:36403
May 15, 2017 11:26:52 PM net.sf.freecol.common.util.LogBuilder log
INFO: Destroying: tileImprovement:36404
May 15, 2017 11:26:52 PM net.sf.freecol.common.util.LogBuilder log
INFO: Destroying: tileImprovement:36405
May 15, 2017 11:26:52 PM net.sf.freecol.common.util.LogBuilder log
INFO: Destroying: tileImprovement:36406
May 15, 2017 11:26:52 PM net.sf.freecol.common.util.LogBuilder log
INFO: Destroying: tileImprovement:36407
May 15, 2017 11:26:52 PM net.sf.freecol.common.util.LogBuilder log
INFO: Destroying: tileImprovement:36408
May 15, 2017 11:26:52 PM net.sf.freecol.common.util.LogBuilder log
INFO: Destroying: tileImprovement:36409
May 15, 2017 11:26:52 PM net.sf.freecol.common.util.LogBuilder log
INFO: Destroying: tileImprovement:36590
May 15, 2017 11:26:52 PM net.sf.freecol.common.util.LogBuilder log
INFO: Destroying: tileImprovement:36591
May 15, 2017 11:26:52 PM net.sf.freecol.common.util.LogBuilder log
INFO: Destroying: tileImprovement:36592
May 15, 2017 11:26:52 PM net.sf.freecol.common.util.LogBuilder log
INFO: Destroying: tileImprovement:36593
May 15, 2017 11:26:52 PM net.sf.freecol.common.util.LogBuilder log
INFO: Destroying: tileImprovement:36594
May 15, 2017 11:26:52 PM net.sf.freecol.common.util.LogBuilder log
INFO: Destroying: tileImprovement:36595
May 15, 2017 11:26:52 PM net.sf.freecol.common.util.LogBuilder log
INFO: Destroying: tileImprovement:36596
May 15, 2017 11:26:52 PM net.sf.freecol.common.util.LogBuilder log
INFO: Destroying: tileImprovement:36597
May 15, 2017 11:26:52 PM net.sf.freecol.common.util.LogBuilder log
INFO: Destroying: tileImprovement:36598
May 15, 2017 11:26:52 PM net.sf.freecol.common.util.LogBuilder log
INFO: Destroying: tileImprovement:36599
May 15, 2017 11:26:52 PM net.sf.freecol.common.util.LogBuilder log
INFO: Destroying: tileImprovement:36600
May 15, 2017 11:26:52 PM net.sf.freecol.common.util.LogBuilder log
INFO: Destroying: tileImprovement:36601
May 15, 2017 11:26:52 PM net.sf.freecol.common.util.LogBuilder log
INFO: Destroying: tileImprovement:36602
May 15, 2017 11:26:52 PM net.sf.freecol.common.util.LogBuilder log
INFO: Destroying: tileImprovement:36013
May 15, 2017 11:26:52 PM net.sf.freecol.common.util.LogBuilder log
INFO: Destroying: tileImprovement:36014
May 15, 2017 11:26:52 PM net.sf.freecol.common.util.LogBuilder log
INFO: Destroying: tileImprovement:36015
May 15, 2017 11:26:52 PM net.sf.freecol.common.util.LogBuilder log
INFO: Destroying: tileImprovement:36016
May 15, 2017 11:26:52 PM net.sf.freecol.common.util.LogBuilder log
INFO: Destroying: tileImprovement:36017
May 15, 2017 11:26:52 PM net.sf.freecol.common.util.LogBuilder log
INFO: Destroying: tileImprovement:36551
May 15, 2017 11:26:52 PM net.sf.freecol.common.util.LogBuilder log
INFO: Destroying: tileImprovement:36553
May 15, 2017 11:26:52 PM net.sf.freecol.common.util.LogBuilder log
INFO: Destroying: tileImprovement:36555
May 15, 2017 11:26:52 PM net.sf.freecol.common.util.LogBuilder log
INFO: Destroying: tileImprovement:36557
May 15, 2017 11:26:52 PM net.sf.freecol.common.util.LogBuilder log
INFO: Destroying: tileImprovement:36549
May 15, 2017 11:26:52 PM net.sf.freecol.common.util.LogBuilder log
INFO: Destroying: tileImprovement:36631
May 15, 2017 11:26:52 PM net.sf.freecol.common.util.LogBuilder log
INFO: Destroying: tileImprovement:36633
May 15, 2017 11:26:52 PM net.sf.freecol.common.util.LogBuilder log
INFO: Destroying: tileImprovement:36635
May 15, 2017 11:26:52 PM net.sf.freecol.common.util.LogBuilder log
INFO: Destroying: tileImprovement:36629
May 15, 2017 11:26:52 PM net.sf.freecol.common.util.LogBuilder log
INFO: Destroying: tileImprovement:36630
May 15, 2017 11:26:52 PM net.sf.freecol.common.util.LogBuilder log
INFO: Destroying: tileImprovement:36429
May 15, 2017 11:26:52 PM net.sf.freecol.common.util.LogBuilder log
INFO: Destroying: tileImprovement:36431
May 15, 2017 11:26:52 PM net.sf.freecol.common.util.LogBuilder log
INFO: Destroying: tileImprovement:36425
May 15, 2017 11:26:52 PM net.sf.freecol.common.util.LogBuilder log
INFO: Destroying: tileImprovement:36426
May 15, 2017 11:26:52 PM net.sf.freecol.common.util.LogBuilder log
INFO: Destroying: tileImprovement:36427
May 15, 2017 11:26:52 PM net.sf.freecol.common.util.LogBuilder log
INFO: Destroying: tileImprovement:36428
May 15, 2017 11:26:52 PM net.sf.freecol.common.util.LogBuilder log
INFO: Destroying: tileImprovement:36589
May 15, 2017 11:26:52 PM net.sf.freecol.common.util.LogBuilder log
INFO: Destroying: tileImprovement:36436
May 15, 2017 11:26:52 PM net.sf.freecol.common.util.LogBuilder log
INFO: Destroying: tileImprovement:36438
May 15, 2017 11:26:52 PM net.sf.freecol.common.util.LogBuilder log
INFO: Destroying: tileImprovement:36440
May 15, 2017 11:26:52 PM net.sf.freecol.common.util.LogBuilder log
INFO: Destroying: tileImprovement:36442
May 15, 2017 11:26:52 PM net.sf.freecol.common.util.LogBuilder log
INFO: Destroying: tileImprovement:36444
May 15, 2017 11:26:52 PM net.sf.freecol.common.util.LogBuilder log
INFO: Destroying: tileImprovement:36674
May 15, 2017 11:26:52 PM net.sf.freecol.common.util.LogBuilder log
INFO: Destroying: tileImprovement:36676
May 15, 2017 11:26:52 PM net.sf.freecol.common.util.LogBuilder log
INFO: Destroying: tileImprovement:36678
May 15, 2017 11:26:52 PM net.sf.freecol.common.util.LogBuilder log
INFO: Destroying: tileImprovement:36029
May 15, 2017 11:26:52 PM net.sf.freecol.common.util.LogBuilder log
INFO: Destroying: tileImprovement:36031
May 15, 2017 11:26:52 PM net.sf.freecol.common.util.LogBuilder log
INFO: Destroying: tileImprovement:36033
May 15, 2017 11:26:52 PM net.sf.freecol.common.util.LogBuilder log
INFO: Destroying: tileImprovement:36035
May 15, 2017 11:26:52 PM net.sf.freecol.common.util.LogBuilder log
INFO: Destroying: tileImprovement:36037
May 15, 2017 11:26:52 PM net.sf.freecol.common.util.LogBuilder log
INFO: Destroying: tileImprovement:36011
May 15, 2017 11:26:52 PM net.sf.freecol.common.util.LogBuilder log
INFO: Destroying: tileImprovement:36012
May 15, 2017 11:26:52 PM net.sf.freecol.common.model.LandMap <init>
INFO: Using land generator model.option.landGeneratorType.classic
May 15, 2017 11:26:52 PM net.sf.freecol.common.util.LogBuilder log
INFO: Destroying: tileImprovement:4045
May 15, 2017 11:26:52 PM net.sf.freecol.common.util.LogBuilder log
INFO: Destroying: tileImprovement:4047
May 15, 2017 11:26:52 PM net.sf.freecol.common.util.LogBuilder log
INFO: Destroying: tileImprovement:4049
May 15, 2017 11:26:52 PM net.sf.freecol.common.util.LogBuilder log
INFO: Destroying: tileImprovement:4026
May 15, 2017 11:26:52 PM net.sf.freecol.common.util.LogBuilder log
INFO: Destroying: tileImprovement:4028
May 15, 2017 11:26:52 PM net.sf.freecol.common.util.LogBuilder log
INFO: Destroying: tileImprovement:4030
May 15, 2017 11:26:52 PM net.sf.freecol.common.util.LogBuilder log
INFO: Destroying: tileImprovement:4032
May 15, 2017 11:26:52 PM net.sf.freecol.common.util.LogBuilder log
INFO: Destroying: tileImprovement:4034
May 15, 2017 11:26:52 PM net.sf.freecol.common.util.LogBuilder log
INFO: Destroying: tileImprovement:4036
May 15, 2017 11:26:52 PM net.sf.freecol.common.util.LogBuilder log
INFO: Destroying: tileImprovement:4038
May 15, 2017 11:26:52 PM net.sf.freecol.common.util.LogBuilder log
INFO: Destroying: tileImprovement:4181
May 15, 2017 11:26:52 PM net.sf.freecol.common.util.LogBuilder log
INFO: Destroying: tileImprovement:4183
May 15, 2017 11:26:52 PM net.sf.freecol.common.util.LogBuilder log
INFO: Destroying: tileImprovement:4185
May 15, 2017 11:26:52 PM net.sf.freecol.common.util.LogBuilder log
INFO: Destroying: tileImprovement:4187
May 15, 2017 11:26:52 PM net.sf.freecol.common.util.LogBuilder log
INFO: Destroying: tileImprovement:4189
May 15, 2017 11:26:52 PM net.sf.freecol.common.util.LogBuilder log
INFO: Destroying: tileImprovement:4191
May 15, 2017 11:26:52 PM net.sf.freecol.common.util.LogBuilder log
INFO: Destroying: tileImprovement:4215
May 15, 2017 11:26:52 PM net.sf.freecol.common.util.LogBuilder log
INFO: Destroying: tileImprovement:4216
May 15, 2017 11:26:52 PM net.sf.freecol.common.util.LogBuilder log
INFO: Destroying: tileImprovement:4217
May 15, 2017 11:26:52 PM net.sf.freecol.common.util.LogBuilder log
INFO: Destroying: tileImprovement:4218
May 15, 2017 11:26:52 PM net.sf.freecol.common.util.LogBuilder log
INFO: Destroying: tileImprovement:4219
May 15, 2017 11:26:52 PM net.sf.freecol.common.util.LogBuilder log
INFO: Destroying: tileImprovement:4220
May 15, 2017 11:26:52 PM net.sf.freecol.common.util.LogBuilder log
INFO: Destroying: tileImprovement:4221
May 15, 2017 11:26:52 PM net.sf.freecol.common.util.LogBuilder log
INFO: Destroying: tileImprovement:4239
May 15, 2017 11:26:52 PM net.sf.freecol.common.util.LogBuilder log
INFO: Destroying: tileImprovement:4241
May 15, 2017 11:26:52 PM net.sf.freecol.common.util.LogBuilder log
INFO: Destroying: tileImprovement:4243
May 15, 2017 11:26:52 PM net.sf.freecol.common.util.LogBuilder log
INFO: Destroying: tileImprovement:4233
May 15, 2017 11:26:52 PM net.sf.freecol.common.util.LogBuilder log
INFO: Destroying: tileImprovement:4234
May 15, 2017 11:26:52 PM net.sf.freecol.common.util.LogBuilder log
INFO: Destroying: tileImprovement:4235
May 15, 2017 11:26:52 PM net.sf.freecol.common.util.LogBuilder log
INFO: Destroying: tileImprovement:4236
May 15, 2017 11:26:52 PM net.sf.freecol.common.util.LogBuilder log
INFO: Destroying: tileImprovement:4237
May 15, 2017 11:26:52 PM net.sf.freecol.common.util.LogBuilder log
INFO: Destroying: tileImprovement:4238
May 15, 2017 11:26:52 PM net.sf.freecol.common.util.LogBuilder log
INFO: Destroying: tileImprovement:4162
May 15, 2017 11:26:52 PM net.sf.freecol.common.util.LogBuilder log
INFO: Destroying: tileImprovement:4164
May 15, 2017 11:26:52 PM net.sf.freecol.common.util.LogBuilder log
INFO: Destroying: tileImprovement:4166
May 15, 2017 11:26:52 PM net.sf.freecol.common.util.LogBuilder log
INFO: Destroying: tileImprovement:4168
May 15, 2017 11:26:52 PM net.sf.freecol.common.util.LogBuilder log
INFO: Destroying: tileImprovement:4041
May 15, 2017 11:26:52 PM net.sf.freecol.common.util.LogBuilder log
INFO: Destroying: tileImprovement:4043
May 15, 2017 11:26:52 PM net.sf.freecol.common.util.LogBuilder log
INFO: Destroying: tileImprovement:4196
May 15, 2017 11:26:52 PM net.sf.freecol.common.util.LogBuilder log
INFO: Destroying: tileImprovement:4197
May 15, 2017 11:26:52 PM net.sf.freecol.common.util.LogBuilder log
INFO: Destroying: tileImprovement:4198
May 15, 2017 11:26:52 PM net.sf.freecol.common.util.LogBuilder log
INFO: Destroying: tileImprovement:4171
May 15, 2017 11:26:52 PM net.sf.freecol.common.util.LogBuilder log
INFO: Destroying: tileImprovement:4173
May 15, 2017 11:26:52 PM net.sf.freecol.common.util.LogBuilder log
INFO: Destroying: tileImprovement:4175
May 15, 2017 11:26:52 PM net.sf.freecol.common.util.LogBuilder log
INFO: Destroying: tileImprovement:4136
May 15, 2017 11:26:52 PM net.sf.freecol.common.util.LogBuilder log
INFO: Destroying: tileImprovement:4138
May 15, 2017 11:26:52 PM net.sf.freecol.common.util.LogBuilder log
INFO: Destroying: tileImprovement:4140
May 15, 2017 11:26:52 PM net.sf.freecol.common.util.LogBuilder log
INFO: Destroying: tileImprovement:4142
May 15, 2017 11:26:52 PM net.sf.freecol.common.util.LogBuilder log
INFO: Destroying: tileImprovement:4144
May 15, 2017 11:26:52 PM net.sf.freecol.common.util.LogBuilder log
INFO: Destroying: tileImprovement:4146
May 15, 2017 11:26:52 PM net.sf.freecol.common.util.LogBuilder log
INFO: Destroying: tileImprovement:4148
May 15, 2017 11:26:52 PM net.sf.freecol.common.util.LogBuilder log
INFO: Destroying: tileImprovement:4150
May 15, 2017 11:26:52 PM net.sf.freecol.common.util.LogBuilder log
INFO: Destroying: tileImprovement:4152
May 15, 2017 11:26:52 PM net.sf.freecol.common.util.LogBuilder log
INFO: Destroying: tileImprovement:4154
May 15, 2017 11:26:52 PM net.sf.freecol.common.util.LogBuilder log
INFO: Destroying: tileImprovement:4156
May 15, 2017 11:26:52 PM net.sf.freecol.common.util.LogBuilder log
INFO: Destroying: tileImprovement:4158
May 15, 2017 11:26:52 PM net.sf.freecol.common.util.LogBuilder log
INFO: Destroying: tileImprovement:4160
May 15, 2017 11:26:52 PM net.sf.freecol.common.util.LogBuilder log
INFO: Destroying: tileImprovement:4342
May 15, 2017 11:26:52 PM net.sf.freecol.common.util.LogBuilder log
INFO: Destroying: tileImprovement:4343
May 15, 2017 11:26:52 PM net.sf.freecol.common.util.LogBuilder log
INFO: Destroying: tileImprovement:4344
May 15, 2017 11:26:52 PM net.sf.freecol.common.util.LogBuilder log
INFO: Destroying: tileImprovement:4345
May 15, 2017 11:26:52 PM net.sf.freecol.common.util.LogBuilder log
INFO: Destroying: tileImprovement:4493
May 15, 2017 11:26:52 PM net.sf.freecol.common.util.LogBuilder log
INFO: Destroying: tileImprovement:4495
May 15, 2017 11:26:52 PM net.sf.freecol.common.util.LogBuilder log
INFO: Destroying: tileImprovement:4497
May 15, 2017 11:26:52 PM net.sf.freecol.common.util.LogBuilder log
INFO: Destroying: tileImprovement:4499
May 15, 2017 11:26:52 PM net.sf.freecol.common.util.LogBuilder log
INFO: Destroying: tileImprovement:4501
May 15, 2017 11:26:52 PM net.sf.freecol.common.util.LogBuilder log
INFO: Destroying: tileImprovement:4503
May 15, 2017 11:26:52 PM net.sf.freecol.common.util.LogBuilder log
INFO: Destroying: tileImprovement:4505
May 15, 2017 11:26:52 PM net.sf.freecol.common.util.LogBuilder log
INFO: Destroying: tileImprovement:4507
May 15, 2017 11:26:52 PM net.sf.freecol.common.util.LogBuilder log
INFO: Destroying: tileImprovement:4485
May 15, 2017 11:26:52 PM net.sf.freecol.common.util.LogBuilder log
INFO: Destroying: tileImprovement:4487
May 15, 2017 11:26:52 PM net.sf.freecol.common.util.LogBuilder log
INFO: Destroying: tileImprovement:4489
May 15, 2017 11:26:52 PM net.sf.freecol.common.util.LogBuilder log
INFO: Destroying: tileImprovement:4491
May 15, 2017 11:26:52 PM net.sf.freecol.common.util.LogBuilder log
INFO: Destroying: tileImprovement:4529
May 15, 2017 11:26:52 PM net.sf.freecol.common.util.LogBuilder log
INFO: Destroying: tileImprovement:4530
May 15, 2017 11:26:52 PM net.sf.freecol.common.util.LogBuilder log
INFO: Destroying: tileImprovement:4531
May 15, 2017 11:26:52 PM net.sf.freecol.common.util.LogBuilder log
INFO: Destroying: tileImprovement:4532
May 15, 2017 11:26:52 PM net.sf.freecol.common.util.LogBuilder log
INFO: Destroying: tileImprovement:4533
May 15, 2017 11:26:52 PM net.sf.freecol.common.util.LogBuilder log
INFO: Destroying: tileImprovement:4534
May 15, 2017 11:26:52 PM net.sf.freecol.common.util.LogBuilder log
INFO: Destroying: tileImprovement:4535
May 15, 2017 11:26:52 PM net.sf.freecol.common.util.LogBuilder log
INFO: Destroying: tileImprovement:4536
May 15, 2017 11:26:52 PM net.sf.freecol.common.util.LogBuilder log
INFO: Destroying: tileImprovement:4355
May 15, 2017 11:26:52 PM net.sf.freecol.common.util.LogBuilder log
INFO: Destroying: tileImprovement:4356
May 15, 2017 11:26:52 PM net.sf.freecol.common.util.LogBuilder log
INFO: Destroying: tileImprovement:4465
May 15, 2017 11:26:52 PM net.sf.freecol.common.util.LogBuilder log
INFO: Destroying: tileImprovement:4467
May 15, 2017 11:26:52 PM net.sf.freecol.common.util.LogBuilder log
INFO: Destroying: tileImprovement:4469
May 15, 2017 11:26:52 PM net.sf.freecol.common.util.LogBuilder log
INFO: Destroying: tileImprovement:4471
May 15, 2017 11:26:52 PM net.sf.freecol.common.util.LogBuilder log
INFO: Destroying: tileImprovement:4473
May 15, 2017 11:26:52 PM net.sf.freecol.common.util.LogBuilder log
INFO: Destroying: tileImprovement:4475
May 15, 2017 11:26:52 PM net.sf.freecol.common.util.LogBuilder log
INFO: Destroying: tileImprovement:4452
May 15, 2017 11:26:52 PM net.sf.freecol.common.util.LogBuilder log
INFO: Destroying: tileImprovement:4453
May 15, 2017 11:26:52 PM net.sf.freecol.common.util.LogBuilder log
INFO: Destroying: tileImprovement:4454
May 15, 2017 11:26:52 PM net.sf.freecol.common.util.LogBuilder log
INFO: Destroying: tileImprovement:4455
May 15, 2017 11:26:52 PM net.sf.freecol.common.util.LogBuilder log
INFO: Destroying: tileImprovement:4456
May 15, 2017 11:26:52 PM net.sf.freecol.common.util.LogBuilder log
INFO: Destroying: tileImprovement:4457
May 15, 2017 11:26:52 PM net.sf.freecol.common.util.LogBuilder log
INFO: Destroying: tileImprovement:4458
May 15, 2017 11:26:52 PM net.sf.freecol.common.util.LogBuilder log
INFO: Destroying: tileImprovement:4459
May 15, 2017 11:26:52 PM net.sf.freecol.common.util.LogBuilder log
INFO: Destroying: tileImprovement:4460
May 15, 2017 11:26:52 PM net.sf.freecol.common.util.LogBuilder log
INFO: Destroying: tileImprovement:4461
May 15, 2017 11:26:52 PM net.sf.freecol.common.util.LogBuilder log
INFO: Destroying: tileImprovement:4462
May 15, 2017 11:26:52 PM net.sf.freecol.common.util.LogBuilder log
INFO: Destroying: tileImprovement:4463
May 15, 2017 11:26:52 PM net.sf.freecol.common.util.LogBuilder log
INFO: Destroying: tileImprovement:4464
May 15, 2017 11:26:52 PM net.sf.freecol.common.util.LogBuilder log
INFO: Destroying: tileImprovement:4280
May 15, 2017 11:26:52 PM net.sf.freecol.common.util.LogBuilder log
INFO: Destroying: tileImprovement:4282
May 15, 2017 11:26:52 PM net.sf.freecol.common.util.LogBuilder log
INFO: Destroying: tileImprovement:4284
May 15, 2017 11:26:52 PM net.sf.freecol.common.util.LogBuilder log
INFO: Destroying: tileImprovement:4573
May 15, 2017 11:26:52 PM net.sf.freecol.common.util.LogBuilder log
INFO: Destroying: tileImprovement:4575
May 15, 2017 11:26:52 PM net.sf.freecol.common.util.LogBuilder log
INFO: Destroying: tileImprovement:4577
May 15, 2017 11:26:52 PM net.sf.freecol.common.util.LogBuilder log
INFO: Destroying: tileImprovement:4268
May 15, 2017 11:26:52 PM net.sf.freecol.common.util.LogBuilder log
INFO: Destroying: tileImprovement:4270
May 15, 2017 11:26:52 PM net.sf.freecol.common.util.LogBuilder log
INFO: Destroying: tileImprovement:4272
May 15, 2017 11:26:52 PM net.sf.freecol.common.util.LogBuilder log
INFO: Destroying: tileImprovement:4715
May 15, 2017 11:26:52 PM net.sf.freecol.common.util.LogBuilder log
INFO: Destroying: tileImprovement:4716
May 15, 2017 11:26:52 PM net.sf.freecol.common.util.LogBuilder log
INFO: Destroying: tileImprovement:4717
May 15, 2017 11:26:52 PM net.sf.freecol.common.util.LogBuilder log
INFO: Destroying: tileImprovement:4699
May 15, 2017 11:26:52 PM net.sf.freecol.common.util.LogBuilder log
INFO: Destroying: tileImprovement:4701
May 15, 2017 11:26:52 PM net.sf.freecol.common.util.LogBuilder log
INFO: Destroying: tileImprovement:4696
May 15, 2017 11:26:52 PM net.sf.freecol.common.util.LogBuilder log
INFO: Destroying: tileImprovement:4697
May 15, 2017 11:26:52 PM net.sf.freecol.common.util.LogBuilder log
INFO: Destroying: tileImprovement:4698
May 15, 2017 11:26:52 PM net.sf.freecol.common.util.LogBuilder log
INFO: Destroying: tileImprovement:4222
May 15, 2017 11:26:52 PM net.sf.freecol.common.util.LogBuilder log
INFO: Destroying: tileImprovement:4224
May 15, 2017 11:26:52 PM net.sf.freecol.common.util.LogBuilder log
INFO: Destroying: tileImprovement:4226
May 15, 2017 11:26:52 PM net.sf.freecol.common.util.LogBuilder log
INFO: Destroying: tileImprovement:4228
May 15, 2017 11:26:52 PM net.sf.freecol.common.util.LogBuilder log
INFO: Destroying: tileImprovement:4230
May 15, 2017 11:26:52 PM net.sf.freecol.common.util.LogBuilder log
INFO: Destroying: tileImprovement:4569
May 15, 2017 11:26:52 PM net.sf.freecol.common.util.LogBuilder log
INFO: Destroying: tileImprovement:4571
]]></system-err>
</testsuite>
